MODULE c1908
INPUT   
	104XXX,107XXX,101XXX,116XXX,119XXX,113XXX,122XXX,110XXX,
	143XXX,146XXX,128XXX,125XXX,953XXX,224XXX,902XXX,237XXX,
	210XXX,214XXX,134XXX,137XXX,131XXX,140XXX,227XXX,469XXX,
	234XXX,221XXX,472XXX,217XXX,478XXX,475XXX,898XXX,952XXX,900XXX;
OUTPUT
	3XXX,	6XXX,	9XXX,	12XXX,	30XXX,	45XXX,	48XXX,	15XXX,	18XXX,
	21XXX,	24XXX,	27XXX,	33XXX,	36XXX,	39XXX,	42XXX,	75XXX,	51XXX,
	54XXX,	60XXX,	63XXX,	66XXX,	69XXX,	72XXX,	57XXX;
STRUCTURE
	149XXX = not(101XXX);
	153XXX = not(104XXX);
	156XXX = not(107XXX);
	160XXX = not(110XXX);
	165XXX = not(113XXX);
	168XXX = not(116XXX);
	171XXX = not(119XXX);
	175XXX = not(122XXX);
	179XXX = not(125XXX);
	184XXX = not(128XXX);
	188XXX = not(131XXX);
	191XXX = not(134XXX);
	194XXX = not(137XXX);
	198XXX = not(140XXX);
	202XXX = not(143XXX);
	206XXX = not(146XXX);
	231XXX = nand(224XXX, 898XXX);
	233XXX = nand(227XXX, 900XXX);
	241XXX = not(237XXX);
	244XXX = not(237XXX);
	245XXX = 234XXX;
	248XXX = 234XXX;
	517XXX = not(469XXX);
	529XXX = not(472XXX);
	541XXX = not(475XXX);
	553XXX = not(478XXX);
	859XXX = not(953XXX);
	862XXX = not(953XXX);
	907XXX = not(898XXX);
	909XXX = not(900XXX);
	911XXX = 902XXX;
	918XXX = not(902XXX);
	919XXX = 902XXX;
	922XXX = not(902XXX);
	926XXX = 952XXX;
	930XXX = not(952XXX);
	932XXX = not(952XXX);
	934XXX = 953XXX;
	938XXX = not(953XXX);
	943XXX = 953XXX;
	947XXX = 953XXX;
	949XXX = not(953XXX);
	1506XXX = 101XXX;
	1514XXX = 104XXX;
	1522XXX = 107XXX;
	1530XXX = 110XXX;
	1538XXX = 113XXX;
	1546XXX = 116XXX;
	1554XXX = 119XXX;
	1562XXX = 122XXX;
	1570XXX = 125XXX;
	1578XXX = 128XXX;
	1586XXX = 131XXX;
	1594XXX = 134XXX;
	1602XXX = 137XXX;
	1610XXX = 140XXX;
	1618XXX = 143XXX;
	1626XXX = 146XXX;
	1512XXX = not(1506XXX);
	1520XXX = not(1514XXX);
	1528XXX = not(1522XXX);
	1536XXX = not(1530XXX);
	1544XXX = not(1538XXX);
	1552XXX = not(1546XXX);
	1560XXX = not(1554XXX);
	1568XXX = not(1562XXX);
	1576XXX = not(1570XXX);
	1584XXX = not(1578XXX);
	1592XXX = not(1586XXX);
	1600XXX = not(1594XXX);
	1608XXX = not(1602XXX);
	1616XXX = not(1610XXX);
	1624XXX = not(1618XXX);
	1632XXX = not(1626XXX);
	50XXX = nand(930XXX, 947XXX);
	52XXX = nand(930XXX, 947XXX);
	56XXX = nand(930XXX, 947XXX);
	58XXX = nand(930XXX, 947XXX);
	62XXX = nand(930XXX, 947XXX);
	64XXX = nand(930XXX, 947XXX);
	251XXX = 149XXX;
	254XXX = 153XXX;
	288XXX = 165XXX;
	291XXX = 168XXX;
	299XXX = 184XXX;
	302XXX = 202XXX;
	318XXX = and(224XXX, 938XXX);
	321XXX = 179XXX;
	327XXX = 188XXX;
	330XXX = 191XXX;
	352XXX = and(227XXX, 938XXX);
	355XXX = 198XXX;
	369XXX = and(210XXX, 241XXX, 938XXX);
	382XXX = 206XXX;
	385XXX = 198XXX;
	853XXX = nand(943XXX, 907XXX);
	856XXX = nand(943XXX, 909XXX);
	893XXX = nand(248XXX, 237XXX);
	954XXX = nand(248XXX, 922XXX);
	955XXX = nand(244XXX, 922XXX);
	1050XXX = 160XXX;
	1053XXX = 175XXX;
	1176XXX = 179XXX;
	1179XXX = 198XXX;
	1197XXX = 149XXX;
	1207XXX = 149XXX;
	1222XXX = 153XXX;
	1244XXX = 188XXX;
	1278XXX = 156XXX;
	1290XXX = and(217XXX, 245XXX, 938XXX);
	1300XXX = 191XXX;
	1312XXX = 160XXX;
	1332XXX = 194XXX;
	1335XXX = and(221XXX, 245XXX, 938XXX);
	1442XXX = 517XXX;
	1450XXX = 517XXX;
	1458XXX = 529XXX;
	1466XXX = 529XXX;
	1474XXX = 541XXX;
	1482XXX = 541XXX;
	1490XXX = 553XXX;
	1498XXX = 553XXX;
	1634XXX = and(231XXX, 934XXX);
	1644XXX = and(233XXX, 934XXX);
	1657XXX = 156XXX;
	1665XXX = 156XXX;
	1697XXX = 171XXX;
	1705XXX = 171XXX;
	1713XXX = 206XXX;
	1721XXX = 206XXX;
	1745XXX = 194XXX;
	1753XXX = 194XXX;
	1785XXX = 160XXX;
	1793XXX = 160XXX;
	1814XXX = 165XXX;
	1817XXX = 175XXX;
	1830XXX = and(214XXX, 241XXX, 938XXX);
	1833XXX = 202XXX;
	1841XXX = 179XXX;
	1849XXX = 179XXX;
	1854XXX = 168XXX;
	1857XXX = 175XXX;
	1870XXX = 184XXX;
	1873XXX = 202XXX;
	1878XXX = 171XXX;
	1881XXX = 184XXX;
	1642XXX = not(1634XXX);
	1652XXX = not(1644XXX);
	1056XXX = not(1050XXX);
	1057XXX = not(1053XXX);
	1182XXX = not(1176XXX);
	1183XXX = not(1179XXX);
	1211XXX = not(1207XXX);
	1298XXX = not(1290XXX);
	1320XXX = not(1312XXX);
	1338XXX = not(1332XXX);
	1339XXX = not(1335XXX);
	457XXX = and(210XXX, 955XXX);
	459XXX = and(217XXX, 954XXX);
	482XXX = nand(214XXX, 955XXX);
	487XXX = nand(221XXX, 954XXX);
	492XXX = nand(210XXX, 955XXX);
	505XXX = nand(217XXX, 954XXX);
	1456XXX = not(1450XXX);
	1448XXX = not(1442XXX);
	1472XXX = not(1466XXX);
	1464XXX = not(1458XXX);
	1488XXX = not(1482XXX);
	1480XXX = not(1474XXX);
	1504XXX = not(1498XXX);
	1496XXX = not(1490XXX);
	956XXX = nand(907XXX, 919XXX, 943XXX, 893XXX);
	967XXX = nand(909XXX, 919XXX, 943XXX, 893XXX);
	978XXX = nand(926XXX, 949XXX, 893XXX);
	979XXX = and(926XXX, 949XXX, 893XXX);
	980XXX = 251XXX;
	1661XXX = not(1657XXX);
	990XXX = 251XXX;
	1669XXX = not(1665XXX);
	1030XXX = 288XXX;
	1701XXX = not(1697XXX);
	1040XXX = 288XXX;
	1709XXX = not(1705XXX);
	1058XXX = 299XXX;
	1717XXX = not(1713XXX);
	1068XXX = 299XXX;
	1725XXX = not(1721XXX);
	1078XXX = 318XXX;
	1090XXX = 318XXX;
	1100XXX = 327XXX;
	1749XXX = not(1745XXX);
	1112XXX = 327XXX;
	1757XXX = not(1753XXX);
	1154XXX = 352XXX;
	1789XXX = not(1785XXX);
	1166XXX = 352XXX;
	1797XXX = not(1793XXX);
	1194XXX = 369XXX;
	1201XXX = not(1197XXX);
	1204XXX = 369XXX;
	1820XXX = not(1814XXX);
	1821XXX = not(1817XXX);
	1230XXX = not(1222XXX);
	1836XXX = not(1830XXX);
	1837XXX = not(1833XXX);
	1252XXX = not(1244XXX);
	1256XXX = 382XXX;
	1845XXX = not(1841XXX);
	1268XXX = 382XXX;
	1853XXX = not(1849XXX);
	1860XXX = not(1854XXX);
	1861XXX = not(1857XXX);
	1286XXX = not(1278XXX);
	1876XXX = not(1870XXX);
	1877XXX = not(1873XXX);
	1308XXX = not(1300XXX);
	1884XXX = not(1878XXX);
	1885XXX = not(1881XXX);
	1654XXX = 254XXX;
	1662XXX = 254XXX;
	1694XXX = 291XXX;
	1702XXX = 291XXX;
	1710XXX = 302XXX;
	1718XXX = 302XXX;
	1726XXX = 321XXX;
	1734XXX = 321XXX;
	1742XXX = 330XXX;
	1750XXX = 330XXX;
	1782XXX = 355XXX;
	1790XXX = 355XXX;
	1838XXX = 385XXX;
	1846XXX = 385XXX;
	297XXX = nand(1053XXX, 1056XXX);
	298XXX = nand(1050XXX, 1057XXX);
	361XXX = nand(1179XXX, 1182XXX);
	362XXX = nand(1176XXX, 1183XXX);
	404XXX = nand(1335XXX, 1338XXX);
	405XXX = nand(1332XXX, 1339XXX);
	1225XXX = nand(1817XXX, 1820XXX);
	1226XXX = nand(1814XXX, 1821XXX);
	1247XXX = nand(1833XXX, 1836XXX);
	1248XXX = nand(1830XXX, 1837XXX);
	1281XXX = nand(1857XXX, 1860XXX);
	1282XXX = nand(1854XXX, 1861XXX);
	1303XXX = nand(1873XXX, 1876XXX);
	1304XXX = nand(1870XXX, 1877XXX);
	1315XXX = nand(1881XXX, 1884XXX);
	1316XXX = nand(1878XXX, 1885XXX);
	998XXX = not(990XXX);
	988XXX = not(980XXX);
	268XXX = nand(297XXX, 298XXX);
	1038XXX = not(1030XXX);
	1048XXX = not(1040XXX);
	1076XXX = not(1068XXX);
	1066XXX = not(1058XXX);
	1098XXX = not(1090XXX);
	1120XXX = not(1112XXX);
	1174XXX = not(1166XXX);
	363XXX = nand(361XXX, 362XXX);
	1210XXX = not(1204XXX);
	373XXX = nand(1204XXX, 1211XXX);
	1276XXX = not(1268XXX);
	406XXX = nand(404XXX, 405XXX);
	565XXX = not(482XXX);
	566XXX = 482XXX;
	614XXX = not(487XXX);
	615XXX = 487XXX;
	958XXX = nand(956XXX, 978XXX);
	969XXX = nand(967XXX, 978XXX);
	1660XXX = not(1654XXX);
	984XXX = nand(1654XXX, 1661XXX);
	1668XXX = not(1662XXX);
	994XXX = nand(1662XXX, 1669XXX);
	1700XXX = not(1694XXX);
	1034XXX = nand(1694XXX, 1701XXX);
	1708XXX = not(1702XXX);
	1044XXX = nand(1702XXX, 1709XXX);
	1716XXX = not(1710XXX);
	1062XXX = nand(1710XXX, 1717XXX);
	1724XXX = not(1718XXX);
	1072XXX = nand(1718XXX, 1725XXX);
	1732XXX = not(1726XXX);
	1086XXX = not(1078XXX);
	1740XXX = not(1734XXX);
	1748XXX = not(1742XXX);
	1104XXX = nand(1742XXX, 1749XXX);
	1108XXX = not(1100XXX);
	1756XXX = not(1750XXX);
	1116XXX = nand(1750XXX, 1757XXX);
	1788XXX = not(1782XXX);
	1158XXX = nand(1782XXX, 1789XXX);
	1162XXX = not(1154XXX);
	1796XXX = not(1790XXX);
	1170XXX = nand(1790XXX, 1797XXX);
	1200XXX = not(1194XXX);
	1203XXX = nand(1194XXX, 1201XXX);
	1227XXX = nand(1225XXX, 1226XXX);
	1249XXX = nand(1247XXX, 1248XXX);
	1844XXX = not(1838XXX);
	1260XXX = nand(1838XXX, 1845XXX);
	1264XXX = not(1256XXX);
	1852XXX = not(1846XXX);
	1272XXX = nand(1846XXX, 1853XXX);
	1283XXX = nand(1281XXX, 1282XXX);
	1305XXX = nand(1303XXX, 1304XXX);
	1317XXX = nand(1315XXX, 1316XXX);
	1410XXX = 492XXX;
	1418XXX = 492XXX;
	1426XXX = 505XXX;
	1434XXX = 505XXX;
	269XXX = not(268XXX);
	372XXX = nand(1207XXX, 1210XXX);
	983XXX = nand(1657XXX, 1660XXX);
	993XXX = nand(1665XXX, 1668XXX);
	1033XXX = nand(1697XXX, 1700XXX);
	1043XXX = nand(1705XXX, 1708XXX);
	1061XXX = nand(1713XXX, 1716XXX);
	1071XXX = nand(1721XXX, 1724XXX);
	1103XXX = nand(1745XXX, 1748XXX);
	1115XXX = nand(1753XXX, 1756XXX);
	1157XXX = nand(1785XXX, 1788XXX);
	1169XXX = nand(1793XXX, 1796XXX);
	1184XXX = not(363XXX);
	1202XXX = nand(1197XXX, 1200XXX);
	1259XXX = nand(1841XXX, 1844XXX);
	1271XXX = nand(1849XXX, 1852XXX);
	1322XXX = not(406XXX);
	374XXX = nand(372XXX, 373XXX);
	396XXX = nand(1317XXX, 1320XXX);
	1321XXX = not(1317XXX);
	1424XXX = not(1418XXX);
	1416XXX = not(1410XXX);
	1440XXX = not(1434XXX);
	1432XXX = not(1426XXX);
	985XXX = nand(983XXX, 984XXX);
	995XXX = nand(993XXX, 994XXX);
	1035XXX = nand(1033XXX, 1034XXX);
	1045XXX = nand(1043XXX, 1044XXX);
	1063XXX = nand(1061XXX, 1062XXX);
	1073XXX = nand(1071XXX, 1072XXX);
	1105XXX = nand(1103XXX, 1104XXX);
	1117XXX = nand(1115XXX, 1116XXX);
	1159XXX = nand(1157XXX, 1158XXX);
	1171XXX = nand(1169XXX, 1170XXX);
	1212XXX = nand(1202XXX, 1203XXX);
	1231XXX = not(1227XXX);
	1232XXX = nand(1227XXX, 1230XXX);
	1253XXX = not(1249XXX);
	1254XXX = nand(1249XXX, 1252XXX);
	1261XXX = nand(1259XXX, 1260XXX);
	1273XXX = nand(1271XXX, 1272XXX);
	1287XXX = not(1283XXX);
	1288XXX = nand(1283XXX, 1286XXX);
	1309XXX = not(1305XXX);
	1310XXX = nand(1305XXX, 1308XXX);
	1192XXX = not(1184XXX);
	397XXX = nand(1312XXX, 1321XXX);
	1330XXX = not(1322XXX);
	1000XXX = 269XXX;
	1010XXX = 269XXX;
	1233XXX = nand(1222XXX, 1231XXX);
	1255XXX = nand(1244XXX, 1253XXX);
	1289XXX = nand(1278XXX, 1287XXX);
	1311XXX = nand(1300XXX, 1309XXX);
	1381XXX = not(374XXX);
	257XXX = nand(995XXX, 998XXX);
	999XXX = not(995XXX);
	260XXX = nand(985XXX, 988XXX);
	989XXX = not(985XXX);
	272XXX = nand(1035XXX, 1038XXX);
	1039XXX = not(1035XXX);
	294XXX = nand(1045XXX, 1048XXX);
	1049XXX = not(1045XXX);
	305XXX = nand(1073XXX, 1076XXX);
	1077XXX = not(1073XXX);
	308XXX = nand(1063XXX, 1066XXX);
	1067XXX = not(1063XXX);
	333XXX = nand(1117XXX, 1120XXX);
	1121XXX = not(1117XXX);
	358XXX = nand(1171XXX, 1174XXX);
	1175XXX = not(1171XXX);
	1220XXX = not(1212XXX);
	388XXX = nand(1273XXX, 1276XXX);
	1277XXX = not(1273XXX);
	398XXX = nand(396XXX, 397XXX);
	1109XXX = not(1105XXX);
	1110XXX = nand(1105XXX, 1108XXX);
	1163XXX = not(1159XXX);
	1164XXX = nand(1159XXX, 1162XXX);
	1234XXX = nand(1232XXX, 1233XXX);
	1265XXX = not(1261XXX);
	1266XXX = nand(1261XXX, 1264XXX);
	1822XXX = nand(1254XXX, 1255XXX);
	1862XXX = nand(1310XXX, 1311XXX);
	1865XXX = nand(1288XXX, 1289XXX);
	258XXX = nand(990XXX, 999XXX);
	261XXX = nand(980XXX, 989XXX);
	273XXX = nand(1030XXX, 1039XXX);
	1018XXX = not(1010XXX);
	1008XXX = not(1000XXX);
	295XXX = nand(1040XXX, 1049XXX);
	306XXX = nand(1068XXX, 1077XXX);
	309XXX = nand(1058XXX, 1067XXX);
	334XXX = nand(1112XXX, 1121XXX);
	359XXX = nand(1166XXX, 1175XXX);
	389XXX = nand(1268XXX, 1277XXX);
	1385XXX = not(1381XXX);
	1111XXX = nand(1100XXX, 1109XXX);
	1165XXX = nand(1154XXX, 1163XXX);
	1267XXX = nand(1256XXX, 1265XXX);
	1886XXX = not(398XXX);
	259XXX = nand(257XXX, 258XXX);
	262XXX = nand(260XXX, 261XXX);
	274XXX = nand(272XXX, 273XXX);
	296XXX = nand(294XXX, 295XXX);
	307XXX = nand(305XXX, 306XXX);
	310XXX = nand(308XXX, 309XXX);
	335XXX = nand(333XXX, 334XXX);
	360XXX = nand(358XXX, 359XXX);
	1242XXX = not(1234XXX);
	390XXX = nand(388XXX, 389XXX);
	1828XXX = not(1822XXX);
	1868XXX = not(1862XXX);
	1869XXX = not(1865XXX);
	1373XXX = nand(1164XXX, 1165XXX);
	1798XXX = nand(1110XXX, 1111XXX);
	1825XXX = nand(1266XXX, 1267XXX);
	265XXX = not(259XXX);
	314XXX = not(307XXX);
	336XXX = not(335XXX);
	407XXX = not(296XXX);
	1293XXX = nand(1865XXX, 1868XXX);
	1294XXX = nand(1862XXX, 1869XXX);
	1892XXX = not(1886XXX);
	1777XXX = not(360XXX);
	1889XXX = not(390XXX);
	410XXX = 310XXX;
	1377XXX = not(1373XXX);
	1804XXX = not(1798XXX);
	1237XXX = nand(1825XXX, 1828XXX);
	1829XXX = not(1825XXX);
	1295XXX = nand(1293XXX, 1294XXX);
	1670XXX = 274XXX;
	1678XXX = 274XXX;
	1729XXX = 310XXX;
	1737XXX = 310XXX;
	1761XXX = 262XXX;
	1769XXX = 262XXX;
	340XXX = 336XXX;
	343XXX = 314XXX;
	1781XXX = not(1777XXX);
	1238XXX = nand(1822XXX, 1829XXX);
	1325XXX = nand(1889XXX, 1892XXX);
	1893XXX = not(1889XXX);
	1340XXX = 407XXX;
	1352XXX = 407XXX;
	1673XXX = 265XXX;
	1681XXX = 265XXX;
	1801XXX = 314XXX;
	1897XXX = 336XXX;
	1905XXX = 336XXX;
	391XXX = nand(1295XXX, 1298XXX);
	1299XXX = not(1295XXX);
	1676XXX = not(1670XXX);
	1684XXX = not(1678XXX);
	1081XXX = nand(1729XXX, 1732XXX);
	1733XXX = not(1729XXX);
	1093XXX = nand(1737XXX, 1740XXX);
	1741XXX = not(1737XXX);
	1765XXX = not(1761XXX);
	1773XXX = not(1769XXX);
	1239XXX = nand(1237XXX, 1238XXX);
	1326XXX = nand(1886XXX, 1893XXX);
	1894XXX = 410XXX;
	1902XXX = 410XXX;
	392XXX = nand(1290XXX, 1299XXX);
	1360XXX = not(1352XXX);
	1003XXX = nand(1673XXX, 1676XXX);
	1677XXX = not(1673XXX);
	1013XXX = nand(1681XXX, 1684XXX);
	1685XXX = not(1681XXX);
	1082XXX = nand(1726XXX, 1733XXX);
	1094XXX = nand(1734XXX, 1741XXX);
	1122XXX = 340XXX;
	1134XXX = 340XXX;
	1187XXX = nand(1801XXX, 1804XXX);
	1805XXX = not(1801XXX);
	1327XXX = nand(1325XXX, 1326XXX);
	1901XXX = not(1897XXX);
	1348XXX = not(1340XXX);
	1909XXX = not(1905XXX);
	1758XXX = 343XXX;
	1766XXX = 343XXX;
	377XXX = nand(1239XXX, 1242XXX);
	1243XXX = not(1239XXX);
	393XXX = nand(391XXX, 392XXX);
	1004XXX = nand(1670XXX, 1677XXX);
	1014XXX = nand(1678XXX, 1685XXX);
	1083XXX = nand(1081XXX, 1082XXX);
	1095XXX = nand(1093XXX, 1094XXX);
	1188XXX = nand(1798XXX, 1805XXX);
	1900XXX = not(1894XXX);
	1344XXX = nand(1894XXX, 1901XXX);
	1908XXX = not(1902XXX);
	1356XXX = nand(1902XXX, 1909XXX);
	1142XXX = not(1134XXX);
	378XXX = nand(1234XXX, 1243XXX);
	399XXX = nand(1327XXX, 1330XXX);
	1331XXX = not(1327XXX);
	1005XXX = nand(1003XXX, 1004XXX);
	1015XXX = nand(1013XXX, 1014XXX);
	1764XXX = not(1758XXX);
	1126XXX = nand(1758XXX, 1765XXX);
	1130XXX = not(1122XXX);
	1772XXX = not(1766XXX);
	1138XXX = nand(1766XXX, 1773XXX);
	1189XXX = nand(1187XXX, 1188XXX);
	1343XXX = nand(1897XXX, 1900XXX);
	1355XXX = nand(1905XXX, 1908XXX);
	324XXX = nand(1095XXX, 1098XXX);
	1099XXX = not(1095XXX);
	379XXX = nand(377XXX, 378XXX);
	400XXX = nand(1322XXX, 1331XXX);
	449XXX = nand(393XXX, 918XXX);
	1087XXX = not(1083XXX);
	1088XXX = nand(1083XXX, 1086XXX);
	1125XXX = nand(1761XXX, 1764XXX);
	1137XXX = nand(1769XXX, 1772XXX);
	1345XXX = nand(1343XXX, 1344XXX);
	1357XXX = nand(1355XXX, 1356XXX);
	1397XXX = 393XXX;
	277XXX = nand(1015XXX, 1018XXX);
	1019XXX = not(1015XXX);
	280XXX = nand(1005XXX, 1008XXX);
	1009XXX = not(1005XXX);
	325XXX = nand(1090XXX, 1099XXX);
	364XXX = nand(1189XXX, 1192XXX);
	1193XXX = not(1189XXX);
	401XXX = nand(399XXX, 400XXX);
	1089XXX = nand(1078XXX, 1087XXX);
	1127XXX = nand(1125XXX, 1126XXX);
	1139XXX = nand(1137XXX, 1138XXX);
	278XXX = nand(1010XXX, 1019XXX);
	281XXX = nand(1000XXX, 1009XXX);
	326XXX = nand(324XXX, 325XXX);
	365XXX = nand(1184XXX, 1193XXX);
	413XXX = nand(1357XXX, 1360XXX);
	1361XXX = not(1357XXX);
	1401XXX = not(1397XXX);
	445XXX = nand(379XXX, 918XXX);
	1349XXX = not(1345XXX);
	1350XXX = nand(1345XXX, 1348XXX);
	1389XXX = 379XXX;
	1493XXX = 449XXX;
	1501XXX = 449XXX;
	1689XXX = nand(1088XXX, 1089XXX);
	279XXX = nand(277XXX, 278XXX);
	282XXX = nand(280XXX, 281XXX);
	346XXX = nand(1139XXX, 1142XXX);
	1143XXX = not(1139XXX);
	366XXX = nand(364XXX, 365XXX);
	414XXX = nand(1352XXX, 1361XXX);
	453XXX = nand(401XXX, 918XXX);
	1131XXX = not(1127XXX);
	1132XXX = nand(1127XXX, 1130XXX);
	1351XXX = nand(1340XXX, 1349XXX);
	1365XXX = not(326XXX);
	1405XXX = 401XXX;
	285XXX = not(279XXX);
	347XXX = nand(1134XXX, 1143XXX);
	367XXX = not(366XXX);
	415XXX = nand(413XXX, 414XXX);
	1393XXX = not(1389XXX);
	556XXX = nand(1501XXX, 1504XXX);
	1505XXX = not(1501XXX);
	559XXX = nand(1493XXX, 1496XXX);
	1497XXX = not(1493XXX);
	1693XXX = not(1689XXX);
	1133XXX = nand(1122XXX, 1131XXX);
	1477XXX = 445XXX;
	1485XXX = 445XXX;
	1809XXX = nand(1350XXX, 1351XXX);
	348XXX = nand(346XXX, 347XXX);
	1369XXX = not(1365XXX);
	1409XXX = not(1405XXX);
	557XXX = nand(1498XXX, 1505XXX);
	560XXX = nand(1490XXX, 1497XXX);
	1362XXX = 282XXX;
	1378XXX = not(415XXX);
	1429XXX = 453XXX;
	1437XXX = 453XXX;
	1686XXX = 282XXX;
	1774XXX = nand(1132XXX, 1133XXX);
	1910XXX = and(285XXX, 853XXX);
	1918XXX = and(856XXX, 367XXX);
	544XXX = nand(1485XXX, 1488XXX);
	1489XXX = not(1485XXX);
	547XXX = nand(1477XXX, 1480XXX);
	1481XXX = not(1477XXX);
	558XXX = nand(556XXX, 557XXX);
	561XXX = nand(559XXX, 560XXX);
	1813XXX = not(1809XXX);
	1370XXX = not(348XXX);
	1368XXX = not(1362XXX);
	417XXX = nand(1362XXX, 1369XXX);
	1384XXX = not(1378XXX);
	424XXX = nand(1378XXX, 1385XXX);
	508XXX = nand(1437XXX, 1440XXX);
	1441XXX = not(1437XXX);
	511XXX = nand(1429XXX, 1432XXX);
	1433XXX = not(1429XXX);
	545XXX = nand(1482XXX, 1489XXX);
	548XXX = nand(1474XXX, 1481XXX);
	564XXX = not(558XXX);
	1692XXX = not(1686XXX);
	1024XXX = nand(1686XXX, 1693XXX);
	1780XXX = not(1774XXX);
	1148XXX = nand(1774XXX, 1781XXX);
	1916XXX = not(1910XXX);
	1924XXX = not(1918XXX);
	416XXX = nand(1365XXX, 1368XXX);
	1376XXX = not(1370XXX);
	421XXX = nand(1370XXX, 1377XXX);
	423XXX = nand(1381XXX, 1384XXX);
	509XXX = nand(1434XXX, 1441XXX);
	512XXX = nand(1426XXX, 1433XXX);
	546XXX = nand(544XXX, 545XXX);
	549XXX = nand(547XXX, 548XXX);
	719XXX = not(561XXX);
	722XXX = 561XXX;
	1023XXX = nand(1689XXX, 1692XXX);
	1147XXX = nand(1777XXX, 1780XXX);
	418XXX = nand(416XXX, 417XXX);
	420XXX = nand(1373XXX, 1376XXX);
	425XXX = nand(423XXX, 424XXX);
	510XXX = nand(508XXX, 509XXX);
	513XXX = nand(511XXX, 512XXX);
	552XXX = not(546XXX);
	1025XXX = nand(1023XXX, 1024XXX);
	1149XXX = nand(1147XXX, 1148XXX);
	419XXX = not(418XXX);
	422XXX = nand(420XXX, 421XXX);
	441XXX = nand(425XXX, 918XXX);
	516XXX = not(510XXX);
	725XXX = not(549XXX);
	728XXX = 549XXX;
	1029XXX = not(1025XXX);
	1153XXX = not(1149XXX);
	433XXX = nand(419XXX, 918XXX);
	437XXX = nand(422XXX, 918XXX);
	663XXX = not(513XXX);
	666XXX = 513XXX;
	731XXX = and(719XXX, 725XXX);
	746XXX = and(722XXX, 725XXX);
	756XXX = and(719XXX, 728XXX);
	770XXX = and(722XXX, 728XXX);
	1461XXX = 441XXX;
	1469XXX = 441XXX;
	1413XXX = 433XXX;
	1421XXX = 433XXX;
	1445XXX = 437XXX;
	1453XXX = 437XXX;
	532XXX = nand(1469XXX, 1472XXX);
	1473XXX = not(1469XXX);
	535XXX = nand(1461XXX, 1464XXX);
	1465XXX = not(1461XXX);
	495XXX = nand(1421XXX, 1424XXX);
	1425XXX = not(1421XXX);
	498XXX = nand(1413XXX, 1416XXX);
	1417XXX = not(1413XXX);
	520XXX = nand(1453XXX, 1456XXX);
	1457XXX = not(1453XXX);
	523XXX = nand(1445XXX, 1448XXX);
	1449XXX = not(1445XXX);
	533XXX = nand(1466XXX, 1473XXX);
	536XXX = nand(1458XXX, 1465XXX);
	496XXX = nand(1418XXX, 1425XXX);
	499XXX = nand(1410XXX, 1417XXX);
	521XXX = nand(1450XXX, 1457XXX);
	524XXX = nand(1442XXX, 1449XXX);
	534XXX = nand(532XXX, 533XXX);
	537XXX = nand(535XXX, 536XXX);
	497XXX = nand(495XXX, 496XXX);
	500XXX = nand(498XXX, 499XXX);
	522XXX = nand(520XXX, 521XXX);
	525XXX = nand(523XXX, 524XXX);
	540XXX = not(534XXX);
	503XXX = not(497XXX);
	528XXX = not(522XXX);
	669XXX = not(537XXX);
	672XXX = 537XXX;
	569XXX = not(500XXX);
	588XXX = and(566XXX, 500XXX);
	618XXX = not(525XXX);
	639XXX = and(615XXX, 525XXX);
	867XXX = nand(516XXX, 564XXX, 552XXX, 540XXX, 482XXX, 528XXX, 503XXX, 487XXX);
	588a = 588XXX;
	588b = 588XXX;
	639a = 639XXX;
	639b = 639XXX;
	675XXX = and(663XXX, 669XXX);
	688XXX = and(666XXX, 669XXX);
	696XXX = and(663XXX, 672XXX);
	710XXX = and(666XXX, 672XXX);
	73XXX = and(949XXX, 867XXX, 932XXX, 932XXX);
	572XXX = and(565XXX, 569XXX);
	573XXX = and(566XXX, 569XXX);
	621XXX = and(614XXX, 618XXX);
	622XXX = and(615XXX, 618XXX);
	776XXX = nand(588a, 639a, 696XXX, 731XXX, 958XXX);
	780XXX = nand(588a, 639a, 675XXX, 756XXX, 958XXX);
	784XXX = nand(588a, 639a, 675XXX, 746XXX, 958XXX);
	788XXX = nand(588a, 639a, 688XXX, 731XXX, 958XXX);
	812XXX = nand(588b, 639a, 710XXX, 746XXX, 969XXX);
	832XXX = nand(588b, 639b, 696XXX, 770XXX, 969XXX);
	836XXX = nand(588b, 639b, 710XXX, 756XXX, 969XXX);
	1509XXX = and(588a, 639a, 696XXX, 731XXX, 958XXX);
	1517XXX = and(588a, 639a, 675XXX, 756XXX, 958XXX);
	1525XXX = and(588a, 639a, 675XXX, 746XXX, 958XXX);
	1533XXX = and(588a, 639a, 688XXX, 731XXX, 958XXX);
	1581XXX = and(588b, 639a, 710XXX, 746XXX, 969XXX);
	1621XXX = and(588b, 639b, 696XXX, 770XXX, 969XXX);
	1629XXX = and(588b, 639b, 710XXX, 756XXX, 969XXX);
	792XXX = nand(588a, 622XXX, 696XXX, 756XXX, 958XXX);
	796XXX = nand(588b, 622XXX, 696XXX, 746XXX, 958XXX);
	800XXX = nand(588b, 622XXX, 710XXX, 731XXX, 958XXX);
	804XXX = nand(588b, 622XXX, 675XXX, 770XXX, 958XXX);
	808XXX = nand(588b, 622XXX, 688XXX, 756XXX, 969XXX);
	816XXX = nand(573XXX, 639b, 696XXX, 756XXX, 969XXX);
	820XXX = nand(573XXX, 639b, 696XXX, 746XXX, 969XXX);
	824XXX = nand(573XXX, 639b, 710XXX, 731XXX, 969XXX);
	828XXX = nand(573XXX, 639b, 688XXX, 756XXX, 969XXX);
	871XXX = nand(588b, 622XXX, 675XXX, 731XXX, 979XXX);
	873XXX = nand(573XXX, 639b, 675XXX, 731XXX, 979XXX);
	875XXX = nand(573XXX, 622XXX, 696XXX, 731XXX, 979XXX);
	877XXX = nand(573XXX, 622XXX, 675XXX, 756XXX, 979XXX);
	879XXX = nand(573XXX, 622XXX, 675XXX, 746XXX, 979XXX);
	881XXX = nand(573XXX, 622XXX, 688XXX, 731XXX, 979XXX);
	883XXX = nand(573XXX, 621XXX, 675XXX, 731XXX, 979XXX);
	885XXX = nand(572XXX, 622XXX, 675XXX, 731XXX, 979XXX);
	1541XXX = and(588a, 622XXX, 696XXX, 756XXX, 958XXX);
	1549XXX = and(588b, 622XXX, 696XXX, 746XXX, 958XXX);
	1557XXX = and(588b, 622XXX, 710XXX, 731XXX, 958XXX);
	1565XXX = and(588b, 622XXX, 675XXX, 770XXX, 958XXX);
	1573XXX = and(588b, 622XXX, 688XXX, 756XXX, 969XXX);
	1589XXX = and(573XXX, 639b, 696XXX, 756XXX, 969XXX);
	1597XXX = and(573XXX, 639b, 696XXX, 746XXX, 969XXX);
	1605XXX = and(573XXX, 639b, 710XXX, 731XXX, 969XXX);
	1613XXX = and(573XXX, 639b, 688XXX, 756XXX, 969XXX);
	1XXX = nand(1509XXX, 1512XXX);
	1513XXX = not(1509XXX);
	4XXX = nand(1517XXX, 1520XXX);
	1521XXX = not(1517XXX);
	7XXX = nand(1525XXX, 1528XXX);
	1529XXX = not(1525XXX);
	10XXX = nand(1533XXX, 1536XXX);
	1537XXX = not(1533XXX);
	28XXX = nand(1581XXX, 1584XXX);
	1585XXX = not(1581XXX);
	43XXX = nand(1621XXX, 1624XXX);
	1625XXX = not(1621XXX);
	46XXX = nand(1629XXX, 1632XXX);
	1633XXX = not(1629XXX);
	886XXX = and(871XXX, 873XXX, 875XXX, 877XXX, 879XXX, 881XXX, 883XXX, 885XXX);
	2XXX = nand(1506XXX, 1513XXX);
	5XXX = nand(1514XXX, 1521XXX);
	8XXX = nand(1522XXX, 1529XXX);
	11XXX = nand(1530XXX, 1537XXX);
	13XXX = nand(1541XXX, 1544XXX);
	1545XXX = not(1541XXX);
	16XXX = nand(1549XXX, 1552XXX);
	1553XXX = not(1549XXX);
	19XXX = nand(1557XXX, 1560XXX);
	1561XXX = not(1557XXX);
	22XXX = nand(1565XXX, 1568XXX);
	1569XXX = not(1565XXX);
	25XXX = nand(1573XXX, 1576XXX);
	1577XXX = not(1573XXX);
	29XXX = nand(1578XXX, 1585XXX);
	31XXX = nand(1589XXX, 1592XXX);
	1593XXX = not(1589XXX);
	34XXX = nand(1597XXX, 1600XXX);
	1601XXX = not(1597XXX);
	37XXX = nand(1605XXX, 1608XXX);
	1609XXX = not(1605XXX);
	40XXX = nand(1613XXX, 1616XXX);
	1617XXX = not(1613XXX);
	44XXX = nand(1618XXX, 1625XXX);
	47XXX = nand(1626XXX, 1633XXX);
	857XXX = nand(776XXX, 780XXX, 784XXX, 788XXX, 792XXX, 796XXX, 800XXX, 804XXX);
	860XXX = nand(808XXX, 812XXX, 816XXX, 820XXX, 824XXX, 828XXX, 832XXX, 836XXX);
	863XXX = and(776XXX, 780XXX, 784XXX, 788XXX, 792XXX, 796XXX, 800XXX, 804XXX);
	865XXX = and(808XXX, 812XXX, 816XXX, 820XXX, 824XXX, 828XXX, 832XXX, 836XXX);
	3XXX = nand(1XXX, 2XXX);
	6XXX = nand(4XXX, 5XXX);
	9XXX = nand(7XXX, 8XXX);
	12XXX = nand(10XXX, 11XXX);
	14XXX = nand(1538XXX, 1545XXX);
	17XXX = nand(1546XXX, 1553XXX);
	20XXX = nand(1554XXX, 1561XXX);
	23XXX = nand(1562XXX, 1569XXX);
	26XXX = nand(1570XXX, 1577XXX);
	30XXX = nand(28XXX, 29XXX);
	32XXX = nand(1586XXX, 1593XXX);
	35XXX = nand(1594XXX, 1601XXX);
	38XXX = nand(1602XXX, 1609XXX);
	41XXX = nand(1610XXX, 1617XXX);
	45XXX = nand(43XXX, 44XXX);
	48XXX = nand(46XXX, 47XXX);
	1913XXX = and(857XXX, 859XXX);
	1921XXX = and(860XXX, 862XXX);
	15XXX = nand(13XXX, 14XXX);
	18XXX = nand(16XXX, 17XXX);
	21XXX = nand(19XXX, 20XXX);
	24XXX = nand(22XXX, 23XXX);
	27XXX = nand(25XXX, 26XXX);
	33XXX = nand(31XXX, 32XXX);
	36XXX = nand(34XXX, 35XXX);
	39XXX = nand(37XXX, 38XXX);
	42XXX = nand(40XXX, 41XXX);
	887XXX = and(863XXX, 865XXX, 886XXX);
	462XXX = nand(863XXX, 865XXX);
	74XXX = and(949XXX, 867XXX, 952XXX, 887XXX);
	1637XXX = nand(1913XXX, 1916XXX);
	1917XXX = not(1913XXX);
	1647XXX = nand(1921XXX, 1924XXX);
	1925XXX = not(1921XXX);
	75XXX = nor(73XXX, 74XXX);
	1020XXX = and(457XXX, 911XXX, 462XXX);
	1144XXX = and(469XXX, 911XXX, 462XXX);
	1386XXX = and(475XXX, 911XXX, 462XXX);
	1394XXX = and(478XXX, 911XXX, 462XXX);
	1402XXX = and(459XXX, 911XXX, 462XXX);
	1638XXX = nand(1910XXX, 1917XXX);
	1648XXX = nand(1918XXX, 1925XXX);
	1806XXX = and(472XXX, 911XXX, 462XXX);
	1639XXX = nand(1637XXX, 1638XXX);
	1649XXX = nand(1647XXX, 1648XXX);
	287XXX = nand(1020XXX, 1029XXX);
	350XXX = nand(1144XXX, 1153XXX);
	427XXX = nand(1386XXX, 1393XXX);
	429XXX = nand(1394XXX, 1401XXX);
	431XXX = nand(1402XXX, 1409XXX);
	1028XXX = not(1020XXX);
	1152XXX = not(1144XXX);
	1392XXX = not(1386XXX);
	1400XXX = not(1394XXX);
	1408XXX = not(1402XXX);
	1812XXX = not(1806XXX);
	1216XXX = nand(1806XXX, 1813XXX);
	286XXX = nand(1025XXX, 1028XXX);
	349XXX = nand(1149XXX, 1152XXX);
	426XXX = nand(1389XXX, 1392XXX);
	428XXX = nand(1397XXX, 1400XXX);
	430XXX = nand(1405XXX, 1408XXX);
	67XXX = nand(1639XXX, 1642XXX);
	1643XXX = not(1639XXX);
	70XXX = nand(1649XXX, 1652XXX);
	1653XXX = not(1649XXX);
	1215XXX = nand(1809XXX, 1812XXX);
	49XXX = nand(286XXX, 287XXX);
	53XXX = nand(349XXX, 350XXX);
	59XXX = nand(426XXX, 427XXX);
	61XXX = nand(428XXX, 429XXX);
	65XXX = nand(430XXX, 431XXX);
	68XXX = nand(1634XXX, 1643XXX);
	71XXX = nand(1644XXX, 1653XXX);
	1217XXX = nand(1215XXX, 1216XXX);
	51XXX = and(49XXX, 50XXX);
	54XXX = and(52XXX, 53XXX);
	60XXX = and(58XXX, 59XXX);
	63XXX = and(61XXX, 62XXX);
	66XXX = and(64XXX, 65XXX);
	69XXX = nand(67XXX, 68XXX);
	72XXX = nand(70XXX, 71XXX);
	375XXX = nand(1217XXX, 1220XXX);
	1221XXX = not(1217XXX);
	376XXX = nand(1212XXX, 1221XXX);
	55XXX = nand(375XXX, 376XXX);
	57XXX = and(55XXX, 56XXX);
ENDMODULE
