MODULE c2670
INPUT  	
	2104XXX,2105XXX,137XXX,101XXX,125XXX,113XXX,138XXX,102XXX,126XXX,
	114XXX,1384XXX,40XXX,1981XXX,8XXX,543XXX,651XXX,86XXX,48XXX,61XXX,
	73XXX,1976XXX,87XXX,49XXX,74XXX,2090XXX,1971XXX,88XXX,50XXX,62XXX,
	75XXX,2084XXX,1966XXX,89XXX,51XXX,63XXX,76XXX,2078XXX,1961XXX,90XXX,
	52XXX,64XXX,77XXX,2072XXX,1956XXX,91XXX,53XXX,65XXX,78XXX,2067XXX,
	1348XXX,92XXX,54XXX,66XXX,79XXX,1996XXX,1341XXX,81XXX,43XXX,56XXX,
	68XXX,140XXX,104XXX,128XXX,116XXX,141XXX,105XXX,129XXX,117XXX,
	1991XXX,131XXX,95XXX,119XXX,107XXX,85XXX,47XXX,60XXX,72XXX,1986XXX,
	29XXX,25XXX,16XXX,24XXX,6XXX,23XXX,22XXX,21XXX,5XXX,20XXX,4XXX,
	19XXX,135XXX,99XXX,123XXX,111XXX,28XXX,136XXX,100XXX,124XXX,112XXX,
	35XXX,34XXX,27XXX,139XXX,103XXX,127XXX,115XXX,33XXX,26XXX,32XXX,
	868XXX,11XXX,2100XXX,2096XXX,142XXX,106XXX,130XXX,118XXX,37XXX,
	93XXX,55XXX,67XXX,80XXX,2678XXX,2474XXX,2451XXX,2454XXX,2443XXX,
	2446XXX,2435XXX,2438XXX,2427XXX,2430XXX,14XXX,132XXX,82XXX,96XXX,
	44XXX,2106XXX,120XXX,57XXX,108XXX,69XXX,567XXX,559XXX,860XXX,1XXX,
	3XXX,661XXX,483XXX,36XXX,7XXX,2XXX,15XXX,452XXX,94XXX,262XXX,264XXX,
	263XXX,265XXX,267XXX,268XXX,266XXX,257XXX,256XXX,250XXX,249XXX,
	210XXX,248XXX,247XXX,270XXX,255XXX,254XXX,214XXX,269XXX,208XXX,
	1083XXX,246XXX,213XXX,2066XXX,245XXX,244XXX,243XXX,242XXX,241XXX,
	240XXX,239XXX,272XXX,212XXX,252XXX,253XXX,279XXX,278XXX,251XXX,
	215XXX,182XXX,271XXX,209XXX,180XXX,179XXX,178XXX,207XXX,206XXX,
	205XXX,204XXX,211XXX,203XXX,202XXX,201XXX,200XXX,199XXX,198XXX,
	197XXX,196XXX,195XXX,194XXX,193XXX,192XXX,191XXX,190XXX,177XXX,
	181XXX,186XXX,184XXX,174XXX,185XXX,275XXX,189XXX,276XXX,183XXX,
	277XXX,273XXX,274XXX,169XXX;
OUTPUT
	350XXX,335XXX,	409XXX,	369XXX,	367XXX,	411XXX,	337XXX,	384XXX,	218XXX,
	219XXX,	220XXX,	221XXX,	235XXX,	236XXX,	237XXX,	238XXX,	158XXX,	259XXX,
	391XXX,	173XXX,	223XXX,	234XXX,	217XXX,	325XXX,	261XXX,	319XXX,	160XXX,
	162XXX,	164XXX,	166XXX,	168XXX,	171XXX,	153XXX,	176XXX,	188XXX,	299XXX,
	301XXX,	286XXX,	303XXX,	288XXX,	305XXX,	290XXX,	284XXX,	321XXX,	297XXX,
	280XXX,	148XXX,	282XXX,	323XXX,	156XXX,	401XXX,	227XXX,	229XXX,	311XXX,
	150XXX,	145XXX,	395XXX,	295XXX,	331XXX,	397XXX,	329XXX,	231XXX,	308XXX,
	225XXX;
STRUCTURE
	350XXX = 452XXX;
	335XXX = 452XXX;
	409XXX = 452XXX;
	546XXX = and(1XXX, 3XXX);
	560XXX = not(559XXX);
	369XXX = 1083XXX;
	367XXX = 1083XXX;
	1385XXX = not(1384XXX);
	411XXX = 2066XXX;
	337XXX = 2066XXX;
	384XXX = 2066XXX;
	157XXX = and(2090XXX, 2084XXX, 2078XXX, 2072XXX);
	547XXX = not(546XXX);
	218XXX = not(44XXX);
	219XXX = not(132XXX);
	220XXX = not(82XXX);
	221XXX = not(96XXX);
	235XXX = not(69XXX);
	236XXX = not(120XXX);
	237XXX = not(57XXX);
	238XXX = not(108XXX);
	258XXX = and(2XXX, 15XXX, 661XXX);
	480XXX = 661XXX;
	486XXX = and(37XXX, 37XXX);
	654XXX = 452XXX;
	655XXX = 8XXX;
	658XXX = 8XXX;
	772XXX = 543XXX;
	795XXX = 651XXX;
	865XXX = not(860XXX);
	875XXX = not(868XXX);
	882XXX = and(11XXX, 868XXX);
	1251XXX = and(132XXX, 82XXX, 96XXX, 44XXX);
	1254XXX = and(120XXX, 57XXX, 108XXX, 69XXX);
	1261XXX = 543XXX;
	1284XXX = 651XXX;
	1344XXX = not(1341XXX);
	1351XXX = not(1348XXX);
	1394XXX = 2104XXX;
	1418XXX = 2105XXX;
	2433XXX = not(2427XXX);
	2434XXX = not(2430XXX);
	2441XXX = not(2435XXX);
	2442XXX = not(2438XXX);
	2449XXX = not(2443XXX);
	2450XXX = not(2446XXX);
	2478XXX = not(2474XXX);
	1631XXX = 2104XXX;
	1655XXX = 2105XXX;
	1710XXX = 16XXX;
	1721XXX = 16XXX;
	2682XXX = not(2678XXX);
	1955XXX = and(7XXX, 661XXX);
	1959XXX = not(1956XXX);
	1964XXX = not(1961XXX);
	1969XXX = not(1966XXX);
	1974XXX = not(1971XXX);
	1979XXX = not(1976XXX);
	1984XXX = not(1981XXX);
	1989XXX = not(1986XXX);
	1994XXX = not(1991XXX);
	1999XXX = not(1996XXX);
	2001XXX = 29XXX;
	2012XXX = 29XXX;
	2070XXX = not(2067XXX);
	2076XXX = not(2072XXX);
	2082XXX = not(2078XXX);
	2088XXX = not(2084XXX);
	2094XXX = not(2090XXX);
	2099XXX = not(2096XXX);
	2103XXX = not(2100XXX);
	2457XXX = not(2451XXX);
	2458XXX = not(2454XXX);
	2461XXX = 1348XXX;
	2464XXX = 1341XXX;
	2471XXX = 1956XXX;
	2479XXX = 1966XXX;
	2482XXX = 1961XXX;
	2487XXX = 1976XXX;
	2490XXX = 1971XXX;
	2495XXX = 1986XXX;
	2498XXX = 1981XXX;
	2505XXX = 1996XXX;
	2508XXX = 1991XXX;
	2675XXX = 2067XXX;
	2683XXX = 2078XXX;
	2686XXX = 2072XXX;
	2691XXX = 2090XXX;
	2694XXX = 2084XXX;
	2699XXX = 2100XXX;
	2702XXX = 2096XXX;
	158XXX = not(157XXX);
	259XXX = not(258XXX);
	487XXX = not(486XXX);
	391XXX = 654XXX;
	1475XXX = nand(2430XXX, 2433XXX);
	1476XXX = nand(2427XXX, 2434XXX);
	1484XXX = nand(2438XXX, 2441XXX);
	1485XXX = nand(2435XXX, 2442XXX);
	1493XXX = nand(2446XXX, 2449XXX);
	1494XXX = nand(2443XXX, 2450XXX);
	2459XXX = nand(2454XXX, 2457XXX);
	2460XXX = nand(2451XXX, 2458XXX);
	173XXX = and(94XXX, 654XXX);
	216XXX = and(2106XXX, 1955XXX);
	223XXX = not(1955XXX);
	234XXX = nand(567XXX, 1955XXX);
	1253XXX = not(1251XXX);
	1256XXX = not(1254XXX);
	558XXX = and(1254XXX, 1251XXX);
	748XXX = 655XXX;
	784XXX = not(772XXX);
	807XXX = not(795XXX);
	821XXX = and(80XXX, 772XXX, 795XXX);
	825XXX = and(68XXX, 772XXX, 795XXX);
	829XXX = and(79XXX, 772XXX, 795XXX);
	833XXX = and(78XXX, 772XXX, 795XXX);
	837XXX = and(77XXX, 772XXX, 795XXX);
	881XXX = and(11XXX, 875XXX);
	994XXX = 655XXX;
	1273XXX = not(1261XXX);
	1296XXX = not(1284XXX);
	1310XXX = and(76XXX, 1261XXX, 1284XXX);
	1314XXX = and(75XXX, 1261XXX, 1284XXX);
	1318XXX = and(74XXX, 1261XXX, 1284XXX);
	1322XXX = and(73XXX, 1261XXX, 1284XXX);
	1326XXX = and(72XXX, 1261XXX, 1284XXX);
	1406XXX = not(1394XXX);
	1430XXX = not(1418XXX);
	1444XXX = and(114XXX, 1394XXX, 1418XXX);
	1448XXX = and(113XXX, 1394XXX, 1418XXX);
	1452XXX = and(112XXX, 1394XXX, 1418XXX);
	1456XXX = and(111XXX, 1394XXX, 1418XXX);
	1460XXX = and(1394XXX, 1418XXX);
	1477XXX = nand(1475XXX, 1476XXX);
	1486XXX = nand(1484XXX, 1485XXX);
	1495XXX = nand(1493XXX, 1494XXX);
	2477XXX = not(2471XXX);
	1499XXX = nand(2471XXX, 2478XXX);
	2485XXX = not(2479XXX);
	2486XXX = not(2482XXX);
	2493XXX = not(2487XXX);
	2494XXX = not(2490XXX);
	1643XXX = not(1631XXX);
	1667XXX = not(1655XXX);
	1681XXX = and(118XXX, 1631XXX, 1655XXX);
	1685XXX = and(107XXX, 1631XXX, 1655XXX);
	1689XXX = and(117XXX, 1631XXX, 1655XXX);
	1693XXX = and(116XXX, 1631XXX, 1655XXX);
	1697XXX = and(115XXX, 1631XXX, 1655XXX);
	1716XXX = not(1710XXX);
	1728XXX = not(1721XXX);
	2681XXX = not(2675XXX);
	1776XXX = nand(2675XXX, 2682XXX);
	2689XXX = not(2683XXX);
	2690XXX = not(2686XXX);
	2697XXX = not(2691XXX);
	2698XXX = not(2694XXX);
	1831XXX = 658XXX;
	1893XXX = 658XXX;
	2007XXX = not(2001XXX);
	2018XXX = not(2012XXX);
	2467XXX = not(2461XXX);
	2468XXX = not(2464XXX);
	2501XXX = not(2495XXX);
	2502XXX = not(2498XXX);
	2511XXX = not(2505XXX);
	2512XXX = not(2508XXX);
	2518XXX = nand(2459XXX, 2460XXX);
	2551XXX = 1344XXX;
	2559XXX = 1351XXX;
	2567XXX = 1959XXX;
	2575XXX = 1964XXX;
	2583XXX = 1969XXX;
	2591XXX = 1974XXX;
	2599XXX = 1979XXX;
	2607XXX = 1984XXX;
	2615XXX = 1989XXX;
	2623XXX = 1994XXX;
	2705XXX = not(2699XXX);
	2706XXX = not(2702XXX);
	2735XXX = 1999XXX;
	2743XXX = 2070XXX;
	2751XXX = 2076XXX;
	2759XXX = 2082XXX;
	2767XXX = 2088XXX;
	2775XXX = 2094XXX;
	217XXX = not(216XXX);
	550XXX = and(2106XXX, 1253XXX);
	552XXX = and(567XXX, 1256XXX);
	325XXX = 558XXX;
	894XXX = or(881XXX, 882XXX);
	1498XXX = nand(2474XXX, 2477XXX);
	1507XXX = nand(2482XXX, 2485XXX);
	1508XXX = nand(2479XXX, 2486XXX);
	1516XXX = nand(2490XXX, 2493XXX);
	1517XXX = nand(2487XXX, 2494XXX);
	1775XXX = nand(2678XXX, 2681XXX);
	1784XXX = nand(2686XXX, 2689XXX);
	1785XXX = nand(2683XXX, 2690XXX);
	1793XXX = nand(2694XXX, 2697XXX);
	1794XXX = nand(2691XXX, 2698XXX);
	2469XXX = nand(2464XXX, 2467XXX);
	2470XXX = nand(2461XXX, 2468XXX);
	2503XXX = nand(2498XXX, 2501XXX);
	2504XXX = nand(2495XXX, 2502XXX);
	2513XXX = nand(2508XXX, 2511XXX);
	2514XXX = nand(2505XXX, 2512XXX);
	2707XXX = nand(2702XXX, 2705XXX);
	2708XXX = nand(2699XXX, 2706XXX);
	261XXX = not(558XXX);
	551XXX = not(550XXX);
	553XXX = not(552XXX);
	818XXX = and(93XXX, 784XXX, 807XXX);
	819XXX = and(55XXX, 772XXX, 807XXX);
	820XXX = and(67XXX, 784XXX, 795XXX);
	822XXX = and(81XXX, 784XXX, 807XXX);
	823XXX = and(43XXX, 772XXX, 807XXX);
	824XXX = and(56XXX, 784XXX, 795XXX);
	826XXX = and(92XXX, 784XXX, 807XXX);
	827XXX = and(54XXX, 772XXX, 807XXX);
	828XXX = and(66XXX, 784XXX, 795XXX);
	830XXX = and(91XXX, 784XXX, 807XXX);
	831XXX = and(53XXX, 772XXX, 807XXX);
	832XXX = and(65XXX, 784XXX, 795XXX);
	834XXX = and(90XXX, 784XXX, 807XXX);
	835XXX = and(52XXX, 772XXX, 807XXX);
	836XXX = and(64XXX, 784XXX, 795XXX);
	1307XXX = and(89XXX, 1273XXX, 1296XXX);
	1308XXX = and(51XXX, 1261XXX, 1296XXX);
	1309XXX = and(63XXX, 1273XXX, 1284XXX);
	1311XXX = and(88XXX, 1273XXX, 1296XXX);
	1312XXX = and(50XXX, 1261XXX, 1296XXX);
	1313XXX = and(62XXX, 1273XXX, 1284XXX);
	1315XXX = and(87XXX, 1273XXX, 1296XXX);
	1316XXX = and(49XXX, 1261XXX, 1296XXX);
	1317XXX = and(1273XXX, 1284XXX);
	1319XXX = and(86XXX, 1273XXX, 1296XXX);
	1320XXX = and(48XXX, 1261XXX, 1296XXX);
	1321XXX = and(61XXX, 1273XXX, 1284XXX);
	1323XXX = and(85XXX, 1273XXX, 1296XXX);
	1324XXX = and(47XXX, 1261XXX, 1296XXX);
	1325XXX = and(60XXX, 1273XXX, 1284XXX);
	1441XXX = and(138XXX, 1406XXX, 1430XXX);
	1442XXX = and(102XXX, 1394XXX, 1430XXX);
	1443XXX = and(126XXX, 1406XXX, 1418XXX);
	1445XXX = and(137XXX, 1406XXX, 1430XXX);
	1446XXX = and(101XXX, 1394XXX, 1430XXX);
	1447XXX = and(125XXX, 1406XXX, 1418XXX);
	1449XXX = and(136XXX, 1406XXX, 1430XXX);
	1450XXX = and(100XXX, 1394XXX, 1430XXX);
	1451XXX = and(124XXX, 1406XXX, 1418XXX);
	1453XXX = and(135XXX, 1406XXX, 1430XXX);
	1454XXX = and(99XXX, 1394XXX, 1430XXX);
	1455XXX = and(123XXX, 1406XXX, 1418XXX);
	1457XXX = and(1406XXX, 1430XXX);
	1458XXX = and(1394XXX, 1430XXX);
	1459XXX = and(1406XXX, 1418XXX);
	1481XXX = not(1477XXX);
	1490XXX = not(1486XXX);
	1500XXX = nand(1498XXX, 1499XXX);
	1509XXX = nand(1507XXX, 1508XXX);
	1518XXX = nand(1516XXX, 1517XXX);
	1521XXX = 1495XXX;
	1525XXX = 1495XXX;
	2557XXX = not(2551XXX);
	2565XXX = not(2559XXX);
	2573XXX = not(2567XXX);
	2581XXX = not(2575XXX);
	2589XXX = not(2583XXX);
	2597XXX = not(2591XXX);
	2605XXX = not(2599XXX);
	2613XXX = not(2607XXX);
	2621XXX = not(2615XXX);
	2629XXX = not(2623XXX);
	1678XXX = and(142XXX, 1643XXX, 1667XXX);
	1679XXX = and(106XXX, 1631XXX, 1667XXX);
	1680XXX = and(130XXX, 1643XXX, 1655XXX);
	1682XXX = and(131XXX, 1643XXX, 1667XXX);
	1683XXX = and(95XXX, 1631XXX, 1667XXX);
	1684XXX = and(119XXX, 1643XXX, 1655XXX);
	1686XXX = and(141XXX, 1643XXX, 1667XXX);
	1687XXX = and(105XXX, 1631XXX, 1667XXX);
	1688XXX = and(129XXX, 1643XXX, 1655XXX);
	1690XXX = and(140XXX, 1643XXX, 1667XXX);
	1691XXX = and(104XXX, 1631XXX, 1667XXX);
	1692XXX = and(128XXX, 1643XXX, 1655XXX);
	1694XXX = and(139XXX, 1643XXX, 1667XXX);
	1695XXX = and(103XXX, 1631XXX, 1667XXX);
	1696XXX = and(127XXX, 1643XXX, 1655XXX);
	1734XXX = and(19XXX, 1716XXX);
	1736XXX = and(4XXX, 1716XXX);
	1738XXX = and(20XXX, 1716XXX);
	1740XXX = and(5XXX, 1716XXX);
	1742XXX = and(21XXX, 1728XXX);
	1744XXX = and(22XXX, 1728XXX);
	1746XXX = and(23XXX, 1728XXX);
	1748XXX = and(6XXX, 1728XXX);
	1750XXX = and(24XXX, 1728XXX);
	1777XXX = nand(1775XXX, 1776XXX);
	1786XXX = nand(1784XXX, 1785XXX);
	1795XXX = nand(1793XXX, 1794XXX);
	2023XXX = and(25XXX, 2007XXX);
	2025XXX = and(32XXX, 2007XXX);
	2027XXX = and(26XXX, 2007XXX);
	2029XXX = and(33XXX, 2007XXX);
	2031XXX = and(27XXX, 2018XXX);
	2033XXX = and(34XXX, 2018XXX);
	2035XXX = and(35XXX, 2018XXX);
	2037XXX = and(28XXX, 2018XXX);
	2741XXX = not(2735XXX);
	2749XXX = not(2743XXX);
	2757XXX = not(2751XXX);
	2765XXX = not(2759XXX);
	2773XXX = not(2767XXX);
	2781XXX = not(2775XXX);
	2515XXX = nand(2469XXX, 2470XXX);
	2522XXX = not(2518XXX);
	2525XXX = nand(2513XXX, 2514XXX);
	2528XXX = nand(2503XXX, 2504XXX);
	2730XXX = nand(2707XXX, 2708XXX);
	554XXX = and(551XXX, 553XXX);
	838XXX = or(818XXX, 819XXX, 820XXX, 821XXX);
	841XXX = or(822XXX, 823XXX, 824XXX, 825XXX);
	846XXX = or(826XXX, 827XXX, 828XXX, 829XXX);
	854XXX = or(830XXX, 831XXX, 832XXX, 833XXX);
	857XXX = or(834XXX, 835XXX, 836XXX, 837XXX);
	1327XXX = or(1307XXX, 1308XXX, 1309XXX, 1310XXX);
	1329XXX = or(1311XXX, 1312XXX, 1313XXX, 1314XXX);
	1331XXX = or(1315XXX, 1316XXX, 1317XXX, 1318XXX);
	1333XXX = or(1319XXX, 1320XXX, 1321XXX, 1322XXX);
	1335XXX = or(1323XXX, 1324XXX, 1325XXX, 1326XXX);
	1461XXX = or(1441XXX, 1442XXX, 1443XXX, 1444XXX);
	1464XXX = or(1445XXX, 1446XXX, 1447XXX, 1448XXX);
	1467XXX = or(1449XXX, 1450XXX, 1451XXX, 1452XXX);
	1470XXX = or(1453XXX, 1454XXX, 1455XXX, 1456XXX);
	1473XXX = or(1457XXX, 1458XXX, 1459XXX, 1460XXX);
	1698XXX = or(1682XXX, 1683XXX, 1684XXX, 1685XXX);
	1701XXX = or(1686XXX, 1687XXX, 1688XXX, 1689XXX);
	1704XXX = or(1690XXX, 1691XXX, 1692XXX, 1693XXX);
	1707XXX = or(1694XXX, 1695XXX, 1696XXX, 1697XXX);
	2634XXX = or(1678XXX, 1679XXX, 1680XXX, 1681XXX);
	319XXX = 554XXX;
	1504XXX = not(1500XXX);
	1513XXX = not(1509XXX);
	1524XXX = not(1521XXX);
	1528XXX = not(1525XXX);
	1529XXX = 1518XXX;
	1533XXX = 1518XXX;
	1538XXX = and(1486XXX, 1477XXX, 1521XXX);
	1541XXX = and(1490XXX, 1481XXX, 1525XXX);
	1781XXX = not(1777XXX);
	1790XXX = not(1786XXX);
	1806XXX = 1795XXX;
	1810XXX = 1795XXX;
	2734XXX = not(2730XXX);
	2521XXX = not(2515XXX);
	2524XXX = nand(2515XXX, 2522XXX);
	2531XXX = not(2525XXX);
	2532XXX = not(2528XXX);
	144XXX = and(838XXX, 860XXX);
	147XXX = and(846XXX, 860XXX);
	152XXX = and(841XXX, 860XXX);
	160XXX = not(1464XXX);
	162XXX = not(1467XXX);
	164XXX = not(1461XXX);
	166XXX = not(1329XXX);
	168XXX = not(1327XXX);
	171XXX = not(857XXX);
	175XXX = and(480XXX, 483XXX, 36XXX, 554XXX);
	187XXX = and(480XXX, 483XXX, 554XXX, 547XXX);
	516XXX = 838XXX;
	852XXX = not(846XXX);
	885XXX = and(841XXX, 875XXX);
	887XXX = and(846XXX, 875XXX);
	893XXX = and(1327XXX, 868XXX);
	1028XXX = not(838XXX);
	1031XXX = not(841XXX);
	1035XXX = not(846XXX);
	1041XXX = 854XXX;
	1049XXX = 857XXX;
	1057XXX = 1327XXX;
	1060XXX = 1329XXX;
	1066XXX = 1331XXX;
	1072XXX = 1333XXX;
	1078XXX = 1335XXX;
	1213XXX = nand(2099XXX, 1470XXX);
	1218XXX = nand(2103XXX, 1473XXX);
	1250XXX = 1704XXX;
	1387XXX = and(1461XXX, 1385XXX);
	1389XXX = not(1464XXX);
	1537XXX = and(1481XXX, 1486XXX, 1524XXX);
	1540XXX = and(1477XXX, 1490XXX, 1528XXX);
	1735XXX = and(841XXX, 1710XXX);
	1737XXX = and(846XXX, 1710XXX);
	1739XXX = and(854XXX, 1710XXX);
	1741XXX = and(857XXX, 1710XXX);
	1743XXX = and(1327XXX, 1721XXX);
	1745XXX = and(1329XXX, 1721XXX);
	1747XXX = and(1331XXX, 1721XXX);
	1749XXX = and(1333XXX, 1721XXX);
	1751XXX = and(1335XXX, 1721XXX);
	2638XXX = not(2634XXX);
	2024XXX = and(1698XXX, 2001XXX);
	2026XXX = and(1701XXX, 2001XXX);
	2028XXX = and(1704XXX, 2001XXX);
	2030XXX = and(1707XXX, 2001XXX);
	2032XXX = and(1461XXX, 2012XXX);
	2034XXX = and(1464XXX, 2012XXX);
	2036XXX = and(1467XXX, 2012XXX);
	2038XXX = and(1470XXX, 2012XXX);
	2154XXX = 841XXX;
	2523XXX = nand(2518XXX, 2521XXX);
	2533XXX = nand(2528XXX, 2531XXX);
	2534XXX = nand(2525XXX, 2532XXX);
	2631XXX = 1698XXX;
	2639XXX = 1704XXX;
	2642XXX = 1701XXX;
	2647XXX = 1461XXX;
	2650XXX = 1707XXX;
	2655XXX = 1467XXX;
	2658XXX = 1464XXX;
	2665XXX = 1473XXX;
	2668XXX = 1470XXX;
	153XXX = or(865XXX, 152XXX);
	176XXX = not(175XXX);
	188XXX = not(187XXX);
	299XXX = 1041XXX;
	301XXX = 1049XXX;
	286XXX = 1057XXX;
	303XXX = 1060XXX;
	288XXX = 1066XXX;
	305XXX = 1072XXX;
	290XXX = 1078XXX;
	1532XXX = not(1529XXX);
	1536XXX = not(1533XXX);
	1539XXX = nor(1537XXX, 1538XXX);
	1542XXX = nor(1540XXX, 1541XXX);
	1544XXX = and(1509XXX, 1500XXX, 1529XXX);
	1547XXX = and(1513XXX, 1504XXX, 1533XXX);
	2065XXX = or(2037XXX, 2038XXX);
	1809XXX = not(1806XXX);
	1813XXX = not(1810XXX);
	1821XXX = and(1786XXX, 1777XXX, 1806XXX);
	1824XXX = and(1790XXX, 1781XXX, 1810XXX);
	2538XXX = nand(2523XXX, 2524XXX);
	2546XXX = nand(2533XXX, 2534XXX);
	2554XXX = or(1734XXX, 1735XXX);
	2562XXX = or(1736XXX, 1737XXX);
	2570XXX = or(1738XXX, 1739XXX);
	2578XXX = or(1740XXX, 1741XXX);
	2586XXX = or(1742XXX, 1743XXX);
	2594XXX = or(1744XXX, 1745XXX);
	2602XXX = or(1746XXX, 1747XXX);
	2610XXX = or(1748XXX, 1749XXX);
	2618XXX = or(1750XXX, 1751XXX);
	2626XXX = or(2023XXX, 2024XXX);
	2738XXX = or(2025XXX, 2026XXX);
	2746XXX = or(2027XXX, 2028XXX);
	2754XXX = or(2029XXX, 2030XXX);
	2762XXX = or(2031XXX, 2032XXX);
	2770XXX = or(2033XXX, 2034XXX);
	2778XXX = or(2035XXX, 2036XXX);
	456XXX = and(1389XXX, 1387XXX, 40XXX);
	466XXX = not(1387XXX);
	562XXX = nand(560XXX, 852XXX);
	883XXX = and(516XXX, 875XXX);
	889XXX = and(1049XXX, 868XXX);
	891XXX = and(1041XXX, 875XXX);
	1043XXX = not(1041XXX);
	1051XXX = not(1049XXX);
	1062XXX = not(1060XXX);
	1068XXX = not(1066XXX);
	1074XXX = not(1072XXX);
	1080XXX = not(1078XXX);
	1225XXX = and(2099XXX, 1213XXX);
	1227XXX = and(1213XXX, 1470XXX);
	1232XXX = and(2103XXX, 1218XXX);
	1234XXX = and(1218XXX, 1473XXX);
	1543XXX = and(1504XXX, 1509XXX, 1532XXX);
	1546XXX = and(1500XXX, 1513XXX, 1536XXX);
	2637XXX = not(2631XXX);
	1753XXX = nand(2631XXX, 2638XXX);
	2645XXX = not(2639XXX);
	2646XXX = not(2642XXX);
	2653XXX = not(2647XXX);
	2654XXX = not(2650XXX);
	1820XXX = and(1781XXX, 1786XXX, 1809XXX);
	1823XXX = and(1777XXX, 1790XXX, 1813XXX);
	2107XXX = 1031XXX;
	2110XXX = 1028XXX;
	2118XXX = 1035XXX;
	2123XXX = not(1057XXX);
	2151XXX = not(852XXX);
	2158XXX = not(2154XXX);
	2161XXX = 1031XXX;
	2164XXX = 1028XXX;
	2172XXX = 1035XXX;
	2235XXX = 516XXX;
	2262XXX = 1035XXX;
	2350XXX = 1035XXX;
	2535XXX = nand(1542XXX, 1539XXX);
	2661XXX = not(2655XXX);
	2662XXX = not(2658XXX);
	2671XXX = not(2665XXX);
	2672XXX = not(2668XXX);
	468XXX = and(40XXX, 1389XXX, 466XXX);
	897XXX = or(887XXX, 889XXX);
	898XXX = or(891XXX, 893XXX);
	1228XXX = or(1225XXX, 1227XXX);
	1235XXX = or(1232XXX, 1234XXX);
	1545XXX = nor(1543XXX, 1544XXX);
	1548XXX = nor(1546XXX, 1547XXX);
	2542XXX = not(2538XXX);
	2550XXX = not(2546XXX);
	1561XXX = nand(2554XXX, 2557XXX);
	2558XXX = not(2554XXX);
	1565XXX = nand(2562XXX, 2565XXX);
	2566XXX = not(2562XXX);
	1569XXX = nand(2570XXX, 2573XXX);
	2574XXX = not(2570XXX);
	1573XXX = nand(2578XXX, 2581XXX);
	2582XXX = not(2578XXX);
	1577XXX = nand(2586XXX, 2589XXX);
	2590XXX = not(2586XXX);
	1581XXX = nand(2594XXX, 2597XXX);
	2598XXX = not(2594XXX);
	1585XXX = nand(2602XXX, 2605XXX);
	2606XXX = not(2602XXX);
	1589XXX = nand(2610XXX, 2613XXX);
	2614XXX = not(2610XXX);
	1593XXX = nand(2618XXX, 2621XXX);
	2622XXX = not(2618XXX);
	1597XXX = nand(2626XXX, 2629XXX);
	2630XXX = not(2626XXX);
	1752XXX = nand(2634XXX, 2637XXX);
	1761XXX = nand(2642XXX, 2645XXX);
	1762XXX = nand(2639XXX, 2646XXX);
	1770XXX = nand(2650XXX, 2653XXX);
	1771XXX = nand(2647XXX, 2654XXX);
	1822XXX = nor(1820XXX, 1821XXX);
	1825XXX = nor(1823XXX, 1824XXX);
	2039XXX = nand(2738XXX, 2741XXX);
	2742XXX = not(2738XXX);
	2043XXX = nand(2746XXX, 2749XXX);
	2750XXX = not(2746XXX);
	2047XXX = nand(2754XXX, 2757XXX);
	2758XXX = not(2754XXX);
	2051XXX = nand(2762XXX, 2765XXX);
	2766XXX = not(2762XXX);
	2055XXX = nand(2770XXX, 2773XXX);
	2774XXX = not(2770XXX);
	2059XXX = nand(2778XXX, 2781XXX);
	2782XXX = not(2778XXX);
	2663XXX = nand(2658XXX, 2661XXX);
	2664XXX = nand(2655XXX, 2662XXX);
	2673XXX = nand(2668XXX, 2671XXX);
	2674XXX = nand(2665XXX, 2672XXX);
	146XXX = and(562XXX, 865XXX);
	462XXX = not(456XXX);
	2113XXX = not(2107XXX);
	2114XXX = not(2110XXX);
	2122XXX = not(2118XXX);
	2129XXX = not(2123XXX);
	592XXX = 562XXX;
	2167XXX = not(2161XXX);
	2168XXX = not(2164XXX);
	2176XXX = not(2172XXX);
	2241XXX = not(2235XXX);
	2266XXX = not(2262XXX);
	743XXX = not(456XXX);
	749XXX = 456XXX;
	886XXX = and(562XXX, 868XXX);
	284XXX = 897XXX;
	321XXX = 897XXX;
	297XXX = 898XXX;
	280XXX = 898XXX;
	995XXX = 456XXX;
	1006XXX = not(456XXX);
	1550XXX = nand(2535XXX, 2542XXX);
	2354XXX = not(2350XXX);
	2541XXX = not(2535XXX);
	1562XXX = nand(2551XXX, 2558XXX);
	1566XXX = nand(2559XXX, 2566XXX);
	1570XXX = nand(2567XXX, 2574XXX);
	1574XXX = nand(2575XXX, 2582XXX);
	1578XXX = nand(2583XXX, 2590XXX);
	1582XXX = nand(2591XXX, 2598XXX);
	1586XXX = nand(2599XXX, 2606XXX);
	1590XXX = nand(2607XXX, 2614XXX);
	1594XXX = nand(2615XXX, 2622XXX);
	1598XXX = nand(2623XXX, 2630XXX);
	1754XXX = nand(1752XXX, 1753XXX);
	1763XXX = nand(1761XXX, 1762XXX);
	1772XXX = nand(1770XXX, 1771XXX);
	2040XXX = nand(2735XXX, 2742XXX);
	2044XXX = nand(2743XXX, 2750XXX);
	2048XXX = nand(2751XXX, 2758XXX);
	2052XXX = nand(2759XXX, 2766XXX);
	2056XXX = nand(2767XXX, 2774XXX);
	2060XXX = nand(2775XXX, 2782XXX);
	2115XXX = 1043XXX;
	2126XXX = 1051XXX;
	2131XXX = 1068XXX;
	2134XXX = 1062XXX;
	2141XXX = 1080XXX;
	2144XXX = 1074XXX;
	2157XXX = not(2151XXX);
	2160XXX = nand(2151XXX, 2158XXX);
	2169XXX = 1043XXX;
	2177XXX = 1068XXX;
	2180XXX = 1062XXX;
	2187XXX = 1080XXX;
	2190XXX = 1074XXX;
	2207XXX = not(562XXX);
	2254XXX = 1043XXX;
	2334XXX = 1051XXX;
	2342XXX = 1043XXX;
	2422XXX = 1051XXX;
	2543XXX = nand(1548XXX, 1545XXX);
	2709XXX = nand(2673XXX, 2674XXX);
	2712XXX = nand(2663XXX, 2664XXX);
	2727XXX = nand(1825XXX, 1822XXX);
	148XXX = or(146XXX, 147XXX);
	569XXX = nand(2110XXX, 2113XXX);
	570XXX = nand(2107XXX, 2114XXX);
	599XXX = nand(2164XXX, 2167XXX);
	600XXX = nand(2161XXX, 2168XXX);
	896XXX = or(885XXX, 886XXX);
	1549XXX = nand(2538XXX, 2541XXX);
	1243XXX = not(1228XXX);
	1245XXX = not(1235XXX);
	1257XXX = 468XXX;
	1258XXX = 468XXX;
	1563XXX = nand(1561XXX, 1562XXX);
	1567XXX = nand(1565XXX, 1566XXX);
	1571XXX = nand(1569XXX, 1570XXX);
	1575XXX = nand(1573XXX, 1574XXX);
	1579XXX = nand(1577XXX, 1578XXX);
	1583XXX = nand(1581XXX, 1582XXX);
	1587XXX = nand(1585XXX, 1586XXX);
	1591XXX = nand(1589XXX, 1590XXX);
	1595XXX = nand(1593XXX, 1594XXX);
	1599XXX = nand(1597XXX, 1598XXX);
	2041XXX = nand(2039XXX, 2040XXX);
	2045XXX = nand(2043XXX, 2044XXX);
	2049XXX = nand(2047XXX, 2048XXX);
	2053XXX = nand(2051XXX, 2052XXX);
	2057XXX = nand(2055XXX, 2056XXX);
	2061XXX = nand(2059XXX, 2060XXX);
	2159XXX = nand(2154XXX, 2157XXX);
	475XXX = 462XXX;
	490XXX = and(1078XXX, 743XXX);
	496XXX = and(1698XXX, 743XXX);
	502XXX = and(1701XXX, 743XXX);
	508XXX = and(1250XXX, 743XXX);
	765XXX = and(1057XXX, 749XXX);
	769XXX = and(1060XXX, 749XXX);
	571XXX = nand(569XXX, 570XXX);
	2121XXX = not(2115XXX);
	579XXX = nand(2115XXX, 2122XXX);
	587XXX = nand(2126XXX, 2129XXX);
	2130XXX = not(2126XXX);
	596XXX = not(592XXX);
	601XXX = nand(599XXX, 600XXX);
	2175XXX = not(2169XXX);
	609XXX = nand(2169XXX, 2176XXX);
	2258XXX = not(2254XXX);
	1014XXX = and(1057XXX, 995XXX);
	1018XXX = and(1060XXX, 995XXX);
	717XXX = and(1078XXX, 1006XXX);
	723XXX = and(1698XXX, 1006XXX);
	729XXX = and(1701XXX, 1006XXX);
	735XXX = and(1250XXX, 1006XXX);
	753XXX = not(749XXX);
	282XXX = 896XXX;
	323XXX = 896XXX;
	2338XXX = not(2334XXX);
	999XXX = not(995XXX);
	1091XXX = nand(1549XXX, 1550XXX);
	2346XXX = not(2342XXX);
	2426XXX = not(2422XXX);
	1337XXX = 462XXX;
	2549XXX = not(2543XXX);
	1552XXX = nand(2543XXX, 2550XXX);
	1600XXX = not(1599XXX);
	1596XXX = not(1595XXX);
	1592XXX = not(1591XXX);
	1588XXX = not(1587XXX);
	1584XXX = not(1583XXX);
	1580XXX = not(1579XXX);
	1576XXX = not(1575XXX);
	1572XXX = not(1571XXX);
	1568XXX = not(1567XXX);
	1564XXX = not(1563XXX);
	2062XXX = not(2061XXX);
	2058XXX = not(2057XXX);
	2054XXX = not(2053XXX);
	2050XXX = not(2049XXX);
	2046XXX = not(2045XXX);
	2042XXX = not(2041XXX);
	1758XXX = not(1754XXX);
	1767XXX = not(1763XXX);
	1798XXX = 1772XXX;
	1802XXX = 1772XXX;
	2733XXX = not(2727XXX);
	1829XXX = nand(2727XXX, 2734XXX);
	2137XXX = not(2131XXX);
	2138XXX = not(2134XXX);
	2147XXX = not(2141XXX);
	2148XXX = not(2144XXX);
	2183XXX = not(2177XXX);
	2184XXX = not(2180XXX);
	2193XXX = not(2187XXX);
	2194XXX = not(2190XXX);
	2210XXX = nand(2159XXX, 2160XXX);
	2213XXX = not(2207XXX);
	2715XXX = not(2709XXX);
	2716XXX = not(2712XXX);
	1094XXX = and(1235XXX, 1245XXX);
	1096XXX = and(1228XXX, 1243XXX);
	578XXX = nand(2118XXX, 2121XXX);
	588XXX = nand(2123XXX, 2130XXX);
	608XXX = nand(2172XXX, 2175XXX);
	742XXX = 1257XXX;
	1005XXX = 1257XXX;
	1092XXX = not(1091XXX);
	1551XXX = nand(2546XXX, 2549XXX);
	1554XXX = and(1600XXX, 1596XXX, 1592XXX, 1588XXX, 1584XXX);
	1555XXX = and(1580XXX, 1576XXX, 1572XXX, 1568XXX, 1564XXX);
	1557XXX = and(2065XXX, 2062XXX);
	1558XXX = and(2058XXX, 2054XXX, 2050XXX, 2046XXX, 2042XXX);
	1828XXX = nand(2730XXX, 2733XXX);
	1845XXX = 1258XXX;
	1907XXX = 1258XXX;
	2139XXX = nand(2134XXX, 2137XXX);
	2140XXX = nand(2131XXX, 2138XXX);
	2149XXX = nand(2144XXX, 2147XXX);
	2150XXX = nand(2141XXX, 2148XXX);
	2185XXX = nand(2180XXX, 2183XXX);
	2186XXX = nand(2177XXX, 2184XXX);
	2195XXX = nand(2190XXX, 2193XXX);
	2196XXX = nand(2187XXX, 2194XXX);
	2717XXX = nand(2712XXX, 2715XXX);
	2718XXX = nand(2709XXX, 2716XXX);
	154XXX = or(1094XXX, 1245XXX);
	155XXX = or(1096XXX, 1243XXX);
	763XXX = and(1057XXX, 753XXX);
	767XXX = and(1060XXX, 753XXX);
	531XXX = and(1066XXX, 753XXX);
	537XXX = and(1072XXX, 753XXX);
	575XXX = not(571XXX);
	580XXX = nand(578XXX, 579XXX);
	589XXX = nand(587XXX, 588XXX);
	605XXX = not(601XXX);
	610XXX = nand(608XXX, 609XXX);
	1012XXX = and(1057XXX, 999XXX);
	1016XXX = and(1060XXX, 999XXX);
	705XXX = and(1066XXX, 999XXX);
	711XXX = and(1072XXX, 999XXX);
	1093XXX = and(1092XXX, 14XXX);
	1355XXX = 475XXX;
	1553XXX = nand(1551XXX, 1552XXX);
	1556XXX = and(1554XXX, 1555XXX);
	1559XXX = and(1557XXX, 1558XXX);
	1601XXX = 1337XXX;
	1801XXX = not(1798XXX);
	1805XXX = not(1802XXX);
	1815XXX = and(1763XXX, 1754XXX, 1798XXX);
	1818XXX = and(1767XXX, 1758XXX, 1802XXX);
	1830XXX = nand(1828XXX, 1829XXX);
	1836XXX = 475XXX;
	1850XXX = 475XXX;
	1898XXX = 1337XXX;
	1912XXX = 1337XXX;
	2197XXX = nand(2149XXX, 2150XXX);
	2200XXX = nand(2139XXX, 2140XXX);
	2214XXX = not(2210XXX);
	2215XXX = nand(2210XXX, 2213XXX);
	2217XXX = nand(2195XXX, 2196XXX);
	2220XXX = nand(2185XXX, 2186XXX);
	2722XXX = nand(2717XXX, 2718XXX);
	156XXX = nand(154XXX, 155XXX);
	492XXX = and(490XXX, 742XXX);
	498XXX = and(496XXX, 742XXX);
	504XXX = and(502XXX, 742XXX);
	510XXX = and(508XXX, 742XXX);
	519XXX = or(763XXX, 765XXX);
	525XXX = or(767XXX, 769XXX);
	533XXX = and(531XXX, 748XXX);
	539XXX = and(537XXX, 748XXX);
	693XXX = or(1012XXX, 1014XXX);
	699XXX = or(1016XXX, 1018XXX);
	707XXX = and(705XXX, 994XXX);
	713XXX = and(711XXX, 994XXX);
	719XXX = and(717XXX, 1005XXX);
	725XXX = and(723XXX, 1005XXX);
	731XXX = and(729XXX, 1005XXX);
	737XXX = and(735XXX, 1005XXX);
	401XXX = 1093XXX;
	1560XXX = and(1556XXX, 1559XXX, 894XXX);
	1814XXX = and(1758XXX, 1763XXX, 1801XXX);
	1817XXX = and(1754XXX, 1767XXX, 1805XXX);
	2216XXX = nand(2207XXX, 2214XXX);
	227XXX = not(1830XXX);
	229XXX = not(1553XXX);
	493XXX = not(492XXX);
	499XXX = not(498XXX);
	505XXX = not(504XXX);
	511XXX = not(510XXX);
	521XXX = and(519XXX, 748XXX);
	527XXX = and(525XXX, 748XXX);
	534XXX = not(533XXX);
	540XXX = not(539XXX);
	584XXX = not(580XXX);
	613XXX = 589XXX;
	617XXX = 589XXX;
	621XXX = 610XXX;
	625XXX = 610XXX;
	676XXX = and(1344XXX, 1355XXX);
	695XXX = and(693XXX, 994XXX);
	701XXX = and(699XXX, 994XXX);
	708XXX = not(707XXX);
	714XXX = not(713XXX);
	720XXX = not(719XXX);
	726XXX = not(725XXX);
	732XXX = not(731XXX);
	738XXX = not(737XXX);
	1087XXX = not(1093XXX);
	1108XXX = and(1344XXX, 1601XXX);
	1361XXX = not(1355XXX);
	1369XXX = and(1351XXX, 1355XXX);
	1373XXX = and(1959XXX, 1355XXX);
	1377XXX = and(1964XXX, 1355XXX);
	311XXX = 1560XXX;
	1607XXX = not(1601XXX);
	1615XXX = and(1351XXX, 1601XXX);
	1619XXX = and(1959XXX, 1601XXX);
	1623XXX = and(1964XXX, 1601XXX);
	1816XXX = nor(1814XXX, 1815XXX);
	1819XXX = nor(1817XXX, 1818XXX);
	2726XXX = not(2722XXX);
	1842XXX = not(1836XXX);
	1858XXX = and(1969XXX, 1836XXX);
	1863XXX = and(1974XXX, 1836XXX);
	1866XXX = and(1979XXX, 1836XXX);
	1868XXX = and(1984XXX, 1836XXX);
	1870XXX = and(1989XXX, 1850XXX);
	1872XXX = and(1994XXX, 1850XXX);
	1874XXX = and(1999XXX, 1850XXX);
	1876XXX = and(2070XXX, 1850XXX);
	1904XXX = not(1898XXX);
	1920XXX = and(1969XXX, 1898XXX);
	1925XXX = and(1974XXX, 1898XXX);
	1928XXX = and(1979XXX, 1898XXX);
	1930XXX = and(1984XXX, 1898XXX);
	1932XXX = and(1989XXX, 1912XXX);
	1934XXX = and(1994XXX, 1912XXX);
	1936XXX = and(1999XXX, 1912XXX);
	1938XXX = and(2070XXX, 1912XXX);
	2203XXX = not(2197XXX);
	2204XXX = not(2200XXX);
	2223XXX = not(2217XXX);
	2224XXX = not(2220XXX);
	2238XXX = nand(2215XXX, 2216XXX);
	150XXX = not(1560XXX);
	522XXX = not(521XXX);
	528XXX = not(527XXX);
	696XXX = not(695XXX);
	702XXX = not(701XXX);
	1881XXX = and(1866XXX, 1831XXX);
	1883XXX = and(1868XXX, 1831XXX);
	1885XXX = and(1870XXX, 1845XXX);
	1887XXX = and(1872XXX, 1845XXX);
	1889XXX = and(1874XXX, 1845XXX);
	1891XXX = and(1876XXX, 1845XXX);
	1943XXX = and(1928XXX, 1893XXX);
	1945XXX = and(1930XXX, 1893XXX);
	1947XXX = and(1932XXX, 1907XXX);
	1949XXX = and(1934XXX, 1907XXX);
	1951XXX = and(1936XXX, 1907XXX);
	1953XXX = and(1938XXX, 1907XXX);
	2205XXX = nand(2200XXX, 2203XXX);
	2206XXX = nand(2197XXX, 2204XXX);
	2225XXX = nand(2220XXX, 2223XXX);
	2226XXX = nand(2217XXX, 2224XXX);
	2719XXX = nand(1819XXX, 1816XXX);
	616XXX = not(613XXX);
	620XXX = not(617XXX);
	624XXX = not(621XXX);
	628XXX = not(625XXX);
	630XXX = and(580XXX, 571XXX, 613XXX);
	633XXX = and(584XXX, 575XXX, 617XXX);
	636XXX = and(601XXX, 592XXX, 621XXX);
	639XXX = and(605XXX, 596XXX, 625XXX);
	645XXX = nand(2238XXX, 2241XXX);
	2242XXX = not(2238XXX);
	675XXX = and(1999XXX, 1361XXX);
	1107XXX = and(1999XXX, 1607XXX);
	1368XXX = and(2070XXX, 1361XXX);
	1371XXX = and(2076XXX, 1361XXX);
	1375XXX = and(2082XXX, 1361XXX);
	1614XXX = and(2070XXX, 1607XXX);
	1617XXX = and(2076XXX, 1607XXX);
	1621XXX = and(2082XXX, 1607XXX);
	1856XXX = and(2088XXX, 1842XXX);
	1861XXX = and(2094XXX, 1842XXX);
	1918XXX = and(2088XXX, 1904XXX);
	1923XXX = and(2094XXX, 1904XXX);
	2230XXX = nand(2205XXX, 2206XXX);
	2246XXX = nand(2225XXX, 2226XXX);
	2270XXX = 511XXX;
	2278XXX = 505XXX;
	2286XXX = 499XXX;
	2294XXX = 493XXX;
	2302XXX = 540XXX;
	2310XXX = 534XXX;
	2358XXX = 738XXX;
	2366XXX = 732XXX;
	2374XXX = 726XXX;
	2382XXX = 720XXX;
	2390XXX = 714XXX;
	2398XXX = 708XXX;
	629XXX = and(575XXX, 580XXX, 616XXX);
	632XXX = and(571XXX, 584XXX, 620XXX);
	635XXX = and(596XXX, 601XXX, 624XXX);
	638XXX = and(592XXX, 605XXX, 628XXX);
	646XXX = nand(2235XXX, 2242XXX);
	677XXX = or(675XXX, 676XXX);
	1827XXX = nand(2719XXX, 2726XXX);
	907XXX = and(1891XXX, 511XXX);
	915XXX = and(1889XXX, 505XXX);
	922XXX = and(1887XXX, 499XXX);
	924XXX = and(493XXX, 1885XXX);
	937XXX = and(1883XXX, 540XXX);
	946XXX = and(1881XXX, 534XXX);
	1109XXX = or(1107XXX, 1108XXX);
	1125XXX = and(1953XXX, 738XXX);
	1133XXX = and(1951XXX, 732XXX);
	1140XXX = and(1949XXX, 726XXX);
	1142XXX = and(720XXX, 1947XXX);
	1155XXX = and(1945XXX, 714XXX);
	1164XXX = and(1943XXX, 708XXX);
	1378XXX = or(1368XXX, 1369XXX);
	1380XXX = or(1371XXX, 1373XXX);
	1382XXX = or(1375XXX, 1377XXX);
	1624XXX = or(1614XXX, 1615XXX);
	1626XXX = or(1617XXX, 1619XXX);
	1628XXX = or(1621XXX, 1623XXX);
	2725XXX = not(2719XXX);
	1859XXX = or(1856XXX, 1858XXX);
	1864XXX = or(1861XXX, 1863XXX);
	1921XXX = or(1918XXX, 1920XXX);
	1926XXX = or(1923XXX, 1925XXX);
	2267XXX = 1891XXX;
	2275XXX = 1889XXX;
	2283XXX = 1887XXX;
	2291XXX = 1885XXX;
	2299XXX = 1883XXX;
	2307XXX = 1881XXX;
	2318XXX = 528XXX;
	2326XXX = 522XXX;
	2355XXX = 1953XXX;
	2363XXX = 1951XXX;
	2371XXX = 1949XXX;
	2379XXX = 1947XXX;
	2387XXX = 1945XXX;
	2395XXX = 1943XXX;
	2406XXX = 702XXX;
	2414XXX = 696XXX;
	647XXX = nand(645XXX, 646XXX);
	631XXX = nor(629XXX, 630XXX);
	634XXX = nor(632XXX, 633XXX);
	637XXX = nor(635XXX, 636XXX);
	640XXX = nor(638XXX, 639XXX);
	2234XXX = not(2230XXX);
	2250XXX = not(2246XXX);
	679XXX = and(677XXX, 1031XXX);
	1826XXX = nand(2722XXX, 2725XXX);
	2274XXX = not(2270XXX);
	2282XXX = not(2278XXX);
	2290XXX = not(2286XXX);
	2298XXX = not(2294XXX);
	2306XXX = not(2302XXX);
	2314XXX = not(2310XXX);
	1110XXX = and(1109XXX, 1031XXX);
	2362XXX = not(2358XXX);
	2370XXX = not(2366XXX);
	2378XXX = not(2374XXX);
	2386XXX = not(2382XXX);
	2394XXX = not(2390XXX);
	2402XXX = not(2398XXX);
	1877XXX = and(1859XXX, 1831XXX);
	1879XXX = and(1864XXX, 1831XXX);
	1939XXX = and(1921XXX, 1893XXX);
	1941XXX = and(1926XXX, 1893XXX);
	143XXX = and(647XXX, 865XXX);
	671XXX = and(1380XXX, 1043XXX);
	674XXX = and(1378XXX, 1035XXX);
	686XXX = nand(1826XXX, 1827XXX);
	2273XXX = not(2267XXX);
	900XXX = nand(2267XXX, 2274XXX);
	2281XXX = not(2275XXX);
	909XXX = nand(2275XXX, 2282XXX);
	2289XXX = not(2283XXX);
	917XXX = nand(2283XXX, 2290XXX);
	2297XXX = not(2291XXX);
	926XXX = nand(2291XXX, 2298XXX);
	2305XXX = not(2299XXX);
	929XXX = nand(2299XXX, 2306XXX);
	2313XXX = not(2307XXX);
	939XXX = nand(2307XXX, 2314XXX);
	2322XXX = not(2318XXX);
	2330XXX = not(2326XXX);
	967XXX = and(1382XXX, 1051XXX);
	1104XXX = and(1626XXX, 1043XXX);
	1106XXX = and(1624XXX, 1035XXX);
	2361XXX = not(2355XXX);
	1118XXX = nand(2355XXX, 2362XXX);
	2369XXX = not(2363XXX);
	1127XXX = nand(2363XXX, 2370XXX);
	2377XXX = not(2371XXX);
	1135XXX = nand(2371XXX, 2378XXX);
	2385XXX = not(2379XXX);
	1144XXX = nand(2379XXX, 2386XXX);
	2393XXX = not(2387XXX);
	1147XXX = nand(2387XXX, 2394XXX);
	2401XXX = not(2395XXX);
	1157XXX = nand(2395XXX, 2402XXX);
	2410XXX = not(2406XXX);
	2418XXX = not(2414XXX);
	1184XXX = and(1628XXX, 1051XXX);
	2227XXX = nand(634XXX, 631XXX);
	2243XXX = nand(640XXX, 637XXX);
	2251XXX = 1380XXX;
	2259XXX = 1378XXX;
	2331XXX = 1382XXX;
	2339XXX = 1626XXX;
	2347XXX = 1624XXX;
	2419XXX = 1628XXX;
	145XXX = or(143XXX, 144XXX);
	687XXX = not(686XXX);
	899XXX = nand(2270XXX, 2273XXX);
	908XXX = nand(2278XXX, 2281XXX);
	916XXX = nand(2286XXX, 2289XXX);
	925XXX = nand(2294XXX, 2297XXX);
	928XXX = nand(2302XXX, 2305XXX);
	938XXX = nand(2310XXX, 2313XXX);
	954XXX = and(1879XXX, 528XXX);
	961XXX = and(1877XXX, 522XXX);
	1117XXX = nand(2358XXX, 2361XXX);
	1126XXX = nand(2366XXX, 2369XXX);
	1134XXX = nand(2374XXX, 2377XXX);
	1143XXX = nand(2382XXX, 2385XXX);
	1146XXX = nand(2390XXX, 2393XXX);
	1156XXX = nand(2398XXX, 2401XXX);
	1172XXX = and(1941XXX, 702XXX);
	1179XXX = and(1939XXX, 696XXX);
	2315XXX = 1879XXX;
	2323XXX = 1877XXX;
	2403XXX = 1941XXX;
	2411XXX = 1939XXX;
	2233XXX = not(2227XXX);
	642XXX = nand(2227XXX, 2234XXX);
	2249XXX = not(2243XXX);
	649XXX = nand(2243XXX, 2250XXX);
	2257XXX = not(2251XXX);
	665XXX = nand(2251XXX, 2258XXX);
	684XXX = nand(2259XXX, 2266XXX);
	2265XXX = not(2259XXX);
	688XXX = and(687XXX, 487XXX);
	901XXX = nand(899XXX, 900XXX);
	910XXX = nand(908XXX, 909XXX);
	918XXX = nand(916XXX, 917XXX);
	927XXX = nand(925XXX, 926XXX);
	930XXX = nand(928XXX, 929XXX);
	940XXX = nand(938XXX, 939XXX);
	2337XXX = not(2331XXX);
	963XXX = nand(2331XXX, 2338XXX);
	2345XXX = not(2339XXX);
	1099XXX = nand(2339XXX, 2346XXX);
	1115XXX = nand(2347XXX, 2354XXX);
	2353XXX = not(2347XXX);
	1119XXX = nand(1117XXX, 1118XXX);
	1128XXX = nand(1126XXX, 1127XXX);
	1136XXX = nand(1134XXX, 1135XXX);
	1145XXX = nand(1143XXX, 1144XXX);
	1148XXX = nand(1146XXX, 1147XXX);
	1158XXX = nand(1156XXX, 1157XXX);
	2425XXX = not(2419XXX);
	1181XXX = nand(2419XXX, 2426XXX);
	641XXX = nand(2230XXX, 2233XXX);
	648XXX = nand(2246XXX, 2249XXX);
	664XXX = nand(2254XXX, 2257XXX);
	683XXX = nand(2262XXX, 2265XXX);
	395XXX = 688XXX;
	2321XXX = not(2315XXX);
	948XXX = nand(2315XXX, 2322XXX);
	2329XXX = not(2323XXX);
	956XXX = nand(2323XXX, 2330XXX);
	962XXX = nand(2334XXX, 2337XXX);
	1098XXX = nand(2342XXX, 2345XXX);
	1114XXX = nand(2350XXX, 2353XXX);
	2409XXX = not(2403XXX);
	1166XXX = nand(2403XXX, 2410XXX);
	2417XXX = not(2411XXX);
	1174XXX = nand(2411XXX, 2418XXX);
	1180XXX = nand(2422XXX, 2425XXX);
	643XXX = nand(641XXX, 642XXX);
	650XXX = nand(648XXX, 649XXX);
	666XXX = nand(664XXX, 665XXX);
	681XXX = nand(683XXX, 684XXX);
	690XXX = not(688XXX);
	947XXX = nand(2318XXX, 2321XXX);
	955XXX = nand(2326XXX, 2329XXX);
	964XXX = nand(962XXX, 963XXX);
	968XXX = and(910XXX, 927XXX, 918XXX, 901XXX);
	970XXX = and(901XXX, 915XXX);
	971XXX = and(910XXX, 901XXX, 922XXX);
	972XXX = and(918XXX, 901XXX, 924XXX, 910XXX);
	978XXX = and(930XXX, 946XXX);
	979XXX = and(940XXX, 930XXX, 954XXX);
	1100XXX = nand(1098XXX, 1099XXX);
	1112XXX = nand(1114XXX, 1115XXX);
	1165XXX = nand(2406XXX, 2409XXX);
	1173XXX = nand(2414XXX, 2417XXX);
	1182XXX = nand(1180XXX, 1181XXX);
	1185XXX = and(1128XXX, 1145XXX, 1136XXX, 1119XXX);
	1187XXX = and(1119XXX, 1133XXX);
	1188XXX = and(1128XXX, 1119XXX, 1140XXX);
	1189XXX = and(1136XXX, 1119XXX, 1142XXX, 1128XXX);
	1195XXX = and(1148XXX, 1164XXX);
	1196XXX = and(1158XXX, 1148XXX, 1172XXX);
	644XXX = not(643XXX);
	884XXX = and(650XXX, 868XXX);
	949XXX = nand(947XXX, 948XXX);
	957XXX = nand(955XXX, 956XXX);
	969XXX = not(968XXX);
	973XXX = or(907XXX, 970XXX, 971XXX, 972XXX);
	1167XXX = nand(1165XXX, 1166XXX);
	1175XXX = nand(1173XXX, 1174XXX);
	1186XXX = not(1185XXX);
	1190XXX = or(1125XXX, 1187XXX, 1188XXX, 1189XXX);
	680XXX = and(666XXX, 674XXX);
	682XXX = and(681XXX, 666XXX, 679XXX);
	895XXX = or(883XXX, 884XXX);
	1025XXX = and(644XXX, 487XXX);
	1111XXX = and(1100XXX, 1106XXX);
	1113XXX = and(1112XXX, 1100XXX, 1110XXX);
	685XXX = or(671XXX, 680XXX, 682XXX);
	295XXX = 895XXX;
	331XXX = 895XXX;
	976XXX = not(973XXX);
	977XXX = and(940XXX, 964XXX, 949XXX, 930XXX, 957XXX);
	980XXX = and(949XXX, 930XXX, 961XXX, 940XXX);
	981XXX = and(957XXX, 949XXX, 930XXX, 967XXX, 940XXX);
	397XXX = 1025XXX;
	1116XXX = or(1104XXX, 1111XXX, 1113XXX);
	1193XXX = not(1190XXX);
	1194XXX = and(1158XXX, 1182XXX, 1167XXX, 1148XXX, 1175XXX);
	1197XXX = and(1167XXX, 1148XXX, 1179XXX, 1158XXX);
	1198XXX = and(1175XXX, 1167XXX, 1148XXX, 1184XXX, 1158XXX);
	982XXX = or(937XXX, 978XXX, 979XXX, 980XXX, 981XXX);
	983XXX = and(977XXX, 685XXX);
	988XXX = nand(976XXX, 969XXX);
	1027XXX = not(1025XXX);
	1199XXX = or(1155XXX, 1195XXX, 1196XXX, 1197XXX, 1198XXX);
	1200XXX = and(1194XXX, 1116XXX);
	1205XXX = nand(1193XXX, 1186XXX);
	984XXX = or(982XXX, 983XXX);
	1085XXX = and(690XXX, 1027XXX, 1830XXX);
	1201XXX = or(1199XXX, 1200XXX);
	987XXX = not(984XXX);
	990XXX = and(988XXX, 984XXX);
	1204XXX = not(1201XXX);
	1207XXX = and(1205XXX, 1201XXX);
	989XXX = and(973XXX, 987XXX);
	1206XXX = and(1190XXX, 1204XXX);
	991XXX = or(989XXX, 990XXX);
	1208XXX = or(1206XXX, 1207XXX);
	329XXX = 1208XXX;
	1221XXX = nand(1208XXX, 991XXX);
	1238XXX = and(1208XXX, 1221XXX);
	1239XXX = and(1221XXX, 991XXX);
	1240XXX = or(1238XXX, 1239XXX);
	1247XXX = not(1240XXX);
	471XXX = and(1240XXX, 1247XXX);
	473XXX = or(471XXX, 1247XXX);
	231XXX = not(473XXX);
	1088XXX = and(1553XXX, 1087XXX, 473XXX);
	1089XXX = and(1085XXX, 1088XXX, 554XXX);
	308XXX = 1089XXX;
	225XXX = not(1089XXX);
ENDMODULE


