MODULE c3540
INPUT   
	68XXX,58XXX,50XXX,77XXX,107XXX,97XXX,87XXX,13XXX,1XXX,20XXX,
	238XXX,232XXX,226XXX,244XXX,264XXX,257XXX,250XXX,116XXX,270XXX,
	33XXX,159XXX,41XXX,45XXX,274XXX,1698XXX,223XXX,169XXX,179XXX,
	213XXX,190XXX,200XXX,343XXX,283XXX,294XXX,303XXX,150XXX,222XXX,
	330XXX,329XXX,311XXX,317XXX,322XXX,326XXX,132XXX,143XXX,137XXX,
	128XXX,125XXX,124XXX,2897XXX;
OUTPUT
	353XXX,	355XXX,	361XXX,	358XXX,	351XXX,	372XXX,	369XXX,	399XXX,	364XXX,
	396XXX,	384XXX,	367XXX,	387XXX,	393XXX,	390XXX,	378XXX,	375XXX,	381XXX,
	407XXX,	409XXX,	405XXX,	402XXX;
STRUCTURE
	432XXX = 50XXX;
	442XXX = not(50XXX);
	447XXX = 58XXX;
	456XXX = not(58XXX);
	460XXX = 68XXX;
	463XXX = not(68XXX);
	467XXX = 68XXX;
	476XXX = 77XXX;
	479XXX = not(77XXX);
	483XXX = 77XXX;
	492XXX = 87XXX;
	501XXX = not(87XXX);
	504XXX = 97XXX;
	513XXX = not(97XXX);
	517XXX = 107XXX;
	526XXX = not(107XXX);
	530XXX = 116XXX;
	540XXX = not(116XXX);
	587XXX = or(257XXX, 264XXX);
	704XXX = not(1XXX);
	707XXX = 1XXX;
	714XXX = not(1XXX);
	717XXX = 13XXX;
	724XXX = not(13XXX);
	731XXX = and(13XXX, 20XXX);
	732XXX = not(20XXX);
	736XXX = 20XXX;
	741XXX = not(20XXX);
	758XXX = not(33XXX);
	776XXX = 33XXX;
	780XXX = not(33XXX);
	788XXX = and(33XXX, 41XXX);
	791XXX = not(41XXX);
	798XXX = or(41XXX, 45XXX);
	799XXX = 45XXX;
	802XXX = not(45XXX);
	826XXX = not(50XXX);
	828XXX = 58XXX;
	831XXX = not(58XXX);
	833XXX = 68XXX;
	836XXX = not(68XXX);
	839XXX = 87XXX;
	842XXX = not(87XXX);
	845XXX = 97XXX;
	848XXX = not(97XXX);
	851XXX = not(107XXX);
	890XXX = 1XXX;
	898XXX = 68XXX;
	907XXX = 107XXX;
	1032XXX = not(20XXX);
	1035XXX = 190XXX;
	1048XXX = not(200XXX);
	1049XXX = and(20XXX, 200XXX);
	1050XXX = nand(20XXX, 200XXX);
	1051XXX = and(20XXX, 179XXX);
	1540XXX = not(20XXX);
	1699XXX = or(1698XXX, 33XXX);
	1826XXX = nand(1XXX, 13XXX);
	1827XXX = nand(1XXX, 20XXX, 33XXX);
	1828XXX = not(20XXX);
	2051XXX = not(33XXX);
	2478XXX = 179XXX;
	2865XXX = not(213XXX);
	2868XXX = 343XXX;
	2931XXX = 226XXX;
	2934XXX = 232XXX;
	2939XXX = 238XXX;
	2942XXX = 244XXX;
	2947XXX = 250XXX;
	2950XXX = 257XXX;
	2957XXX = 264XXX;
	2960XXX = 270XXX;
	3007XXX = 50XXX;
	3079XXX = 58XXX;
	3087XXX = 58XXX;
	3095XXX = 97XXX;
	3103XXX = 97XXX;
	3419XXX = 330XXX;
	588XXX = and(250XXX, 587XXX);
	759XXX = or(758XXX, 20XXX);
	1541XXX = or(1540XXX, 169XXX);
	1772XXX = not(731XXX);
	1829XXX = or(1828XXX, 1XXX);
	1834XXX = and(1826XXX, 1827XXX);
	2052XXX = or(2051XXX, 1XXX);
	625XXX = and(826XXX, 831XXX, 836XXX);
	545XXX = nand(226XXX, 432XXX);
	546XXX = nand(232XXX, 447XXX);
	547XXX = nand(238XXX, 467XXX);
	548XXX = nand(244XXX, 483XXX);
	549XXX = nand(250XXX, 492XXX);
	550XXX = nand(257XXX, 504XXX);
	551XXX = nand(264XXX, 517XXX);
	552XXX = nand(270XXX, 530XXX);
	2937XXX = not(2931XXX);
	2938XXX = not(2934XXX);
	2945XXX = not(2939XXX);
	2946XXX = not(2942XXX);
	621XXX = nand(456XXX, 463XXX);
	626XXX = nand(513XXX, 526XXX);
	635XXX = nand(460XXX, 476XXX);
	636XXX = 442XXX;
	3085XXX = not(3079XXX);
	3101XXX = not(3095XXX);
	657XXX = 802XXX;
	675XXX = 802XXX;
	721XXX = 717XXX;
	784XXX = 780XXX;
	794XXX = 791XXX;
	807XXX = and(714XXX, 798XXX);
	816XXX = and(714XXX, 799XXX, 791XXX);
	823XXX = and(704XXX, 799XXX);
	860XXX = and(707XXX, 724XXX, 736XXX);
	861XXX = nand(707XXX, 724XXX, 736XXX);
	864XXX = nand(707XXX, 724XXX);
	893XXX = 890XXX;
	896XXX = nand(717XXX, 732XXX, 45XXX);
	897XXX = nand(826XXX, 831XXX, 836XXX);
	3093XXX = not(3087XXX);
	905XXX = and(842XXX, 848XXX, 851XXX);
	906XXX = nand(842XXX, 848XXX, 851XXX);
	3109XXX = not(3103XXX);
	973XXX = not(741XXX);
	980XXX = not(741XXX);
	987XXX = not(741XXX);
	994XXX = not(741XXX);
	1001XXX = not(741XXX);
	1008XXX = not(741XXX);
	1015XXX = not(741XXX);
	1022XXX = not(741XXX);
	1038XXX = or(1032XXX, 1035XXX);
	1043XXX = nor(1032XXX, 1035XXX);
	1054XXX = 1051XXX;
	1057XXX = not(1051XXX);
	1512XXX = 776XXX;
	1681XXX = 780XXX;
	1717XXX = not(1699XXX);
	1724XXX = not(1699XXX);
	1731XXX = not(1699XXX);
	1738XXX = not(1699XXX);
	1745XXX = not(1699XXX);
	1752XXX = not(1699XXX);
	1759XXX = not(1699XXX);
	1766XXX = not(1699XXX);
	1773XXX = or(1XXX, 1772XXX);
	1790XXX = not(788XXX);
	1808XXX = not(788XXX);
	2278XXX = and(704XXX, 717XXX, 732XXX);
	2481XXX = not(2478XXX);
	3425XXX = not(3419XXX);
	2871XXX = or(2865XXX, 2868XXX);
	2874XXX = nor(2865XXX, 2868XXX);
	2953XXX = not(2947XXX);
	2954XXX = not(2950XXX);
	2963XXX = not(2957XXX);
	2964XXX = not(2960XXX);
	3010XXX = 456XXX;
	3013XXX = not(3007XXX);
	3017XXX = 463XXX;
	3020XXX = 479XXX;
	3027XXX = 501XXX;
	3030XXX = 513XXX;
	3037XXX = 526XXX;
	3040XXX = 540XXX;
	3082XXX = 898XXX;
	3090XXX = 898XXX;
	3098XXX = 907XXX;
	3106XXX = 907XXX;
	352XXX = nand(479XXX, 625XXX);
	553XXX = and(545XXX, 546XXX, 547XXX, 548XXX);
	554XXX = and(549XXX, 550XXX, 551XXX, 552XXX);
	555XXX = nand(2934XXX, 2937XXX);
	556XXX = nand(2931XXX, 2938XXX);
	560XXX = nand(2942XXX, 2945XXX);
	561XXX = nand(2939XXX, 2946XXX);
	650XXX = and(432XXX, 621XXX);
	956XXX = and(890XXX, 896XXX);
	974XXX = not(759XXX);
	975XXX = and(741XXX, 759XXX);
	976XXX = and(897XXX, 973XXX);
	981XXX = not(759XXX);
	982XXX = and(741XXX, 759XXX);
	988XXX = not(759XXX);
	989XXX = and(741XXX, 759XXX);
	990XXX = and(836XXX, 987XXX);
	995XXX = not(759XXX);
	996XXX = and(741XXX, 759XXX);
	997XXX = and(77XXX, 994XXX);
	1002XXX = not(759XXX);
	1003XXX = and(741XXX, 759XXX);
	1004XXX = and(906XXX, 1001XXX);
	1009XXX = not(759XXX);
	1010XXX = and(741XXX, 759XXX);
	1016XXX = not(759XXX);
	1017XXX = and(741XXX, 759XXX);
	1018XXX = and(851XXX, 1015XXX);
	1023XXX = not(759XXX);
	1024XXX = and(741XXX, 759XXX);
	1025XXX = and(116XXX, 1022XXX);
	1720XXX = and(222XXX, 1717XXX);
	1727XXX = and(223XXX, 1724XXX);
	1734XXX = and(226XXX, 1731XXX);
	1741XXX = and(232XXX, 1738XXX);
	1748XXX = and(238XXX, 1745XXX);
	1755XXX = and(244XXX, 1752XXX);
	1762XXX = and(250XXX, 1759XXX);
	1769XXX = and(257XXX, 1766XXX);
	1791XXX = and(1XXX, 13XXX, 1790XXX);
	1809XXX = and(1XXX, 13XXX, 1808XXX);
	1851XXX = not(1834XXX);
	1901XXX = not(1834XXX);
	1952XXX = not(1834XXX);
	2002XXX = not(1834XXX);
	2057XXX = not(1834XXX);
	2109XXX = not(1834XXX);
	2162XXX = not(1834XXX);
	2214XXX = not(1834XXX);
	2955XXX = nand(2950XXX, 2953XXX);
	2956XXX = nand(2947XXX, 2954XXX);
	2965XXX = nand(2960XXX, 2963XXX);
	2966XXX = nand(2957XXX, 2964XXX);
	353XXX = not(352XXX);
	354XXX = and(87XXX, 626XXX);
	557XXX = nand(555XXX, 556XXX);
	562XXX = nand(560XXX, 561XXX);
	586XXX = nand(553XXX, 554XXX);
	630XXX = and(540XXX, 905XXX);
	634XXX = nand(540XXX, 905XXX);
	639XXX = not(636XXX);
	642XXX = nand(3082XXX, 3085XXX);
	3086XXX = not(3082XXX);
	644XXX = and(460XXX, 636XXX);
	646XXX = nand(3098XXX, 3101XXX);
	3102XXX = not(3098XXX);
	654XXX = nand(87XXX, 626XXX);
	660XXX = not(657XXX);
	678XXX = not(675XXX);
	804XXX = nand(860XXX, 776XXX);
	806XXX = nand(860XXX, 780XXX);
	855XXX = nand(707XXX, 721XXX, 736XXX);
	867XXX = nand(707XXX, 724XXX, 736XXX, 794XXX);
	903XXX = nand(3090XXX, 3093XXX);
	3094XXX = not(3090XXX);
	912XXX = nand(3106XXX, 3109XXX);
	3110XXX = not(3106XXX);
	915XXX = not(861XXX);
	927XXX = not(893XXX);
	941XXX = not(864XXX);
	977XXX = and(828XXX, 974XXX);
	978XXX = and(150XXX, 975XXX);
	984XXX = and(833XXX, 981XXX);
	985XXX = and(159XXX, 982XXX);
	991XXX = and(77XXX, 988XXX);
	992XXX = and(50XXX, 989XXX);
	998XXX = and(839XXX, 995XXX);
	999XXX = and(828XXX, 996XXX);
	1005XXX = and(845XXX, 1002XXX);
	1006XXX = and(833XXX, 1003XXX);
	1012XXX = and(107XXX, 1009XXX);
	1013XXX = and(77XXX, 1010XXX);
	1019XXX = and(116XXX, 1016XXX);
	1020XXX = and(839XXX, 1017XXX);
	1026XXX = and(283XXX, 1023XXX);
	1027XXX = and(845XXX, 1024XXX);
	1060XXX = and(200XXX, 1054XXX);
	1063XXX = and(1048XXX, 1054XXX);
	1066XXX = and(1049XXX, 1057XXX);
	1069XXX = and(1050XXX, 1057XXX);
	1527XXX = nand(784XXX, 794XXX);
	1530XXX = nand(776XXX, 794XXX);
	1542XXX = nand(707XXX, 721XXX, 1541XXX);
	1563XXX = nand(724XXX, 732XXX, 784XXX);
	1572XXX = nand(724XXX, 784XXX);
	1581XXX = not(1512XXX);
	1585XXX = not(1512XXX);
	1589XXX = not(1512XXX);
	1593XXX = not(1512XXX);
	1597XXX = not(1512XXX);
	1601XXX = not(1512XXX);
	1605XXX = not(1512XXX);
	1716XXX = not(1681XXX);
	1718XXX = and(1681XXX, 1699XXX);
	1723XXX = not(1681XXX);
	1725XXX = and(1681XXX, 1699XXX);
	1730XXX = not(1681XXX);
	1732XXX = and(1681XXX, 1699XXX);
	1737XXX = not(1681XXX);
	1739XXX = and(1681XXX, 1699XXX);
	1744XXX = not(1681XXX);
	1746XXX = and(1681XXX, 1699XXX);
	1751XXX = not(1681XXX);
	1753XXX = and(1681XXX, 1699XXX);
	1758XXX = not(1681XXX);
	1760XXX = and(1681XXX, 1699XXX);
	1765XXX = not(1681XXX);
	1767XXX = and(1681XXX, 1699XXX);
	1852XXX = and(1834XXX, 1773XXX);
	1856XXX = nor(50XXX, 1773XXX);
	1870XXX = not(807XXX);
	1902XXX = and(1834XXX, 1773XXX);
	1906XXX = nor(58XXX, 1773XXX);
	1920XXX = not(807XXX);
	1953XXX = and(1834XXX, 1773XXX);
	1957XXX = nor(68XXX, 1773XXX);
	1971XXX = not(807XXX);
	2003XXX = and(1834XXX, 1773XXX);
	2007XXX = nor(77XXX, 1773XXX);
	2021XXX = not(807XXX);
	2058XXX = and(1834XXX, 1773XXX);
	2062XXX = nor(87XXX, 1773XXX);
	2076XXX = not(823XXX);
	2110XXX = and(1834XXX, 1773XXX);
	2114XXX = nor(97XXX, 1773XXX);
	2128XXX = not(816XXX);
	2163XXX = and(1834XXX, 1773XXX);
	2167XXX = nor(107XXX, 1773XXX);
	2181XXX = not(816XXX);
	2215XXX = and(1834XXX, 1773XXX);
	2219XXX = nor(116XXX, 1773XXX);
	2233XXX = not(816XXX);
	2285XXX = and(2278XXX, 213XXX);
	2288XXX = nand(2278XXX, 213XXX);
	2289XXX = and(2278XXX, 213XXX, 343XXX);
	2293XXX = nand(2278XXX, 213XXX, 343XXX);
	2298XXX = and(2278XXX, 213XXX, 343XXX);
	2302XXX = nand(2278XXX, 213XXX, 343XXX);
	2877XXX = 2874XXX;
	2983XXX = nand(2955XXX, 2956XXX);
	2986XXX = nand(2965XXX, 2966XXX);
	3014XXX = not(3010XXX);
	3015XXX = nand(3010XXX, 3013XXX);
	3023XXX = not(3017XXX);
	3024XXX = not(3020XXX);
	3033XXX = not(3027XXX);
	3034XXX = not(3030XXX);
	3043XXX = not(3037XXX);
	3044XXX = not(3040XXX);
	355XXX = not(354XXX);
	643XXX = nand(3079XXX, 3086XXX);
	647XXX = nand(3095XXX, 3102XXX);
	680XXX = and(650XXX, 675XXX);
	904XXX = nand(3087XXX, 3094XXX);
	913XXX = nand(3103XXX, 3110XXX);
	920XXX = and(588XXX, 915XXX);
	979XXX = or(976XXX, 977XXX, 978XXX);
	993XXX = or(990XXX, 991XXX, 992XXX);
	1000XXX = or(997XXX, 998XXX, 999XXX);
	1007XXX = or(1004XXX, 1005XXX, 1006XXX);
	1021XXX = or(1018XXX, 1019XXX, 1020XXX);
	1028XXX = or(1025XXX, 1026XXX, 1027XXX);
	1719XXX = and(77XXX, 1716XXX);
	1721XXX = and(223XXX, 1718XXX);
	1726XXX = and(87XXX, 1723XXX);
	1728XXX = and(226XXX, 1725XXX);
	1733XXX = and(97XXX, 1730XXX);
	1735XXX = and(232XXX, 1732XXX);
	1740XXX = and(107XXX, 1737XXX);
	1742XXX = and(238XXX, 1739XXX);
	1747XXX = and(116XXX, 1744XXX);
	1749XXX = and(244XXX, 1746XXX);
	1754XXX = and(283XXX, 1751XXX);
	1756XXX = and(250XXX, 1753XXX);
	1761XXX = and(294XXX, 1758XXX);
	1763XXX = and(257XXX, 1760XXX);
	1768XXX = and(303XXX, 1765XXX);
	1770XXX = and(264XXX, 1767XXX);
	1794XXX = 1791XXX;
	1799XXX = not(1791XXX);
	1812XXX = 1809XXX;
	1817XXX = not(1809XXX);
	1859XXX = and(50XXX, 1829XXX, 1852XXX);
	1909XXX = and(58XXX, 1829XXX, 1902XXX);
	1960XXX = and(68XXX, 1829XXX, 1953XXX);
	2010XXX = and(77XXX, 1829XXX, 2003XXX);
	2065XXX = and(87XXX, 2052XXX, 2058XXX);
	2117XXX = and(97XXX, 2052XXX, 2110XXX);
	2170XXX = and(107XXX, 2052XXX, 2163XXX);
	2222XXX = and(116XXX, 2052XXX, 2215XXX);
	2678XXX = not(956XXX);
	2697XXX = not(956XXX);
	2716XXX = not(956XXX);
	2733XXX = not(956XXX);
	2751XXX = not(956XXX);
	2768XXX = not(956XXX);
	2785XXX = not(956XXX);
	2802XXX = not(956XXX);
	3016XXX = nand(3007XXX, 3014XXX);
	3025XXX = nand(3020XXX, 3023XXX);
	3026XXX = nand(3017XXX, 3024XXX);
	3035XXX = nand(3030XXX, 3033XXX);
	3036XXX = nand(3027XXX, 3034XXX);
	3045XXX = nand(3040XXX, 3043XXX);
	3046XXX = nand(3037XXX, 3044XXX);
	2989XXX = not(2983XXX);
	2990XXX = not(2986XXX);
	610XXX = not(804XXX);
	613XXX = and(804XXX, 806XXX);
	616XXX = not(806XXX);
	640XXX = nand(642XXX, 643XXX);
	648XXX = nand(646XXX, 647XXX);
	655XXX = and(630XXX, 635XXX, 442XXX, 58XXX);
	665XXX = not(804XXX);
	668XXX = and(804XXX, 806XXX);
	671XXX = not(806XXX);
	683XXX = not(804XXX);
	685XXX = not(806XXX);
	688XXX = and(804XXX, 806XXX);
	694XXX = not(804XXX);
	696XXX = not(806XXX);
	699XXX = and(804XXX, 806XXX);
	870XXX = 867XXX;
	887XXX = 867XXX;
	901XXX = nand(903XXX, 904XXX);
	910XXX = nand(912XXX, 913XXX);
	914XXX = not(855XXX);
	916XXX = and(855XXX, 861XXX);
	942XXX = not(855XXX);
	943XXX = and(864XXX, 855XXX);
	1072XXX = nand(1043XXX, 1069XXX);
	1084XXX = nand(1043XXX, 1066XXX);
	1096XXX = nand(1038XXX, 1069XXX);
	1108XXX = nand(1038XXX, 1066XXX);
	1120XXX = nand(1043XXX, 1063XXX);
	1132XXX = nand(1043XXX, 1060XXX);
	1144XXX = nand(1038XXX, 1063XXX);
	1156XXX = nand(1038XXX, 1060XXX);
	1533XXX = not(1527XXX);
	1534XXX = not(1530XXX);
	1535XXX = and(1527XXX, 1530XXX);
	1545XXX = 1542XXX;
	1554XXX = 1542XXX;
	1610XXX = not(1572XXX);
	1619XXX = not(1572XXX);
	1628XXX = not(1572XXX);
	1637XXX = not(1572XXX);
	1646XXX = not(1563XXX);
	1655XXX = not(1563XXX);
	1664XXX = not(1563XXX);
	1673XXX = not(1563XXX);
	1722XXX = or(1719XXX, 1720XXX, 1721XXX);
	1729XXX = or(1726XXX, 1727XXX, 1728XXX);
	1736XXX = or(1733XXX, 1734XXX, 1735XXX);
	1743XXX = or(1740XXX, 1741XXX, 1742XXX);
	1750XXX = or(1747XXX, 1748XXX, 1749XXX);
	1757XXX = or(1754XXX, 1755XXX, 1756XXX);
	1764XXX = or(1761XXX, 1762XXX, 1763XXX);
	1771XXX = or(1768XXX, 1769XXX, 1770XXX);
	1853XXX = and(979XXX, 1851XXX);
	1954XXX = and(993XXX, 1952XXX);
	2004XXX = and(1000XXX, 2002XXX);
	2059XXX = and(1007XXX, 2057XXX);
	2164XXX = and(1021XXX, 2162XXX);
	2216XXX = and(1028XXX, 2214XXX);
	2485XXX = 2293XXX;
	2900XXX = and(2877XXX, 2897XXX);
	2903XXX = nand(2877XXX, 2897XXX);
	2967XXX = 557XXX;
	2970XXX = 562XXX;
	2975XXX = 557XXX;
	2978XXX = 562XXX;
	3047XXX = nand(3015XXX, 3016XXX);
	3050XXX = nand(3025XXX, 3026XXX);
	3055XXX = nand(3035XXX, 3036XXX);
	3058XXX = nand(3045XXX, 3046XXX);
	574XXX = nand(2986XXX, 2989XXX);
	575XXX = nand(2983XXX, 2990XXX);
	617XXX = and(501XXX, 613XXX);
	641XXX = and(640XXX, 476XXX, 639XXX);
	649XXX = and(530XXX, 648XXX);
	662XXX = and(655XXX, 657XXX);
	672XXX = and(513XXX, 668XXX);
	690XXX = and(654XXX, 685XXX);
	691XXX = and(540XXX, 688XXX);
	701XXX = and(634XXX, 696XXX);
	702XXX = and(526XXX, 699XXX);
	902XXX = not(901XXX);
	911XXX = not(910XXX);
	917XXX = and(650XXX, 914XXX);
	923XXX = and(586XXX, 916XXX);
	1538XXX = and(442XXX, 1535XXX);
	1871XXX = and(1817XXX, 226XXX, 1870XXX);
	1872XXX = and(1817XXX, 274XXX, 807XXX);
	1873XXX = and(1812XXX, 1722XXX);
	1921XXX = and(1817XXX, 232XXX, 1920XXX);
	1922XXX = and(1817XXX, 274XXX, 807XXX);
	1923XXX = and(1812XXX, 1729XXX);
	1972XXX = and(1817XXX, 238XXX, 1971XXX);
	1973XXX = and(1817XXX, 274XXX, 807XXX);
	1974XXX = and(1812XXX, 1736XXX);
	2022XXX = and(1817XXX, 244XXX, 2021XXX);
	2023XXX = and(1817XXX, 274XXX, 807XXX);
	2024XXX = and(1812XXX, 1743XXX);
	2077XXX = and(1799XXX, 250XXX, 2076XXX);
	2078XXX = and(1799XXX, 274XXX, 823XXX);
	2079XXX = and(1794XXX, 1750XXX);
	2129XXX = and(1799XXX, 257XXX, 2128XXX);
	2130XXX = and(1799XXX, 274XXX, 816XXX);
	2131XXX = and(1794XXX, 1757XXX);
	2182XXX = and(1799XXX, 264XXX, 2181XXX);
	2183XXX = and(1799XXX, 274XXX, 816XXX);
	2184XXX = and(1794XXX, 1764XXX);
	2234XXX = and(1799XXX, 270XXX, 2233XXX);
	2235XXX = and(1799XXX, 274XXX, 816XXX);
	2236XXX = and(1794XXX, 1771XXX);
	2973XXX = not(2967XXX);
	2974XXX = not(2970XXX);
	2981XXX = not(2975XXX);
	2982XXX = not(2978XXX);
	576XXX = nand(574XXX, 575XXX);
	3053XXX = not(3047XXX);
	3054XXX = not(3050XXX);
	3061XXX = not(3055XXX);
	3062XXX = not(3058XXX);
	645XXX = or(641XXX, 644XXX);
	926XXX = not(887XXX);
	928XXX = and(887XXX, 893XXX);
	947XXX = and(649XXX, 942XXX);
	983XXX = and(902XXX, 980XXX);
	1011XXX = and(911XXX, 1008XXX);
	1075XXX = 1072XXX;
	1087XXX = 1084XXX;
	1099XXX = 1096XXX;
	1111XXX = 1108XXX;
	1123XXX = 1120XXX;
	1135XXX = 1132XXX;
	1147XXX = 1144XXX;
	1159XXX = 1156XXX;
	1168XXX = 1072XXX;
	1177XXX = 1084XXX;
	1186XXX = 1096XXX;
	1195XXX = 1108XXX;
	1204XXX = 1120XXX;
	1213XXX = 1132XXX;
	1222XXX = 1144XXX;
	1231XXX = 1156XXX;
	1609XXX = not(1545XXX);
	1611XXX = and(1545XXX, 1572XXX);
	1618XXX = not(1545XXX);
	1620XXX = and(1545XXX, 1572XXX);
	1627XXX = not(1545XXX);
	1629XXX = and(1545XXX, 1572XXX);
	1636XXX = not(1545XXX);
	1638XXX = and(1545XXX, 1572XXX);
	1645XXX = not(1554XXX);
	1647XXX = and(1554XXX, 1563XXX);
	1654XXX = not(1554XXX);
	1656XXX = and(1554XXX, 1563XXX);
	1663XXX = not(1554XXX);
	1665XXX = and(1554XXX, 1563XXX);
	1672XXX = not(1554XXX);
	1674XXX = and(1554XXX, 1563XXX);
	1862XXX = or(1853XXX, 1856XXX, 1859XXX);
	1866XXX = nor(1853XXX, 1856XXX, 1859XXX);
	1874XXX = or(1871XXX, 1872XXX, 1873XXX);
	1924XXX = or(1921XXX, 1922XXX, 1923XXX);
	1963XXX = or(1954XXX, 1957XXX, 1960XXX);
	1967XXX = nor(1954XXX, 1957XXX, 1960XXX);
	1975XXX = or(1972XXX, 1973XXX, 1974XXX);
	2013XXX = or(2004XXX, 2007XXX, 2010XXX);
	2017XXX = nor(2004XXX, 2007XXX, 2010XXX);
	2025XXX = or(2022XXX, 2023XXX, 2024XXX);
	2068XXX = or(2059XXX, 2062XXX, 2065XXX);
	2072XXX = nor(2059XXX, 2062XXX, 2065XXX);
	2080XXX = or(2077XXX, 2078XXX, 2079XXX);
	2132XXX = or(2129XXX, 2130XXX, 2131XXX);
	2173XXX = or(2164XXX, 2167XXX, 2170XXX);
	2177XXX = nor(2164XXX, 2167XXX, 2170XXX);
	2185XXX = or(2182XXX, 2183XXX, 2184XXX);
	2225XXX = or(2216XXX, 2219XXX, 2222XXX);
	2229XXX = nor(2216XXX, 2219XXX, 2222XXX);
	2237XXX = or(2234XXX, 2235XXX, 2236XXX);
	2488XXX = not(2485XXX);
	2679XXX = not(870XXX);
	2680XXX = and(956XXX, 870XXX);
	2698XXX = not(870XXX);
	2699XXX = and(956XXX, 870XXX);
	2717XXX = not(870XXX);
	2718XXX = and(956XXX, 870XXX);
	2734XXX = not(870XXX);
	2735XXX = and(956XXX, 870XXX);
	2752XXX = not(870XXX);
	2753XXX = and(956XXX, 870XXX);
	2769XXX = not(870XXX);
	2770XXX = and(956XXX, 870XXX);
	2786XXX = not(870XXX);
	2787XXX = and(956XXX, 870XXX);
	2803XXX = not(870XXX);
	2804XXX = and(956XXX, 870XXX);
	359XXX = or(917XXX, 920XXX, 923XXX);
	1029XXX = nor(917XXX, 920XXX, 923XXX);
	565XXX = nand(2970XXX, 2973XXX);
	566XXX = nand(2967XXX, 2974XXX);
	569XXX = nand(2978XXX, 2981XXX);
	570XXX = nand(2975XXX, 2982XXX);
	589XXX = nand(3050XXX, 3053XXX);
	590XXX = nand(3047XXX, 3054XXX);
	595XXX = nand(3058XXX, 3061XXX);
	596XXX = nand(3055XXX, 3062XXX);
	929XXX = and(650XXX, 926XXX);
	938XXX = and(630XXX, 928XXX);
	944XXX = and(645XXX, 941XXX);
	986XXX = or(983XXX, 984XXX, 985XXX);
	1014XXX = or(1011XXX, 1012XXX, 1013XXX);
	1616XXX = and(442XXX, 1611XXX);
	1625XXX = and(456XXX, 1620XXX);
	1634XXX = and(463XXX, 1629XXX);
	1643XXX = and(479XXX, 1638XXX);
	360XXX = not(1029XXX);
	567XXX = nand(565XXX, 566XXX);
	571XXX = nand(569XXX, 570XXX);
	579XXX = 576XXX;
	591XXX = nand(589XXX, 590XXX);
	597XXX = nand(595XXX, 596XXX);
	614XXX = and(576XXX, 610XXX);
	1240XXX = not(1075XXX);
	1241XXX = not(1087XXX);
	1242XXX = not(1099XXX);
	1243XXX = not(1111XXX);
	1244XXX = not(1123XXX);
	1245XXX = not(1135XXX);
	1246XXX = not(1147XXX);
	1247XXX = not(1159XXX);
	1257XXX = not(1075XXX);
	1258XXX = not(1087XXX);
	1259XXX = not(1099XXX);
	1260XXX = not(1111XXX);
	1261XXX = not(1123XXX);
	1262XXX = not(1135XXX);
	1263XXX = not(1147XXX);
	1264XXX = not(1159XXX);
	1274XXX = not(1075XXX);
	1275XXX = not(1087XXX);
	1276XXX = not(1099XXX);
	1277XXX = not(1111XXX);
	1278XXX = not(1123XXX);
	1279XXX = not(1135XXX);
	1280XXX = not(1147XXX);
	1281XXX = not(1159XXX);
	1291XXX = not(1075XXX);
	1292XXX = not(1087XXX);
	1293XXX = not(1099XXX);
	1294XXX = not(1111XXX);
	1295XXX = not(1123XXX);
	1296XXX = not(1135XXX);
	1297XXX = not(1147XXX);
	1298XXX = not(1159XXX);
	1308XXX = not(1075XXX);
	1309XXX = not(1087XXX);
	1310XXX = not(1099XXX);
	1311XXX = not(1111XXX);
	1312XXX = not(1123XXX);
	1313XXX = not(1135XXX);
	1314XXX = not(1147XXX);
	1315XXX = not(1159XXX);
	1325XXX = not(1075XXX);
	1326XXX = not(1087XXX);
	1327XXX = not(1099XXX);
	1328XXX = not(1111XXX);
	1329XXX = not(1123XXX);
	1330XXX = not(1135XXX);
	1331XXX = not(1147XXX);
	1332XXX = not(1159XXX);
	1342XXX = not(1075XXX);
	1343XXX = not(1087XXX);
	1344XXX = not(1099XXX);
	1345XXX = not(1111XXX);
	1346XXX = not(1123XXX);
	1347XXX = not(1135XXX);
	1348XXX = not(1147XXX);
	1349XXX = not(1159XXX);
	1359XXX = not(1075XXX);
	1360XXX = not(1087XXX);
	1361XXX = not(1099XXX);
	1362XXX = not(1111XXX);
	1363XXX = not(1123XXX);
	1364XXX = not(1135XXX);
	1365XXX = not(1147XXX);
	1366XXX = not(1159XXX);
	1376XXX = not(1168XXX);
	1377XXX = not(1177XXX);
	1378XXX = not(1186XXX);
	1379XXX = not(1195XXX);
	1380XXX = not(1204XXX);
	1381XXX = not(1213XXX);
	1382XXX = not(1222XXX);
	1383XXX = not(1231XXX);
	1393XXX = not(1168XXX);
	1394XXX = not(1177XXX);
	1395XXX = not(1186XXX);
	1396XXX = not(1195XXX);
	1397XXX = not(1204XXX);
	1398XXX = not(1213XXX);
	1399XXX = not(1222XXX);
	1400XXX = not(1231XXX);
	1410XXX = not(1168XXX);
	1411XXX = not(1177XXX);
	1412XXX = not(1186XXX);
	1413XXX = not(1195XXX);
	1414XXX = not(1204XXX);
	1415XXX = not(1213XXX);
	1416XXX = not(1222XXX);
	1417XXX = not(1231XXX);
	1427XXX = not(1168XXX);
	1428XXX = not(1177XXX);
	1429XXX = not(1186XXX);
	1430XXX = not(1195XXX);
	1431XXX = not(1204XXX);
	1432XXX = not(1213XXX);
	1433XXX = not(1222XXX);
	1434XXX = not(1231XXX);
	1444XXX = not(1168XXX);
	1445XXX = not(1177XXX);
	1446XXX = not(1186XXX);
	1447XXX = not(1195XXX);
	1448XXX = not(1204XXX);
	1449XXX = not(1213XXX);
	1450XXX = not(1222XXX);
	1451XXX = not(1231XXX);
	1461XXX = not(1168XXX);
	1462XXX = not(1177XXX);
	1463XXX = not(1186XXX);
	1464XXX = not(1195XXX);
	1465XXX = not(1204XXX);
	1466XXX = not(1213XXX);
	1467XXX = not(1222XXX);
	1468XXX = not(1231XXX);
	1478XXX = not(1168XXX);
	1479XXX = not(1177XXX);
	1480XXX = not(1186XXX);
	1481XXX = not(1195XXX);
	1482XXX = not(1204XXX);
	1483XXX = not(1213XXX);
	1484XXX = not(1222XXX);
	1485XXX = not(1231XXX);
	1495XXX = not(1168XXX);
	1496XXX = not(1177XXX);
	1497XXX = not(1186XXX);
	1498XXX = not(1195XXX);
	1499XXX = not(1204XXX);
	1500XXX = not(1213XXX);
	1501XXX = not(1222XXX);
	1502XXX = not(1231XXX);
	1877XXX = 1874XXX;
	1880XXX = not(1874XXX);
	1891XXX = not(1866XXX);
	1903XXX = and(986XXX, 1901XXX);
	1927XXX = 1924XXX;
	1930XXX = not(1924XXX);
	1978XXX = 1975XXX;
	1981XXX = not(1975XXX);
	1992XXX = not(1967XXX);
	2028XXX = 2025XXX;
	2031XXX = not(2025XXX);
	2042XXX = not(2017XXX);
	2085XXX = 2080XXX;
	2088XXX = not(2080XXX);
	2099XXX = not(2072XXX);
	2111XXX = and(1014XXX, 2109XXX);
	2137XXX = 2132XXX;
	2140XXX = not(2132XXX);
	2190XXX = 2185XXX;
	2193XXX = not(2185XXX);
	2204XXX = not(2177XXX);
	2242XXX = 2237XXX;
	2245XXX = not(2237XXX);
	2256XXX = not(2229XXX);
	2320XXX = and(2285XXX, 1862XXX);
	2341XXX = and(2289XXX, 1963XXX);
	2354XXX = and(2289XXX, 2013XXX);
	2367XXX = and(2289XXX, 2068XXX);
	2383XXX = and(2298XXX, 2173XXX);
	2391XXX = and(2298XXX, 2225XXX);
	2474XXX = not(2080XXX);
	2475XXX = not(2132XXX);
	2476XXX = not(2185XXX);
	2477XXX = not(2237XXX);
	2482XXX = and(2080XXX, 2132XXX, 2185XXX, 2237XXX, 2481XXX);
	361XXX = nand(359XXX, 360XXX);
	568XXX = not(567XXX);
	618XXX = or(614XXX, 616XXX, 617XXX);
	1248XXX = and(124XXX, 1240XXX);
	1249XXX = and(159XXX, 1241XXX);
	1250XXX = and(150XXX, 1242XXX);
	1251XXX = and(143XXX, 1243XXX);
	1252XXX = and(137XXX, 1244XXX);
	1253XXX = and(132XXX, 1245XXX);
	1254XXX = and(128XXX, 1246XXX);
	1255XXX = and(125XXX, 1247XXX);
	1265XXX = and(125XXX, 1257XXX);
	1266XXX = and(432XXX, 1258XXX);
	1267XXX = and(159XXX, 1259XXX);
	1268XXX = and(150XXX, 1260XXX);
	1269XXX = and(143XXX, 1261XXX);
	1270XXX = and(137XXX, 1262XXX);
	1271XXX = and(132XXX, 1263XXX);
	1272XXX = and(128XXX, 1264XXX);
	1282XXX = and(128XXX, 1274XXX);
	1283XXX = and(447XXX, 1275XXX);
	1284XXX = and(432XXX, 1276XXX);
	1285XXX = and(159XXX, 1277XXX);
	1286XXX = and(150XXX, 1278XXX);
	1287XXX = and(143XXX, 1279XXX);
	1288XXX = and(137XXX, 1280XXX);
	1289XXX = and(132XXX, 1281XXX);
	1299XXX = and(132XXX, 1291XXX);
	1300XXX = and(467XXX, 1292XXX);
	1301XXX = and(447XXX, 1293XXX);
	1302XXX = and(432XXX, 1294XXX);
	1303XXX = and(159XXX, 1295XXX);
	1304XXX = and(150XXX, 1296XXX);
	1305XXX = and(143XXX, 1297XXX);
	1306XXX = and(137XXX, 1298XXX);
	1316XXX = and(137XXX, 1308XXX);
	1317XXX = and(483XXX, 1309XXX);
	1318XXX = and(467XXX, 1310XXX);
	1319XXX = and(447XXX, 1311XXX);
	1320XXX = and(432XXX, 1312XXX);
	1321XXX = and(159XXX, 1313XXX);
	1322XXX = and(150XXX, 1314XXX);
	1323XXX = and(143XXX, 1315XXX);
	1333XXX = and(143XXX, 1325XXX);
	1334XXX = and(492XXX, 1326XXX);
	1335XXX = and(483XXX, 1327XXX);
	1336XXX = and(467XXX, 1328XXX);
	1337XXX = and(447XXX, 1329XXX);
	1338XXX = and(432XXX, 1330XXX);
	1339XXX = and(159XXX, 1331XXX);
	1340XXX = and(150XXX, 1332XXX);
	1350XXX = and(150XXX, 1342XXX);
	1351XXX = and(504XXX, 1343XXX);
	1352XXX = and(492XXX, 1344XXX);
	1353XXX = and(483XXX, 1345XXX);
	1354XXX = and(467XXX, 1346XXX);
	1355XXX = and(447XXX, 1347XXX);
	1356XXX = and(432XXX, 1348XXX);
	1357XXX = and(159XXX, 1349XXX);
	1367XXX = and(159XXX, 1359XXX);
	1368XXX = and(517XXX, 1360XXX);
	1369XXX = and(504XXX, 1361XXX);
	1370XXX = and(492XXX, 1362XXX);
	1371XXX = and(483XXX, 1363XXX);
	1372XXX = and(467XXX, 1364XXX);
	1373XXX = and(447XXX, 1365XXX);
	1374XXX = and(432XXX, 1366XXX);
	1384XXX = and(283XXX, 1376XXX);
	1385XXX = and(447XXX, 1377XXX);
	1386XXX = and(467XXX, 1378XXX);
	1387XXX = and(483XXX, 1379XXX);
	1388XXX = and(492XXX, 1380XXX);
	1389XXX = and(504XXX, 1381XXX);
	1390XXX = and(517XXX, 1382XXX);
	1391XXX = and(530XXX, 1383XXX);
	1401XXX = and(294XXX, 1393XXX);
	1402XXX = and(467XXX, 1394XXX);
	1403XXX = and(483XXX, 1395XXX);
	1404XXX = and(492XXX, 1396XXX);
	1405XXX = and(504XXX, 1397XXX);
	1406XXX = and(517XXX, 1398XXX);
	1407XXX = and(530XXX, 1399XXX);
	1408XXX = and(283XXX, 1400XXX);
	1418XXX = and(303XXX, 1410XXX);
	1419XXX = and(483XXX, 1411XXX);
	1420XXX = and(492XXX, 1412XXX);
	1421XXX = and(504XXX, 1413XXX);
	1422XXX = and(517XXX, 1414XXX);
	1423XXX = and(530XXX, 1415XXX);
	1424XXX = and(283XXX, 1416XXX);
	1425XXX = and(294XXX, 1417XXX);
	1435XXX = and(311XXX, 1427XXX);
	1436XXX = and(492XXX, 1428XXX);
	1437XXX = and(504XXX, 1429XXX);
	1438XXX = and(517XXX, 1430XXX);
	1439XXX = and(530XXX, 1431XXX);
	1440XXX = and(283XXX, 1432XXX);
	1441XXX = and(294XXX, 1433XXX);
	1442XXX = and(303XXX, 1434XXX);
	1452XXX = and(317XXX, 1444XXX);
	1453XXX = and(504XXX, 1445XXX);
	1454XXX = and(517XXX, 1446XXX);
	1455XXX = and(530XXX, 1447XXX);
	1456XXX = and(283XXX, 1448XXX);
	1457XXX = and(294XXX, 1449XXX);
	1458XXX = and(303XXX, 1450XXX);
	1459XXX = and(311XXX, 1451XXX);
	1469XXX = and(322XXX, 1461XXX);
	1470XXX = and(517XXX, 1462XXX);
	1471XXX = and(530XXX, 1463XXX);
	1472XXX = and(283XXX, 1464XXX);
	1473XXX = and(294XXX, 1465XXX);
	1474XXX = and(303XXX, 1466XXX);
	1475XXX = and(311XXX, 1467XXX);
	1476XXX = and(317XXX, 1468XXX);
	1486XXX = and(326XXX, 1478XXX);
	1487XXX = and(530XXX, 1479XXX);
	1488XXX = and(283XXX, 1480XXX);
	1489XXX = and(294XXX, 1481XXX);
	1490XXX = and(303XXX, 1482XXX);
	1491XXX = and(311XXX, 1483XXX);
	1492XXX = and(317XXX, 1484XXX);
	1493XXX = and(322XXX, 1485XXX);
	1503XXX = and(329XXX, 1495XXX);
	1504XXX = and(283XXX, 1496XXX);
	1505XXX = and(294XXX, 1497XXX);
	1506XXX = and(303XXX, 1498XXX);
	1507XXX = and(311XXX, 1499XXX);
	1508XXX = and(317XXX, 1500XXX);
	1509XXX = and(322XXX, 1501XXX);
	1510XXX = and(326XXX, 1502XXX);
	2483XXX = and(2474XXX, 2475XXX, 2476XXX, 2477XXX, 2478XXX);
	600XXX = 597XXX;
	661XXX = and(568XXX, 660XXX);
	669XXX = and(597XXX, 665XXX);
	679XXX = and(591XXX, 678XXX);
	1256XXX = nor(1248XXX, 1249XXX, 1250XXX, 1251XXX, 1252XXX, 1253XXX, 1254XXX, 1255XXX);
	1273XXX = nor(1265XXX, 1266XXX, 1267XXX, 1268XXX, 1269XXX, 1270XXX, 1271XXX, 1272XXX);
	1290XXX = nor(1282XXX, 1283XXX, 1284XXX, 1285XXX, 1286XXX, 1287XXX, 1288XXX, 1289XXX);
	1307XXX = nor(1299XXX, 1300XXX, 1301XXX, 1302XXX, 1303XXX, 1304XXX, 1305XXX, 1306XXX);
	1324XXX = nor(1316XXX, 1317XXX, 1318XXX, 1319XXX, 1320XXX, 1321XXX, 1322XXX, 1323XXX);
	1341XXX = nor(1333XXX, 1334XXX, 1335XXX, 1336XXX, 1337XXX, 1338XXX, 1339XXX, 1340XXX);
	1358XXX = nor(1350XXX, 1351XXX, 1352XXX, 1353XXX, 1354XXX, 1355XXX, 1356XXX, 1357XXX);
	1375XXX = nor(1367XXX, 1368XXX, 1369XXX, 1370XXX, 1371XXX, 1372XXX, 1373XXX, 1374XXX);
	1392XXX = nor(1384XXX, 1385XXX, 1386XXX, 1387XXX, 1388XXX, 1389XXX, 1390XXX, 1391XXX);
	1409XXX = nor(1401XXX, 1402XXX, 1403XXX, 1404XXX, 1405XXX, 1406XXX, 1407XXX, 1408XXX);
	1426XXX = nor(1418XXX, 1419XXX, 1420XXX, 1421XXX, 1422XXX, 1423XXX, 1424XXX, 1425XXX);
	1443XXX = nor(1435XXX, 1436XXX, 1437XXX, 1438XXX, 1439XXX, 1440XXX, 1441XXX, 1442XXX);
	1460XXX = nor(1452XXX, 1453XXX, 1454XXX, 1455XXX, 1456XXX, 1457XXX, 1458XXX, 1459XXX);
	1477XXX = nor(1469XXX, 1470XXX, 1471XXX, 1472XXX, 1473XXX, 1474XXX, 1475XXX, 1476XXX);
	1494XXX = nor(1486XXX, 1487XXX, 1488XXX, 1489XXX, 1490XXX, 1491XXX, 1492XXX, 1493XXX);
	1511XXX = nor(1503XXX, 1504XXX, 1505XXX, 1506XXX, 1507XXX, 1508XXX, 1509XXX, 1510XXX);
	1652XXX = and(618XXX, 1647XXX);
	1883XXX = and(169XXX, 1862XXX, 1877XXX);
	1886XXX = and(179XXX, 1862XXX, 1880XXX);
	1889XXX = and(190XXX, 1866XXX, 1880XXX);
	1890XXX = and(200XXX, 1866XXX, 1877XXX);
	1912XXX = or(1903XXX, 1906XXX, 1909XXX);
	1916XXX = nor(1903XXX, 1906XXX, 1909XXX);
	1984XXX = and(169XXX, 1963XXX, 1978XXX);
	1987XXX = and(179XXX, 1963XXX, 1981XXX);
	1990XXX = and(190XXX, 1967XXX, 1981XXX);
	1991XXX = and(200XXX, 1967XXX, 1978XXX);
	2034XXX = and(169XXX, 2013XXX, 2028XXX);
	2037XXX = and(179XXX, 2013XXX, 2031XXX);
	2040XXX = and(190XXX, 2017XXX, 2031XXX);
	2041XXX = and(200XXX, 2017XXX, 2028XXX);
	2091XXX = and(169XXX, 2068XXX, 2085XXX);
	2094XXX = and(179XXX, 2068XXX, 2088XXX);
	2097XXX = and(190XXX, 2072XXX, 2088XXX);
	2098XXX = and(200XXX, 2072XXX, 2085XXX);
	2120XXX = or(2111XXX, 2114XXX, 2117XXX);
	2124XXX = nor(2111XXX, 2114XXX, 2117XXX);
	2196XXX = and(169XXX, 2173XXX, 2190XXX);
	2199XXX = and(179XXX, 2173XXX, 2193XXX);
	2202XXX = and(190XXX, 2177XXX, 2193XXX);
	2203XXX = and(200XXX, 2177XXX, 2190XXX);
	2248XXX = and(169XXX, 2225XXX, 2242XXX);
	2251XXX = and(179XXX, 2225XXX, 2245XXX);
	2254XXX = and(190XXX, 2229XXX, 2245XXX);
	2255XXX = and(200XXX, 2229XXX, 2242XXX);
	2484XXX = or(2482XXX, 2483XXX);
	2991XXX = 571XXX;
	2994XXX = 579XXX;
	2999XXX = 571XXX;
	3002XXX = 579XXX;
	3063XXX = 591XXX;
	3071XXX = 591XXX;
	3124XXX = 2320XXX;
	3134XXX = 2320XXX;
	3158XXX = 2341XXX;
	3166XXX = 2341XXX;
	3174XXX = 2354XXX;
	3182XXX = 2354XXX;
	3190XXX = 2367XXX;
	3200XXX = 2367XXX;
	3224XXX = 2383XXX;
	3232XXX = 2383XXX;
	3240XXX = 2391XXX;
	3248XXX = 2391XXX;
	663XXX = nor(661XXX, 662XXX);
	673XXX = or(669XXX, 671XXX, 672XXX);
	681XXX = nor(679XXX, 680XXX);
	1536XXX = and(1256XXX, 1533XXX);
	1537XXX = and(1392XXX, 1534XXX);
	1582XXX = and(1273XXX, 1581XXX);
	1583XXX = and(1409XXX, 1512XXX);
	1586XXX = and(1290XXX, 1585XXX);
	1587XXX = and(1426XXX, 1512XXX);
	1590XXX = and(1307XXX, 1589XXX);
	1591XXX = and(1443XXX, 1512XXX);
	1594XXX = and(1324XXX, 1593XXX);
	1595XXX = and(1460XXX, 1512XXX);
	1598XXX = and(1341XXX, 1597XXX);
	1599XXX = and(1477XXX, 1512XXX);
	1602XXX = and(1358XXX, 1601XXX);
	1603XXX = and(1494XXX, 1512XXX);
	1606XXX = and(1375XXX, 1605XXX);
	1607XXX = and(1511XXX, 1512XXX);
	1894XXX = or(1889XXX, 1890XXX, 1891XXX);
	1997XXX = or(1990XXX, 1991XXX, 1992XXX);
	2047XXX = or(2040XXX, 2041XXX, 2042XXX);
	2102XXX = or(2097XXX, 2098XXX, 2099XXX);
	2209XXX = or(2202XXX, 2203XXX, 2204XXX);
	2261XXX = or(2254XXX, 2255XXX, 2256XXX);
	2489XXX = and(2484XXX, 2488XXX);
	3005XXX = not(2999XXX);
	3006XXX = not(3002XXX);
	3077XXX = not(3071XXX);
	3069XXX = not(3063XXX);
	2997XXX = not(2991XXX);
	2998XXX = not(2994XXX);
	689XXX = and(681XXX, 683XXX);
	700XXX = and(663XXX, 694XXX);
	1539XXX = or(1536XXX, 1537XXX, 1538XXX);
	1584XXX = or(1582XXX, 1583XXX);
	1588XXX = or(1586XXX, 1587XXX);
	1592XXX = or(1590XXX, 1591XXX);
	1596XXX = or(1594XXX, 1595XXX);
	1600XXX = or(1598XXX, 1599XXX);
	1604XXX = or(1602XXX, 1603XXX);
	1608XXX = or(1606XXX, 1607XXX);
	1661XXX = and(673XXX, 1656XXX);
	1892XXX = or(1883XXX, 1886XXX);
	1893XXX = nor(1883XXX, 1886XXX);
	1933XXX = and(169XXX, 1912XXX, 1927XXX);
	1936XXX = and(179XXX, 1912XXX, 1930XXX);
	1939XXX = and(190XXX, 1916XXX, 1930XXX);
	1940XXX = and(200XXX, 1916XXX, 1927XXX);
	1941XXX = not(1916XXX);
	1993XXX = or(1984XXX, 1987XXX);
	1996XXX = nor(1984XXX, 1987XXX);
	2043XXX = or(2034XXX, 2037XXX);
	2046XXX = nor(2034XXX, 2037XXX);
	2100XXX = or(2091XXX, 2094XXX);
	2101XXX = nor(2091XXX, 2094XXX);
	2143XXX = and(169XXX, 2120XXX, 2137XXX);
	2146XXX = and(179XXX, 2120XXX, 2140XXX);
	2149XXX = and(190XXX, 2124XXX, 2140XXX);
	2150XXX = and(200XXX, 2124XXX, 2137XXX);
	2151XXX = not(2124XXX);
	2205XXX = or(2196XXX, 2199XXX);
	2208XXX = nor(2196XXX, 2199XXX);
	2257XXX = or(2248XXX, 2251XXX);
	2260XXX = nor(2248XXX, 2251XXX);
	3138XXX = not(3134XXX);
	2328XXX = and(2285XXX, 1912XXX);
	3162XXX = not(3158XXX);
	3170XXX = not(3166XXX);
	3178XXX = not(3174XXX);
	3186XXX = not(3182XXX);
	3204XXX = not(3200XXX);
	2375XXX = and(2298XXX, 2120XXX);
	3236XXX = not(3232XXX);
	3244XXX = not(3240XXX);
	3252XXX = not(3248XXX);
	3228XXX = not(3224XXX);
	3066XXX = 600XXX;
	3074XXX = 600XXX;
	3128XXX = not(3124XXX);
	3194XXX = not(3190XXX);
	619XXX = nand(2994XXX, 2997XXX);
	620XXX = nand(2991XXX, 2998XXX);
	582XXX = nand(3002XXX, 3005XXX);
	583XXX = nand(2999XXX, 3006XXX);
	692XXX = or(689XXX, 690XXX, 691XXX);
	703XXX = or(700XXX, 701XXX, 702XXX);
	1612XXX = and(1539XXX, 1609XXX);
	1621XXX = and(1584XXX, 1618XXX);
	1630XXX = and(1588XXX, 1627XXX);
	1639XXX = and(1592XXX, 1636XXX);
	1648XXX = and(1596XXX, 1645XXX);
	1657XXX = and(1600XXX, 1654XXX);
	1666XXX = and(1604XXX, 1663XXX);
	1675XXX = and(1608XXX, 1672XXX);
	1895XXX = and(1893XXX, 1894XXX);
	1946XXX = or(1939XXX, 1940XXX, 1941XXX);
	1998XXX = and(1996XXX, 1997XXX);
	2048XXX = and(2046XXX, 2047XXX);
	2103XXX = and(2101XXX, 2102XXX);
	2156XXX = or(2149XXX, 2150XXX, 2151XXX);
	2210XXX = and(2208XXX, 2209XXX);
	2262XXX = and(2260XXX, 2261XXX);
	2271XXX = not(1892XXX);
	2311XXX = not(2100XXX);
	356XXX = nand(619XXX, 620XXX);
	357XXX = nand(582XXX, 583XXX);
	603XXX = nand(3074XXX, 3077XXX);
	3078XXX = not(3074XXX);
	606XXX = nand(3066XXX, 3069XXX);
	3070XXX = not(3066XXX);
	1670XXX = and(703XXX, 1665XXX);
	1679XXX = and(692XXX, 1674XXX);
	1942XXX = or(1933XXX, 1936XXX);
	1945XXX = nor(1933XXX, 1936XXX);
	2152XXX = or(2143XXX, 2146XXX);
	2155XXX = nor(2143XXX, 2146XXX);
	2445XXX = and(1993XXX, 2293XXX);
	2448XXX = and(2043XXX, 2293XXX);
	2455XXX = and(2205XXX, 2302XXX);
	2458XXX = and(2257XXX, 2302XXX);
	3142XXX = 2328XXX;
	3150XXX = 2328XXX;
	3208XXX = 2375XXX;
	3216XXX = 2375XXX;
	358XXX = nand(356XXX, 357XXX);
	604XXX = nand(3071XXX, 3078XXX);
	607XXX = nand(3063XXX, 3070XXX);
	1947XXX = and(1945XXX, 1946XXX);
	2157XXX = and(2155XXX, 2156XXX);
	2317XXX = 1895XXX;
	2338XXX = 1998XXX;
	2351XXX = 2048XXX;
	2364XXX = 2103XXX;
	2380XXX = 2210XXX;
	2388XXX = 2262XXX;
	605XXX = nand(603XXX, 604XXX);
	608XXX = nand(606XXX, 607XXX);
	2272XXX = nand(1895XXX, 1942XXX);
	2312XXX = nand(2103XXX, 2152XXX);
	3146XXX = not(3142XXX);
	3154XXX = not(3150XXX);
	3220XXX = not(3216XXX);
	3212XXX = not(3208XXX);
	2444XXX = and(1942XXX, 2288XXX);
	2451XXX = 2448XXX;
	2454XXX = and(2152XXX, 2293XXX);
	2461XXX = 2458XXX;
	2530XXX = not(2445XXX);
	3323XXX = 2458XXX;
	349XXX = not(605XXX);
	350XXX = not(608XXX);
	2265XXX = and(1895XXX, 1947XXX, 1998XXX, 2048XXX);
	2273XXX = nand(1895XXX, 1947XXX, 1993XXX);
	2274XXX = nand(2043XXX, 1947XXX, 1998XXX, 1895XXX);
	2309XXX = and(2103XXX, 2157XXX, 2210XXX, 2262XXX);
	2313XXX = nand(2103XXX, 2157XXX, 2205XXX);
	2314XXX = nand(2257XXX, 2157XXX, 2210XXX, 2103XXX);
	2325XXX = 1947XXX;
	2372XXX = 2157XXX;
	2523XXX = not(2444XXX);
	2533XXX = not(2454XXX);
	3121XXX = 2317XXX;
	3131XXX = 2317XXX;
	3155XXX = 2338XXX;
	3163XXX = 2338XXX;
	3171XXX = 2351XXX;
	3179XXX = 2351XXX;
	3187XXX = 2364XXX;
	3197XXX = 2364XXX;
	3221XXX = 2380XXX;
	3229XXX = 2380XXX;
	3237XXX = 2388XXX;
	3245XXX = 2388XXX;
	351XXX = nand(349XXX, 350XXX);
	2275XXX = nand(2271XXX, 2272XXX, 2273XXX, 2274XXX);
	2315XXX = nand(2311XXX, 2312XXX, 2313XXX, 2314XXX);
	3329XXX = not(3323XXX);
	372XXX = and(2309XXX, 2265XXX);
	2324XXX = nand(3131XXX, 3138XXX);
	2350XXX = nand(3163XXX, 3170XXX);
	2363XXX = nand(3179XXX, 3186XXX);
	2371XXX = nand(3197XXX, 3204XXX);
	2387XXX = nand(3229XXX, 3236XXX);
	2400XXX = nand(3245XXX, 3252XXX);
	2268XXX = 2265XXX;
	3137XXX = not(3131XXX);
	3161XXX = not(3155XXX);
	2345XXX = nand(3155XXX, 3162XXX);
	3169XXX = not(3163XXX);
	3177XXX = not(3171XXX);
	2358XXX = nand(3171XXX, 3178XXX);
	3185XXX = not(3179XXX);
	3203XXX = not(3197XXX);
	3235XXX = not(3229XXX);
	3243XXX = not(3237XXX);
	2395XXX = nand(3237XXX, 3244XXX);
	3251XXX = not(3245XXX);
	3227XXX = not(3221XXX);
	2432XXX = nand(3221XXX, 3228XXX);
	2490XXX = and(2309XXX, 2485XXX);
	3127XXX = not(3121XXX);
	3130XXX = nand(3121XXX, 3128XXX);
	3139XXX = 2325XXX;
	3147XXX = 2325XXX;
	3193XXX = not(3187XXX);
	3196XXX = nand(3187XXX, 3194XXX);
	3205XXX = 2372XXX;
	3213XXX = 2372XXX;
	2307XXX = nand(2265XXX, 2315XXX);
	2308XXX = not(2275XXX);
	2323XXX = nand(3134XXX, 3137XXX);
	2349XXX = nand(3166XXX, 3169XXX);
	2362XXX = nand(3182XXX, 3185XXX);
	2370XXX = nand(3200XXX, 3203XXX);
	2386XXX = nand(3232XXX, 3235XXX);
	2399XXX = nand(3248XXX, 3251XXX);
	2344XXX = nand(3158XXX, 3161XXX);
	2357XXX = nand(3174XXX, 3177XXX);
	2394XXX = nand(3240XXX, 3243XXX);
	2431XXX = nand(3224XXX, 3227XXX);
	2464XXX = and(2315XXX, 2302XXX);
	2491XXX = or(2489XXX, 2490XXX);
	3129XXX = nand(3124XXX, 3127XXX);
	3195XXX = nand(3190XXX, 3193XXX);
	368XXX = and(2307XXX, 2308XXX);
	1615XXX = nand(2323XXX, 2324XXX);
	2337XXX = nand(3147XXX, 3154XXX);
	1633XXX = nand(2349XXX, 2350XXX);
	1642XXX = nand(2362XXX, 2363XXX);
	1651XXX = nand(2370XXX, 2371XXX);
	2379XXX = nand(3213XXX, 3220XXX);
	1669XXX = nand(2386XXX, 2387XXX);
	1678XXX = nand(2399XXX, 2400XXX);
	3145XXX = not(3139XXX);
	2332XXX = nand(3139XXX, 3146XXX);
	3153XXX = not(3147XXX);
	2346XXX = nand(2344XXX, 2345XXX);
	2359XXX = nand(2357XXX, 2358XXX);
	3219XXX = not(3213XXX);
	2396XXX = nand(2394XXX, 2395XXX);
	3211XXX = not(3205XXX);
	2425XXX = nand(3205XXX, 3212XXX);
	2433XXX = nand(2431XXX, 2432XXX);
	3272XXX = nand(3129XXX, 3130XXX);
	3308XXX = nand(3195XXX, 3196XXX);
	369XXX = not(368XXX);
	1613XXX = not(1615XXX);
	2336XXX = nand(3150XXX, 3153XXX);
	1631XXX = not(1633XXX);
	1640XXX = not(1642XXX);
	1649XXX = not(1651XXX);
	2378XXX = nand(3216XXX, 3219XXX);
	1667XXX = not(1669XXX);
	1676XXX = not(1678XXX);
	2331XXX = nand(3142XXX, 3145XXX);
	2424XXX = nand(3208XXX, 3211XXX);
	2467XXX = 2464XXX;
	2495XXX = 2491XXX;
	3295XXX = 2464XXX;
	3374XXX = and(330XXX, 2491XXX);
	1614XXX = and(1613XXX, 1610XXX);
	1624XXX = nand(2336XXX, 2337XXX);
	1632XXX = and(1631XXX, 1628XXX);
	1641XXX = and(1640XXX, 1637XXX);
	1650XXX = and(1649XXX, 1646XXX);
	1660XXX = nand(2378XXX, 2379XXX);
	1668XXX = and(1667XXX, 1664XXX);
	1677XXX = and(1676XXX, 1673XXX);
	2333XXX = nand(2331XXX, 2332XXX);
	2406XXX = 2346XXX;
	2409XXX = 2346XXX;
	2415XXX = 2359XXX;
	2419XXX = 2359XXX;
	2426XXX = nand(2424XXX, 2425XXX);
	2439XXX = 2396XXX;
	2518XXX = and(2433XXX, 2461XXX);
	3276XXX = not(3272XXX);
	3312XXX = not(3308XXX);
	2612XXX = and(330XXX, 2396XXX);
	3326XXX = 2433XXX;
	1617XXX = nor(1612XXX, 1614XXX, 1616XXX);
	1622XXX = not(1624XXX);
	1635XXX = nor(1630XXX, 1632XXX, 1634XXX);
	1644XXX = nor(1639XXX, 1641XXX, 1643XXX);
	1653XXX = nor(1648XXX, 1650XXX, 1652XXX);
	1658XXX = not(1660XXX);
	1671XXX = nor(1666XXX, 1668XXX, 1670XXX);
	1680XXX = nor(1675XXX, 1677XXX, 1679XXX);
	2500XXX = and(2467XXX, 2268XXX);
	2505XXX = and(2495XXX, 2268XXX);
	2519XXX = or(2455XXX, 2518XXX);
	3378XXX = not(3374XXX);
	2642XXX = not(2467XXX);
	2645XXX = 2467XXX;
	3301XXX = not(3295XXX);
	1623XXX = and(1622XXX, 1619XXX);
	1659XXX = and(1658XXX, 1655XXX);
	2401XXX = 2333XXX;
	2501XXX = or(2275XXX, 2500XXX);
	2511XXX = and(2495XXX, 2419XXX, 2409XXX);
	2512XXX = and(2495XXX, 2415XXX);
	2513XXX = and(2439XXX, 2433XXX, 2426XXX);
	2514XXX = and(2439XXX, 2433XXX);
	2517XXX = and(2467XXX, 2415XXX);
	2531XXX = nand(2409XXX, 2451XXX);
	2532XXX = nand(2409XXX, 2419XXX, 2467XXX);
	2534XXX = nand(2426XXX, 2455XXX);
	2535XXX = nand(2426XXX, 2433XXX, 2461XXX);
	2607XXX = nand(3326XXX, 3329XXX);
	3330XXX = not(3326XXX);
	2643XXX = and(330XXX, 2491XXX, 2642XXX);
	2687XXX = and(1617XXX, 2680XXX);
	2725XXX = and(1635XXX, 2718XXX);
	2742XXX = and(1644XXX, 2735XXX);
	2760XXX = and(1653XXX, 2753XXX);
	2794XXX = and(1671XXX, 2787XXX);
	2811XXX = and(1680XXX, 2804XXX);
	3280XXX = 2333XXX;
	3290XXX = 2409XXX;
	3298XXX = 2415XXX;
	3316XXX = 2426XXX;
	3406XXX = 2612XXX;
	3414XXX = 2612XXX;
	3422XXX = and(2439XXX, 2439XXX);
	1626XXX = nor(1621XXX, 1623XXX, 1625XXX);
	1662XXX = nor(1657XXX, 1659XXX, 1661XXX);
	2567XXX = and(330XXX, 2512XXX);
	2589XXX = and(330XXX, 2513XXX);
	2608XXX = nand(3323XXX, 3330XXX);
	2654XXX = 2519XXX;
	3253XXX = 2505XXX;
	3277XXX = nand(2530XXX, 2531XXX, 2532XXX);
	3287XXX = or(2448XXX, 2517XXX);
	3305XXX = nand(2533XXX, 2534XXX, 2535XXX);
	3313XXX = 2519XXX;
	3350XXX = and(330XXX, 2511XXX);
	932XXX = or(2643XXX, 2645XXX);
	2508XXX = and(2495XXX, 2401XXX, 2409XXX, 2419XXX);
	2524XXX = nand(2401XXX, 2445XXX);
	2525XXX = nand(2401XXX, 2406XXX, 2451XXX);
	2526XXX = nand(2401XXX, 2406XXX, 2419XXX, 2467XXX);
	3294XXX = not(3290XXX);
	2609XXX = nand(2607XXX, 2608XXX);
	3410XXX = not(3406XXX);
	3418XXX = not(3414XXX);
	2624XXX = nand(3422XXX, 3425XXX);
	3426XXX = not(3422XXX);
	2629XXX = 2501XXX;
	2647XXX = nor(2643XXX, 2645XXX);
	2706XXX = and(1626XXX, 2699XXX);
	2777XXX = and(1662XXX, 2770XXX);
	3264XXX = 2501XXX;
	3284XXX = not(3280XXX);
	3302XXX = not(3298XXX);
	3303XXX = nand(3298XXX, 3301XXX);
	3320XXX = not(3316XXX);
	3398XXX = and(330XXX, 2514XXX);
	2657XXX = not(2654XXX);
	398XXX = and(2519XXX, 2654XXX);
	933XXX = and(932XXX, 927XXX);
	2527XXX = nand(2523XXX, 2524XXX, 2525XXX, 2526XXX);
	3259XXX = not(3253XXX);
	3354XXX = not(3350XXX);
	3293XXX = not(3287XXX);
	2563XXX = nand(3287XXX, 3294XXX);
	3311XXX = not(3305XXX);
	2585XXX = nand(3305XXX, 3312XXX);
	2625XXX = nand(3419XXX, 3426XXX);
	3283XXX = not(3277XXX);
	3286XXX = nand(3277XXX, 3284XXX);
	3304XXX = nand(3295XXX, 3302XXX);
	3319XXX = not(3313XXX);
	3322XXX = nand(3313XXX, 3320XXX);
	3358XXX = 2567XXX;
	3366XXX = 2567XXX;
	3382XXX = 2589XXX;
	3390XXX = 2589XXX;
	397XXX = and(330XXX, 2514XXX, 2657XXX);
	2544XXX = and(330XXX, 2508XXX);
	2562XXX = nand(3290XXX, 3293XXX);
	2584XXX = nand(3308XXX, 3311XXX);
	3402XXX = not(3398XXX);
	2626XXX = nand(2624XXX, 2625XXX);
	2632XXX = not(2629XXX);
	2634XXX = and(2501XXX, 2629XXX);
	2650XXX = 2647XXX;
	3268XXX = not(3264XXX);
	3256XXX = 2508XXX;
	3285XXX = nand(3280XXX, 3283XXX);
	3321XXX = nand(3316XXX, 3319XXX);
	3371XXX = nand(3303XXX, 3304XXX);
	3403XXX = 2609XXX;
	3411XXX = 2609XXX;
	362XXX = or(929XXX, 933XXX, 938XXX);
	1030XXX = nor(929XXX, 933XXX, 938XXX);
	399XXX = or(397XXX, 398XXX);
	2564XXX = nand(2562XXX, 2563XXX);
	3362XXX = not(3358XXX);
	3370XXX = not(3366XXX);
	2586XXX = nand(2584XXX, 2585XXX);
	3386XXX = not(3382XXX);
	3394XXX = not(3390XXX);
	2633XXX = and(330XXX, 2505XXX, 2632XXX);
	3261XXX = 2527XXX;
	3269XXX = 2527XXX;
	3347XXX = nand(3285XXX, 3286XXX);
	3395XXX = nand(3321XXX, 3322XXX);
	363XXX = not(1030XXX);
	2536XXX = nand(3256XXX, 3259XXX);
	3260XXX = not(3256XXX);
	3377XXX = not(3371XXX);
	2580XXX = nand(3371XXX, 3378XXX);
	3409XXX = not(3403XXX);
	2616XXX = nand(3403XXX, 3410XXX);
	3417XXX = not(3411XXX);
	2622XXX = nand(3411XXX, 3418XXX);
	2635XXX = nor(2633XXX, 2634XXX);
	2805XXX = and(2626XXX, 2802XXX);
	2808XXX = and(2626XXX, 2803XXX);
	3334XXX = 2544XXX;
	3342XXX = 2544XXX;
	3454XXX = 2650XXX;
	364XXX = and(362XXX, 363XXX);
	2537XXX = nand(3253XXX, 3260XXX);
	3275XXX = not(3269XXX);
	2540XXX = nand(3269XXX, 3276XXX);
	3353XXX = not(3347XXX);
	2557XXX = nand(3347XXX, 3354XXX);
	2579XXX = nand(3374XXX, 3377XXX);
	3401XXX = not(3395XXX);
	2602XXX = nand(3395XXX, 3402XXX);
	2615XXX = nand(3406XXX, 3409XXX);
	2621XXX = nand(3414XXX, 3417XXX);
	3267XXX = not(3261XXX);
	3112XXX = nand(3261XXX, 3268XXX);
	3355XXX = 2564XXX;
	3363XXX = 2564XXX;
	3379XXX = 2586XXX;
	3387XXX = 2586XXX;
	2538XXX = nand(2536XXX, 2537XXX);
	2539XXX = nand(3272XXX, 3275XXX);
	3338XXX = not(3334XXX);
	3346XXX = not(3342XXX);
	2556XXX = nand(3350XXX, 3353XXX);
	2581XXX = nand(2579XXX, 2580XXX);
	2601XXX = nand(3398XXX, 3401XXX);
	2617XXX = nand(2615XXX, 2616XXX);
	2623XXX = nand(2621XXX, 2622XXX);
	2638XXX = 2635XXX;
	3458XXX = not(3454XXX);
	2814XXX = or(2805XXX, 2808XXX, 2811XXX);
	2816XXX = nor(2805XXX, 2808XXX, 2811XXX);
	3111XXX = nand(3264XXX, 3267XXX);
	2541XXX = nand(2539XXX, 2540XXX);
	2558XXX = nand(2556XXX, 2557XXX);
	3361XXX = not(3355XXX);
	2571XXX = nand(3355XXX, 3362XXX);
	3369XXX = not(3363XXX);
	2577XXX = nand(3363XXX, 3370XXX);
	3385XXX = not(3379XXX);
	2593XXX = nand(3379XXX, 3386XXX);
	3393XXX = not(3387XXX);
	2598XXX = nand(3387XXX, 3394XXX);
	2603XXX = nand(2601XXX, 2602XXX);
	3113XXX = nand(3111XXX, 3112XXX);
	3116XXX = and(330XXX, 2538XXX);
	3451XXX = not(2623XXX);
	395XXX = not(2816XXX);
	2570XXX = nand(3358XXX, 3361XXX);
	2576XXX = nand(3366XXX, 3369XXX);
	2592XXX = nand(3382XXX, 3385XXX);
	2597XXX = nand(3390XXX, 3393XXX);
	2736XXX = and(2581XXX, 2733XXX);
	2739XXX = and(2581XXX, 2734XXX);
	2788XXX = and(2617XXX, 2785XXX);
	3438XXX = 2638XXX;
	3446XXX = and(2617XXX, 2647XXX);
	3459XXX = 2814XXX;
	396XXX = and(2814XXX, 395XXX);
	3119XXX = not(3113XXX);
	3120XXX = not(3116XXX);
	2572XXX = nand(2570XXX, 2571XXX);
	2578XXX = nand(2576XXX, 2577XXX);
	2594XXX = nand(2592XXX, 2593XXX);
	2599XXX = nand(2597XXX, 2598XXX);
	2677XXX = nand(3451XXX, 3458XXX);
	3457XXX = not(3451XXX);
	2700XXX = and(2558XXX, 2697XXX);
	2771XXX = and(2603XXX, 2768XXX);
	3331XXX = 2541XXX;
	3339XXX = 2541XXX;
	3427XXX = 2558XXX;
	3443XXX = 2603XXX;
	954XXX = nand(3116XXX, 3119XXX);
	955XXX = nand(3113XXX, 3120XXX);
	2600XXX = not(2599XXX);
	3442XXX = not(3438XXX);
	3450XXX = not(3446XXX);
	2676XXX = nand(3454XXX, 3457XXX);
	2745XXX = or(2736XXX, 2739XXX, 2742XXX);
	2748XXX = nor(2736XXX, 2739XXX, 2742XXX);
	3465XXX = not(3459XXX);
	3435XXX = not(2578XXX);
	950XXX = nand(954XXX, 955XXX);
	3337XXX = not(3331XXX);
	2548XXX = nand(3331XXX, 3338XXX);
	3345XXX = not(3339XXX);
	2553XXX = nand(3339XXX, 3346XXX);
	2661XXX = nor(2600XXX, 2650XXX);
	2662XXX = and(2617XXX, 2603XXX, 2594XXX, 2650XXX);
	3433XXX = not(3427XXX);
	3449XXX = not(3443XXX);
	2672XXX = nand(3443XXX, 3450XXX);
	2674XXX = nand(2676XXX, 2677XXX);
	2719XXX = and(2572XXX, 2716XXX);
	2754XXX = and(2594XXX, 2751XXX);
	3430XXX = and(2572XXX, 2635XXX);
	383XXX = not(2748XXX);
	951XXX = and(950XXX, 943XXX);
	2547XXX = nand(3334XXX, 3337XXX);
	2552XXX = nand(3342XXX, 3345XXX);
	2663XXX = or(2661XXX, 2662XXX);
	2670XXX = nand(3435XXX, 3442XXX);
	3441XXX = not(3435XXX);
	2671XXX = nand(3446XXX, 3449XXX);
	2675XXX = not(2674XXX);
	3491XXX = 2745XXX;
	3499XXX = 2745XXX;
	384XXX = and(2745XXX, 383XXX);
	2549XXX = nand(2547XXX, 2548XXX);
	2554XXX = nand(2552XXX, 2553XXX);
	2664XXX = nand(3430XXX, 3433XXX);
	3434XXX = not(3430XXX);
	2669XXX = nand(3438XXX, 3441XXX);
	2673XXX = nand(2671XXX, 2672XXX);
	2757XXX = and(2663XXX, 2752XXX);
	2791XXX = and(2675XXX, 2786XXX);
	365XXX = or(944XXX, 947XXX, 951XXX);
	1031XXX = nor(944XXX, 947XXX, 951XXX);
	2555XXX = not(2554XXX);
	2665XXX = nand(3427XXX, 3434XXX);
	2667XXX = nand(2669XXX, 2670XXX);
	2774XXX = and(2673XXX, 2769XXX);
	3497XXX = not(3491XXX);
	3505XXX = not(3499XXX);
	366XXX = not(1031XXX);
	2658XXX = nor(2555XXX, 2638XXX);
	2659XXX = and(2572XXX, 2558XXX, 2549XXX, 2638XXX);
	2666XXX = nand(2664XXX, 2665XXX);
	2668XXX = not(2667XXX);
	2681XXX = and(2549XXX, 2678XXX);
	2763XXX = or(2754XXX, 2757XXX, 2760XXX);
	2765XXX = nor(2754XXX, 2757XXX, 2760XXX);
	2797XXX = or(2788XXX, 2791XXX, 2794XXX);
	2799XXX = nor(2788XXX, 2791XXX, 2794XXX);
	367XXX = and(365XXX, 366XXX);
	2660XXX = or(2658XXX, 2659XXX);
	2703XXX = and(2666XXX, 2698XXX);
	2722XXX = and(2668XXX, 2717XXX);
	2780XXX = or(2771XXX, 2774XXX, 2777XXX);
	2782XXX = nor(2771XXX, 2774XXX, 2777XXX);
	386XXX = not(2765XXX);
	392XXX = not(2799XXX);
	2684XXX = and(2660XXX, 2679XXX);
	3462XXX = 2797XXX;
	3470XXX = 2763XXX;
	387XXX = and(2763XXX, 386XXX);
	389XXX = not(2782XXX);
	393XXX = and(2797XXX, 392XXX);
	2709XXX = or(2700XXX, 2703XXX, 2706XXX);
	2713XXX = nor(2700XXX, 2703XXX, 2706XXX);
	2728XXX = or(2719XXX, 2722XXX, 2725XXX);
	2730XXX = nor(2719XXX, 2722XXX, 2725XXX);
	2922XXX = and(2816XXX, 2799XXX, 2782XXX, 2765XXX);
	3467XXX = 2780XXX;
	390XXX = and(2780XXX, 389XXX);
	2690XXX = or(2681XXX, 2684XXX, 2687XXX);
	2694XXX = nor(2681XXX, 2684XXX, 2687XXX);
	2821XXX = nand(3462XXX, 3465XXX);
	3466XXX = not(3462XXX);
	3474XXX = not(3470XXX);
	378XXX = and(2709XXX, 2709XXX);
	380XXX = not(2730XXX);
	2822XXX = nand(3459XXX, 3466XXX);
	3473XXX = not(3467XXX);
	2827XXX = nand(3467XXX, 3474XXX);
	2839XXX = 2728XXX;
	2883XXX = and(2709XXX, 2871XXX);
	3507XXX = 2709XXX;
	375XXX = and(2690XXX, 2690XXX);
	381XXX = and(2728XXX, 380XXX);
	2823XXX = nand(2821XXX, 2822XXX);
	2826XXX = nand(3470XXX, 3473XXX);
	2880XXX = and(2871XXX, 2690XXX);
	2925XXX = and(2748XXX, 2730XXX, 2713XXX, 2694XXX);
	2928XXX = and(2713XXX, 2694XXX, 2874XXX);
	3510XXX = 2690XXX;
	2828XXX = nand(2826XXX, 2827XXX);
	3494XXX = 2839XXX;
	3502XXX = 2839XXX;
	3513XXX = not(3507XXX);
	3544XXX = 2883XXX;
	3552XXX = 2883XXX;
	406XXX = and(2922XXX, 2925XXX);
	2929XXX = and(2922XXX, 2925XXX);
	3475XXX = 2823XXX;
	3483XXX = 2823XXX;
	3514XXX = not(3510XXX);
	3515XXX = nand(3510XXX, 3513XXX);
	3541XXX = 2880XXX;
	3549XXX = 2880XXX;
	407XXX = not(406XXX);
	2930XXX = nor(2928XXX, 2929XXX);
	2842XXX = nand(3494XXX, 3497XXX);
	3498XXX = not(3494XXX);
	2852XXX = nand(3502XXX, 3505XXX);
	3506XXX = not(3502XXX);
	3548XXX = not(3544XXX);
	3556XXX = not(3552XXX);
	3478XXX = 2828XXX;
	3486XXX = 2828XXX;
	3516XXX = nand(3507XXX, 3514XXX);
	408XXX = and(213XXX, 2930XXX);
	3481XXX = not(3475XXX);
	3489XXX = not(3483XXX);
	2843XXX = nand(3491XXX, 3498XXX);
	2853XXX = nand(3499XXX, 3506XXX);
	3547XXX = not(3541XXX);
	2887XXX = nand(3541XXX, 3548XXX);
	2896XXX = nand(3549XXX, 3556XXX);
	3555XXX = not(3549XXX);
	3520XXX = nand(3515XXX, 3516XXX);
	409XXX = not(408XXX);
	2831XXX = nand(3478XXX, 3481XXX);
	3482XXX = not(3478XXX);
	2836XXX = nand(3486XXX, 3489XXX);
	3490XXX = not(3486XXX);
	2844XXX = nand(2842XXX, 2843XXX);
	2848XXX = nand(2852XXX, 2853XXX);
	2886XXX = nand(3544XXX, 3547XXX);
	2895XXX = nand(3552XXX, 3555XXX);
	2832XXX = nand(3475XXX, 3482XXX);
	2837XXX = nand(3483XXX, 3490XXX);
	2849XXX = not(2848XXX);
	3524XXX = not(3520XXX);
	2888XXX = nand(2886XXX, 2887XXX);
	2891XXX = nand(2895XXX, 2896XXX);
	2833XXX = nand(2831XXX, 2832XXX);
	2838XXX = nand(2836XXX, 2837XXX);
	2892XXX = not(2891XXX);
	3517XXX = 2844XXX;
	2906XXX = and(2844XXX, 2888XXX, 2900XXX);
	2908XXX = and(2849XXX, 2888XXX, 2903XXX);
	2913XXX = not(2838XXX);
	3523XXX = not(3517XXX);
	2855XXX = nand(3517XXX, 3524XXX);
	2907XXX = and(2844XXX, 2892XXX, 2903XXX);
	2909XXX = and(2849XXX, 2892XXX, 2900XXX);
	3525XXX = 2833XXX;
	3533XXX = 2833XXX;
	2854XXX = nand(3520XXX, 3523XXX);
	2910XXX = or(2906XXX, 2907XXX, 2908XXX, 2909XXX);
	3560XXX = 2913XXX;
	3568XXX = 2913XXX;
	2856XXX = nand(2854XXX, 2855XXX);
	3539XXX = not(3533XXX);
	3531XXX = not(3525XXX);
	3572XXX = not(3568XXX);
	3564XXX = not(3560XXX);
	3557XXX = 2910XXX;
	3565XXX = 2910XXX;
	3528XXX = 2856XXX;
	3536XXX = 2856XXX;
	2921XXX = nand(3557XXX, 3564XXX);
	2917XXX = nand(3565XXX, 3572XXX);
	3571XXX = not(3565XXX);
	3563XXX = not(3557XXX);
	2863XXX = nand(3528XXX, 3531XXX);
	2859XXX = nand(3536XXX, 3539XXX);
	2920XXX = nand(3560XXX, 3563XXX);
	2916XXX = nand(3568XXX, 3571XXX);
	3540XXX = not(3536XXX);
	3532XXX = not(3528XXX);
	2864XXX = nand(3525XXX, 3532XXX);
	2860XXX = nand(3533XXX, 3540XXX);
	403XXX = nand(2920XXX, 2921XXX);
	404XXX = nand(2916XXX, 2917XXX);
	400XXX = nand(2863XXX, 2864XXX);
	401XXX = nand(2859XXX, 2860XXX);
	405XXX = and(403XXX, 404XXX);
	402XXX = nand(400XXX, 401XXX);
ENDMODULE

