MODULE c5315
INPUT   
	332XXX,351XXX,358XXX,534XXX,341XXX,348XXX,523XXX,361XXX,366XXX,
	54XXX,338XXX,514XXX,4091XXX,4092XXX,3552XXX,3546XXX,130XXX,
	3550XXX,3548XXX,119XXX,316XXX,323XXX,490XXX,308XXX,315XXX,
	479XXX,302XXX,307XXX,293XXX,299XXX,324XXX,331XXX,503XXX,2174XXX,
	248XXX,251XXX,242XXX,254XXX,94XXX,1691XXX,1694XXX,335XXX,226XXX,
	233XXX,422XXX,218XXX,225XXX,468XXX,210XXX,217XXX,457XXX,206XXX,
	209XXX,446XXX,234XXX,241XXX,435XXX,257XXX,264XXX,389XXX,265XXX,
	272XXX,400XXX,273XXX,280XXX,411XXX,281XXX,288XXX,374XXX,1497XXX,
	97XXX,176XXX,179XXX,137XXX,1689XXX,1690XXX,4089XXX,4090XXX,
	14XXX,64XXX,4088XXX,4087XXX,118XXX,120XXX,52XXX,4XXX,122XXX,
	200XXX,170XXX,123XXX,115XXX,191XXX,161XXX,121XXX,114XXX,194XXX,
	164XXX,116XXX,53XXX,197XXX,167XXX,112XXX,113XXX,203XXX,173XXX,
	91XXX,40XXX,100XXX,103XXX,46XXX,49XXX,128XXX,149XXX,146XXX,
	109XXX,106XXX,127XXX,155XXX,152XXX,129XXX,126XXX,188XXX,158XXX,
	289XXX,292XXX,369XXX,372XXX,562XXX,386XXX,559XXX,556XXX,552XXX,
	245XXX,132XXX,3717XXX,3724XXX,135XXX,4115XXX,43XXX,37XXX,67XXX,
	70XXX,73XXX,17XXX,76XXX,20XXX,131XXX,117XXX,11XXX,61XXX,182XXX,
	185XXX,2358XXX,87XXX,86XXX,31XXX,27XXX,82XXX,80XXX,141XXX,79XXX,
	23XXX,26XXX,81XXX,24XXX,25XXX,83XXX,34XXX,88XXX,140XXX,2824XXX,
	1XXX,145XXX,373XXX,3173XXX,136XXX,549XXX,545XXX;
OUTPUT
	144XXX,	298XXX,	973XXX,	594XXX,	599XXX,	600XXX,	601XXX,	602XXX,	603XXX,
	604XXX,	611XXX,	612XXX,	810XXX,	848XXX,	849XXX,	850XXX,851XXX,	634XXX,
	815XXX,	845XXX,	847XXX,	926XXX,	923XXX,	921XXX,	892XXX,	887XXX,	606XXX,
	656XXX,	809XXX,	993XXX,	978XXX,	949XXX,	939XXX,	889XXX,	593XXX,	636XXX,
	704XXX,	717XXX,	820XXX,	639XXX,	673XXX,	707XXX,	715XXX,
	598XXX,	610XXX,	588XXX,	615XXX,	626XXX,	632XXX,	1002XXX,1004XXX,
	591XXX,	618XXX,	621XXX,	629XXX,	822XXX,	838XXX,	861XXX,	623XXX,	722XXX,
	832XXX,	834XXX,	836XXX,	859XXX,	871XXX,	873XXX,	875XXX,	877XXX,	998XXX,
	1000XXX,575XXX,	585XXX,	661XXX,	693XXX,	747XXX,	752XXX,	757XXX,	762XXX,
	787XXX,	792XXX,	797XXX,	802XXX,	642XXX,	664XXX,	667XXX,	670XXX,	676XXX,
	696XXX,	699XXX,	702XXX,	818XXX,	813XXX,	824XXX,	826XXX,	828XXX,	830XXX,
	854XXX,	863XXX,	865XXX,	867XXX,	869XXX,	712XXX,	727XXX,	732XXX,	737XXX,
	742XXX,	772XXX,	777XXX,	782XXX,	645XXX,	648XXX,	651XXX,	654XXX,	679XXX,
	682XXX,	685XXX,	688XXX,	843XXX,	882XXX,	767XXX,	807XXX,	658XXX,	690XXX;
STRUCTURE
	144XXX = 141XXX;
	298XXX = 293XXX;
	4114XXX = and(135XXX, 4115XXX);
	2825XXX = not(2824XXX);
	973XXX = 3173XXX;
	3547XXX = not(3546XXX);
	3549XXX = not(3548XXX);
	3551XXX = not(3550XXX);
	3553XXX = not(3552XXX);
	594XXX = not(545XXX);
	599XXX = not(348XXX);
	600XXX = not(366XXX);
	601XXX = and(552XXX, 562XXX);
	602XXX = not(549XXX);
	603XXX = not(545XXX);
	604XXX = not(545XXX);
	611XXX = not(338XXX);
	612XXX = not(358XXX);
	633XXX = nand(373XXX, 1XXX);
	810XXX = and(141XXX, 145XXX);
	814XXX = not(3173XXX);
	816XXX = not(4114XXX);
	844XXX = and(2825XXX, 27XXX);
	846XXX = and(386XXX, 556XXX);
	848XXX = not(245XXX);
	849XXX = not(552XXX);
	850XXX = not(562XXX);
	851XXX = not(559XXX);
	852XXX = and(386XXX, 559XXX, 556XXX, 552XXX);
	1502XXX = not(1497XXX);
	1528XXX = 1689XXX;
	1552XXX = 1690XXX;
	1609XXX = 1689XXX;
	1633XXX = 1690XXX;
	1697XXX = 137XXX;
	1698XXX = 137XXX;
	1701XXX = 141XXX;
	2179XXX = not(2174XXX);
	2203XXX = 1691XXX;
	2226XXX = 1694XXX;
	2281XXX = 1691XXX;
	2304XXX = 1694XXX;
	2361XXX = 254XXX;
	2370XXX = 251XXX;
	2382XXX = 251XXX;
	2393XXX = 248XXX;
	2405XXX = 248XXX;
	2418XXX = 4088XXX;
	2442XXX = 4087XXX;
	2476XXX = 4089XXX;
	2500XXX = 4090XXX;
	2533XXX = 210XXX;
	2537XXX = 210XXX;
	2541XXX = 218XXX;
	2545XXX = 218XXX;
	2549XXX = 226XXX;
	2553XXX = 226XXX;
	2557XXX = 234XXX;
	2561XXX = 234XXX;
	2627XXX = 257XXX;
	2631XXX = 257XXX;
	2635XXX = 265XXX;
	2639XXX = 265XXX;
	2643XXX = 273XXX;
	2647XXX = 273XXX;
	2651XXX = 281XXX;
	2655XXX = 281XXX;
	2721XXX = 335XXX;
	2734XXX = 335XXX;
	2816XXX = 206XXX;
	2822XXX = and(27XXX, 31XXX);
	2826XXX = 1XXX;
	2828XXX = 2358XXX;
	2882XXX = 293XXX;
	2886XXX = 302XXX;
	2890XXX = 308XXX;
	2894XXX = 308XXX;
	2898XXX = 316XXX;
	2902XXX = 316XXX;
	2948XXX = 324XXX;
	2952XXX = 324XXX;
	2956XXX = 341XXX;
	2960XXX = 341XXX;
	2964XXX = 351XXX;
	2968XXX = 351XXX;
	3024XXX = 257XXX;
	3028XXX = 257XXX;
	3032XXX = 265XXX;
	3036XXX = 265XXX;
	3040XXX = 273XXX;
	3044XXX = 273XXX;
	3048XXX = 281XXX;
	3052XXX = 281XXX;
	3092XXX = 332XXX;
	3105XXX = 332XXX;
	3175XXX = 549XXX;
	3176XXX = and(31XXX, 27XXX);
	3181XXX = not(2358XXX);
	3204XXX = 324XXX;
	3208XXX = 324XXX;
	3212XXX = 341XXX;
	3216XXX = 341XXX;
	3220XXX = 351XXX;
	3224XXX = 351XXX;
	3256XXX = 293XXX;
	3260XXX = 302XXX;
	3264XXX = 308XXX;
	3268XXX = 308XXX;
	3272XXX = 316XXX;
	3276XXX = 316XXX;
	3302XXX = 361XXX;
	3314XXX = 361XXX;
	3354XXX = 210XXX;
	3358XXX = 210XXX;
	3362XXX = 218XXX;
	3366XXX = 218XXX;
	3370XXX = 226XXX;
	3374XXX = 226XXX;
	3378XXX = 234XXX;
	3382XXX = 234XXX;
	3440XXX = not(324XXX);
	3554XXX = 242XXX;
	3555XXX = 242XXX;
	3556XXX = 254XXX;
	3558XXX = 4088XXX;
	3582XXX = 4087XXX;
	3616XXX = 4092XXX;
	3628XXX = 4091XXX;
	3660XXX = 4089XXX;
	3684XXX = 4090XXX;
	3721XXX = not(3717XXX);
	3728XXX = not(3724XXX);
	3737XXX = 4091XXX;
	3757XXX = 4092XXX;
	3795XXX = 4091XXX;
	3815XXX = 4092XXX;
	3972XXX = 4091XXX;
	3991XXX = 4092XXX;
	4030XXX = 4091XXX;
	4049XXX = 4092XXX;
	4110XXX = 299XXX;
	4119XXX = 446XXX;
	4127XXX = 457XXX;
	4135XXX = 468XXX;
	4143XXX = 422XXX;
	4151XXX = 435XXX;
	4159XXX = 389XXX;
	4167XXX = 400XXX;
	4175XXX = 411XXX;
	4183XXX = 374XXX;
	4188XXX = 4XXX;
	4276XXX = 446XXX;
	4284XXX = 457XXX;
	4292XXX = 468XXX;
	4300XXX = 435XXX;
	4308XXX = 389XXX;
	4316XXX = 400XXX;
	4324XXX = 411XXX;
	4332XXX = 422XXX;
	4340XXX = 374XXX;
	4631XXX = 479XXX;
	4639XXX = 490XXX;
	4647XXX = 503XXX;
	4655XXX = 514XXX;
	4663XXX = 523XXX;
	4671XXX = 534XXX;
	4676XXX = 54XXX;
	4764XXX = 479XXX;
	4772XXX = 503XXX;
	4780XXX = 514XXX;
	4788XXX = 523XXX;
	4796XXX = 534XXX;
	4804XXX = 490XXX;
	5082XXX = 361XXX;
	5085XXX = 369XXX;
	5090XXX = 341XXX;
	5093XXX = 351XXX;
	5098XXX = 308XXX;
	5101XXX = 316XXX;
	5108XXX = 293XXX;
	5111XXX = 302XXX;
	5332XXX = 281XXX;
	5335XXX = 289XXX;
	5340XXX = 265XXX;
	5343XXX = 273XXX;
	5348XXX = 234XXX;
	5351XXX = 257XXX;
	5356XXX = 218XXX;
	5359XXX = 226XXX;
	5369XXX = 210XXX;
	634XXX = not(633XXX);
	815XXX = and(136XXX, 814XXX);
	845XXX = not(844XXX);
	847XXX = not(846XXX);
	926XXX = 1697XXX;
	923XXX = 1701XXX;
	921XXX = 2826XXX;
	2979XXX = and(3553XXX, 514XXX);
	2999XXX = or(3547XXX, 514XXX);
	892XXX = 3175XXX;
	887XXX = 4110XXX;
	606XXX = not(3175XXX);
	1580XXX = and(170XXX, 1528XXX, 1552XXX);
	1586XXX = and(173XXX, 1528XXX, 1552XXX);
	1592XXX = and(167XXX, 1528XXX, 1552XXX);
	1598XXX = and(164XXX, 1528XXX, 1552XXX);
	1604XXX = and(161XXX, 1528XXX, 1552XXX);
	656XXX = nand(2822XXX, 140XXX);
	1668XXX = and(185XXX, 1609XXX, 1633XXX);
	1674XXX = and(158XXX, 1609XXX, 1633XXX);
	1680XXX = and(152XXX, 1609XXX, 1633XXX);
	1686XXX = and(146XXX, 1609XXX, 1633XXX);
	2254XXX = and(170XXX, 2203XXX, 2226XXX);
	2260XXX = and(173XXX, 2203XXX, 2226XXX);
	2266XXX = and(167XXX, 2203XXX, 2226XXX);
	2272XXX = and(164XXX, 2203XXX, 2226XXX);
	2278XXX = and(161XXX, 2203XXX, 2226XXX);
	2339XXX = and(185XXX, 2281XXX, 2304XXX);
	2345XXX = and(158XXX, 2281XXX, 2304XXX);
	2351XXX = and(152XXX, 2281XXX, 2304XXX);
	2357XXX = and(146XXX, 2281XXX, 2304XXX);
	711XXX = and(106XXX, 3660XXX, 3684XXX);
	721XXX = and(61XXX, 2418XXX, 2442XXX);
	726XXX = and(106XXX, 3558XXX, 3582XXX);
	731XXX = and(49XXX, 3558XXX, 3582XXX);
	736XXX = and(103XXX, 3558XXX, 3582XXX);
	741XXX = and(40XXX, 3558XXX, 3582XXX);
	746XXX = and(37XXX, 3558XXX, 3582XXX);
	751XXX = and(20XXX, 2418XXX, 2442XXX);
	756XXX = and(17XXX, 2418XXX, 2442XXX);
	761XXX = and(70XXX, 2418XXX, 2442XXX);
	766XXX = and(64XXX, 2418XXX, 2442XXX);
	771XXX = and(49XXX, 3660XXX, 3684XXX);
	776XXX = and(103XXX, 3660XXX, 3684XXX);
	781XXX = and(40XXX, 3660XXX, 3684XXX);
	786XXX = and(37XXX, 3660XXX, 3684XXX);
	791XXX = and(20XXX, 2476XXX, 2500XXX);
	796XXX = and(17XXX, 2476XXX, 2500XXX);
	801XXX = and(70XXX, 2476XXX, 2500XXX);
	806XXX = and(64XXX, 2476XXX, 2500XXX);
	809XXX = not(2822XXX);
	3734XXX = and(123XXX, 3728XXX, 3717XXX);
	842XXX = and(3795XXX, 3815XXX);
	858XXX = and(61XXX, 2476XXX, 2500XXX);
	881XXX = and(3737XXX, 3757XXX);
	4123XXX = not(4119XXX);
	4131XXX = not(4127XXX);
	4139XXX = not(4135XXX);
	4147XXX = not(4143XXX);
	4155XXX = not(4151XXX);
	4163XXX = not(4159XXX);
	4171XXX = not(4167XXX);
	4179XXX = not(4175XXX);
	4187XXX = not(4183XXX);
	4194XXX = not(4188XXX);
	4282XXX = not(4276XXX);
	4290XXX = not(4284XXX);
	4298XXX = not(4292XXX);
	4306XXX = not(4300XXX);
	4314XXX = not(4308XXX);
	4322XXX = not(4316XXX);
	4330XXX = not(4324XXX);
	4338XXX = not(4332XXX);
	4346XXX = not(4340XXX);
	1526XXX = 1697XXX;
	1540XXX = not(1528XXX);
	1564XXX = not(1552XXX);
	1606XXX = 1697XXX;
	1621XXX = not(1609XXX);
	1645XXX = not(1633XXX);
	1661XXX = and(179XXX, 1609XXX, 1633XXX);
	1688XXX = 2826XXX;
	4635XXX = not(4631XXX);
	4643XXX = not(4639XXX);
	4651XXX = not(4647XXX);
	4659XXX = not(4655XXX);
	4667XXX = not(4663XXX);
	4675XXX = not(4671XXX);
	4682XXX = not(4676XXX);
	4770XXX = not(4764XXX);
	4778XXX = not(4772XXX);
	4786XXX = not(4780XXX);
	4794XXX = not(4788XXX);
	4802XXX = not(4796XXX);
	4810XXX = not(4804XXX);
	2202XXX = 1698XXX;
	2215XXX = not(2203XXX);
	2238XXX = not(2226XXX);
	2279XXX = 1698XXX;
	2293XXX = not(2281XXX);
	2316XXX = not(2304XXX);
	2332XXX = and(179XXX, 2281XXX, 2304XXX);
	2430XXX = not(2418XXX);
	2454XXX = not(2442XXX);
	2488XXX = not(2476XXX);
	2512XXX = not(2500XXX);
	2536XXX = not(2533XXX);
	2540XXX = not(2537XXX);
	2544XXX = not(2541XXX);
	2548XXX = not(2545XXX);
	2552XXX = not(2549XXX);
	2556XXX = not(2553XXX);
	2560XXX = not(2557XXX);
	2564XXX = not(2561XXX);
	2566XXX = and(3553XXX, 457XXX, 2537XXX);
	2572XXX = and(3553XXX, 468XXX, 2545XXX);
	2578XXX = and(3553XXX, 422XXX, 2553XXX);
	2584XXX = and(3553XXX, 435XXX, 2561XXX);
	2590XXX = and(3547XXX, 2533XXX);
	2595XXX = and(3547XXX, 2541XXX);
	2600XXX = and(3547XXX, 2549XXX);
	2605XXX = and(3547XXX, 2557XXX);
	2630XXX = not(2627XXX);
	2634XXX = not(2631XXX);
	2638XXX = not(2635XXX);
	2642XXX = not(2639XXX);
	2646XXX = not(2643XXX);
	2650XXX = not(2647XXX);
	2654XXX = not(2651XXX);
	2658XXX = not(2655XXX);
	2660XXX = and(3553XXX, 389XXX, 2631XXX);
	2666XXX = and(3553XXX, 400XXX, 2639XXX);
	2672XXX = and(3553XXX, 411XXX, 2647XXX);
	2678XXX = and(3553XXX, 374XXX, 2655XXX);
	2684XXX = and(3547XXX, 2627XXX);
	2689XXX = and(3547XXX, 2635XXX);
	2694XXX = and(3547XXX, 2643XXX);
	2699XXX = and(3547XXX, 2651XXX);
	2728XXX = not(2721XXX);
	2741XXX = not(2734XXX);
	2748XXX = and(292XXX, 2721XXX);
	2750XXX = and(288XXX, 2721XXX);
	2752XXX = and(280XXX, 2721XXX);
	2754XXX = and(272XXX, 2721XXX);
	2756XXX = and(264XXX, 2721XXX);
	2758XXX = and(241XXX, 2734XXX);
	2760XXX = and(233XXX, 2734XXX);
	2762XXX = and(225XXX, 2734XXX);
	2764XXX = and(217XXX, 2734XXX);
	2766XXX = and(209XXX, 2734XXX);
	2827XXX = 1701XXX;
	2838XXX = not(2828XXX);
	2847XXX = not(2822XXX);
	2885XXX = not(2882XXX);
	2889XXX = not(2886XXX);
	2893XXX = not(2890XXX);
	2897XXX = not(2894XXX);
	2901XXX = not(2898XXX);
	2905XXX = not(2902XXX);
	2906XXX = and(2393XXX, 2886XXX);
	2909XXX = and(2393XXX, 479XXX, 2894XXX);
	2913XXX = and(2393XXX, 490XXX, 2902XXX);
	2918XXX = and(3554XXX, 2882XXX);
	2922XXX = and(3554XXX, 2890XXX);
	2927XXX = and(3554XXX, 2898XXX);
	2951XXX = not(2948XXX);
	2955XXX = not(2952XXX);
	2959XXX = not(2956XXX);
	2963XXX = not(2960XXX);
	2967XXX = not(2964XXX);
	2971XXX = not(2968XXX);
	2973XXX = and(3553XXX, 503XXX, 2952XXX);
	2980XXX = not(2979XXX);
	2982XXX = and(3553XXX, 523XXX, 2960XXX);
	2988XXX = and(3553XXX, 534XXX, 2968XXX);
	2994XXX = and(3547XXX, 2948XXX);
	3001XXX = and(3547XXX, 2956XXX);
	3006XXX = and(3547XXX, 2964XXX);
	3027XXX = not(3024XXX);
	3031XXX = not(3028XXX);
	3035XXX = not(3032XXX);
	3039XXX = not(3036XXX);
	3043XXX = not(3040XXX);
	3047XXX = not(3044XXX);
	3051XXX = not(3048XXX);
	3055XXX = not(3052XXX);
	3056XXX = and(2393XXX, 389XXX, 3028XXX);
	3060XXX = and(2393XXX, 400XXX, 3036XXX);
	3064XXX = and(2393XXX, 411XXX, 3044XXX);
	3068XXX = and(2393XXX, 374XXX, 3052XXX);
	3073XXX = and(3554XXX, 3024XXX);
	3078XXX = and(3554XXX, 3032XXX);
	3083XXX = and(3554XXX, 3040XXX);
	3088XXX = and(3554XXX, 3048XXX);
	3099XXX = not(3092XXX);
	3112XXX = not(3105XXX);
	3119XXX = and(372XXX, 3092XXX);
	3121XXX = and(366XXX, 3092XXX);
	3123XXX = and(358XXX, 3092XXX);
	3125XXX = and(348XXX, 3092XXX);
	3126XXX = and(338XXX, 3092XXX);
	3128XXX = and(331XXX, 3105XXX);
	3130XXX = and(323XXX, 3105XXX);
	3132XXX = and(315XXX, 3105XXX);
	3134XXX = and(307XXX, 3105XXX);
	3136XXX = and(299XXX, 3105XXX);
	3187XXX = not(3181XXX);
	3193XXX = and(83XXX, 3181XXX);
	3196XXX = and(86XXX, 3181XXX);
	3199XXX = and(88XXX, 3181XXX);
	3202XXX = and(88XXX, 3181XXX);
	3207XXX = not(3204XXX);
	3211XXX = not(3208XXX);
	3215XXX = not(3212XXX);
	3219XXX = not(3216XXX);
	3223XXX = not(3220XXX);
	3227XXX = not(3224XXX);
	3228XXX = and(2405XXX, 503XXX, 3208XXX);
	3232XXX = and(2405XXX, 514XXX);
	3234XXX = and(2405XXX, 523XXX, 3216XXX);
	3238XXX = and(2405XXX, 534XXX, 3224XXX);
	3243XXX = and(3555XXX, 3204XXX);
	3247XXX = or(3555XXX, 514XXX);
	3249XXX = and(3555XXX, 3212XXX);
	3253XXX = and(3555XXX, 3220XXX);
	3259XXX = not(3256XXX);
	3263XXX = not(3260XXX);
	3267XXX = not(3264XXX);
	3271XXX = not(3268XXX);
	3275XXX = not(3272XXX);
	3279XXX = not(3276XXX);
	3280XXX = and(2405XXX, 3260XXX);
	3283XXX = and(2405XXX, 479XXX, 3268XXX);
	3287XXX = and(2405XXX, 490XXX, 3276XXX);
	3292XXX = and(3555XXX, 3256XXX);
	3295XXX = and(3555XXX, 3264XXX);
	3299XXX = and(3555XXX, 3272XXX);
	3305XXX = not(3302XXX);
	3306XXX = 2816XXX;
	3310XXX = 2816XXX;
	3317XXX = not(3314XXX);
	3318XXX = 2816XXX;
	3322XXX = 2816XXX;
	3326XXX = and(2405XXX, 3302XXX);
	3333XXX = and(2405XXX, 3314XXX);
	3357XXX = not(3354XXX);
	3361XXX = not(3358XXX);
	3365XXX = not(3362XXX);
	3369XXX = not(3366XXX);
	3373XXX = not(3370XXX);
	3377XXX = not(3374XXX);
	3381XXX = not(3378XXX);
	3385XXX = not(3382XXX);
	3386XXX = and(2393XXX, 457XXX, 3358XXX);
	3390XXX = and(2393XXX, 468XXX, 3366XXX);
	3394XXX = and(2393XXX, 422XXX, 3374XXX);
	3398XXX = and(2393XXX, 435XXX, 3382XXX);
	3403XXX = and(3554XXX, 3354XXX);
	3408XXX = and(3554XXX, 3362XXX);
	3413XXX = and(3554XXX, 3370XXX);
	3418XXX = and(3554XXX, 3378XXX);
	5088XXX = not(5082XXX);
	5089XXX = not(5085XXX);
	5096XXX = not(5090XXX);
	5097XXX = not(5093XXX);
	3489XXX = 3440XXX;
	3493XXX = 3440XXX;
	3570XXX = not(3558XXX);
	3594XXX = not(3582XXX);
	3622XXX = not(3616XXX);
	3632XXX = not(3628XXX);
	3637XXX = and(97XXX, 3616XXX);
	3640XXX = and(94XXX, 3616XXX);
	3643XXX = and(97XXX, 3616XXX);
	3646XXX = and(94XXX, 3616XXX);
	3672XXX = not(3660XXX);
	3696XXX = not(3684XXX);
	3745XXX = not(3737XXX);
	3765XXX = not(3757XXX);
	3803XXX = not(3795XXX);
	3823XXX = not(3815XXX);
	5338XXX = not(5332XXX);
	5339XXX = not(5335XXX);
	5346XXX = not(5340XXX);
	5347XXX = not(5343XXX);
	5354XXX = not(5348XXX);
	5355XXX = not(5351XXX);
	3979XXX = not(3972XXX);
	3998XXX = not(3991XXX);
	4037XXX = not(4030XXX);
	4056XXX = not(4049XXX);
	4094XXX = 4110XXX;
	5104XXX = not(5098XXX);
	5105XXX = not(5101XXX);
	5114XXX = not(5108XXX);
	5115XXX = not(5111XXX);
	5362XXX = not(5356XXX);
	5363XXX = not(5359XXX);
	5366XXX = 2816XXX;
	5373XXX = not(5369XXX);
	993XXX = 1688XXX;
	978XXX = 1688XXX;
	949XXX = 1688XXX;
	939XXX = 1688XXX;
	2568XXX = and(457XXX, 3551XXX, 2540XXX);
	2574XXX = and(468XXX, 3551XXX, 2548XXX);
	2580XXX = and(422XXX, 3551XXX, 2556XXX);
	2586XXX = and(435XXX, 3551XXX, 2564XXX);
	2592XXX = and(3549XXX, 2536XXX);
	2597XXX = and(3549XXX, 2544XXX);
	2602XXX = and(3549XXX, 2552XXX);
	2607XXX = and(3549XXX, 2560XXX);
	2662XXX = and(389XXX, 3551XXX, 2634XXX);
	2668XXX = and(400XXX, 3551XXX, 2642XXX);
	2674XXX = and(411XXX, 3551XXX, 2650XXX);
	2680XXX = and(374XXX, 3551XXX, 2658XXX);
	2686XXX = and(3549XXX, 2630XXX);
	2691XXX = and(3549XXX, 2638XXX);
	2696XXX = and(3549XXX, 2646XXX);
	2701XXX = and(3549XXX, 2654XXX);
	2907XXX = and(2370XXX, 2889XXX);
	2910XXX = and(479XXX, 2370XXX, 2897XXX);
	2914XXX = and(490XXX, 2370XXX, 2905XXX);
	2920XXX = and(3556XXX, 2885XXX);
	2924XXX = and(3556XXX, 2893XXX);
	2929XXX = and(3556XXX, 2901XXX);
	2975XXX = and(503XXX, 3551XXX, 2955XXX);
	2984XXX = and(523XXX, 3551XXX, 2963XXX);
	2990XXX = and(534XXX, 3551XXX, 2971XXX);
	2996XXX = and(3549XXX, 2951XXX);
	3003XXX = and(3549XXX, 2959XXX);
	3008XXX = and(3549XXX, 2967XXX);
	3015XXX = and(2980XXX, 2999XXX);
	3057XXX = and(389XXX, 2370XXX, 3031XXX);
	3061XXX = and(400XXX, 2370XXX, 3039XXX);
	3065XXX = and(411XXX, 2370XXX, 3047XXX);
	3069XXX = and(374XXX, 2370XXX, 3055XXX);
	3075XXX = and(3556XXX, 3027XXX);
	3080XXX = and(3556XXX, 3035XXX);
	3085XXX = and(3556XXX, 3043XXX);
	3090XXX = and(3556XXX, 3051XXX);
	3229XXX = and(503XXX, 2382XXX, 3211XXX);
	3233XXX = not(3232XXX);
	3235XXX = and(523XXX, 2382XXX, 3219XXX);
	3239XXX = and(534XXX, 2382XXX, 3227XXX);
	3244XXX = and(2361XXX, 3207XXX);
	3250XXX = and(2361XXX, 3215XXX);
	3254XXX = and(2361XXX, 3223XXX);
	3281XXX = and(2382XXX, 3263XXX);
	3284XXX = and(479XXX, 2382XXX, 3271XXX);
	3288XXX = and(490XXX, 2382XXX, 3279XXX);
	3293XXX = and(2361XXX, 3259XXX);
	3296XXX = and(2361XXX, 3267XXX);
	3300XXX = and(2361XXX, 3275XXX);
	3327XXX = and(2382XXX, 3305XXX);
	3334XXX = and(2382XXX, 3317XXX);
	3387XXX = and(457XXX, 2370XXX, 3361XXX);
	3391XXX = and(468XXX, 2370XXX, 3369XXX);
	3395XXX = and(422XXX, 2370XXX, 3377XXX);
	3399XXX = and(435XXX, 2370XXX, 3385XXX);
	3405XXX = and(3556XXX, 3357XXX);
	3410XXX = and(3556XXX, 3365XXX);
	3415XXX = and(3556XXX, 3373XXX);
	3420XXX = and(3556XXX, 3381XXX);
	3422XXX = nand(5085XXX, 5088XXX);
	3423XXX = nand(5082XXX, 5089XXX);
	3431XXX = nand(5093XXX, 5096XXX);
	3432XXX = nand(5090XXX, 5097XXX);
	3895XXX = nand(5335XXX, 5338XXX);
	3896XXX = nand(5332XXX, 5339XXX);
	3904XXX = nand(5343XXX, 5346XXX);
	3905XXX = nand(5340XXX, 5347XXX);
	3913XXX = nand(5351XXX, 5354XXX);
	3914XXX = nand(5348XXX, 5355XXX);
	889XXX = 4094XXX;
	5106XXX = nand(5101XXX, 5104XXX);
	5107XXX = nand(5098XXX, 5105XXX);
	5116XXX = nand(5111XXX, 5114XXX);
	5117XXX = nand(5108XXX, 5115XXX);
	5364XXX = nand(5359XXX, 5362XXX);
	5365XXX = nand(5356XXX, 5363XXX);
	593XXX = not(4094XXX);
	2880XXX = and(2838XXX, 2847XXX);
	2881XXX = and(2828XXX, 2847XXX);
	1579XXX = and(200XXX, 1540XXX, 1552XXX);
	1585XXX = and(203XXX, 1540XXX, 1552XXX);
	1591XXX = and(197XXX, 1540XXX, 1552XXX);
	1597XXX = and(194XXX, 1540XXX, 1552XXX);
	1603XXX = and(191XXX, 1540XXX, 1552XXX);
	1667XXX = and(182XXX, 1621XXX, 1633XXX);
	1673XXX = and(188XXX, 1621XXX, 1633XXX);
	1679XXX = and(155XXX, 1621XXX, 1633XXX);
	1685XXX = and(149XXX, 1621XXX, 1633XXX);
	2876XXX = and(2838XXX, 2847XXX);
	2877XXX = and(2828XXX, 2847XXX);
	2253XXX = and(200XXX, 2215XXX, 2226XXX);
	2259XXX = and(203XXX, 2215XXX, 2226XXX);
	2265XXX = and(197XXX, 2215XXX, 2226XXX);
	2271XXX = and(194XXX, 2215XXX, 2226XXX);
	2277XXX = and(191XXX, 2215XXX, 2226XXX);
	2338XXX = and(182XXX, 2293XXX, 2304XXX);
	2344XXX = and(188XXX, 2293XXX, 2304XXX);
	2350XXX = and(155XXX, 2293XXX, 2304XXX);
	2356XXX = and(149XXX, 2293XXX, 2304XXX);
	2868XXX = and(2838XXX, 2847XXX);
	2869XXX = and(2828XXX, 2847XXX);
	710XXX = and(109XXX, 3672XXX, 3684XXX);
	2872XXX = and(2838XXX, 2847XXX);
	2873XXX = and(2828XXX, 2847XXX);
	720XXX = and(11XXX, 2430XXX, 2442XXX);
	725XXX = and(109XXX, 3570XXX, 3582XXX);
	730XXX = and(46XXX, 3570XXX, 3582XXX);
	735XXX = and(100XXX, 3570XXX, 3582XXX);
	740XXX = and(91XXX, 3570XXX, 3582XXX);
	745XXX = and(43XXX, 3570XXX, 3582XXX);
	750XXX = and(76XXX, 2430XXX, 2442XXX);
	755XXX = and(73XXX, 2430XXX, 2442XXX);
	760XXX = and(67XXX, 2430XXX, 2442XXX);
	765XXX = and(14XXX, 2430XXX, 2442XXX);
	770XXX = and(46XXX, 3672XXX, 3684XXX);
	775XXX = and(100XXX, 3672XXX, 3684XXX);
	780XXX = and(91XXX, 3672XXX, 3684XXX);
	785XXX = and(43XXX, 3672XXX, 3684XXX);
	790XXX = and(76XXX, 2488XXX, 2500XXX);
	795XXX = and(73XXX, 2488XXX, 2500XXX);
	800XXX = and(67XXX, 2488XXX, 2500XXX);
	805XXX = and(14XXX, 2488XXX, 2500XXX);
	841XXX = and(120XXX, 3803XXX, 3815XXX);
	857XXX = and(11XXX, 2488XXX, 2500XXX);
	880XXX = and(118XXX, 3745XXX, 3757XXX);
	1660XXX = and(176XXX, 1621XXX, 1633XXX);
	2331XXX = and(176XXX, 2293XXX, 2304XXX);
	2569XXX = or(2566XXX, 2568XXX);
	2575XXX = or(2572XXX, 2574XXX);
	2581XXX = or(2578XXX, 2580XXX);
	2587XXX = or(2584XXX, 2586XXX);
	2593XXX = or(2590XXX, 2592XXX, 457XXX);
	2598XXX = or(2595XXX, 2597XXX, 468XXX);
	2603XXX = or(2600XXX, 2602XXX, 422XXX);
	2608XXX = or(2605XXX, 2607XXX, 435XXX);
	2663XXX = or(2660XXX, 2662XXX);
	2669XXX = or(2666XXX, 2668XXX);
	2675XXX = or(2672XXX, 2674XXX);
	2681XXX = or(2678XXX, 2680XXX);
	2687XXX = or(2684XXX, 2686XXX, 389XXX);
	2692XXX = or(2689XXX, 2691XXX, 400XXX);
	2697XXX = or(2694XXX, 2696XXX, 411XXX);
	2702XXX = or(2699XXX, 2701XXX, 374XXX);
	2747XXX = and(289XXX, 2728XXX);
	2749XXX = and(281XXX, 2728XXX);
	2751XXX = and(273XXX, 2728XXX);
	2753XXX = and(265XXX, 2728XXX);
	2755XXX = and(257XXX, 2728XXX);
	2757XXX = and(234XXX, 2741XXX);
	2759XXX = and(226XXX, 2741XXX);
	2761XXX = and(218XXX, 2741XXX);
	2763XXX = and(210XXX, 2741XXX);
	2765XXX = and(206XXX, 2741XXX);
	2857XXX = not(2847XXX);
	2908XXX = or(2906XXX, 2907XXX);
	2911XXX = or(2909XXX, 2910XXX);
	2915XXX = or(2913XXX, 2914XXX);
	2925XXX = or(2922XXX, 2924XXX, 479XXX);
	2930XXX = or(2927XXX, 2929XXX, 490XXX);
	2933XXX = or(2918XXX, 2920XXX);
	2976XXX = or(2973XXX, 2975XXX);
	2985XXX = or(2982XXX, 2984XXX);
	2991XXX = or(2988XXX, 2990XXX);
	2997XXX = or(2994XXX, 2996XXX, 503XXX);
	3004XXX = or(3001XXX, 3003XXX, 523XXX);
	3009XXX = or(3006XXX, 3008XXX, 534XXX);
	3058XXX = or(3056XXX, 3057XXX);
	3062XXX = or(3060XXX, 3061XXX);
	3066XXX = or(3064XXX, 3065XXX);
	3070XXX = or(3068XXX, 3069XXX);
	3076XXX = or(3073XXX, 3075XXX, 389XXX);
	3081XXX = or(3078XXX, 3080XXX, 400XXX);
	3086XXX = or(3083XXX, 3085XXX, 411XXX);
	3091XXX = or(3088XXX, 3090XXX, 374XXX);
	3118XXX = and(369XXX, 3099XXX);
	3120XXX = and(361XXX, 3099XXX);
	3122XXX = and(351XXX, 3099XXX);
	3124XXX = and(341XXX, 3099XXX);
	3127XXX = and(324XXX, 3112XXX);
	3129XXX = and(316XXX, 3112XXX);
	3131XXX = and(308XXX, 3112XXX);
	3133XXX = and(302XXX, 3112XXX);
	3135XXX = and(293XXX, 3112XXX);
	3147XXX = or(3099XXX, 3126XXX);
	3192XXX = and(83XXX, 3187XXX);
	3195XXX = and(87XXX, 3187XXX);
	3198XXX = and(34XXX, 3187XXX);
	3201XXX = and(34XXX, 3187XXX);
	3230XXX = or(3228XXX, 3229XXX);
	3236XXX = or(3234XXX, 3235XXX);
	3240XXX = or(3238XXX, 3239XXX);
	3245XXX = or(3243XXX, 3244XXX, 503XXX);
	3251XXX = or(3249XXX, 3250XXX, 523XXX);
	3255XXX = or(3253XXX, 3254XXX, 534XXX);
	3282XXX = or(3280XXX, 3281XXX);
	3285XXX = or(3283XXX, 3284XXX);
	3289XXX = or(3287XXX, 3288XXX);
	3297XXX = or(3295XXX, 3296XXX, 479XXX);
	3301XXX = or(3299XXX, 3300XXX, 490XXX);
	3309XXX = not(3306XXX);
	3313XXX = not(3310XXX);
	3321XXX = not(3318XXX);
	3325XXX = not(3322XXX);
	3328XXX = or(3326XXX, 3327XXX);
	3329XXX = and(2405XXX, 446XXX, 3310XXX);
	3335XXX = or(3333XXX, 3334XXX);
	3336XXX = and(2405XXX, 446XXX, 3322XXX);
	3341XXX = and(3555XXX, 3306XXX);
	3345XXX = and(3555XXX, 3318XXX);
	3388XXX = or(3386XXX, 3387XXX);
	3392XXX = or(3390XXX, 3391XXX);
	3396XXX = or(3394XXX, 3395XXX);
	3400XXX = or(3398XXX, 3399XXX);
	3406XXX = or(3403XXX, 3405XXX, 457XXX);
	3411XXX = or(3408XXX, 3410XXX, 468XXX);
	3416XXX = or(3413XXX, 3415XXX, 422XXX);
	3421XXX = or(3418XXX, 3420XXX, 435XXX);
	3424XXX = nand(3422XXX, 3423XXX);
	3433XXX = nand(3431XXX, 3432XXX);
	3492XXX = not(3489XXX);
	3496XXX = not(3493XXX);
	3780XXX = and(117XXX, 3745XXX, 3757XXX);
	3783XXX = and(126XXX, 3745XXX, 3757XXX);
	3786XXX = and(127XXX, 3745XXX, 3757XXX);
	3789XXX = and(128XXX, 3745XXX, 3757XXX);
	3838XXX = and(131XXX, 3803XXX, 3815XXX);
	3841XXX = and(129XXX, 3803XXX, 3815XXX);
	3844XXX = and(119XXX, 3803XXX, 3815XXX);
	3847XXX = and(130XXX, 3803XXX, 3815XXX);
	3897XXX = nand(3895XXX, 3896XXX);
	3906XXX = nand(3904XXX, 3905XXX);
	3915XXX = nand(3913XXX, 3914XXX);
	4011XXX = and(122XXX, 3979XXX, 3991XXX);
	4014XXX = and(113XXX, 3979XXX, 3991XXX);
	4017XXX = and(53XXX, 3979XXX, 3991XXX);
	4020XXX = and(114XXX, 3979XXX, 3991XXX);
	4023XXX = and(115XXX, 3979XXX, 3991XXX);
	4069XXX = and(52XXX, 4037XXX, 4049XXX);
	4072XXX = and(112XXX, 4037XXX, 4049XXX);
	4075XXX = and(116XXX, 4037XXX, 4049XXX);
	4078XXX = and(121XXX, 4037XXX, 4049XXX);
	4081XXX = and(123XXX, 4037XXX, 4049XXX);
	5206XXX = nand(5116XXX, 5117XXX);
	5209XXX = nand(5106XXX, 5107XXX);
	5307XXX = and(3233XXX, 3247XXX);
	5322XXX = or(3292XXX, 3293XXX);
	5372XXX = not(5366XXX);
	5375XXX = nand(5366XXX, 5373XXX);
	5399XXX = nand(5364XXX, 5365XXX);
	2813XXX = not(3015XXX);
	3197XXX = or(3195XXX, 3196XXX);
	3200XXX = or(3198XXX, 3199XXX);
	3203XXX = or(3201XXX, 3202XXX);
	3194XXX = or(3192XXX, 3193XXX);
	2570XXX = not(2569XXX);
	2576XXX = not(2575XXX);
	2582XXX = not(2581XXX);
	2588XXX = not(2587XXX);
	2664XXX = not(2663XXX);
	2670XXX = not(2669XXX);
	2676XXX = not(2675XXX);
	2682XXX = not(2681XXX);
	2767XXX = or(2749XXX, 2750XXX);
	2772XXX = or(2751XXX, 2752XXX);
	2776XXX = or(2753XXX, 2754XXX);
	2780XXX = or(2755XXX, 2756XXX);
	2784XXX = or(2757XXX, 2758XXX);
	2788XXX = or(2759XXX, 2760XXX);
	2794XXX = or(2761XXX, 2762XXX);
	2798XXX = or(2763XXX, 2764XXX);
	2802XXX = or(2765XXX, 2766XXX);
	2912XXX = not(2911XXX);
	2916XXX = not(2915XXX);
	2936XXX = not(2908XXX);
	2977XXX = not(2976XXX);
	2986XXX = not(2985XXX);
	2992XXX = not(2991XXX);
	3059XXX = not(3058XXX);
	3063XXX = not(3062XXX);
	3067XXX = not(3066XXX);
	3071XXX = not(3070XXX);
	3137XXX = or(3120XXX, 3121XXX);
	3139XXX = or(3122XXX, 3123XXX);
	3143XXX = or(3124XXX, 3125XXX);
	3151XXX = or(3127XXX, 3128XXX);
	3155XXX = or(3129XXX, 3130XXX);
	3161XXX = or(3131XXX, 3132XXX);
	3165XXX = or(3133XXX, 3134XXX);
	3167XXX = or(3135XXX, 3136XXX);
	3231XXX = not(3230XXX);
	3237XXX = not(3236XXX);
	3241XXX = not(3240XXX);
	3286XXX = not(3285XXX);
	3290XXX = not(3289XXX);
	3330XXX = and(446XXX, 2382XXX, 3313XXX);
	3337XXX = and(446XXX, 2382XXX, 3325XXX);
	3342XXX = and(2361XXX, 3309XXX);
	3346XXX = and(2361XXX, 3321XXX);
	3348XXX = not(3328XXX);
	3352XXX = not(3335XXX);
	3389XXX = not(3388XXX);
	3393XXX = not(3392XXX);
	3397XXX = not(3396XXX);
	3401XXX = not(3400XXX);
	3845XXX = and(3015XXX, 3803XXX, 3823XXX);
	5126XXX = or(3118XXX, 3119XXX);
	5178XXX = or(2747XXX, 2748XXX);
	5325XXX = not(3282XXX);
	5374XXX = nand(5369XXX, 5372XXX);
	2810XXX = not(2933XXX);
	635XXX = and(3197XXX, 3176XXX);
	2878XXX = and(24XXX, 2838XXX, 2857XXX);
	2879XXX = and(25XXX, 2828XXX, 2857XXX);
	2874XXX = and(26XXX, 2838XXX, 2857XXX);
	2875XXX = and(81XXX, 2828XXX, 2857XXX);
	703XXX = and(3200XXX, 3176XXX);
	2866XXX = and(79XXX, 2838XXX, 2857XXX);
	2867XXX = and(23XXX, 2828XXX, 2857XXX);
	2870XXX = and(82XXX, 2838XXX, 2857XXX);
	2871XXX = and(80XXX, 2828XXX, 2857XXX);
	716XXX = and(3203XXX, 3176XXX);
	819XXX = and(3194XXX, 3176XXX);
	1789XXX = and(3147XXX, 514XXX);
	2036XXX = and(514XXX, 3147XXX);
	2611XXX = and(2570XXX, 2593XXX);
	2615XXX = and(2576XXX, 2598XXX);
	2619XXX = and(2582XXX, 2603XXX);
	2623XXX = and(2588XXX, 2608XXX);
	2705XXX = and(2664XXX, 2687XXX);
	2709XXX = and(2670XXX, 2692XXX);
	2713XXX = and(2676XXX, 2697XXX);
	2717XXX = and(2682XXX, 2702XXX);
	2939XXX = and(2912XXX, 2925XXX);
	2942XXX = and(2916XXX, 2930XXX);
	2945XXX = 2933XXX;
	3012XXX = and(2977XXX, 2997XXX);
	3018XXX = and(2986XXX, 3004XXX);
	3021XXX = and(2992XXX, 3009XXX);
	3331XXX = or(3329XXX, 3330XXX);
	3338XXX = or(3336XXX, 3337XXX);
	3343XXX = or(3341XXX, 3342XXX, 446XXX);
	3347XXX = or(3345XXX, 3346XXX, 446XXX);
	3428XXX = not(3424XXX);
	3437XXX = not(3433XXX);
	3514XXX = and(3433XXX, 3424XXX, 3489XXX);
	3836XXX = and(3352XXX, 3803XXX, 3823XXX);
	3852XXX = and(3071XXX, 3091XXX);
	5311XXX = not(5307XXX);
	3901XXX = not(3897XXX);
	3910XXX = not(3906XXX);
	3934XXX = 3915XXX;
	3938XXX = 3915XXX;
	4652XXX = 3147XXX;
	4783XXX = 3147XXX;
	5137XXX = 3147XXX;
	5212XXX = not(5206XXX);
	5213XXX = not(5209XXX);
	5260XXX = and(3063XXX, 3081XXX);
	5263XXX = and(3067XXX, 3086XXX);
	5268XXX = and(3401XXX, 3421XXX);
	5271XXX = and(3059XXX, 3076XXX);
	5276XXX = and(3393XXX, 3411XXX);
	5279XXX = and(3397XXX, 3416XXX);
	5289XXX = and(3389XXX, 3406XXX);
	5296XXX = and(3237XXX, 3251XXX);
	5299XXX = and(3241XXX, 3255XXX);
	5304XXX = and(3231XXX, 3245XXX);
	5312XXX = and(3286XXX, 3297XXX);
	5315XXX = and(3290XXX, 3301XXX);
	5328XXX = not(5322XXX);
	5396XXX = nand(5374XXX, 5375XXX);
	5403XXX = not(5399XXX);
	1286XXX = and(446XXX, 2802XXX);
	2809XXX = not(2936XXX);
	597XXX = not(3348XXX);
	1031XXX = and(2802XXX, 446XXX);
	636XXX = not(635XXX);
	637XXX = or(2878XXX, 2879XXX, 2880XXX, 2881XXX);
	671XXX = or(2874XXX, 2875XXX, 2876XXX, 2877XXX);
	704XXX = not(703XXX);
	705XXX = or(2866XXX, 2867XXX, 2868XXX, 2869XXX);
	713XXX = or(2870XXX, 2871XXX, 2872XXX, 2873XXX);
	717XXX = not(716XXX);
	820XXX = not(819XXX);
	1046XXX = and(2798XXX, 457XXX);
	1064XXX = and(2794XXX, 468XXX);
	1071XXX = and(422XXX, 2788XXX);
	1097XXX = and(2784XXX, 435XXX);
	1111XXX = and(2780XXX, 389XXX);
	1128XXX = and(2776XXX, 400XXX);
	1145XXX = and(2772XXX, 411XXX);
	1160XXX = and(2767XXX, 374XXX);
	1301XXX = and(457XXX, 2798XXX);
	1318XXX = and(468XXX, 2794XXX);
	1324XXX = and(422XXX, 2788XXX);
	1341XXX = and(435XXX, 2784XXX);
	1359XXX = and(389XXX, 2780XXX);
	1382XXX = and(400XXX, 2776XXX);
	1404XXX = and(411XXX, 2772XXX);
	1412XXX = and(374XXX, 2767XXX);
	1704XXX = not(3167XXX);
	1712XXX = not(3165XXX);
	1724XXX = 3165XXX;
	1742XXX = and(3161XXX, 479XXX);
	1749XXX = and(490XXX, 3155XXX);
	1775XXX = and(3151XXX, 503XXX);
	1806XXX = and(3143XXX, 523XXX);
	1823XXX = and(3139XXX, 534XXX);
	1829XXX = not(3137XXX);
	1837XXX = 3137XXX;
	1958XXX = not(3167XXX);
	1966XXX = not(3165XXX);
	1978XXX = 3165XXX;
	1995XXX = and(479XXX, 3161XXX);
	2001XXX = and(490XXX, 3155XXX);
	2018XXX = and(503XXX, 3151XXX);
	2059XXX = and(523XXX, 3143XXX);
	2081XXX = and(534XXX, 3139XXX);
	2089XXX = 3137XXX;
	2106XXX = not(3137XXX);
	3170XXX = 3167XXX;
	3332XXX = not(3331XXX);
	3339XXX = not(3338XXX);
	5132XXX = not(5126XXX);
	5184XXX = not(5178XXX);
	3853XXX = not(3852XXX);
	3874XXX = not(3348XXX);
	4076XXX = and(2936XXX, 4037XXX, 4056XXX);
	4116XXX = 2802XXX;
	4124XXX = 2798XXX;
	4132XXX = 2794XXX;
	4140XXX = 2788XXX;
	4148XXX = 2784XXX;
	4156XXX = 2780XXX;
	4164XXX = 2776XXX;
	4172XXX = 2772XXX;
	4180XXX = 2767XXX;
	4228XXX = nor(422XXX, 2788XXX);
	4279XXX = 2802XXX;
	4287XXX = 2798XXX;
	4295XXX = 2794XXX;
	4303XXX = 2784XXX;
	4311XXX = 2780XXX;
	4319XXX = 2776XXX;
	4327XXX = 2772XXX;
	4335XXX = 2788XXX;
	4343XXX = 2767XXX;
	4348XXX = nor(422XXX, 2788XXX);
	4464XXX = nor(374XXX, 2767XXX);
	4628XXX = 3161XXX;
	4636XXX = 3155XXX;
	4644XXX = 3151XXX;
	4660XXX = 3143XXX;
	4668XXX = 3139XXX;
	4716XXX = nor(490XXX, 3155XXX);
	4767XXX = 3161XXX;
	4775XXX = 3151XXX;
	4791XXX = 3143XXX;
	4799XXX = 3139XXX;
	4807XXX = 3155XXX;
	4812XXX = nor(490XXX, 3155XXX);
	5118XXX = 3139XXX;
	5121XXX = 3143XXX;
	5129XXX = 3137XXX;
	5134XXX = 3151XXX;
	5142XXX = 3161XXX;
	5145XXX = 3155XXX;
	5152XXX = 3167XXX;
	5155XXX = 3165XXX;
	5162XXX = 2788XXX;
	5165XXX = 2784XXX;
	5170XXX = 2798XXX;
	5173XXX = 2794XXX;
	5181XXX = 2802XXX;
	5186XXX = 2772XXX;
	5189XXX = 2767XXX;
	5196XXX = 2780XXX;
	5199XXX = 2776XXX;
	5214XXX = nand(5209XXX, 5212XXX);
	5215XXX = nand(5206XXX, 5213XXX);
	5329XXX = not(5325XXX);
	5330XXX = nand(5325XXX, 5328XXX);
	2807XXX = not(2942XXX);
	2808XXX = not(2939XXX);
	2811XXX = not(3021XXX);
	2812XXX = not(3018XXX);
	2814XXX = not(3012XXX);
	2626XXX = not(2623XXX);
	2622XXX = not(2619XXX);
	2618XXX = not(2615XXX);
	2614XXX = not(2611XXX);
	2720XXX = not(2717XXX);
	2716XXX = not(2713XXX);
	2712XXX = not(2709XXX);
	2708XXX = not(2705XXX);
	639XXX = and(637XXX, 2827XXX);
	673XXX = and(671XXX, 2827XXX);
	707XXX = and(705XXX, 2827XXX);
	715XXX = and(713XXX, 2827XXX);
	3731XXX = and(2945XXX, 3728XXX, 3721XXX);
	4658XXX = not(4652XXX);
	1777XXX = nand(4652XXX, 4659XXX);
	2019XXX = nand(4783XXX, 4786XXX);
	4787XXX = not(4783XXX);
	3350XXX = and(3332XXX, 3343XXX);
	3353XXX = and(3339XXX, 3347XXX);
	5141XXX = not(5137XXX);
	3513XXX = and(3428XXX, 3433XXX, 3492XXX);
	3516XXX = and(3424XXX, 3437XXX, 3496XXX);
	3517XXX = and(3437XXX, 3428XXX, 3493XXX);
	3778XXX = and(2717XXX, 3745XXX, 3765XXX);
	3781XXX = and(2713XXX, 3745XXX, 3765XXX);
	3784XXX = and(2709XXX, 3745XXX, 3765XXX);
	3787XXX = and(2705XXX, 3745XXX, 3765XXX);
	3839XXX = and(3021XXX, 3803XXX, 3823XXX);
	3842XXX = and(3018XXX, 3803XXX, 3823XXX);
	5266XXX = not(5260XXX);
	5267XXX = not(5263XXX);
	5274XXX = not(5268XXX);
	5275XXX = not(5271XXX);
	5302XXX = not(5296XXX);
	5303XXX = not(5299XXX);
	5310XXX = not(5304XXX);
	3891XXX = nand(5304XXX, 5311XXX);
	3937XXX = not(3934XXX);
	3941XXX = not(3938XXX);
	3955XXX = and(3906XXX, 3897XXX, 3934XXX);
	3958XXX = and(3910XXX, 3901XXX, 3938XXX);
	4009XXX = and(2623XXX, 3979XXX, 3998XXX);
	4012XXX = and(2619XXX, 3979XXX, 3998XXX);
	4015XXX = and(2615XXX, 3979XXX, 3998XXX);
	4018XXX = and(2611XXX, 3979XXX, 3998XXX);
	4067XXX = and(3012XXX, 4037XXX, 4056XXX);
	4070XXX = and(2942XXX, 4037XXX, 4056XXX);
	4073XXX = and(2939XXX, 4037XXX, 4056XXX);
	4079XXX = and(2945XXX, 4037XXX, 4056XXX);
	5239XXX = nand(5214XXX, 5215XXX);
	5282XXX = not(5276XXX);
	5283XXX = not(5279XXX);
	5293XXX = not(5289XXX);
	5318XXX = not(5312XXX);
	5319XXX = not(5315XXX);
	5331XXX = nand(5322XXX, 5329XXX);
	5402XXX = not(5396XXX);
	5405XXX = nand(5396XXX, 5403XXX);
	595XXX = and(2807XXX, 2808XXX, 2809XXX, 2810XXX);
	596XXX = and(2811XXX, 2812XXX, 2813XXX, 2814XXX);
	607XXX = and(2626XXX, 2622XXX, 2618XXX, 2614XXX);
	608XXX = and(2720XXX, 2716XXX, 2712XXX, 2708XXX);
	1845XXX = and(1704XXX, 1724XXX);
	1846XXX = and(1712XXX, 1704XXX, 1742XXX);
	2115XXX = and(1958XXX, 1978XXX);
	2116XXX = and(1966XXX, 1958XXX, 1995XXX);
	4122XXX = not(4116XXX);
	1022XXX = nand(4116XXX, 4123XXX);
	4130XXX = not(4124XXX);
	1033XXX = nand(4124XXX, 4131XXX);
	4138XXX = not(4132XXX);
	1051XXX = nand(4132XXX, 4139XXX);
	4146XXX = not(4140XXX);
	1079XXX = nand(4140XXX, 4147XXX);
	4154XXX = not(4148XXX);
	1088XXX = nand(4148XXX, 4155XXX);
	4162XXX = not(4156XXX);
	1099XXX = nand(4156XXX, 4163XXX);
	4170XXX = not(4164XXX);
	1115XXX = nand(4164XXX, 4171XXX);
	4178XXX = not(4172XXX);
	1133XXX = nand(4172XXX, 4179XXX);
	4186XXX = not(4180XXX);
	1151XXX = nand(4180XXX, 4187XXX);
	4234XXX = not(4228XXX);
	1276XXX = nand(4279XXX, 4282XXX);
	4283XXX = not(4279XXX);
	1287XXX = nand(4287XXX, 4290XXX);
	4291XXX = not(4287XXX);
	1305XXX = nand(4295XXX, 4298XXX);
	4299XXX = not(4295XXX);
	1330XXX = nand(4303XXX, 4306XXX);
	4307XXX = not(4303XXX);
	1342XXX = nand(4311XXX, 4314XXX);
	4315XXX = not(4311XXX);
	1363XXX = nand(4319XXX, 4322XXX);
	4323XXX = not(4319XXX);
	1388XXX = nand(4327XXX, 4330XXX);
	4331XXX = not(4327XXX);
	1420XXX = nand(4335XXX, 4338XXX);
	4339XXX = not(4335XXX);
	1428XXX = nand(4343XXX, 4346XXX);
	4347XXX = not(4343XXX);
	4634XXX = not(4628XXX);
	1729XXX = nand(4628XXX, 4635XXX);
	4642XXX = not(4636XXX);
	1757XXX = nand(4636XXX, 4643XXX);
	4650XXX = not(4644XXX);
	1766XXX = nand(4644XXX, 4651XXX);
	1776XXX = nand(4655XXX, 4658XXX);
	4666XXX = not(4660XXX);
	1793XXX = nand(4660XXX, 4667XXX);
	4674XXX = not(4668XXX);
	1811XXX = nand(4668XXX, 4675XXX);
	1849XXX = and(1712XXX, 1742XXX);
	1852XXX = and(1712XXX, 1742XXX);
	1875XXX = and(54XXX, 1829XXX);
	4722XXX = not(4716XXX);
	1982XXX = nand(4767XXX, 4770XXX);
	4771XXX = not(4767XXX);
	2007XXX = nand(4775XXX, 4778XXX);
	4779XXX = not(4775XXX);
	2020XXX = nand(4780XXX, 4787XXX);
	2040XXX = nand(4791XXX, 4794XXX);
	4795XXX = not(4791XXX);
	2065XXX = nand(4799XXX, 4802XXX);
	4803XXX = not(4799XXX);
	2097XXX = nand(4807XXX, 4810XXX);
	4811XXX = not(4807XXX);
	2119XXX = and(1966XXX, 1995XXX);
	2122XXX = and(1966XXX, 1995XXX);
	5124XXX = not(5118XXX);
	5125XXX = not(5121XXX);
	3452XXX = nand(5129XXX, 5132XXX);
	5133XXX = not(5129XXX);
	5140XXX = not(5134XXX);
	3462XXX = nand(5134XXX, 5141XXX);
	5168XXX = not(5162XXX);
	5169XXX = not(5165XXX);
	5176XXX = not(5170XXX);
	5177XXX = not(5173XXX);
	3484XXX = nand(5181XXX, 5184XXX);
	5185XXX = not(5181XXX);
	3515XXX = nor(3513XXX, 3514XXX);
	3518XXX = nor(3516XXX, 3517XXX);
	3857XXX = not(3853XXX);
	3860XXX = nand(5263XXX, 5266XXX);
	3861XXX = nand(5260XXX, 5267XXX);
	3869XXX = nand(5271XXX, 5274XXX);
	3870XXX = nand(5268XXX, 5275XXX);
	3878XXX = not(3874XXX);
	3881XXX = nand(5299XXX, 5302XXX);
	3882XXX = nand(5296XXX, 5303XXX);
	3890XXX = nand(5307XXX, 5310XXX);
	3954XXX = and(3901XXX, 3906XXX, 3937XXX);
	3957XXX = and(3897XXX, 3910XXX, 3941XXX);
	4021XXX = and(3353XXX, 3979XXX, 3998XXX);
	4099XXX = not(3170XXX);
	4236XXX = 1071XXX;
	4354XXX = not(4348XXX);
	4406XXX = 1324XXX;
	4470XXX = not(4464XXX);
	4552XXX = 1412XXX;
	4679XXX = 1829XXX;
	4687XXX = 1704XXX;
	4695XXX = 1704XXX;
	4703XXX = 1712XXX;
	4711XXX = 1712XXX;
	4724XXX = 1749XXX;
	4818XXX = not(4812XXX);
	4855XXX = 1958XXX;
	4865XXX = 1966XXX;
	4870XXX = 2001XXX;
	4913XXX = 1958XXX;
	4923XXX = 1966XXX;
	4951XXX = 2106XXX;
	5006XXX = 2089XXX;
	5039XXX = 2106XXX;
	5148XXX = not(5142XXX);
	5149XXX = not(5145XXX);
	5158XXX = not(5152XXX);
	5159XXX = not(5155XXX);
	5192XXX = not(5186XXX);
	5193XXX = not(5189XXX);
	5202XXX = not(5196XXX);
	5203XXX = not(5199XXX);
	5284XXX = nand(5279XXX, 5282XXX);
	5285XXX = nand(5276XXX, 5283XXX);
	5320XXX = nand(5315XXX, 5318XXX);
	5321XXX = nand(5312XXX, 5319XXX);
	5386XXX = nand(5330XXX, 5331XXX);
	5404XXX = nand(5399XXX, 5402XXX);
	598XXX = and(595XXX, 596XXX, 597XXX);
	609XXX = not(3350XXX);
	1021XXX = nand(4119XXX, 4122XXX);
	1032XXX = nand(4127XXX, 4130XXX);
	1050XXX = nand(4135XXX, 4138XXX);
	1078XXX = nand(4143XXX, 4146XXX);
	1087XXX = nand(4151XXX, 4154XXX);
	1098XXX = nand(4159XXX, 4162XXX);
	1114XXX = nand(4167XXX, 4170XXX);
	1132XXX = nand(4175XXX, 4178XXX);
	1150XXX = nand(4183XXX, 4186XXX);
	1277XXX = nand(4276XXX, 4283XXX);
	1288XXX = nand(4284XXX, 4291XXX);
	1306XXX = nand(4292XXX, 4299XXX);
	1331XXX = nand(4300XXX, 4307XXX);
	1343XXX = nand(4308XXX, 4315XXX);
	1364XXX = nand(4316XXX, 4323XXX);
	1389XXX = nand(4324XXX, 4331XXX);
	1421XXX = nand(4332XXX, 4339XXX);
	1429XXX = nand(4340XXX, 4347XXX);
	1728XXX = nand(4631XXX, 4634XXX);
	1756XXX = nand(4639XXX, 4642XXX);
	1765XXX = nand(4647XXX, 4650XXX);
	1778XXX = nand(1776XXX, 1777XXX);
	1792XXX = nand(4663XXX, 4666XXX);
	1810XXX = nand(4671XXX, 4674XXX);
	1983XXX = nand(4764XXX, 4771XXX);
	2008XXX = nand(4772XXX, 4779XXX);
	2021XXX = nand(2019XXX, 2020XXX);
	2041XXX = nand(4788XXX, 4795XXX);
	2066XXX = nand(4796XXX, 4803XXX);
	2098XXX = nand(4804XXX, 4811XXX);
	3443XXX = nand(5121XXX, 5124XXX);
	3444XXX = nand(5118XXX, 5125XXX);
	3453XXX = nand(5126XXX, 5133XXX);
	3461XXX = nand(5137XXX, 5140XXX);
	3466XXX = nand(5165XXX, 5168XXX);
	3467XXX = nand(5162XXX, 5169XXX);
	3475XXX = nand(5173XXX, 5176XXX);
	3476XXX = nand(5170XXX, 5177XXX);
	3485XXX = nand(5178XXX, 5185XXX);
	5243XXX = not(5239XXX);
	3862XXX = nand(3860XXX, 3861XXX);
	3871XXX = nand(3869XXX, 3870XXX);
	3883XXX = nand(3881XXX, 3882XXX);
	3892XXX = nand(3890XXX, 3891XXX);
	3956XXX = nor(3954XXX, 3955XXX);
	3959XXX = nor(3957XXX, 3958XXX);
	4756XXX = or(1837XXX, 1875XXX);
	5150XXX = nand(5145XXX, 5148XXX);
	5151XXX = nand(5142XXX, 5149XXX);
	5160XXX = nand(5155XXX, 5158XXX);
	5161XXX = nand(5152XXX, 5159XXX);
	5194XXX = nand(5189XXX, 5192XXX);
	5195XXX = nand(5186XXX, 5193XXX);
	5204XXX = nand(5199XXX, 5202XXX);
	5205XXX = nand(5196XXX, 5203XXX);
	5236XXX = nand(3518XXX, 3515XXX);
	5286XXX = 3350XXX;
	5379XXX = nand(5284XXX, 5285XXX);
	5389XXX = nand(5320XXX, 5321XXX);
	5425XXX = nand(5404XXX, 5405XXX);
	610XXX = and(607XXX, 608XXX, 609XXX);
	1023XXX = nand(1021XXX, 1022XXX);
	1034XXX = nand(1032XXX, 1033XXX);
	1052XXX = nand(1050XXX, 1051XXX);
	1080XXX = nand(1078XXX, 1079XXX);
	1089XXX = nand(1087XXX, 1088XXX);
	1100XXX = nand(1098XXX, 1099XXX);
	1116XXX = nand(1114XXX, 1115XXX);
	1134XXX = nand(1132XXX, 1133XXX);
	1152XXX = nand(1150XXX, 1151XXX);
	4242XXX = not(4236XXX);
	1278XXX = nand(1276XXX, 1277XXX);
	1289XXX = nand(1287XXX, 1288XXX);
	1307XXX = nand(1305XXX, 1306XXX);
	1332XXX = nand(1330XXX, 1331XXX);
	1344XXX = nand(1342XXX, 1343XXX);
	1365XXX = nand(1363XXX, 1364XXX);
	1390XXX = nand(1388XXX, 1389XXX);
	1422XXX = nand(1420XXX, 1421XXX);
	1430XXX = nand(1428XXX, 1429XXX);
	1730XXX = nand(1728XXX, 1729XXX);
	1758XXX = nand(1756XXX, 1757XXX);
	1767XXX = nand(1765XXX, 1766XXX);
	1794XXX = nand(1792XXX, 1793XXX);
	1812XXX = nand(1810XXX, 1811XXX);
	1876XXX = nand(4679XXX, 4682XXX);
	4683XXX = not(4679XXX);
	4691XXX = not(4687XXX);
	4699XXX = not(4695XXX);
	4707XXX = not(4703XXX);
	4715XXX = not(4711XXX);
	4730XXX = not(4724XXX);
	1984XXX = nand(1982XXX, 1983XXX);
	2009XXX = nand(2007XXX, 2008XXX);
	2042XXX = nand(2040XXX, 2041XXX);
	2067XXX = nand(2065XXX, 2066XXX);
	2099XXX = nand(2097XXX, 2098XXX);
	4869XXX = not(4865XXX);
	4927XXX = not(4923XXX);
	3445XXX = nand(3443XXX, 3444XXX);
	3454XXX = nand(3452XXX, 3453XXX);
	3463XXX = nand(3461XXX, 3462XXX);
	3468XXX = nand(3466XXX, 3467XXX);
	3477XXX = nand(3475XXX, 3476XXX);
	3486XXX = nand(3484XXX, 3485XXX);
	4103XXX = and(4099XXX, 3170XXX);
	4412XXX = not(4406XXX);
	4558XXX = not(4552XXX);
	4859XXX = not(4855XXX);
	4876XXX = not(4870XXX);
	4917XXX = not(4913XXX);
	4955XXX = not(4951XXX);
	5012XXX = not(5006XXX);
	5043XXX = not(5039XXX);
	5216XXX = nand(5160XXX, 5161XXX);
	5219XXX = nand(5150XXX, 5151XXX);
	5226XXX = nand(5204XXX, 5205XXX);
	5229XXX = nand(5194XXX, 5195XXX);
	5392XXX = not(5386XXX);
	5422XXX = nand(3959XXX, 3956XXX);
	1866XXX = and(1778XXX, 1806XXX);
	1877XXX = nand(4676XXX, 4683XXX);
	4762XXX = not(4756XXX);
	2142XXX = and(2021XXX, 2059XXX);
	2146XXX = and(2021XXX, 2059XXX);
	5242XXX = not(5236XXX);
	3532XXX = nand(5236XXX, 5243XXX);
	3866XXX = not(3862XXX);
	3887XXX = not(3883XXX);
	3918XXX = 3871XXX;
	3922XXX = 3871XXX;
	3926XXX = 3892XXX;
	3930XXX = 3892XXX;
	5429XXX = not(5425XXX);
	4104XXX = or(4099XXX, 4103XXX);
	4743XXX = 1778XXX;
	4991XXX = 2021XXX;
	5001XXX = 2021XXX;
	5292XXX = not(5286XXX);
	5295XXX = nand(5286XXX, 5293XXX);
	5383XXX = not(5379XXX);
	5393XXX = not(5389XXX);
	5394XXX = nand(5389XXX, 5392XXX);
	1439XXX = and(1278XXX, 1301XXX);
	1440XXX = and(1289XXX, 1278XXX, 1318XXX);
	1441XXX = and(1307XXX, 1278XXX, 1324XXX, 1289XXX);
	1847XXX = and(1730XXX, 1704XXX, 1749XXX, 1712XXX);
	1168XXX = and(1023XXX, 1046XXX);
	1169XXX = and(1034XXX, 1023XXX, 1064XXX);
	1170XXX = and(1052XXX, 1023XXX, 1071XXX, 1034XXX);
	2117XXX = and(1984XXX, 1958XXX, 2001XXX, 1966XXX);
	1086XXX = not(1080XXX);
	1166XXX = and(1034XXX, 1080XXX, 1052XXX, 1023XXX);
	1171XXX = and(1034XXX, 1064XXX);
	1172XXX = and(1052XXX, 1071XXX, 1034XXX);
	1173XXX = and(1080XXX, 1052XXX, 1034XXX);
	1174XXX = and(1034XXX, 1064XXX);
	1175XXX = and(1071XXX, 1052XXX, 1034XXX);
	1176XXX = and(1052XXX, 1071XXX);
	1177XXX = and(1080XXX, 1052XXX);
	1178XXX = and(1052XXX, 1071XXX);
	1179XXX = and(1100XXX, 1152XXX, 1116XXX, 1089XXX, 1134XXX);
	1181XXX = and(1089XXX, 1111XXX);
	1182XXX = and(1100XXX, 1089XXX, 1128XXX);
	1183XXX = and(1116XXX, 1089XXX, 1145XXX, 1100XXX);
	1184XXX = and(1134XXX, 1116XXX, 1089XXX, 1160XXX, 1100XXX);
	1188XXX = and(1100XXX, 1128XXX);
	1189XXX = and(1116XXX, 1145XXX, 1100XXX);
	1190XXX = and(1134XXX, 1116XXX, 1160XXX, 1100XXX);
	1191XXX = and(4XXX, 1152XXX, 1116XXX, 1134XXX, 1100XXX);
	1192XXX = and(1145XXX, 1116XXX);
	1193XXX = and(1134XXX, 1116XXX, 1160XXX);
	1194XXX = and(4XXX, 1152XXX, 1116XXX, 1134XXX);
	1195XXX = and(1134XXX, 1160XXX);
	1196XXX = and(4XXX, 1152XXX, 1134XXX);
	1197XXX = and(4XXX, 1152XXX);
	1437XXX = and(1422XXX, 1307XXX, 1289XXX, 1278XXX);
	1442XXX = and(1289XXX, 1318XXX);
	1443XXX = and(1307XXX, 1324XXX, 1289XXX);
	1444XXX = and(1422XXX, 1307XXX, 1289XXX);
	1445XXX = and(1289XXX, 1318XXX);
	1446XXX = and(1307XXX, 1324XXX, 1289XXX);
	1447XXX = and(1307XXX, 1324XXX);
	1451XXX = and(1430XXX, 1390XXX, 1365XXX, 1344XXX, 1332XXX);
	1454XXX = and(1332XXX, 1359XXX);
	1455XXX = and(1344XXX, 1332XXX, 1382XXX);
	1456XXX = and(1365XXX, 1332XXX, 1404XXX, 1344XXX);
	1457XXX = and(1390XXX, 1365XXX, 1332XXX, 1412XXX, 1344XXX);
	1465XXX = and(1344XXX, 1382XXX);
	1466XXX = and(1365XXX, 1404XXX, 1344XXX);
	1467XXX = and(1390XXX, 1365XXX, 1412XXX, 1344XXX);
	1468XXX = and(1430XXX, 1365XXX, 1344XXX, 1390XXX);
	1469XXX = and(1344XXX, 1382XXX);
	1470XXX = and(1365XXX, 1404XXX, 1344XXX);
	1471XXX = and(1390XXX, 1365XXX, 1412XXX, 1344XXX);
	1472XXX = and(1365XXX, 1404XXX);
	1473XXX = and(1390XXX, 1365XXX, 1412XXX);
	1474XXX = and(1430XXX, 1365XXX, 1390XXX);
	1475XXX = and(1365XXX, 1404XXX);
	1476XXX = and(1390XXX, 1365XXX, 1412XXX);
	1477XXX = and(1390XXX, 1412XXX);
	1481XXX = and(1422XXX, 1307XXX);
	1482XXX = and(1430XXX, 1390XXX);
	1764XXX = not(1758XXX);
	1843XXX = and(1712XXX, 1758XXX, 1730XXX, 1704XXX);
	1850XXX = and(1730XXX, 1749XXX, 1712XXX);
	1851XXX = and(1758XXX, 1730XXX, 1712XXX);
	1853XXX = and(1749XXX, 1730XXX, 1712XXX);
	1854XXX = and(1730XXX, 1749XXX);
	1855XXX = and(1758XXX, 1730XXX);
	1856XXX = and(1730XXX, 1749XXX);
	1857XXX = and(1778XXX, 1829XXX, 1794XXX, 1767XXX, 1812XXX);
	1859XXX = and(1767XXX, 1789XXX);
	1860XXX = and(1778XXX, 1767XXX, 1806XXX);
	1861XXX = and(1794XXX, 1767XXX, 1823XXX, 1778XXX);
	1862XXX = and(1812XXX, 1794XXX, 1767XXX, 1837XXX, 1778XXX);
	1867XXX = and(1794XXX, 1823XXX, 1778XXX);
	1868XXX = and(1812XXX, 1794XXX, 1837XXX, 1778XXX);
	1869XXX = and(54XXX, 1829XXX, 1794XXX, 1812XXX, 1778XXX);
	1870XXX = and(1823XXX, 1794XXX);
	1871XXX = and(1812XXX, 1794XXX, 1837XXX);
	1872XXX = and(54XXX, 1829XXX, 1794XXX, 1812XXX);
	1873XXX = and(1812XXX, 1837XXX);
	1874XXX = and(54XXX, 1829XXX, 1812XXX);
	1878XXX = nand(1876XXX, 1877XXX);
	2113XXX = and(2099XXX, 1984XXX, 1966XXX, 1958XXX);
	2120XXX = and(1984XXX, 2001XXX, 1966XXX);
	2121XXX = and(2099XXX, 1984XXX, 1966XXX);
	2123XXX = and(1984XXX, 2001XXX, 1966XXX);
	2124XXX = and(1984XXX, 2001XXX);
	2128XXX = and(2106XXX, 2067XXX, 2042XXX, 2021XXX, 2009XXX);
	2131XXX = and(2009XXX, 2036XXX);
	2132XXX = and(2021XXX, 2009XXX, 2059XXX);
	2133XXX = and(2042XXX, 2009XXX, 2081XXX, 2021XXX);
	2134XXX = and(2067XXX, 2042XXX, 2009XXX, 2089XXX, 2021XXX);
	2143XXX = and(2042XXX, 2081XXX, 2021XXX);
	2144XXX = and(2067XXX, 2042XXX, 2089XXX, 2021XXX);
	2145XXX = and(2106XXX, 2042XXX, 2021XXX, 2067XXX);
	2147XXX = and(2042XXX, 2081XXX, 2021XXX);
	2148XXX = and(2067XXX, 2042XXX, 2089XXX, 2021XXX);
	2149XXX = and(2042XXX, 2081XXX);
	2150XXX = and(2067XXX, 2042XXX, 2089XXX);
	2151XXX = and(2106XXX, 2042XXX, 2067XXX);
	2152XXX = and(2042XXX, 2081XXX);
	2153XXX = and(2067XXX, 2042XXX, 2089XXX);
	2154XXX = and(2067XXX, 2089XXX);
	2158XXX = and(2099XXX, 1984XXX);
	2159XXX = and(2106XXX, 2067XXX);
	3449XXX = not(3445XXX);
	3458XXX = not(3454XXX);
	3472XXX = not(3468XXX);
	3481XXX = not(3477XXX);
	3497XXX = 3463XXX;
	3501XXX = 3463XXX;
	3505XXX = 3486XXX;
	3509XXX = 3486XXX;
	3531XXX = nand(5239XXX, 5242XXX);
	5428XXX = not(5422XXX);
	3967XXX = nand(5422XXX, 5429XXX);
	4191XXX = 1152XXX;
	4199XXX = 1023XXX;
	4207XXX = 1023XXX;
	4215XXX = 1034XXX;
	4223XXX = 1034XXX;
	4231XXX = 1052XXX;
	4239XXX = 1052XXX;
	4247XXX = 1089XXX;
	4255XXX = 1100XXX;
	4263XXX = 1116XXX;
	4271XXX = 1134XXX;
	4371XXX = 1422XXX;
	4381XXX = 1307XXX;
	4391XXX = 1278XXX;
	4401XXX = 1289XXX;
	4429XXX = 1422XXX;
	4439XXX = 1307XXX;
	4449XXX = 1278XXX;
	4459XXX = 1289XXX;
	4497XXX = 1430XXX;
	4507XXX = 1390XXX;
	4517XXX = 1332XXX;
	4527XXX = 1365XXX;
	4537XXX = 1344XXX;
	4547XXX = 1344XXX;
	4585XXX = 1430XXX;
	4595XXX = 1390XXX;
	4605XXX = 1332XXX;
	4615XXX = 1365XXX;
	4719XXX = 1730XXX;
	4727XXX = 1730XXX;
	4735XXX = 1767XXX;
	4751XXX = 1794XXX;
	4759XXX = 1812XXX;
	4835XXX = 2099XXX;
	4845XXX = 1984XXX;
	4893XXX = 2099XXX;
	4903XXX = 1984XXX;
	4961XXX = 2067XXX;
	4971XXX = 2009XXX;
	4981XXX = 2042XXX;
	5049XXX = 2067XXX;
	5059XXX = 2009XXX;
	5069XXX = 2042XXX;
	5222XXX = not(5216XXX);
	5223XXX = not(5219XXX);
	5232XXX = not(5226XXX);
	5233XXX = not(5229XXX);
	5294XXX = nand(5289XXX, 5292XXX);
	5395XXX = nand(5386XXX, 5393XXX);
	589XXX = or(1286XXX, 1439XXX, 1440XXX, 1441XXX);
	616XXX = or(3167XXX, 1845XXX, 1846XXX, 1847XXX);
	619XXX = or(1031XXX, 1168XXX, 1169XXX, 1170XXX);
	627XXX = or(3167XXX, 2115XXX, 2116XXX, 2117XXX);
	1185XXX = or(1097XXX, 1181XXX, 1182XXX, 1183XXX, 1184XXX);
	1448XXX = or(1318XXX, 1447XXX);
	1458XXX = or(1341XXX, 1454XXX, 1455XXX, 1456XXX, 1457XXX);
	1478XXX = or(1404XXX, 1477XXX);
	1863XXX = or(1775XXX, 1859XXX, 1860XXX, 1861XXX, 1862XXX);
	4747XXX = not(4743XXX);
	2125XXX = or(1995XXX, 2124XXX);
	2135XXX = or(2018XXX, 2131XXX, 2132XXX, 2133XXX, 2134XXX);
	2155XXX = or(2081XXX, 2154XXX);
	4995XXX = not(4991XXX);
	5005XXX = not(5001XXX);
	3533XXX = nand(3531XXX, 3532XXX);
	3921XXX = not(3918XXX);
	3925XXX = not(3922XXX);
	3929XXX = not(3926XXX);
	3933XXX = not(3930XXX);
	3943XXX = and(3862XXX, 3853XXX, 3918XXX);
	3946XXX = and(3866XXX, 3857XXX, 3922XXX);
	3949XXX = and(3883XXX, 3874XXX, 3926XXX);
	3952XXX = and(3887XXX, 3878XXX, 3930XXX);
	3966XXX = nand(5425XXX, 5428XXX);
	4107XXX = nand(4104XXX, 132XXX);
	4196XXX = or(1046XXX, 1171XXX, 1172XXX, 1173XXX);
	4204XXX = nor(1046XXX, 1174XXX, 1175XXX);
	4212XXX = or(1064XXX, 1176XXX, 1177XXX);
	4220XXX = nor(1064XXX, 1178XXX);
	4244XXX = or(1111XXX, 1188XXX, 1189XXX, 1190XXX, 1191XXX);
	4252XXX = or(1128XXX, 1192XXX, 1193XXX, 1194XXX);
	4260XXX = or(1145XXX, 1195XXX, 1196XXX);
	4268XXX = or(1160XXX, 1197XXX);
	4361XXX = or(1301XXX, 1442XXX, 1443XXX, 1444XXX);
	4419XXX = nor(1301XXX, 1445XXX, 1446XXX);
	4467XXX = or(1382XXX, 1472XXX, 1473XXX, 1474XXX);
	4487XXX = or(1359XXX, 1465XXX, 1466XXX, 1467XXX, 1468XXX);
	4555XXX = nor(1382XXX, 1475XXX, 1476XXX);
	4575XXX = nor(1359XXX, 1469XXX, 1470XXX, 1471XXX);
	4684XXX = or(1724XXX, 1849XXX, 1850XXX, 1851XXX);
	4692XXX = nor(1724XXX, 1852XXX, 1853XXX);
	4700XXX = or(1742XXX, 1854XXX, 1855XXX);
	4708XXX = nor(1742XXX, 1856XXX);
	4732XXX = or(1789XXX, 1866XXX, 1867XXX, 1868XXX, 1869XXX);
	4740XXX = or(1806XXX, 1870XXX, 1871XXX, 1872XXX);
	4748XXX = or(1823XXX, 1873XXX, 1874XXX);
	4825XXX = or(1978XXX, 2119XXX, 2120XXX, 2121XXX);
	4883XXX = nor(1978XXX, 2122XXX, 2123XXX);
	4928XXX = or(2059XXX, 2149XXX, 2150XXX, 2151XXX);
	4941XXX = or(2036XXX, 2142XXX, 2143XXX, 2144XXX, 2145XXX);
	5009XXX = nor(2059XXX, 2152XXX, 2153XXX);
	5029XXX = nor(2036XXX, 2146XXX, 2147XXX, 2148XXX);
	5224XXX = nand(5219XXX, 5222XXX);
	5225XXX = nand(5216XXX, 5223XXX);
	5234XXX = nand(5229XXX, 5232XXX);
	5235XXX = nand(5226XXX, 5233XXX);
	5376XXX = nand(5294XXX, 5295XXX);
	5417XXX = nand(5394XXX, 5395XXX);
	576XXX = not(1878XXX);
	588XXX = and(1437XXX, 1451XXX);
	615XXX = and(1843XXX, 1857XXX);
	626XXX = and(2113XXX, 2128XXX);
	632XXX = and(1166XXX, 1179XXX);
	1198XXX = nand(4191XXX, 4194XXX);
	4195XXX = not(4191XXX);
	4203XXX = not(4199XXX);
	4211XXX = not(4207XXX);
	4219XXX = not(4215XXX);
	4227XXX = not(4223XXX);
	1217XXX = nand(4231XXX, 4234XXX);
	4235XXX = not(4231XXX);
	1221XXX = nand(4239XXX, 4242XXX);
	4243XXX = not(4239XXX);
	1224XXX = and(1179XXX, 4XXX);
	4251XXX = not(4247XXX);
	4259XXX = not(4255XXX);
	4267XXX = not(4263XXX);
	4275XXX = not(4271XXX);
	1453XXX = not(1451XXX);
	4405XXX = not(4401XXX);
	4463XXX = not(4459XXX);
	4541XXX = not(4537XXX);
	4551XXX = not(4547XXX);
	1895XXX = nand(4719XXX, 4722XXX);
	4723XXX = not(4719XXX);
	1899XXX = nand(4727XXX, 4730XXX);
	4731XXX = not(4727XXX);
	1902XXX = and(1857XXX, 54XXX);
	4739XXX = not(4735XXX);
	4755XXX = not(4751XXX);
	1929XXX = nand(4759XXX, 4762XXX);
	4763XXX = not(4759XXX);
	2130XXX = not(2128XXX);
	3500XXX = not(3497XXX);
	3504XXX = not(3501XXX);
	3508XXX = not(3505XXX);
	3512XXX = not(3509XXX);
	3520XXX = and(3454XXX, 3445XXX, 3497XXX);
	3523XXX = and(3458XXX, 3449XXX, 3501XXX);
	3526XXX = and(3477XXX, 3468XXX, 3505XXX);
	3529XXX = and(3481XXX, 3472XXX, 3509XXX);
	1002XXX = 3533XXX;
	3837XXX = and(1878XXX, 3795XXX, 3823XXX);
	3942XXX = and(3857XXX, 3862XXX, 3921XXX);
	3945XXX = and(3853XXX, 3866XXX, 3925XXX);
	3948XXX = and(3878XXX, 3883XXX, 3929XXX);
	3951XXX = and(3874XXX, 3887XXX, 3933XXX);
	3968XXX = nand(3966XXX, 3967XXX);
	4375XXX = not(4371XXX);
	4385XXX = not(4381XXX);
	4395XXX = not(4391XXX);
	4433XXX = not(4429XXX);
	4443XXX = not(4439XXX);
	4453XXX = not(4449XXX);
	4501XXX = not(4497XXX);
	4511XXX = not(4507XXX);
	4521XXX = not(4517XXX);
	4531XXX = not(4527XXX);
	4619XXX = not(4615XXX);
	4589XXX = not(4585XXX);
	4599XXX = not(4595XXX);
	4609XXX = not(4605XXX);
	4839XXX = not(4835XXX);
	4849XXX = not(4845XXX);
	4897XXX = not(4893XXX);
	4907XXX = not(4903XXX);
	4965XXX = not(4961XXX);
	4975XXX = not(4971XXX);
	4985XXX = not(4981XXX);
	5073XXX = not(5069XXX);
	5053XXX = not(5049XXX);
	5063XXX = not(5059XXX);
	5247XXX = nand(5224XXX, 5225XXX);
	5255XXX = nand(5234XXX, 5235XXX);
	590XXX = and(1437XXX, 1458XXX);
	617XXX = and(1863XXX, 1843XXX);
	620XXX = and(1185XXX, 1166XXX);
	628XXX = and(2113XXX, 2135XXX);
	3535XXX = not(3533XXX);
	1199XXX = nand(4188XXX, 4195XXX);
	4202XXX = not(4196XXX);
	1204XXX = nand(4196XXX, 4203XXX);
	4210XXX = not(4204XXX);
	1207XXX = nand(4204XXX, 4211XXX);
	4218XXX = not(4212XXX);
	1211XXX = nand(4212XXX, 4219XXX);
	4226XXX = not(4220XXX);
	1214XXX = nand(4220XXX, 4227XXX);
	1218XXX = nand(4228XXX, 4235XXX);
	1222XXX = nand(4236XXX, 4243XXX);
	1225XXX = or(1185XXX, 1224XXX);
	4250XXX = not(4244XXX);
	1237XXX = nand(4244XXX, 4251XXX);
	4258XXX = not(4252XXX);
	1242XXX = nand(4252XXX, 4259XXX);
	4266XXX = not(4260XXX);
	1247XXX = nand(4260XXX, 4267XXX);
	4274XXX = not(4268XXX);
	1252XXX = nand(4268XXX, 4275XXX);
	1462XXX = not(1458XXX);
	4690XXX = not(4684XXX);
	1882XXX = nand(4684XXX, 4691XXX);
	4698XXX = not(4692XXX);
	1885XXX = nand(4692XXX, 4699XXX);
	4706XXX = not(4700XXX);
	1889XXX = nand(4700XXX, 4707XXX);
	4714XXX = not(4708XXX);
	1892XXX = nand(4708XXX, 4715XXX);
	1896XXX = nand(4716XXX, 4723XXX);
	1900XXX = nand(4724XXX, 4731XXX);
	1903XXX = or(1863XXX, 1902XXX);
	4738XXX = not(4732XXX);
	1915XXX = nand(4732XXX, 4739XXX);
	4746XXX = not(4740XXX);
	1920XXX = nand(4740XXX, 4747XXX);
	4754XXX = not(4748XXX);
	1925XXX = nand(4748XXX, 4755XXX);
	1930XXX = nand(4756XXX, 4763XXX);
	2139XXX = not(2135XXX);
	3519XXX = and(3449XXX, 3454XXX, 3500XXX);
	3522XXX = and(3445XXX, 3458XXX, 3504XXX);
	3525XXX = and(3472XXX, 3477XXX, 3508XXX);
	3528XXX = and(3468XXX, 3481XXX, 3512XXX);
	3848XXX = or(3836XXX, 3837XXX, 3838XXX);
	3944XXX = nor(3942XXX, 3943XXX);
	3947XXX = nor(3945XXX, 3946XXX);
	3950XXX = nor(3948XXX, 3949XXX);
	3953XXX = nor(3951XXX, 3952XXX);
	5421XXX = not(5417XXX);
	1004XXX = 3968XXX;
	4111XXX = and(4104XXX, 4107XXX);
	4112XXX = and(4107XXX, 132XXX);
	4351XXX = or(1448XXX, 1481XXX);
	4365XXX = not(4361XXX);
	4409XXX = not(1448XXX);
	4423XXX = not(4419XXX);
	4471XXX = not(4467XXX);
	4472XXX = nand(4467XXX, 4470XXX);
	4477XXX = or(1478XXX, 1482XXX);
	4491XXX = not(4487XXX);
	4559XXX = not(4555XXX);
	4560XXX = nand(4555XXX, 4558XXX);
	4565XXX = not(1478XXX);
	4579XXX = not(4575XXX);
	4815XXX = or(2125XXX, 2158XXX);
	4829XXX = not(4825XXX);
	4873XXX = not(2125XXX);
	4887XXX = not(4883XXX);
	4931XXX = or(2155XXX, 2159XXX);
	4934XXX = not(4928XXX);
	4945XXX = not(4941XXX);
	5013XXX = not(5009XXX);
	5014XXX = nand(5009XXX, 5012XXX);
	5019XXX = not(2155XXX);
	5033XXX = not(5029XXX);
	5382XXX = not(5376XXX);
	5385XXX = nand(5376XXX, 5383XXX);
	591XXX = or(589XXX, 590XXX);
	618XXX = or(616XXX, 617XXX);
	621XXX = or(619XXX, 620XXX);
	629XXX = or(627XXX, 628XXX);
	3970XXX = not(3968XXX);
	1200XXX = nand(1198XXX, 1199XXX);
	1203XXX = nand(4199XXX, 4202XXX);
	1206XXX = nand(4207XXX, 4210XXX);
	1210XXX = nand(4215XXX, 4218XXX);
	1213XXX = nand(4223XXX, 4226XXX);
	1219XXX = nand(1217XXX, 1218XXX);
	1223XXX = nand(1221XXX, 1222XXX);
	1236XXX = nand(4247XXX, 4250XXX);
	1241XXX = nand(4255XXX, 4258XXX);
	1246XXX = nand(4263XXX, 4266XXX);
	1251XXX = nand(4271XXX, 4274XXX);
	1881XXX = nand(4687XXX, 4690XXX);
	1884XXX = nand(4695XXX, 4698XXX);
	1888XXX = nand(4703XXX, 4706XXX);
	1891XXX = nand(4711XXX, 4714XXX);
	1897XXX = nand(1895XXX, 1896XXX);
	1901XXX = nand(1899XXX, 1900XXX);
	1914XXX = nand(4735XXX, 4738XXX);
	1919XXX = nand(4743XXX, 4746XXX);
	1924XXX = nand(4751XXX, 4754XXX);
	1931XXX = nand(1929XXX, 1930XXX);
	3521XXX = nor(3519XXX, 3520XXX);
	3524XXX = nor(3522XXX, 3523XXX);
	3527XXX = nor(3525XXX, 3526XXX);
	3530XXX = nor(3528XXX, 3529XXX);
	5251XXX = not(5247XXX);
	5259XXX = not(5255XXX);
	4113XXX = or(4111XXX, 4112XXX);
	4473XXX = nand(4464XXX, 4471XXX);
	4561XXX = nand(4552XXX, 4559XXX);
	5015XXX = nand(5006XXX, 5013XXX);
	5384XXX = nand(5379XXX, 5382XXX);
	5406XXX = nand(3947XXX, 3944XXX);
	5414XXX = nand(3953XXX, 3950XXX);
	1664XXX = and(3848XXX, 1621XXX, 1645XXX);
	2335XXX = and(3848XXX, 2293XXX, 2316XXX);
	718XXX = and(3848XXX, 2430XXX, 2454XXX);
	822XXX = not(3848XXX);
	855XXX = and(3848XXX, 2488XXX, 2512XXX);
	1205XXX = nand(1203XXX, 1204XXX);
	1208XXX = nand(1206XXX, 1207XXX);
	1212XXX = nand(1210XXX, 1211XXX);
	1215XXX = nand(1213XXX, 1214XXX);
	1220XXX = not(1219XXX);
	1231XXX = not(1225XXX);
	1238XXX = nand(1236XXX, 1237XXX);
	1243XXX = nand(1241XXX, 1242XXX);
	1248XXX = nand(1246XXX, 1247XXX);
	1253XXX = nand(1251XXX, 1252XXX);
	1272XXX = and(1225XXX, 1086XXX);
	1483XXX = and(1462XXX, 1453XXX);
	1883XXX = nand(1881XXX, 1882XXX);
	1886XXX = nand(1884XXX, 1885XXX);
	1890XXX = nand(1888XXX, 1889XXX);
	1893XXX = nand(1891XXX, 1892XXX);
	1898XXX = not(1897XXX);
	1909XXX = not(1903XXX);
	1916XXX = nand(1914XXX, 1915XXX);
	1921XXX = nand(1919XXX, 1920XXX);
	1926XXX = nand(1924XXX, 1925XXX);
	1953XXX = and(1903XXX, 1764XXX);
	2160XXX = and(2139XXX, 2130XXX);
	4355XXX = not(4351XXX);
	4356XXX = nand(4351XXX, 4354XXX);
	4413XXX = not(4409XXX);
	4414XXX = nand(4409XXX, 4412XXX);
	4474XXX = nand(4472XXX, 4473XXX);
	4481XXX = not(4477XXX);
	4562XXX = nand(4560XXX, 4561XXX);
	4569XXX = not(4565XXX);
	4819XXX = not(4815XXX);
	4820XXX = nand(4815XXX, 4818XXX);
	4877XXX = not(4873XXX);
	4878XXX = nand(4873XXX, 4876XXX);
	4935XXX = not(4931XXX);
	4936XXX = nand(4931XXX, 4934XXX);
	5016XXX = nand(5014XXX, 5015XXX);
	5023XXX = not(5019XXX);
	5244XXX = nand(3524XXX, 3521XXX);
	5252XXX = nand(3530XXX, 3527XXX);
	5409XXX = nand(5384XXX, 5385XXX);
	566XXX = not(1200XXX);
	577XXX = not(1931XXX);
	3733XXX = and(4113XXX, 3724XXX, 3721XXX);
	1209XXX = not(1208XXX);
	1216XXX = not(1215XXX);
	1257XXX = and(1225XXX, 1205XXX);
	1262XXX = and(1225XXX, 1212XXX);
	1267XXX = and(1225XXX, 1220XXX);
	1887XXX = not(1886XXX);
	1894XXX = not(1893XXX);
	1935XXX = and(1903XXX, 1883XXX);
	1943XXX = and(1903XXX, 1890XXX);
	1948XXX = and(1903XXX, 1898XXX);
	3779XXX = and(1200XXX, 3737XXX, 3765XXX);
	3840XXX = and(1931XXX, 3795XXX, 3823XXX);
	5412XXX = not(5406XXX);
	5420XXX = not(5414XXX);
	3964XXX = nand(5414XXX, 5421XXX);
	4357XXX = nand(4348XXX, 4355XXX);
	4415XXX = nand(4406XXX, 4413XXX);
	4821XXX = nand(4812XXX, 4819XXX);
	4879XXX = nand(4870XXX, 4877XXX);
	4937XXX = nand(4928XXX, 4935XXX);
	567XXX = not(1253XXX);
	568XXX = not(1248XXX);
	569XXX = not(1243XXX);
	570XXX = not(1238XXX);
	578XXX = not(1926XXX);
	579XXX = not(1921XXX);
	580XXX = not(1916XXX);
	1256XXX = and(1209XXX, 1231XXX);
	1261XXX = and(1216XXX, 1231XXX);
	1266XXX = and(1223XXX, 1231XXX);
	1271XXX = and(1080XXX, 1231XXX);
	1486XXX = not(1483XXX);
	1934XXX = and(1887XXX, 1909XXX);
	1942XXX = and(1894XXX, 1909XXX);
	1947XXX = and(1901XXX, 1909XXX);
	1952XXX = and(1758XXX, 1909XXX);
	2163XXX = not(2160XXX);
	5250XXX = not(5244XXX);
	3537XXX = nand(5244XXX, 5251XXX);
	5258XXX = not(5252XXX);
	3542XXX = nand(5252XXX, 5259XXX);
	3782XXX = and(1253XXX, 3737XXX, 3765XXX);
	3785XXX = and(1248XXX, 3737XXX, 3765XXX);
	3788XXX = and(1243XXX, 3737XXX, 3765XXX);
	3790XXX = or(3778XXX, 3779XXX, 3780XXX);
	3843XXX = and(1926XXX, 3795XXX, 3823XXX);
	3846XXX = and(1921XXX, 3795XXX, 3823XXX);
	3849XXX = or(3839XXX, 3840XXX, 3841XXX);
	3960XXX = nand(5409XXX, 5412XXX);
	5413XXX = not(5409XXX);
	3963XXX = nand(5417XXX, 5420XXX);
	4010XXX = and(1238XXX, 3972XXX, 3998XXX);
	4068XXX = and(1916XXX, 4030XXX, 4056XXX);
	4358XXX = nand(4356XXX, 4357XXX);
	4416XXX = nand(4414XXX, 4415XXX);
	4480XXX = not(4474XXX);
	4483XXX = nand(4474XXX, 4481XXX);
	4568XXX = not(4562XXX);
	4571XXX = nand(4562XXX, 4569XXX);
	4822XXX = nand(4820XXX, 4821XXX);
	4880XXX = nand(4878XXX, 4879XXX);
	4938XXX = nand(4936XXX, 4937XXX);
	5022XXX = not(5016XXX);
	5025XXX = nand(5016XXX, 5023XXX);
	1258XXX = or(1256XXX, 1257XXX);
	1263XXX = or(1261XXX, 1262XXX);
	1268XXX = or(1266XXX, 1267XXX);
	1273XXX = or(1271XXX, 1272XXX);
	1936XXX = or(1934XXX, 1935XXX);
	1944XXX = or(1942XXX, 1943XXX);
	1949XXX = or(1947XXX, 1948XXX);
	1954XXX = or(1952XXX, 1953XXX);
	3536XXX = nand(5247XXX, 5250XXX);
	3541XXX = nand(5255XXX, 5258XXX);
	3791XXX = or(3781XXX, 3782XXX, 3783XXX);
	3792XXX = or(3784XXX, 3785XXX, 3786XXX);
	3793XXX = or(3787XXX, 3788XXX, 3789XXX);
	3850XXX = or(3842XXX, 3843XXX, 3844XXX);
	3851XXX = or(3845XXX, 3846XXX, 3847XXX);
	3961XXX = nand(5406XXX, 5413XXX);
	3965XXX = nand(3963XXX, 3964XXX);
	4024XXX = or(4009XXX, 4010XXX, 4011XXX);
	4082XXX = or(4067XXX, 4068XXX, 4069XXX);
	4482XXX = nand(4477XXX, 4480XXX);
	4570XXX = nand(4565XXX, 4568XXX);
	5024XXX = nand(5019XXX, 5022XXX);
	1666XXX = and(3790XXX, 1609XXX, 1645XXX);
	1670XXX = and(3849XXX, 1621XXX, 1645XXX);
	2337XXX = and(3790XXX, 2281XXX, 2316XXX);
	2341XXX = and(3849XXX, 2293XXX, 2316XXX);
	719XXX = and(3790XXX, 2418XXX, 2454XXX);
	758XXX = and(3849XXX, 2430XXX, 2454XXX);
	798XXX = and(3849XXX, 2488XXX, 2512XXX);
	838XXX = not(3849XXX);
	856XXX = and(3790XXX, 2476XXX, 2512XXX);
	861XXX = not(3790XXX);
	3538XXX = nand(3536XXX, 3537XXX);
	3543XXX = nand(3541XXX, 3542XXX);
	3962XXX = nand(3960XXX, 3961XXX);
	4364XXX = not(4358XXX);
	4367XXX = nand(4358XXX, 4365XXX);
	4422XXX = not(4416XXX);
	4425XXX = nand(4416XXX, 4423XXX);
	4484XXX = nand(4482XXX, 4483XXX);
	4572XXX = nand(4570XXX, 4571XXX);
	4828XXX = not(4822XXX);
	4831XXX = nand(4822XXX, 4829XXX);
	4886XXX = not(4880XXX);
	4889XXX = nand(4880XXX, 4887XXX);
	4944XXX = not(4938XXX);
	4947XXX = nand(4938XXX, 4945XXX);
	5026XXX = nand(5024XXX, 5025XXX);
	571XXX = not(1273XXX);
	572XXX = not(1268XXX);
	573XXX = not(1263XXX);
	574XXX = not(1258XXX);
	581XXX = not(1954XXX);
	582XXX = not(1949XXX);
	583XXX = not(1944XXX);
	584XXX = not(1936XXX);
	623XXX = not(1936XXX);
	1576XXX = and(4082XXX, 1540XXX, 1564XXX);
	1578XXX = and(4024XXX, 1528XXX, 1564XXX);
	659XXX = or(1664XXX, 1666XXX, 1667XXX, 1668XXX);
	1672XXX = and(3791XXX, 1609XXX, 1645XXX);
	1676XXX = and(3850XXX, 1621XXX, 1645XXX);
	1678XXX = and(3792XXX, 1609XXX, 1645XXX);
	1682XXX = and(3851XXX, 1621XXX, 1645XXX);
	1684XXX = and(3793XXX, 1609XXX, 1645XXX);
	2250XXX = and(4082XXX, 2215XXX, 2238XXX);
	2252XXX = and(4024XXX, 2203XXX, 2238XXX);
	691XXX = or(2335XXX, 2337XXX, 2338XXX, 2339XXX);
	2343XXX = and(3791XXX, 2281XXX, 2316XXX);
	2347XXX = and(3850XXX, 2293XXX, 2316XXX);
	2349XXX = and(3792XXX, 2281XXX, 2316XXX);
	2353XXX = and(3851XXX, 2293XXX, 2316XXX);
	2355XXX = and(3793XXX, 2281XXX, 2316XXX);
	722XXX = or(718XXX, 719XXX, 720XXX, 721XXX);
	743XXX = and(4082XXX, 3570XXX, 3594XXX);
	744XXX = and(4024XXX, 3558XXX, 3594XXX);
	748XXX = and(3851XXX, 2430XXX, 2454XXX);
	749XXX = and(3793XXX, 2418XXX, 2454XXX);
	753XXX = and(3850XXX, 2430XXX, 2454XXX);
	754XXX = and(3792XXX, 2418XXX, 2454XXX);
	759XXX = and(3791XXX, 2418XXX, 2454XXX);
	783XXX = and(4082XXX, 3672XXX, 3696XXX);
	784XXX = and(4024XXX, 3660XXX, 3696XXX);
	788XXX = and(3851XXX, 2488XXX, 2512XXX);
	789XXX = and(3793XXX, 2476XXX, 2512XXX);
	793XXX = and(3850XXX, 2488XXX, 2512XXX);
	794XXX = and(3792XXX, 2476XXX, 2512XXX);
	799XXX = and(3791XXX, 2476XXX, 2512XXX);
	3735XXX = and(1936XXX, 3724XXX, 3717XXX);
	832XXX = not(4082XXX);
	834XXX = not(3851XXX);
	836XXX = not(3850XXX);
	3835XXX = not(3965XXX);
	859XXX = or(855XXX, 856XXX, 857XXX, 858XXX);
	871XXX = not(4024XXX);
	873XXX = not(3793XXX);
	875XXX = not(3792XXX);
	877XXX = not(3791XXX);
	998XXX = 3538XXX;
	1000XXX = 3543XXX;
	3651XXX = and(3965XXX, 3632XXX);
	4013XXX = and(1273XXX, 3972XXX, 3998XXX);
	4016XXX = and(1268XXX, 3972XXX, 3998XXX);
	4019XXX = and(1263XXX, 3972XXX, 3998XXX);
	4022XXX = and(1258XXX, 3972XXX, 3998XXX);
	4071XXX = and(1954XXX, 4030XXX, 4056XXX);
	4074XXX = and(1949XXX, 4030XXX, 4056XXX);
	4077XXX = and(1944XXX, 4030XXX, 4056XXX);
	4080XXX = and(1936XXX, 4030XXX, 4056XXX);
	4096XXX = nand(4113XXX, 1936XXX);
	4366XXX = nand(4361XXX, 4364XXX);
	4424XXX = nand(4419XXX, 4422XXX);
	4830XXX = nand(4825XXX, 4828XXX);
	4888XXX = nand(4883XXX, 4886XXX);
	4946XXX = nand(4941XXX, 4944XXX);
	575XXX = and(566XXX, 567XXX, 568XXX, 569XXX, 570XXX, 571XXX, 572XXX, 573XXX, 574XXX);
	585XXX = and(576XXX, 577XXX, 578XXX, 579XXX, 580XXX, 581XXX, 582XXX, 583XXX, 584XXX);
	640XXX = or(1576XXX, 1578XXX, 1579XXX, 1580XXX);
	661XXX = and(659XXX, 1606XXX);
	662XXX = or(1670XXX, 1672XXX, 1673XXX, 1674XXX);
	665XXX = or(1676XXX, 1678XXX, 1679XXX, 1680XXX);
	668XXX = or(1682XXX, 1684XXX, 1685XXX, 1686XXX);
	674XXX = or(2250XXX, 2252XXX, 2253XXX, 2254XXX);
	693XXX = and(691XXX, 2279XXX);
	694XXX = or(2341XXX, 2343XXX, 2344XXX, 2345XXX);
	697XXX = or(2347XXX, 2349XXX, 2350XXX, 2351XXX);
	700XXX = or(2353XXX, 2355XXX, 2356XXX, 2357XXX);
	747XXX = or(743XXX, 744XXX, 745XXX, 746XXX);
	752XXX = or(748XXX, 749XXX, 750XXX, 751XXX);
	757XXX = or(753XXX, 754XXX, 755XXX, 756XXX);
	762XXX = or(758XXX, 759XXX, 760XXX, 761XXX);
	787XXX = or(783XXX, 784XXX, 785XXX, 786XXX);
	792XXX = or(788XXX, 789XXX, 790XXX, 791XXX);
	797XXX = or(793XXX, 794XXX, 795XXX, 796XXX);
	802XXX = or(798XXX, 799XXX, 800XXX, 801XXX);
	817XXX = or(3731XXX, 3733XXX, 3734XXX, 3735XXX);
	839XXX = and(3835XXX, 3803XXX, 3823XXX);
	3540XXX = not(3538XXX);
	3545XXX = not(3543XXX);
	3777XXX = not(3962XXX);
	3648XXX = and(3962XXX, 3632XXX);
	4025XXX = or(4012XXX, 4013XXX, 4014XXX);
	4026XXX = or(4015XXX, 4016XXX, 4017XXX);
	4027XXX = or(4018XXX, 4019XXX, 4020XXX);
	4028XXX = or(4021XXX, 4022XXX, 4023XXX);
	4083XXX = or(4070XXX, 4071XXX, 4072XXX);
	4084XXX = or(4073XXX, 4074XXX, 4075XXX);
	4085XXX = or(4076XXX, 4077XXX, 4078XXX);
	4086XXX = or(4079XXX, 4080XXX, 4081XXX);
	4368XXX = nand(4366XXX, 4367XXX);
	4426XXX = nand(4424XXX, 4425XXX);
	4490XXX = not(4484XXX);
	4493XXX = nand(4484XXX, 4491XXX);
	4578XXX = not(4572XXX);
	4581XXX = nand(4572XXX, 4579XXX);
	4832XXX = nand(4830XXX, 4831XXX);
	4890XXX = nand(4888XXX, 4889XXX);
	4948XXX = nand(4946XXX, 4947XXX);
	5032XXX = not(5026XXX);
	5035XXX = nand(5026XXX, 5033XXX);
	642XXX = and(640XXX, 1526XXX);
	664XXX = and(662XXX, 1606XXX);
	667XXX = and(665XXX, 1606XXX);
	670XXX = and(668XXX, 1606XXX);
	676XXX = and(674XXX, 2202XXX);
	696XXX = and(694XXX, 2279XXX);
	699XXX = and(697XXX, 2279XXX);
	702XXX = and(700XXX, 2279XXX);
	811XXX = and(4113XXX, 4096XXX);
	812XXX = and(4096XXX, 1936XXX);
	818XXX = and(816XXX, 817XXX);
	853XXX = and(562XXX, 3540XXX, 3545XXX, 3535XXX, 3970XXX);
	878XXX = and(3777XXX, 3745XXX, 3765XXX);
	4492XXX = nand(4487XXX, 4490XXX);
	4580XXX = nand(4575XXX, 4578XXX);
	5034XXX = nand(5029XXX, 5032XXX);
	1582XXX = and(4083XXX, 1540XXX, 1564XXX);
	1584XXX = and(4025XXX, 1528XXX, 1564XXX);
	1588XXX = and(4084XXX, 1540XXX, 1564XXX);
	1590XXX = and(4026XXX, 1528XXX, 1564XXX);
	1594XXX = and(4085XXX, 1540XXX, 1564XXX);
	1596XXX = and(4027XXX, 1528XXX, 1564XXX);
	1600XXX = and(4086XXX, 1540XXX, 1564XXX);
	1602XXX = and(4028XXX, 1528XXX, 1564XXX);
	2256XXX = and(4083XXX, 2215XXX, 2238XXX);
	2258XXX = and(4025XXX, 2203XXX, 2238XXX);
	2262XXX = and(4084XXX, 2215XXX, 2238XXX);
	2264XXX = and(4026XXX, 2203XXX, 2238XXX);
	2268XXX = and(4085XXX, 2215XXX, 2238XXX);
	2270XXX = and(4027XXX, 2203XXX, 2238XXX);
	2274XXX = and(4086XXX, 2215XXX, 2238XXX);
	2276XXX = and(4028XXX, 2203XXX, 2238XXX);
	708XXX = and(4086XXX, 3672XXX, 3696XXX);
	709XXX = and(4028XXX, 3660XXX, 3696XXX);
	723XXX = and(4086XXX, 3570XXX, 3594XXX);
	724XXX = and(4028XXX, 3558XXX, 3594XXX);
	728XXX = and(4085XXX, 3570XXX, 3594XXX);
	729XXX = and(4027XXX, 3558XXX, 3594XXX);
	733XXX = and(4084XXX, 3570XXX, 3594XXX);
	734XXX = and(4026XXX, 3558XXX, 3594XXX);
	738XXX = and(4083XXX, 3570XXX, 3594XXX);
	739XXX = and(4025XXX, 3558XXX, 3594XXX);
	768XXX = and(4085XXX, 3672XXX, 3696XXX);
	769XXX = and(4027XXX, 3660XXX, 3696XXX);
	773XXX = and(4084XXX, 3672XXX, 3696XXX);
	774XXX = and(4026XXX, 3660XXX, 3696XXX);
	778XXX = and(4083XXX, 3672XXX, 3696XXX);
	779XXX = and(4025XXX, 3660XXX, 3696XXX);
	813XXX = or(811XXX, 812XXX);
	824XXX = not(4086XXX);
	826XXX = not(4085XXX);
	828XXX = not(4084XXX);
	830XXX = not(4083XXX);
	854XXX = and(852XXX, 853XXX, 245XXX);
	863XXX = not(4028XXX);
	865XXX = not(4027XXX);
	867XXX = not(4026XXX);
	869XXX = not(4025XXX);
	4374XXX = not(4368XXX);
	4377XXX = nand(4368XXX, 4375XXX);
	4432XXX = not(4426XXX);
	4435XXX = nand(4426XXX, 4433XXX);
	4494XXX = nand(4492XXX, 4493XXX);
	4582XXX = nand(4580XXX, 4581XXX);
	4838XXX = not(4832XXX);
	4841XXX = nand(4832XXX, 4839XXX);
	4896XXX = not(4890XXX);
	4899XXX = nand(4890XXX, 4897XXX);
	4954XXX = not(4948XXX);
	4957XXX = nand(4948XXX, 4955XXX);
	5036XXX = nand(5034XXX, 5035XXX);
	643XXX = or(1582XXX, 1584XXX, 1585XXX, 1586XXX);
	646XXX = or(1588XXX, 1590XXX, 1591XXX, 1592XXX);
	649XXX = or(1594XXX, 1596XXX, 1597XXX, 1598XXX);
	652XXX = or(1600XXX, 1602XXX, 1603XXX, 1604XXX);
	677XXX = or(2256XXX, 2258XXX, 2259XXX, 2260XXX);
	680XXX = or(2262XXX, 2264XXX, 2265XXX, 2266XXX);
	683XXX = or(2268XXX, 2270XXX, 2271XXX, 2272XXX);
	686XXX = or(2274XXX, 2276XXX, 2277XXX, 2278XXX);
	712XXX = or(708XXX, 709XXX, 710XXX, 711XXX);
	727XXX = or(723XXX, 724XXX, 725XXX, 726XXX);
	732XXX = or(728XXX, 729XXX, 730XXX, 731XXX);
	737XXX = or(733XXX, 734XXX, 735XXX, 736XXX);
	742XXX = or(738XXX, 739XXX, 740XXX, 741XXX);
	772XXX = or(768XXX, 769XXX, 770XXX, 771XXX);
	777XXX = or(773XXX, 774XXX, 775XXX, 776XXX);
	782XXX = or(778XXX, 779XXX, 780XXX, 781XXX);
	4376XXX = nand(4371XXX, 4374XXX);
	4434XXX = nand(4429XXX, 4432XXX);
	4840XXX = nand(4835XXX, 4838XXX);
	4898XXX = nand(4893XXX, 4896XXX);
	4956XXX = nand(4951XXX, 4954XXX);
	645XXX = and(643XXX, 1526XXX);
	648XXX = and(646XXX, 1526XXX);
	651XXX = and(649XXX, 1526XXX);
	654XXX = and(652XXX, 1526XXX);
	679XXX = and(677XXX, 2202XXX);
	682XXX = and(680XXX, 2202XXX);
	685XXX = and(683XXX, 2202XXX);
	688XXX = and(686XXX, 2202XXX);
	4378XXX = nand(4376XXX, 4377XXX);
	4436XXX = nand(4434XXX, 4435XXX);
	4500XXX = not(4494XXX);
	4503XXX = nand(4494XXX, 4501XXX);
	4588XXX = not(4582XXX);
	4591XXX = nand(4582XXX, 4589XXX);
	4842XXX = nand(4840XXX, 4841XXX);
	4900XXX = nand(4898XXX, 4899XXX);
	4958XXX = nand(4956XXX, 4957XXX);
	5042XXX = not(5036XXX);
	5045XXX = nand(5036XXX, 5043XXX);
	4502XXX = nand(4497XXX, 4500XXX);
	4590XXX = nand(4585XXX, 4588XXX);
	5044XXX = nand(5039XXX, 5042XXX);
	4384XXX = not(4378XXX);
	4387XXX = nand(4378XXX, 4385XXX);
	4442XXX = not(4436XXX);
	4445XXX = nand(4436XXX, 4443XXX);
	4504XXX = nand(4502XXX, 4503XXX);
	4592XXX = nand(4590XXX, 4591XXX);
	4848XXX = not(4842XXX);
	4851XXX = nand(4842XXX, 4849XXX);
	4906XXX = not(4900XXX);
	4909XXX = nand(4900XXX, 4907XXX);
	4964XXX = not(4958XXX);
	4967XXX = nand(4958XXX, 4965XXX);
	5046XXX = nand(5044XXX, 5045XXX);
	4386XXX = nand(4381XXX, 4384XXX);
	4444XXX = nand(4439XXX, 4442XXX);
	4850XXX = nand(4845XXX, 4848XXX);
	4908XXX = nand(4903XXX, 4906XXX);
	4966XXX = nand(4961XXX, 4964XXX);
	4388XXX = nand(4386XXX, 4387XXX);
	4446XXX = nand(4444XXX, 4445XXX);
	4510XXX = not(4504XXX);
	4513XXX = nand(4504XXX, 4511XXX);
	4598XXX = not(4592XXX);
	4601XXX = nand(4592XXX, 4599XXX);
	4852XXX = nand(4850XXX, 4851XXX);
	4910XXX = nand(4908XXX, 4909XXX);
	4968XXX = nand(4966XXX, 4967XXX);
	5052XXX = not(5046XXX);
	5055XXX = nand(5046XXX, 5053XXX);
	4512XXX = nand(4507XXX, 4510XXX);
	4600XXX = nand(4595XXX, 4598XXX);
	5054XXX = nand(5049XXX, 5052XXX);
	4394XXX = not(4388XXX);
	4397XXX = nand(4388XXX, 4395XXX);
	4452XXX = not(4446XXX);
	4455XXX = nand(4446XXX, 4453XXX);
	4514XXX = nand(4512XXX, 4513XXX);
	4602XXX = nand(4600XXX, 4601XXX);
	4858XXX = not(4852XXX);
	4861XXX = nand(4852XXX, 4859XXX);
	4916XXX = not(4910XXX);
	4919XXX = nand(4910XXX, 4917XXX);
	4974XXX = not(4968XXX);
	4977XXX = nand(4968XXX, 4975XXX);
	5056XXX = nand(5054XXX, 5055XXX);
	4396XXX = nand(4391XXX, 4394XXX);
	4454XXX = nand(4449XXX, 4452XXX);
	4860XXX = nand(4855XXX, 4858XXX);
	4918XXX = nand(4913XXX, 4916XXX);
	4976XXX = nand(4971XXX, 4974XXX);
	4398XXX = nand(4396XXX, 4397XXX);
	4456XXX = nand(4454XXX, 4455XXX);
	4520XXX = not(4514XXX);
	4523XXX = nand(4514XXX, 4521XXX);
	4608XXX = not(4602XXX);
	4611XXX = nand(4602XXX, 4609XXX);
	4862XXX = nand(4860XXX, 4861XXX);
	4920XXX = nand(4918XXX, 4919XXX);
	4978XXX = nand(4976XXX, 4977XXX);
	5062XXX = not(5056XXX);
	5065XXX = nand(5056XXX, 5063XXX);
	4522XXX = nand(4517XXX, 4520XXX);
	4610XXX = nand(4605XXX, 4608XXX);
	5064XXX = nand(5059XXX, 5062XXX);
	4404XXX = not(4398XXX);
	1488XXX = nand(4398XXX, 4405XXX);
	4462XXX = not(4456XXX);
	1493XXX = nand(4456XXX, 4463XXX);
	4868XXX = not(4862XXX);
	2165XXX = nand(4862XXX, 4869XXX);
	4926XXX = not(4920XXX);
	2170XXX = nand(4920XXX, 4927XXX);
	4524XXX = nand(4522XXX, 4523XXX);
	4612XXX = nand(4610XXX, 4611XXX);
	4984XXX = not(4978XXX);
	4987XXX = nand(4978XXX, 4985XXX);
	5066XXX = nand(5064XXX, 5065XXX);
	1487XXX = nand(4401XXX, 4404XXX);
	1492XXX = nand(4459XXX, 4462XXX);
	2164XXX = nand(4865XXX, 4868XXX);
	2169XXX = nand(4923XXX, 4926XXX);
	4986XXX = nand(4981XXX, 4984XXX);
	1489XXX = nand(1487XXX, 1488XXX);
	1494XXX = nand(1492XXX, 1493XXX);
	2166XXX = nand(2164XXX, 2165XXX);
	2171XXX = nand(2169XXX, 2170XXX);
	4530XXX = not(4524XXX);
	4533XXX = nand(4524XXX, 4531XXX);
	4618XXX = not(4612XXX);
	4543XXX = nand(4612XXX, 4619XXX);
	4988XXX = nand(4986XXX, 4987XXX);
	5072XXX = not(5066XXX);
	4997XXX = nand(5066XXX, 5073XXX);
	4532XXX = nand(4527XXX, 4530XXX);
	4542XXX = nand(4615XXX, 4618XXX);
	4996XXX = nand(5069XXX, 5072XXX);
	1513XXX = and(1494XXX, 1462XXX, 1502XXX);
	1514XXX = and(1489XXX, 1458XXX, 1502XXX);
	1515XXX = and(1494XXX, 1483XXX, 1497XXX);
	1516XXX = and(1489XXX, 1486XXX, 1497XXX);
	4994XXX = not(4988XXX);
	2184XXX = nand(4988XXX, 4995XXX);
	2190XXX = and(2171XXX, 2139XXX, 2179XXX);
	2191XXX = and(2166XXX, 2135XXX, 2179XXX);
	2192XXX = and(2171XXX, 2160XXX, 2174XXX);
	2193XXX = and(2166XXX, 2163XXX, 2174XXX);
	4534XXX = nand(4532XXX, 4533XXX);
	4544XXX = nand(4542XXX, 4543XXX);
	4998XXX = nand(4996XXX, 4997XXX);
	2183XXX = nand(4991XXX, 4994XXX);
	4620XXX = or(1513XXX, 1514XXX, 1515XXX, 1516XXX);
	5074XXX = or(2190XXX, 2191XXX, 2192XXX, 2193XXX);
	4540XXX = not(4534XXX);
	1507XXX = nand(4534XXX, 4541XXX);
	4550XXX = not(4544XXX);
	1510XXX = nand(4544XXX, 4551XXX);
	2185XXX = nand(2183XXX, 2184XXX);
	5004XXX = not(4998XXX);
	2187XXX = nand(4998XXX, 5005XXX);
	1506XXX = nand(4537XXX, 4540XXX);
	1509XXX = nand(4547XXX, 4550XXX);
	4626XXX = not(4620XXX);
	2186XXX = nand(5001XXX, 5004XXX);
	2195XXX = and(2174XXX, 2185XXX);
	5080XXX = not(5074XXX);
	1508XXX = nand(1506XXX, 1507XXX);
	1511XXX = nand(1509XXX, 1510XXX);
	2188XXX = nand(2186XXX, 2187XXX);
	1512XXX = not(1511XXX);
	1518XXX = and(1497XXX, 1508XXX);
	2189XXX = not(2188XXX);
	1517XXX = and(1512XXX, 1502XXX);
	2194XXX = and(2189XXX, 2179XXX);
	4623XXX = or(1517XXX, 1518XXX);
	5077XXX = or(2194XXX, 2195XXX);
	1519XXX = nand(4623XXX, 4626XXX);
	4627XXX = not(4623XXX);
	2196XXX = nand(5077XXX, 5080XXX);
	5081XXX = not(5077XXX);
	1520XXX = nand(4620XXX, 4627XXX);
	2197XXX = nand(5074XXX, 5081XXX);
	1521XXX = nand(1519XXX, 1520XXX);
	2198XXX = nand(2196XXX, 2197XXX);
	840XXX = and(2198XXX, 3795XXX, 3823XXX);
	879XXX = and(1521XXX, 3737XXX, 3765XXX);
	1524XXX = not(1521XXX);
	2201XXX = not(2198XXX);
	843XXX = or(839XXX, 840XXX, 841XXX, 842XXX);
	882XXX = or(878XXX, 879XXX, 880XXX, 881XXX);
	3649XXX = and(1524XXX, 3628XXX);
	3652XXX = and(2201XXX, 3628XXX);
	3657XXX = or(3648XXX, 3649XXX);
	3658XXX = or(3651XXX, 3652XXX);
	3636XXX = and(3657XXX, 3622XXX);
	3639XXX = and(3658XXX, 3622XXX);
	3642XXX = and(3657XXX, 3622XXX);
	3645XXX = and(3658XXX, 3622XXX);
	3653XXX = or(3636XXX, 3637XXX);
	3654XXX = or(3639XXX, 3640XXX);
	3655XXX = or(3642XXX, 3643XXX);
	3656XXX = or(3645XXX, 3646XXX);
	763XXX = and(3656XXX, 2430XXX, 2454XXX);
	764XXX = and(3655XXX, 2418XXX, 2454XXX);
	803XXX = and(3656XXX, 2488XXX, 2512XXX);
	804XXX = and(3655XXX, 2476XXX, 2512XXX);
	1657XXX = and(3654XXX, 1621XXX, 1645XXX);
	1659XXX = and(3653XXX, 1609XXX, 1645XXX);
	2328XXX = and(3654XXX, 2293XXX, 2316XXX);
	2330XXX = and(3653XXX, 2281XXX, 2316XXX);
	1662XXX = or(1657XXX, 1659XXX, 1660XXX, 1661XXX);
	2333XXX = or(2328XXX, 2330XXX, 2331XXX, 2332XXX);
	767XXX = or(763XXX, 764XXX, 765XXX, 766XXX);
	807XXX = or(803XXX, 804XXX, 805XXX, 806XXX);
	657XXX = and(1662XXX, 1606XXX);
	689XXX = and(2333XXX, 2279XXX);
	658XXX = not(657XXX);
	690XXX = not(689XXX);
ENDMODULE

