MODULE mult_6288_12
INPUT	
	a11, a10, a9, a8, a7, a6, a5, a4, a3, a2, a1, a0, b11, b10, b9, b8, b7, b6, b5, b4, b3, b2, b1, b0;
OUTPUT	
	sum23, sum22, sum21, sum20, sum19, sum18, sum17, sum16, sum15, sum14, sum13, sum12, sum11, sum10, sum9, sum8, sum7, sum6, sum5, sum4, sum3, sum2, sum1, sum0;
STRUCTURE
	pp0_0	 = and(a0, b0);
	pp1_0	 = and(a0, b1);
	pp2_0	 = and(a0, b2);
	pp3_0	 = and(a0, b3);
	pp4_0	 = and(a0, b4);
	pp5_0	 = and(a0, b5);
	pp6_0	 = and(a0, b6);
	pp7_0	 = and(a0, b7);
	pp8_0	 = and(a0, b8);
	pp9_0	 = and(a0, b9);
	pp10_0	 = and(a0, b10);
	pp11_0	 = and(a0, b11);
	sum0	= pp0_0;
	pp0_1	 = and(a1, b0);
	pp1_1	 = and(a1, b1);
	pp2_1	 = and(a1, b2);
	pp3_1	 = and(a1, b3);
	pp4_1	 = and(a1, b4);
	pp5_1	 = and(a1, b5);
	pp6_1	 = and(a1, b6);
	pp7_1	 = and(a1, b7);
	pp8_1	 = and(a1, b8);
	pp9_1	 = and(a1, b9);
	pp10_1	 = and(a1, b10);
	pp11_1	 = and(a1, b11);
	gate0_1_0	=  nor(pp1_0, pp0_1);
	gate0_1_1	=  nor(pp1_0, gate0_1_0);
	gate0_1_2	=  nor(pp0_1, gate0_1_0);
	gate0_1_3	=  nor(gate0_1_1, gate0_1_2);
	gate0_1_4	= not(gate0_1_3); 
	gate0_1_5	= nor(gate0_1_4, gate0_1_3); 
	gate0_1_6	= not(gate0_1_4); 
	sum1	= nor(gate0_1_5,gate0_1_6); 
	c0_1	= nor(gate0_1_0,gate0_1_4); 
	gate1_1_0	=  nor(pp2_0, pp1_1);
	gate1_1_1	=  nor(pp2_0, gate1_1_0);
	gate1_1_2	=  nor(pp1_1, gate1_1_0);
	gate1_1_3	=  nor(gate1_1_1, gate1_1_2);
	gate1_1_4	= not(gate1_1_3); 
	gate1_1_5	= nor(gate1_1_4, gate1_1_3); 
	gate1_1_6	= not(gate1_1_4); 
	s1_1	= nor(gate1_1_5,gate1_1_6); 
	c1_1	= nor(gate1_1_0,gate1_1_4); 
	gate2_1_0	=  nor(pp3_0, pp2_1);
	gate2_1_1	=  nor(pp3_0, gate2_1_0);
	gate2_1_2	=  nor(pp2_1, gate2_1_0);
	gate2_1_3	=  nor(gate2_1_1, gate2_1_2);
	gate2_1_4	= not(gate2_1_3); 
	gate2_1_5	= nor(gate2_1_4, gate2_1_3); 
	gate2_1_6	= not(gate2_1_4); 
	s2_1	= nor(gate2_1_5,gate2_1_6); 
	c2_1	= nor(gate2_1_0,gate2_1_4); 
	gate3_1_0	=  nor(pp4_0, pp3_1);
	gate3_1_1	=  nor(pp4_0, gate3_1_0);
	gate3_1_2	=  nor(pp3_1, gate3_1_0);
	gate3_1_3	=  nor(gate3_1_1, gate3_1_2);
	gate3_1_4	= not(gate3_1_3); 
	gate3_1_5	= nor(gate3_1_4, gate3_1_3); 
	gate3_1_6	= not(gate3_1_4); 
	s3_1	= nor(gate3_1_5,gate3_1_6); 
	c3_1	= nor(gate3_1_0,gate3_1_4); 
	gate4_1_0	=  nor(pp5_0, pp4_1);
	gate4_1_1	=  nor(pp5_0, gate4_1_0);
	gate4_1_2	=  nor(pp4_1, gate4_1_0);
	gate4_1_3	=  nor(gate4_1_1, gate4_1_2);
	gate4_1_4	= not(gate4_1_3); 
	gate4_1_5	= nor(gate4_1_4, gate4_1_3); 
	gate4_1_6	= not(gate4_1_4); 
	s4_1	= nor(gate4_1_5,gate4_1_6); 
	c4_1	= nor(gate4_1_0,gate4_1_4); 
	gate5_1_0	=  nor(pp6_0, pp5_1);
	gate5_1_1	=  nor(pp6_0, gate5_1_0);
	gate5_1_2	=  nor(pp5_1, gate5_1_0);
	gate5_1_3	=  nor(gate5_1_1, gate5_1_2);
	gate5_1_4	= not(gate5_1_3); 
	gate5_1_5	= nor(gate5_1_4, gate5_1_3); 
	gate5_1_6	= not(gate5_1_4); 
	s5_1	= nor(gate5_1_5,gate5_1_6); 
	c5_1	= nor(gate5_1_0,gate5_1_4); 
	gate6_1_0	=  nor(pp7_0, pp6_1);
	gate6_1_1	=  nor(pp7_0, gate6_1_0);
	gate6_1_2	=  nor(pp6_1, gate6_1_0);
	gate6_1_3	=  nor(gate6_1_1, gate6_1_2);
	gate6_1_4	= not(gate6_1_3); 
	gate6_1_5	= nor(gate6_1_4, gate6_1_3); 
	gate6_1_6	= not(gate6_1_4); 
	s6_1	= nor(gate6_1_5,gate6_1_6); 
	c6_1	= nor(gate6_1_0,gate6_1_4); 
	gate7_1_0	=  nor(pp8_0, pp7_1);
	gate7_1_1	=  nor(pp8_0, gate7_1_0);
	gate7_1_2	=  nor(pp7_1, gate7_1_0);
	gate7_1_3	=  nor(gate7_1_1, gate7_1_2);
	gate7_1_4	= not(gate7_1_3); 
	gate7_1_5	= nor(gate7_1_4, gate7_1_3); 
	gate7_1_6	= not(gate7_1_4); 
	s7_1	= nor(gate7_1_5,gate7_1_6); 
	c7_1	= nor(gate7_1_0,gate7_1_4); 
	gate8_1_0	=  nor(pp9_0, pp8_1);
	gate8_1_1	=  nor(pp9_0, gate8_1_0);
	gate8_1_2	=  nor(pp8_1, gate8_1_0);
	gate8_1_3	=  nor(gate8_1_1, gate8_1_2);
	gate8_1_4	= not(gate8_1_3); 
	gate8_1_5	= nor(gate8_1_4, gate8_1_3); 
	gate8_1_6	= not(gate8_1_4); 
	s8_1	= nor(gate8_1_5,gate8_1_6); 
	c8_1	= nor(gate8_1_0,gate8_1_4); 
	gate9_1_0	=  nor(pp10_0, pp9_1);
	gate9_1_1	=  nor(pp10_0, gate9_1_0);
	gate9_1_2	=  nor(pp9_1, gate9_1_0);
	gate9_1_3	=  nor(gate9_1_1, gate9_1_2);
	gate9_1_4	= not(gate9_1_3); 
	gate9_1_5	= nor(gate9_1_4, gate9_1_3); 
	gate9_1_6	= not(gate9_1_4); 
	s9_1	= nor(gate9_1_5,gate9_1_6); 
	c9_1	= nor(gate9_1_0,gate9_1_4); 
	gate10_1_0	=  nor(pp11_0, pp10_1);
	gate10_1_1	=  nor(pp11_0, gate10_1_0);
	gate10_1_2	=  nor(pp10_1, gate10_1_0);
	gate10_1_3	=  nor(gate10_1_1, gate10_1_2);
	gate10_1_4	= not(gate10_1_3); 
	gate10_1_5	= nor(gate10_1_4, gate10_1_3); 
	gate10_1_6	= not(gate10_1_4); 
	s10_1	= nor(gate10_1_5,gate10_1_6); 
	c10_1	= nor(gate10_1_0,gate10_1_4); 
	s11_1	= pp11_1;
	pp0_2	 = and(a2, b0);
	pp1_2	 = and(a2, b1);
	pp2_2	 = and(a2, b2);
	pp3_2	 = and(a2, b3);
	pp4_2	 = and(a2, b4);
	pp5_2	 = and(a2, b5);
	pp6_2	 = and(a2, b6);
	pp7_2	 = and(a2, b7);
	pp8_2	 = and(a2, b8);
	pp9_2	 = and(a2, b9);
	pp10_2	 = and(a2, b10);
	pp11_2	 = and(a2, b11);
	gate0_2_0	=  nor(s1_1, c0_1);
	gate0_2_1	=  nor(s1_1, gate0_2_0);
	gate0_2_2	=  nor(c0_1, gate0_2_0);
	gate0_2_3	=  nor(gate0_2_1, gate0_2_2);
	gate0_2_4	=  nor(gate0_2_3, pp0_2);
	gate0_2_5	=  nor(gate0_2_3, gate0_2_4);
	gate0_2_6	=  nor(pp0_2, gate0_2_4);
	sum2	=  nor(gate0_2_5, gate0_2_6);
	c0_2	= nor(gate0_2_0,gate0_2_4); 
	gate1_2_0	=  nor(s2_1, c1_1);
	gate1_2_1	=  nor(s2_1, gate1_2_0);
	gate1_2_2	=  nor(c1_1, gate1_2_0);
	gate1_2_3	=  nor(gate1_2_1, gate1_2_2);
	gate1_2_4	=  nor(gate1_2_3, pp1_2);
	gate1_2_5	=  nor(gate1_2_3, gate1_2_4);
	gate1_2_6	=  nor(pp1_2, gate1_2_4);
	s1_2	=  nor(gate1_2_5, gate1_2_6);
	c1_2	= nor(gate1_2_0,gate1_2_4); 
	gate2_2_0	=  nor(s3_1, c2_1);
	gate2_2_1	=  nor(s3_1, gate2_2_0);
	gate2_2_2	=  nor(c2_1, gate2_2_0);
	gate2_2_3	=  nor(gate2_2_1, gate2_2_2);
	gate2_2_4	=  nor(gate2_2_3, pp2_2);
	gate2_2_5	=  nor(gate2_2_3, gate2_2_4);
	gate2_2_6	=  nor(pp2_2, gate2_2_4);
	s2_2	=  nor(gate2_2_5, gate2_2_6);
	c2_2	= nor(gate2_2_0,gate2_2_4); 
	gate3_2_0	=  nor(s4_1, c3_1);
	gate3_2_1	=  nor(s4_1, gate3_2_0);
	gate3_2_2	=  nor(c3_1, gate3_2_0);
	gate3_2_3	=  nor(gate3_2_1, gate3_2_2);
	gate3_2_4	=  nor(gate3_2_3, pp3_2);
	gate3_2_5	=  nor(gate3_2_3, gate3_2_4);
	gate3_2_6	=  nor(pp3_2, gate3_2_4);
	s3_2	=  nor(gate3_2_5, gate3_2_6);
	c3_2	= nor(gate3_2_0,gate3_2_4); 
	gate4_2_0	=  nor(s5_1, c4_1);
	gate4_2_1	=  nor(s5_1, gate4_2_0);
	gate4_2_2	=  nor(c4_1, gate4_2_0);
	gate4_2_3	=  nor(gate4_2_1, gate4_2_2);
	gate4_2_4	=  nor(gate4_2_3, pp4_2);
	gate4_2_5	=  nor(gate4_2_3, gate4_2_4);
	gate4_2_6	=  nor(pp4_2, gate4_2_4);
	s4_2	=  nor(gate4_2_5, gate4_2_6);
	c4_2	= nor(gate4_2_0,gate4_2_4); 
	gate5_2_0	=  nor(s6_1, c5_1);
	gate5_2_1	=  nor(s6_1, gate5_2_0);
	gate5_2_2	=  nor(c5_1, gate5_2_0);
	gate5_2_3	=  nor(gate5_2_1, gate5_2_2);
	gate5_2_4	=  nor(gate5_2_3, pp5_2);
	gate5_2_5	=  nor(gate5_2_3, gate5_2_4);
	gate5_2_6	=  nor(pp5_2, gate5_2_4);
	s5_2	=  nor(gate5_2_5, gate5_2_6);
	c5_2	= nor(gate5_2_0,gate5_2_4); 
	gate6_2_0	=  nor(s7_1, c6_1);
	gate6_2_1	=  nor(s7_1, gate6_2_0);
	gate6_2_2	=  nor(c6_1, gate6_2_0);
	gate6_2_3	=  nor(gate6_2_1, gate6_2_2);
	gate6_2_4	=  nor(gate6_2_3, pp6_2);
	gate6_2_5	=  nor(gate6_2_3, gate6_2_4);
	gate6_2_6	=  nor(pp6_2, gate6_2_4);
	s6_2	=  nor(gate6_2_5, gate6_2_6);
	c6_2	= nor(gate6_2_0,gate6_2_4); 
	gate7_2_0	=  nor(s8_1, c7_1);
	gate7_2_1	=  nor(s8_1, gate7_2_0);
	gate7_2_2	=  nor(c7_1, gate7_2_0);
	gate7_2_3	=  nor(gate7_2_1, gate7_2_2);
	gate7_2_4	=  nor(gate7_2_3, pp7_2);
	gate7_2_5	=  nor(gate7_2_3, gate7_2_4);
	gate7_2_6	=  nor(pp7_2, gate7_2_4);
	s7_2	=  nor(gate7_2_5, gate7_2_6);
	c7_2	= nor(gate7_2_0,gate7_2_4); 
	gate8_2_0	=  nor(s9_1, c8_1);
	gate8_2_1	=  nor(s9_1, gate8_2_0);
	gate8_2_2	=  nor(c8_1, gate8_2_0);
	gate8_2_3	=  nor(gate8_2_1, gate8_2_2);
	gate8_2_4	=  nor(gate8_2_3, pp8_2);
	gate8_2_5	=  nor(gate8_2_3, gate8_2_4);
	gate8_2_6	=  nor(pp8_2, gate8_2_4);
	s8_2	=  nor(gate8_2_5, gate8_2_6);
	c8_2	= nor(gate8_2_0,gate8_2_4); 
	gate9_2_0	=  nor(s10_1, c9_1);
	gate9_2_1	=  nor(s10_1, gate9_2_0);
	gate9_2_2	=  nor(c9_1, gate9_2_0);
	gate9_2_3	=  nor(gate9_2_1, gate9_2_2);
	gate9_2_4	=  nor(gate9_2_3, pp9_2);
	gate9_2_5	=  nor(gate9_2_3, gate9_2_4);
	gate9_2_6	=  nor(pp9_2, gate9_2_4);
	s9_2	=  nor(gate9_2_5, gate9_2_6);
	c9_2	= nor(gate9_2_0,gate9_2_4); 
	gate10_2_0	=  nor(s11_1, c10_1);
	gate10_2_1	=  nor(s11_1, gate10_2_0);
	gate10_2_2	=  nor(c10_1, gate10_2_0);
	gate10_2_3	=  nor(gate10_2_1, gate10_2_2);
	gate10_2_4	=  nor(gate10_2_3, pp10_2);
	gate10_2_5	=  nor(gate10_2_3, gate10_2_4);
	gate10_2_6	=  nor(pp10_2, gate10_2_4);
	s10_2	=  nor(gate10_2_5, gate10_2_6);
	c10_2	= nor(gate10_2_0,gate10_2_4); 
	s11_2	= pp11_2;
	pp0_3	 = and(a3, b0);
	pp1_3	 = and(a3, b1);
	pp2_3	 = and(a3, b2);
	pp3_3	 = and(a3, b3);
	pp4_3	 = and(a3, b4);
	pp5_3	 = and(a3, b5);
	pp6_3	 = and(a3, b6);
	pp7_3	 = and(a3, b7);
	pp8_3	 = and(a3, b8);
	pp9_3	 = and(a3, b9);
	pp10_3	 = and(a3, b10);
	pp11_3	 = and(a3, b11);
	gate0_3_0	=  nor(s1_2, c0_2);
	gate0_3_1	=  nor(s1_2, gate0_3_0);
	gate0_3_2	=  nor(c0_2, gate0_3_0);
	gate0_3_3	=  nor(gate0_3_1, gate0_3_2);
	gate0_3_4	=  nor(gate0_3_3, pp0_3);
	gate0_3_5	=  nor(gate0_3_3, gate0_3_4);
	gate0_3_6	=  nor(pp0_3, gate0_3_4);
	sum3	=  nor(gate0_3_5, gate0_3_6);
	c0_3	= nor(gate0_3_0,gate0_3_4); 
	gate1_3_0	=  nor(s2_2, c1_2);
	gate1_3_1	=  nor(s2_2, gate1_3_0);
	gate1_3_2	=  nor(c1_2, gate1_3_0);
	gate1_3_3	=  nor(gate1_3_1, gate1_3_2);
	gate1_3_4	=  nor(gate1_3_3, pp1_3);
	gate1_3_5	=  nor(gate1_3_3, gate1_3_4);
	gate1_3_6	=  nor(pp1_3, gate1_3_4);
	s1_3	=  nor(gate1_3_5, gate1_3_6);
	c1_3	= nor(gate1_3_0,gate1_3_4); 
	gate2_3_0	=  nor(s3_2, c2_2);
	gate2_3_1	=  nor(s3_2, gate2_3_0);
	gate2_3_2	=  nor(c2_2, gate2_3_0);
	gate2_3_3	=  nor(gate2_3_1, gate2_3_2);
	gate2_3_4	=  nor(gate2_3_3, pp2_3);
	gate2_3_5	=  nor(gate2_3_3, gate2_3_4);
	gate2_3_6	=  nor(pp2_3, gate2_3_4);
	s2_3	=  nor(gate2_3_5, gate2_3_6);
	c2_3	= nor(gate2_3_0,gate2_3_4); 
	gate3_3_0	=  nor(s4_2, c3_2);
	gate3_3_1	=  nor(s4_2, gate3_3_0);
	gate3_3_2	=  nor(c3_2, gate3_3_0);
	gate3_3_3	=  nor(gate3_3_1, gate3_3_2);
	gate3_3_4	=  nor(gate3_3_3, pp3_3);
	gate3_3_5	=  nor(gate3_3_3, gate3_3_4);
	gate3_3_6	=  nor(pp3_3, gate3_3_4);
	s3_3	=  nor(gate3_3_5, gate3_3_6);
	c3_3	= nor(gate3_3_0,gate3_3_4); 
	gate4_3_0	=  nor(s5_2, c4_2);
	gate4_3_1	=  nor(s5_2, gate4_3_0);
	gate4_3_2	=  nor(c4_2, gate4_3_0);
	gate4_3_3	=  nor(gate4_3_1, gate4_3_2);
	gate4_3_4	=  nor(gate4_3_3, pp4_3);
	gate4_3_5	=  nor(gate4_3_3, gate4_3_4);
	gate4_3_6	=  nor(pp4_3, gate4_3_4);
	s4_3	=  nor(gate4_3_5, gate4_3_6);
	c4_3	= nor(gate4_3_0,gate4_3_4); 
	gate5_3_0	=  nor(s6_2, c5_2);
	gate5_3_1	=  nor(s6_2, gate5_3_0);
	gate5_3_2	=  nor(c5_2, gate5_3_0);
	gate5_3_3	=  nor(gate5_3_1, gate5_3_2);
	gate5_3_4	=  nor(gate5_3_3, pp5_3);
	gate5_3_5	=  nor(gate5_3_3, gate5_3_4);
	gate5_3_6	=  nor(pp5_3, gate5_3_4);
	s5_3	=  nor(gate5_3_5, gate5_3_6);
	c5_3	= nor(gate5_3_0,gate5_3_4); 
	gate6_3_0	=  nor(s7_2, c6_2);
	gate6_3_1	=  nor(s7_2, gate6_3_0);
	gate6_3_2	=  nor(c6_2, gate6_3_0);
	gate6_3_3	=  nor(gate6_3_1, gate6_3_2);
	gate6_3_4	=  nor(gate6_3_3, pp6_3);
	gate6_3_5	=  nor(gate6_3_3, gate6_3_4);
	gate6_3_6	=  nor(pp6_3, gate6_3_4);
	s6_3	=  nor(gate6_3_5, gate6_3_6);
	c6_3	= nor(gate6_3_0,gate6_3_4); 
	gate7_3_0	=  nor(s8_2, c7_2);
	gate7_3_1	=  nor(s8_2, gate7_3_0);
	gate7_3_2	=  nor(c7_2, gate7_3_0);
	gate7_3_3	=  nor(gate7_3_1, gate7_3_2);
	gate7_3_4	=  nor(gate7_3_3, pp7_3);
	gate7_3_5	=  nor(gate7_3_3, gate7_3_4);
	gate7_3_6	=  nor(pp7_3, gate7_3_4);
	s7_3	=  nor(gate7_3_5, gate7_3_6);
	c7_3	= nor(gate7_3_0,gate7_3_4); 
	gate8_3_0	=  nor(s9_2, c8_2);
	gate8_3_1	=  nor(s9_2, gate8_3_0);
	gate8_3_2	=  nor(c8_2, gate8_3_0);
	gate8_3_3	=  nor(gate8_3_1, gate8_3_2);
	gate8_3_4	=  nor(gate8_3_3, pp8_3);
	gate8_3_5	=  nor(gate8_3_3, gate8_3_4);
	gate8_3_6	=  nor(pp8_3, gate8_3_4);
	s8_3	=  nor(gate8_3_5, gate8_3_6);
	c8_3	= nor(gate8_3_0,gate8_3_4); 
	gate9_3_0	=  nor(s10_2, c9_2);
	gate9_3_1	=  nor(s10_2, gate9_3_0);
	gate9_3_2	=  nor(c9_2, gate9_3_0);
	gate9_3_3	=  nor(gate9_3_1, gate9_3_2);
	gate9_3_4	=  nor(gate9_3_3, pp9_3);
	gate9_3_5	=  nor(gate9_3_3, gate9_3_4);
	gate9_3_6	=  nor(pp9_3, gate9_3_4);
	s9_3	=  nor(gate9_3_5, gate9_3_6);
	c9_3	= nor(gate9_3_0,gate9_3_4); 
	gate10_3_0	=  nor(s11_2, c10_2);
	gate10_3_1	=  nor(s11_2, gate10_3_0);
	gate10_3_2	=  nor(c10_2, gate10_3_0);
	gate10_3_3	=  nor(gate10_3_1, gate10_3_2);
	gate10_3_4	=  nor(gate10_3_3, pp10_3);
	gate10_3_5	=  nor(gate10_3_3, gate10_3_4);
	gate10_3_6	=  nor(pp10_3, gate10_3_4);
	s10_3	=  nor(gate10_3_5, gate10_3_6);
	c10_3	= nor(gate10_3_0,gate10_3_4); 
	s11_3	= pp11_3;
	pp0_4	 = and(a4, b0);
	pp1_4	 = and(a4, b1);
	pp2_4	 = and(a4, b2);
	pp3_4	 = and(a4, b3);
	pp4_4	 = and(a4, b4);
	pp5_4	 = and(a4, b5);
	pp6_4	 = and(a4, b6);
	pp7_4	 = and(a4, b7);
	pp8_4	 = and(a4, b8);
	pp9_4	 = and(a4, b9);
	pp10_4	 = and(a4, b10);
	pp11_4	 = and(a4, b11);
	gate0_4_0	=  nor(s1_3, c0_3);
	gate0_4_1	=  nor(s1_3, gate0_4_0);
	gate0_4_2	=  nor(c0_3, gate0_4_0);
	gate0_4_3	=  nor(gate0_4_1, gate0_4_2);
	gate0_4_4	=  nor(gate0_4_3, pp0_4);
	gate0_4_5	=  nor(gate0_4_3, gate0_4_4);
	gate0_4_6	=  nor(pp0_4, gate0_4_4);
	sum4	=  nor(gate0_4_5, gate0_4_6);
	c0_4	= nor(gate0_4_0,gate0_4_4); 
	gate1_4_0	=  nor(s2_3, c1_3);
	gate1_4_1	=  nor(s2_3, gate1_4_0);
	gate1_4_2	=  nor(c1_3, gate1_4_0);
	gate1_4_3	=  nor(gate1_4_1, gate1_4_2);
	gate1_4_4	=  nor(gate1_4_3, pp1_4);
	gate1_4_5	=  nor(gate1_4_3, gate1_4_4);
	gate1_4_6	=  nor(pp1_4, gate1_4_4);
	s1_4	=  nor(gate1_4_5, gate1_4_6);
	c1_4	= nor(gate1_4_0,gate1_4_4); 
	gate2_4_0	=  nor(s3_3, c2_3);
	gate2_4_1	=  nor(s3_3, gate2_4_0);
	gate2_4_2	=  nor(c2_3, gate2_4_0);
	gate2_4_3	=  nor(gate2_4_1, gate2_4_2);
	gate2_4_4	=  nor(gate2_4_3, pp2_4);
	gate2_4_5	=  nor(gate2_4_3, gate2_4_4);
	gate2_4_6	=  nor(pp2_4, gate2_4_4);
	s2_4	=  nor(gate2_4_5, gate2_4_6);
	c2_4	= nor(gate2_4_0,gate2_4_4); 
	gate3_4_0	=  nor(s4_3, c3_3);
	gate3_4_1	=  nor(s4_3, gate3_4_0);
	gate3_4_2	=  nor(c3_3, gate3_4_0);
	gate3_4_3	=  nor(gate3_4_1, gate3_4_2);
	gate3_4_4	=  nor(gate3_4_3, pp3_4);
	gate3_4_5	=  nor(gate3_4_3, gate3_4_4);
	gate3_4_6	=  nor(pp3_4, gate3_4_4);
	s3_4	=  nor(gate3_4_5, gate3_4_6);
	c3_4	= nor(gate3_4_0,gate3_4_4); 
	gate4_4_0	=  nor(s5_3, c4_3);
	gate4_4_1	=  nor(s5_3, gate4_4_0);
	gate4_4_2	=  nor(c4_3, gate4_4_0);
	gate4_4_3	=  nor(gate4_4_1, gate4_4_2);
	gate4_4_4	=  nor(gate4_4_3, pp4_4);
	gate4_4_5	=  nor(gate4_4_3, gate4_4_4);
	gate4_4_6	=  nor(pp4_4, gate4_4_4);
	s4_4	=  nor(gate4_4_5, gate4_4_6);
	c4_4	= nor(gate4_4_0,gate4_4_4); 
	gate5_4_0	=  nor(s6_3, c5_3);
	gate5_4_1	=  nor(s6_3, gate5_4_0);
	gate5_4_2	=  nor(c5_3, gate5_4_0);
	gate5_4_3	=  nor(gate5_4_1, gate5_4_2);
	gate5_4_4	=  nor(gate5_4_3, pp5_4);
	gate5_4_5	=  nor(gate5_4_3, gate5_4_4);
	gate5_4_6	=  nor(pp5_4, gate5_4_4);
	s5_4	=  nor(gate5_4_5, gate5_4_6);
	c5_4	= nor(gate5_4_0,gate5_4_4); 
	gate6_4_0	=  nor(s7_3, c6_3);
	gate6_4_1	=  nor(s7_3, gate6_4_0);
	gate6_4_2	=  nor(c6_3, gate6_4_0);
	gate6_4_3	=  nor(gate6_4_1, gate6_4_2);
	gate6_4_4	=  nor(gate6_4_3, pp6_4);
	gate6_4_5	=  nor(gate6_4_3, gate6_4_4);
	gate6_4_6	=  nor(pp6_4, gate6_4_4);
	s6_4	=  nor(gate6_4_5, gate6_4_6);
	c6_4	= nor(gate6_4_0,gate6_4_4); 
	gate7_4_0	=  nor(s8_3, c7_3);
	gate7_4_1	=  nor(s8_3, gate7_4_0);
	gate7_4_2	=  nor(c7_3, gate7_4_0);
	gate7_4_3	=  nor(gate7_4_1, gate7_4_2);
	gate7_4_4	=  nor(gate7_4_3, pp7_4);
	gate7_4_5	=  nor(gate7_4_3, gate7_4_4);
	gate7_4_6	=  nor(pp7_4, gate7_4_4);
	s7_4	=  nor(gate7_4_5, gate7_4_6);
	c7_4	= nor(gate7_4_0,gate7_4_4); 
	gate8_4_0	=  nor(s9_3, c8_3);
	gate8_4_1	=  nor(s9_3, gate8_4_0);
	gate8_4_2	=  nor(c8_3, gate8_4_0);
	gate8_4_3	=  nor(gate8_4_1, gate8_4_2);
	gate8_4_4	=  nor(gate8_4_3, pp8_4);
	gate8_4_5	=  nor(gate8_4_3, gate8_4_4);
	gate8_4_6	=  nor(pp8_4, gate8_4_4);
	s8_4	=  nor(gate8_4_5, gate8_4_6);
	c8_4	= nor(gate8_4_0,gate8_4_4); 
	gate9_4_0	=  nor(s10_3, c9_3);
	gate9_4_1	=  nor(s10_3, gate9_4_0);
	gate9_4_2	=  nor(c9_3, gate9_4_0);
	gate9_4_3	=  nor(gate9_4_1, gate9_4_2);
	gate9_4_4	=  nor(gate9_4_3, pp9_4);
	gate9_4_5	=  nor(gate9_4_3, gate9_4_4);
	gate9_4_6	=  nor(pp9_4, gate9_4_4);
	s9_4	=  nor(gate9_4_5, gate9_4_6);
	c9_4	= nor(gate9_4_0,gate9_4_4); 
	gate10_4_0	=  nor(s11_3, c10_3);
	gate10_4_1	=  nor(s11_3, gate10_4_0);
	gate10_4_2	=  nor(c10_3, gate10_4_0);
	gate10_4_3	=  nor(gate10_4_1, gate10_4_2);
	gate10_4_4	=  nor(gate10_4_3, pp10_4);
	gate10_4_5	=  nor(gate10_4_3, gate10_4_4);
	gate10_4_6	=  nor(pp10_4, gate10_4_4);
	s10_4	=  nor(gate10_4_5, gate10_4_6);
	c10_4	= nor(gate10_4_0,gate10_4_4); 
	s11_4	= pp11_4;
	pp0_5	 = and(a5, b0);
	pp1_5	 = and(a5, b1);
	pp2_5	 = and(a5, b2);
	pp3_5	 = and(a5, b3);
	pp4_5	 = and(a5, b4);
	pp5_5	 = and(a5, b5);
	pp6_5	 = and(a5, b6);
	pp7_5	 = and(a5, b7);
	pp8_5	 = and(a5, b8);
	pp9_5	 = and(a5, b9);
	pp10_5	 = and(a5, b10);
	pp11_5	 = and(a5, b11);
	gate0_5_0	=  nor(s1_4, c0_4);
	gate0_5_1	=  nor(s1_4, gate0_5_0);
	gate0_5_2	=  nor(c0_4, gate0_5_0);
	gate0_5_3	=  nor(gate0_5_1, gate0_5_2);
	gate0_5_4	=  nor(gate0_5_3, pp0_5);
	gate0_5_5	=  nor(gate0_5_3, gate0_5_4);
	gate0_5_6	=  nor(pp0_5, gate0_5_4);
	sum5	=  nor(gate0_5_5, gate0_5_6);
	c0_5	= nor(gate0_5_0,gate0_5_4); 
	gate1_5_0	=  nor(s2_4, c1_4);
	gate1_5_1	=  nor(s2_4, gate1_5_0);
	gate1_5_2	=  nor(c1_4, gate1_5_0);
	gate1_5_3	=  nor(gate1_5_1, gate1_5_2);
	gate1_5_4	=  nor(gate1_5_3, pp1_5);
	gate1_5_5	=  nor(gate1_5_3, gate1_5_4);
	gate1_5_6	=  nor(pp1_5, gate1_5_4);
	s1_5	=  nor(gate1_5_5, gate1_5_6);
	c1_5	= nor(gate1_5_0,gate1_5_4); 
	gate2_5_0	=  nor(s3_4, c2_4);
	gate2_5_1	=  nor(s3_4, gate2_5_0);
	gate2_5_2	=  nor(c2_4, gate2_5_0);
	gate2_5_3	=  nor(gate2_5_1, gate2_5_2);
	gate2_5_4	=  nor(gate2_5_3, pp2_5);
	gate2_5_5	=  nor(gate2_5_3, gate2_5_4);
	gate2_5_6	=  nor(pp2_5, gate2_5_4);
	s2_5	=  nor(gate2_5_5, gate2_5_6);
	c2_5	= nor(gate2_5_0,gate2_5_4); 
	gate3_5_0	=  nor(s4_4, c3_4);
	gate3_5_1	=  nor(s4_4, gate3_5_0);
	gate3_5_2	=  nor(c3_4, gate3_5_0);
	gate3_5_3	=  nor(gate3_5_1, gate3_5_2);
	gate3_5_4	=  nor(gate3_5_3, pp3_5);
	gate3_5_5	=  nor(gate3_5_3, gate3_5_4);
	gate3_5_6	=  nor(pp3_5, gate3_5_4);
	s3_5	=  nor(gate3_5_5, gate3_5_6);
	c3_5	= nor(gate3_5_0,gate3_5_4); 
	gate4_5_0	=  nor(s5_4, c4_4);
	gate4_5_1	=  nor(s5_4, gate4_5_0);
	gate4_5_2	=  nor(c4_4, gate4_5_0);
	gate4_5_3	=  nor(gate4_5_1, gate4_5_2);
	gate4_5_4	=  nor(gate4_5_3, pp4_5);
	gate4_5_5	=  nor(gate4_5_3, gate4_5_4);
	gate4_5_6	=  nor(pp4_5, gate4_5_4);
	s4_5	=  nor(gate4_5_5, gate4_5_6);
	c4_5	= nor(gate4_5_0,gate4_5_4); 
	gate5_5_0	=  nor(s6_4, c5_4);
	gate5_5_1	=  nor(s6_4, gate5_5_0);
	gate5_5_2	=  nor(c5_4, gate5_5_0);
	gate5_5_3	=  nor(gate5_5_1, gate5_5_2);
	gate5_5_4	=  nor(gate5_5_3, pp5_5);
	gate5_5_5	=  nor(gate5_5_3, gate5_5_4);
	gate5_5_6	=  nor(pp5_5, gate5_5_4);
	s5_5	=  nor(gate5_5_5, gate5_5_6);
	c5_5	= nor(gate5_5_0,gate5_5_4); 
	gate6_5_0	=  nor(s7_4, c6_4);
	gate6_5_1	=  nor(s7_4, gate6_5_0);
	gate6_5_2	=  nor(c6_4, gate6_5_0);
	gate6_5_3	=  nor(gate6_5_1, gate6_5_2);
	gate6_5_4	=  nor(gate6_5_3, pp6_5);
	gate6_5_5	=  nor(gate6_5_3, gate6_5_4);
	gate6_5_6	=  nor(pp6_5, gate6_5_4);
	s6_5	=  nor(gate6_5_5, gate6_5_6);
	c6_5	= nor(gate6_5_0,gate6_5_4); 
	gate7_5_0	=  nor(s8_4, c7_4);
	gate7_5_1	=  nor(s8_4, gate7_5_0);
	gate7_5_2	=  nor(c7_4, gate7_5_0);
	gate7_5_3	=  nor(gate7_5_1, gate7_5_2);
	gate7_5_4	=  nor(gate7_5_3, pp7_5);
	gate7_5_5	=  nor(gate7_5_3, gate7_5_4);
	gate7_5_6	=  nor(pp7_5, gate7_5_4);
	s7_5	=  nor(gate7_5_5, gate7_5_6);
	c7_5	= nor(gate7_5_0,gate7_5_4); 
	gate8_5_0	=  nor(s9_4, c8_4);
	gate8_5_1	=  nor(s9_4, gate8_5_0);
	gate8_5_2	=  nor(c8_4, gate8_5_0);
	gate8_5_3	=  nor(gate8_5_1, gate8_5_2);
	gate8_5_4	=  nor(gate8_5_3, pp8_5);
	gate8_5_5	=  nor(gate8_5_3, gate8_5_4);
	gate8_5_6	=  nor(pp8_5, gate8_5_4);
	s8_5	=  nor(gate8_5_5, gate8_5_6);
	c8_5	= nor(gate8_5_0,gate8_5_4); 
	gate9_5_0	=  nor(s10_4, c9_4);
	gate9_5_1	=  nor(s10_4, gate9_5_0);
	gate9_5_2	=  nor(c9_4, gate9_5_0);
	gate9_5_3	=  nor(gate9_5_1, gate9_5_2);
	gate9_5_4	=  nor(gate9_5_3, pp9_5);
	gate9_5_5	=  nor(gate9_5_3, gate9_5_4);
	gate9_5_6	=  nor(pp9_5, gate9_5_4);
	s9_5	=  nor(gate9_5_5, gate9_5_6);
	c9_5	= nor(gate9_5_0,gate9_5_4); 
	gate10_5_0	=  nor(s11_4, c10_4);
	gate10_5_1	=  nor(s11_4, gate10_5_0);
	gate10_5_2	=  nor(c10_4, gate10_5_0);
	gate10_5_3	=  nor(gate10_5_1, gate10_5_2);
	gate10_5_4	=  nor(gate10_5_3, pp10_5);
	gate10_5_5	=  nor(gate10_5_3, gate10_5_4);
	gate10_5_6	=  nor(pp10_5, gate10_5_4);
	s10_5	=  nor(gate10_5_5, gate10_5_6);
	c10_5	= nor(gate10_5_0,gate10_5_4); 
	s11_5	= pp11_5;
	pp0_6	 = and(a6, b0);
	pp1_6	 = and(a6, b1);
	pp2_6	 = and(a6, b2);
	pp3_6	 = and(a6, b3);
	pp4_6	 = and(a6, b4);
	pp5_6	 = and(a6, b5);
	pp6_6	 = and(a6, b6);
	pp7_6	 = and(a6, b7);
	pp8_6	 = and(a6, b8);
	pp9_6	 = and(a6, b9);
	pp10_6	 = and(a6, b10);
	pp11_6	 = and(a6, b11);
	gate0_6_0	=  nor(s1_5, c0_5);
	gate0_6_1	=  nor(s1_5, gate0_6_0);
	gate0_6_2	=  nor(c0_5, gate0_6_0);
	gate0_6_3	=  nor(gate0_6_1, gate0_6_2);
	gate0_6_4	=  nor(gate0_6_3, pp0_6);
	gate0_6_5	=  nor(gate0_6_3, gate0_6_4);
	gate0_6_6	=  nor(pp0_6, gate0_6_4);
	sum6	=  nor(gate0_6_5, gate0_6_6);
	c0_6	= nor(gate0_6_0,gate0_6_4); 
	gate1_6_0	=  nor(s2_5, c1_5);
	gate1_6_1	=  nor(s2_5, gate1_6_0);
	gate1_6_2	=  nor(c1_5, gate1_6_0);
	gate1_6_3	=  nor(gate1_6_1, gate1_6_2);
	gate1_6_4	=  nor(gate1_6_3, pp1_6);
	gate1_6_5	=  nor(gate1_6_3, gate1_6_4);
	gate1_6_6	=  nor(pp1_6, gate1_6_4);
	s1_6	=  nor(gate1_6_5, gate1_6_6);
	c1_6	= nor(gate1_6_0,gate1_6_4); 
	gate2_6_0	=  nor(s3_5, c2_5);
	gate2_6_1	=  nor(s3_5, gate2_6_0);
	gate2_6_2	=  nor(c2_5, gate2_6_0);
	gate2_6_3	=  nor(gate2_6_1, gate2_6_2);
	gate2_6_4	=  nor(gate2_6_3, pp2_6);
	gate2_6_5	=  nor(gate2_6_3, gate2_6_4);
	gate2_6_6	=  nor(pp2_6, gate2_6_4);
	s2_6	=  nor(gate2_6_5, gate2_6_6);
	c2_6	= nor(gate2_6_0,gate2_6_4); 
	gate3_6_0	=  nor(s4_5, c3_5);
	gate3_6_1	=  nor(s4_5, gate3_6_0);
	gate3_6_2	=  nor(c3_5, gate3_6_0);
	gate3_6_3	=  nor(gate3_6_1, gate3_6_2);
	gate3_6_4	=  nor(gate3_6_3, pp3_6);
	gate3_6_5	=  nor(gate3_6_3, gate3_6_4);
	gate3_6_6	=  nor(pp3_6, gate3_6_4);
	s3_6	=  nor(gate3_6_5, gate3_6_6);
	c3_6	= nor(gate3_6_0,gate3_6_4); 
	gate4_6_0	=  nor(s5_5, c4_5);
	gate4_6_1	=  nor(s5_5, gate4_6_0);
	gate4_6_2	=  nor(c4_5, gate4_6_0);
	gate4_6_3	=  nor(gate4_6_1, gate4_6_2);
	gate4_6_4	=  nor(gate4_6_3, pp4_6);
	gate4_6_5	=  nor(gate4_6_3, gate4_6_4);
	gate4_6_6	=  nor(pp4_6, gate4_6_4);
	s4_6	=  nor(gate4_6_5, gate4_6_6);
	c4_6	= nor(gate4_6_0,gate4_6_4); 
	gate5_6_0	=  nor(s6_5, c5_5);
	gate5_6_1	=  nor(s6_5, gate5_6_0);
	gate5_6_2	=  nor(c5_5, gate5_6_0);
	gate5_6_3	=  nor(gate5_6_1, gate5_6_2);
	gate5_6_4	=  nor(gate5_6_3, pp5_6);
	gate5_6_5	=  nor(gate5_6_3, gate5_6_4);
	gate5_6_6	=  nor(pp5_6, gate5_6_4);
	s5_6	=  nor(gate5_6_5, gate5_6_6);
	c5_6	= nor(gate5_6_0,gate5_6_4); 
	gate6_6_0	=  nor(s7_5, c6_5);
	gate6_6_1	=  nor(s7_5, gate6_6_0);
	gate6_6_2	=  nor(c6_5, gate6_6_0);
	gate6_6_3	=  nor(gate6_6_1, gate6_6_2);
	gate6_6_4	=  nor(gate6_6_3, pp6_6);
	gate6_6_5	=  nor(gate6_6_3, gate6_6_4);
	gate6_6_6	=  nor(pp6_6, gate6_6_4);
	s6_6	=  nor(gate6_6_5, gate6_6_6);
	c6_6	= nor(gate6_6_0,gate6_6_4); 
	gate7_6_0	=  nor(s8_5, c7_5);
	gate7_6_1	=  nor(s8_5, gate7_6_0);
	gate7_6_2	=  nor(c7_5, gate7_6_0);
	gate7_6_3	=  nor(gate7_6_1, gate7_6_2);
	gate7_6_4	=  nor(gate7_6_3, pp7_6);
	gate7_6_5	=  nor(gate7_6_3, gate7_6_4);
	gate7_6_6	=  nor(pp7_6, gate7_6_4);
	s7_6	=  nor(gate7_6_5, gate7_6_6);
	c7_6	= nor(gate7_6_0,gate7_6_4); 
	gate8_6_0	=  nor(s9_5, c8_5);
	gate8_6_1	=  nor(s9_5, gate8_6_0);
	gate8_6_2	=  nor(c8_5, gate8_6_0);
	gate8_6_3	=  nor(gate8_6_1, gate8_6_2);
	gate8_6_4	=  nor(gate8_6_3, pp8_6);
	gate8_6_5	=  nor(gate8_6_3, gate8_6_4);
	gate8_6_6	=  nor(pp8_6, gate8_6_4);
	s8_6	=  nor(gate8_6_5, gate8_6_6);
	c8_6	= nor(gate8_6_0,gate8_6_4); 
	gate9_6_0	=  nor(s10_5, c9_5);
	gate9_6_1	=  nor(s10_5, gate9_6_0);
	gate9_6_2	=  nor(c9_5, gate9_6_0);
	gate9_6_3	=  nor(gate9_6_1, gate9_6_2);
	gate9_6_4	=  nor(gate9_6_3, pp9_6);
	gate9_6_5	=  nor(gate9_6_3, gate9_6_4);
	gate9_6_6	=  nor(pp9_6, gate9_6_4);
	s9_6	=  nor(gate9_6_5, gate9_6_6);
	c9_6	= nor(gate9_6_0,gate9_6_4); 
	gate10_6_0	=  nor(s11_5, c10_5);
	gate10_6_1	=  nor(s11_5, gate10_6_0);
	gate10_6_2	=  nor(c10_5, gate10_6_0);
	gate10_6_3	=  nor(gate10_6_1, gate10_6_2);
	gate10_6_4	=  nor(gate10_6_3, pp10_6);
	gate10_6_5	=  nor(gate10_6_3, gate10_6_4);
	gate10_6_6	=  nor(pp10_6, gate10_6_4);
	s10_6	=  nor(gate10_6_5, gate10_6_6);
	c10_6	= nor(gate10_6_0,gate10_6_4); 
	s11_6	= pp11_6;
	pp0_7	 = and(a7, b0);
	pp1_7	 = and(a7, b1);
	pp2_7	 = and(a7, b2);
	pp3_7	 = and(a7, b3);
	pp4_7	 = and(a7, b4);
	pp5_7	 = and(a7, b5);
	pp6_7	 = and(a7, b6);
	pp7_7	 = and(a7, b7);
	pp8_7	 = and(a7, b8);
	pp9_7	 = and(a7, b9);
	pp10_7	 = and(a7, b10);
	pp11_7	 = and(a7, b11);
	gate0_7_0	=  nor(s1_6, c0_6);
	gate0_7_1	=  nor(s1_6, gate0_7_0);
	gate0_7_2	=  nor(c0_6, gate0_7_0);
	gate0_7_3	=  nor(gate0_7_1, gate0_7_2);
	gate0_7_4	=  nor(gate0_7_3, pp0_7);
	gate0_7_5	=  nor(gate0_7_3, gate0_7_4);
	gate0_7_6	=  nor(pp0_7, gate0_7_4);
	sum7	=  nor(gate0_7_5, gate0_7_6);
	c0_7	= nor(gate0_7_0,gate0_7_4); 
	gate1_7_0	=  nor(s2_6, c1_6);
	gate1_7_1	=  nor(s2_6, gate1_7_0);
	gate1_7_2	=  nor(c1_6, gate1_7_0);
	gate1_7_3	=  nor(gate1_7_1, gate1_7_2);
	gate1_7_4	=  nor(gate1_7_3, pp1_7);
	gate1_7_5	=  nor(gate1_7_3, gate1_7_4);
	gate1_7_6	=  nor(pp1_7, gate1_7_4);
	s1_7	=  nor(gate1_7_5, gate1_7_6);
	c1_7	= nor(gate1_7_0,gate1_7_4); 
	gate2_7_0	=  nor(s3_6, c2_6);
	gate2_7_1	=  nor(s3_6, gate2_7_0);
	gate2_7_2	=  nor(c2_6, gate2_7_0);
	gate2_7_3	=  nor(gate2_7_1, gate2_7_2);
	gate2_7_4	=  nor(gate2_7_3, pp2_7);
	gate2_7_5	=  nor(gate2_7_3, gate2_7_4);
	gate2_7_6	=  nor(pp2_7, gate2_7_4);
	s2_7	=  nor(gate2_7_5, gate2_7_6);
	c2_7	= nor(gate2_7_0,gate2_7_4); 
	gate3_7_0	=  nor(s4_6, c3_6);
	gate3_7_1	=  nor(s4_6, gate3_7_0);
	gate3_7_2	=  nor(c3_6, gate3_7_0);
	gate3_7_3	=  nor(gate3_7_1, gate3_7_2);
	gate3_7_4	=  nor(gate3_7_3, pp3_7);
	gate3_7_5	=  nor(gate3_7_3, gate3_7_4);
	gate3_7_6	=  nor(pp3_7, gate3_7_4);
	s3_7	=  nor(gate3_7_5, gate3_7_6);
	c3_7	= nor(gate3_7_0,gate3_7_4); 
	gate4_7_0	=  nor(s5_6, c4_6);
	gate4_7_1	=  nor(s5_6, gate4_7_0);
	gate4_7_2	=  nor(c4_6, gate4_7_0);
	gate4_7_3	=  nor(gate4_7_1, gate4_7_2);
	gate4_7_4	=  nor(gate4_7_3, pp4_7);
	gate4_7_5	=  nor(gate4_7_3, gate4_7_4);
	gate4_7_6	=  nor(pp4_7, gate4_7_4);
	s4_7	=  nor(gate4_7_5, gate4_7_6);
	c4_7	= nor(gate4_7_0,gate4_7_4); 
	gate5_7_0	=  nor(s6_6, c5_6);
	gate5_7_1	=  nor(s6_6, gate5_7_0);
	gate5_7_2	=  nor(c5_6, gate5_7_0);
	gate5_7_3	=  nor(gate5_7_1, gate5_7_2);
	gate5_7_4	=  nor(gate5_7_3, pp5_7);
	gate5_7_5	=  nor(gate5_7_3, gate5_7_4);
	gate5_7_6	=  nor(pp5_7, gate5_7_4);
	s5_7	=  nor(gate5_7_5, gate5_7_6);
	c5_7	= nor(gate5_7_0,gate5_7_4); 
	gate6_7_0	=  nor(s7_6, c6_6);
	gate6_7_1	=  nor(s7_6, gate6_7_0);
	gate6_7_2	=  nor(c6_6, gate6_7_0);
	gate6_7_3	=  nor(gate6_7_1, gate6_7_2);
	gate6_7_4	=  nor(gate6_7_3, pp6_7);
	gate6_7_5	=  nor(gate6_7_3, gate6_7_4);
	gate6_7_6	=  nor(pp6_7, gate6_7_4);
	s6_7	=  nor(gate6_7_5, gate6_7_6);
	c6_7	= nor(gate6_7_0,gate6_7_4); 
	gate7_7_0	=  nor(s8_6, c7_6);
	gate7_7_1	=  nor(s8_6, gate7_7_0);
	gate7_7_2	=  nor(c7_6, gate7_7_0);
	gate7_7_3	=  nor(gate7_7_1, gate7_7_2);
	gate7_7_4	=  nor(gate7_7_3, pp7_7);
	gate7_7_5	=  nor(gate7_7_3, gate7_7_4);
	gate7_7_6	=  nor(pp7_7, gate7_7_4);
	s7_7	=  nor(gate7_7_5, gate7_7_6);
	c7_7	= nor(gate7_7_0,gate7_7_4); 
	gate8_7_0	=  nor(s9_6, c8_6);
	gate8_7_1	=  nor(s9_6, gate8_7_0);
	gate8_7_2	=  nor(c8_6, gate8_7_0);
	gate8_7_3	=  nor(gate8_7_1, gate8_7_2);
	gate8_7_4	=  nor(gate8_7_3, pp8_7);
	gate8_7_5	=  nor(gate8_7_3, gate8_7_4);
	gate8_7_6	=  nor(pp8_7, gate8_7_4);
	s8_7	=  nor(gate8_7_5, gate8_7_6);
	c8_7	= nor(gate8_7_0,gate8_7_4); 
	gate9_7_0	=  nor(s10_6, c9_6);
	gate9_7_1	=  nor(s10_6, gate9_7_0);
	gate9_7_2	=  nor(c9_6, gate9_7_0);
	gate9_7_3	=  nor(gate9_7_1, gate9_7_2);
	gate9_7_4	=  nor(gate9_7_3, pp9_7);
	gate9_7_5	=  nor(gate9_7_3, gate9_7_4);
	gate9_7_6	=  nor(pp9_7, gate9_7_4);
	s9_7	=  nor(gate9_7_5, gate9_7_6);
	c9_7	= nor(gate9_7_0,gate9_7_4); 
	gate10_7_0	=  nor(s11_6, c10_6);
	gate10_7_1	=  nor(s11_6, gate10_7_0);
	gate10_7_2	=  nor(c10_6, gate10_7_0);
	gate10_7_3	=  nor(gate10_7_1, gate10_7_2);
	gate10_7_4	=  nor(gate10_7_3, pp10_7);
	gate10_7_5	=  nor(gate10_7_3, gate10_7_4);
	gate10_7_6	=  nor(pp10_7, gate10_7_4);
	s10_7	=  nor(gate10_7_5, gate10_7_6);
	c10_7	= nor(gate10_7_0,gate10_7_4); 
	s11_7	= pp11_7;
	pp0_8	 = and(a8, b0);
	pp1_8	 = and(a8, b1);
	pp2_8	 = and(a8, b2);
	pp3_8	 = and(a8, b3);
	pp4_8	 = and(a8, b4);
	pp5_8	 = and(a8, b5);
	pp6_8	 = and(a8, b6);
	pp7_8	 = and(a8, b7);
	pp8_8	 = and(a8, b8);
	pp9_8	 = and(a8, b9);
	pp10_8	 = and(a8, b10);
	pp11_8	 = and(a8, b11);
	gate0_8_0	=  nor(s1_7, c0_7);
	gate0_8_1	=  nor(s1_7, gate0_8_0);
	gate0_8_2	=  nor(c0_7, gate0_8_0);
	gate0_8_3	=  nor(gate0_8_1, gate0_8_2);
	gate0_8_4	=  nor(gate0_8_3, pp0_8);
	gate0_8_5	=  nor(gate0_8_3, gate0_8_4);
	gate0_8_6	=  nor(pp0_8, gate0_8_4);
	sum8	=  nor(gate0_8_5, gate0_8_6);
	c0_8	= nor(gate0_8_0,gate0_8_4); 
	gate1_8_0	=  nor(s2_7, c1_7);
	gate1_8_1	=  nor(s2_7, gate1_8_0);
	gate1_8_2	=  nor(c1_7, gate1_8_0);
	gate1_8_3	=  nor(gate1_8_1, gate1_8_2);
	gate1_8_4	=  nor(gate1_8_3, pp1_8);
	gate1_8_5	=  nor(gate1_8_3, gate1_8_4);
	gate1_8_6	=  nor(pp1_8, gate1_8_4);
	s1_8	=  nor(gate1_8_5, gate1_8_6);
	c1_8	= nor(gate1_8_0,gate1_8_4); 
	gate2_8_0	=  nor(s3_7, c2_7);
	gate2_8_1	=  nor(s3_7, gate2_8_0);
	gate2_8_2	=  nor(c2_7, gate2_8_0);
	gate2_8_3	=  nor(gate2_8_1, gate2_8_2);
	gate2_8_4	=  nor(gate2_8_3, pp2_8);
	gate2_8_5	=  nor(gate2_8_3, gate2_8_4);
	gate2_8_6	=  nor(pp2_8, gate2_8_4);
	s2_8	=  nor(gate2_8_5, gate2_8_6);
	c2_8	= nor(gate2_8_0,gate2_8_4); 
	gate3_8_0	=  nor(s4_7, c3_7);
	gate3_8_1	=  nor(s4_7, gate3_8_0);
	gate3_8_2	=  nor(c3_7, gate3_8_0);
	gate3_8_3	=  nor(gate3_8_1, gate3_8_2);
	gate3_8_4	=  nor(gate3_8_3, pp3_8);
	gate3_8_5	=  nor(gate3_8_3, gate3_8_4);
	gate3_8_6	=  nor(pp3_8, gate3_8_4);
	s3_8	=  nor(gate3_8_5, gate3_8_6);
	c3_8	= nor(gate3_8_0,gate3_8_4); 
	gate4_8_0	=  nor(s5_7, c4_7);
	gate4_8_1	=  nor(s5_7, gate4_8_0);
	gate4_8_2	=  nor(c4_7, gate4_8_0);
	gate4_8_3	=  nor(gate4_8_1, gate4_8_2);
	gate4_8_4	=  nor(gate4_8_3, pp4_8);
	gate4_8_5	=  nor(gate4_8_3, gate4_8_4);
	gate4_8_6	=  nor(pp4_8, gate4_8_4);
	s4_8	=  nor(gate4_8_5, gate4_8_6);
	c4_8	= nor(gate4_8_0,gate4_8_4); 
	gate5_8_0	=  nor(s6_7, c5_7);
	gate5_8_1	=  nor(s6_7, gate5_8_0);
	gate5_8_2	=  nor(c5_7, gate5_8_0);
	gate5_8_3	=  nor(gate5_8_1, gate5_8_2);
	gate5_8_4	=  nor(gate5_8_3, pp5_8);
	gate5_8_5	=  nor(gate5_8_3, gate5_8_4);
	gate5_8_6	=  nor(pp5_8, gate5_8_4);
	s5_8	=  nor(gate5_8_5, gate5_8_6);
	c5_8	= nor(gate5_8_0,gate5_8_4); 
	gate6_8_0	=  nor(s7_7, c6_7);
	gate6_8_1	=  nor(s7_7, gate6_8_0);
	gate6_8_2	=  nor(c6_7, gate6_8_0);
	gate6_8_3	=  nor(gate6_8_1, gate6_8_2);
	gate6_8_4	=  nor(gate6_8_3, pp6_8);
	gate6_8_5	=  nor(gate6_8_3, gate6_8_4);
	gate6_8_6	=  nor(pp6_8, gate6_8_4);
	s6_8	=  nor(gate6_8_5, gate6_8_6);
	c6_8	= nor(gate6_8_0,gate6_8_4); 
	gate7_8_0	=  nor(s8_7, c7_7);
	gate7_8_1	=  nor(s8_7, gate7_8_0);
	gate7_8_2	=  nor(c7_7, gate7_8_0);
	gate7_8_3	=  nor(gate7_8_1, gate7_8_2);
	gate7_8_4	=  nor(gate7_8_3, pp7_8);
	gate7_8_5	=  nor(gate7_8_3, gate7_8_4);
	gate7_8_6	=  nor(pp7_8, gate7_8_4);
	s7_8	=  nor(gate7_8_5, gate7_8_6);
	c7_8	= nor(gate7_8_0,gate7_8_4); 
	gate8_8_0	=  nor(s9_7, c8_7);
	gate8_8_1	=  nor(s9_7, gate8_8_0);
	gate8_8_2	=  nor(c8_7, gate8_8_0);
	gate8_8_3	=  nor(gate8_8_1, gate8_8_2);
	gate8_8_4	=  nor(gate8_8_3, pp8_8);
	gate8_8_5	=  nor(gate8_8_3, gate8_8_4);
	gate8_8_6	=  nor(pp8_8, gate8_8_4);
	s8_8	=  nor(gate8_8_5, gate8_8_6);
	c8_8	= nor(gate8_8_0,gate8_8_4); 
	gate9_8_0	=  nor(s10_7, c9_7);
	gate9_8_1	=  nor(s10_7, gate9_8_0);
	gate9_8_2	=  nor(c9_7, gate9_8_0);
	gate9_8_3	=  nor(gate9_8_1, gate9_8_2);
	gate9_8_4	=  nor(gate9_8_3, pp9_8);
	gate9_8_5	=  nor(gate9_8_3, gate9_8_4);
	gate9_8_6	=  nor(pp9_8, gate9_8_4);
	s9_8	=  nor(gate9_8_5, gate9_8_6);
	c9_8	= nor(gate9_8_0,gate9_8_4); 
	gate10_8_0	=  nor(s11_7, c10_7);
	gate10_8_1	=  nor(s11_7, gate10_8_0);
	gate10_8_2	=  nor(c10_7, gate10_8_0);
	gate10_8_3	=  nor(gate10_8_1, gate10_8_2);
	gate10_8_4	=  nor(gate10_8_3, pp10_8);
	gate10_8_5	=  nor(gate10_8_3, gate10_8_4);
	gate10_8_6	=  nor(pp10_8, gate10_8_4);
	s10_8	=  nor(gate10_8_5, gate10_8_6);
	c10_8	= nor(gate10_8_0,gate10_8_4); 
	s11_8	= pp11_8;
	pp0_9	 = and(a9, b0);
	pp1_9	 = and(a9, b1);
	pp2_9	 = and(a9, b2);
	pp3_9	 = and(a9, b3);
	pp4_9	 = and(a9, b4);
	pp5_9	 = and(a9, b5);
	pp6_9	 = and(a9, b6);
	pp7_9	 = and(a9, b7);
	pp8_9	 = and(a9, b8);
	pp9_9	 = and(a9, b9);
	pp10_9	 = and(a9, b10);
	pp11_9	 = and(a9, b11);
	gate0_9_0	=  nor(s1_8, c0_8);
	gate0_9_1	=  nor(s1_8, gate0_9_0);
	gate0_9_2	=  nor(c0_8, gate0_9_0);
	gate0_9_3	=  nor(gate0_9_1, gate0_9_2);
	gate0_9_4	=  nor(gate0_9_3, pp0_9);
	gate0_9_5	=  nor(gate0_9_3, gate0_9_4);
	gate0_9_6	=  nor(pp0_9, gate0_9_4);
	sum9	=  nor(gate0_9_5, gate0_9_6);
	c0_9	= nor(gate0_9_0,gate0_9_4); 
	gate1_9_0	=  nor(s2_8, c1_8);
	gate1_9_1	=  nor(s2_8, gate1_9_0);
	gate1_9_2	=  nor(c1_8, gate1_9_0);
	gate1_9_3	=  nor(gate1_9_1, gate1_9_2);
	gate1_9_4	=  nor(gate1_9_3, pp1_9);
	gate1_9_5	=  nor(gate1_9_3, gate1_9_4);
	gate1_9_6	=  nor(pp1_9, gate1_9_4);
	s1_9	=  nor(gate1_9_5, gate1_9_6);
	c1_9	= nor(gate1_9_0,gate1_9_4); 
	gate2_9_0	=  nor(s3_8, c2_8);
	gate2_9_1	=  nor(s3_8, gate2_9_0);
	gate2_9_2	=  nor(c2_8, gate2_9_0);
	gate2_9_3	=  nor(gate2_9_1, gate2_9_2);
	gate2_9_4	=  nor(gate2_9_3, pp2_9);
	gate2_9_5	=  nor(gate2_9_3, gate2_9_4);
	gate2_9_6	=  nor(pp2_9, gate2_9_4);
	s2_9	=  nor(gate2_9_5, gate2_9_6);
	c2_9	= nor(gate2_9_0,gate2_9_4); 
	gate3_9_0	=  nor(s4_8, c3_8);
	gate3_9_1	=  nor(s4_8, gate3_9_0);
	gate3_9_2	=  nor(c3_8, gate3_9_0);
	gate3_9_3	=  nor(gate3_9_1, gate3_9_2);
	gate3_9_4	=  nor(gate3_9_3, pp3_9);
	gate3_9_5	=  nor(gate3_9_3, gate3_9_4);
	gate3_9_6	=  nor(pp3_9, gate3_9_4);
	s3_9	=  nor(gate3_9_5, gate3_9_6);
	c3_9	= nor(gate3_9_0,gate3_9_4); 
	gate4_9_0	=  nor(s5_8, c4_8);
	gate4_9_1	=  nor(s5_8, gate4_9_0);
	gate4_9_2	=  nor(c4_8, gate4_9_0);
	gate4_9_3	=  nor(gate4_9_1, gate4_9_2);
	gate4_9_4	=  nor(gate4_9_3, pp4_9);
	gate4_9_5	=  nor(gate4_9_3, gate4_9_4);
	gate4_9_6	=  nor(pp4_9, gate4_9_4);
	s4_9	=  nor(gate4_9_5, gate4_9_6);
	c4_9	= nor(gate4_9_0,gate4_9_4); 
	gate5_9_0	=  nor(s6_8, c5_8);
	gate5_9_1	=  nor(s6_8, gate5_9_0);
	gate5_9_2	=  nor(c5_8, gate5_9_0);
	gate5_9_3	=  nor(gate5_9_1, gate5_9_2);
	gate5_9_4	=  nor(gate5_9_3, pp5_9);
	gate5_9_5	=  nor(gate5_9_3, gate5_9_4);
	gate5_9_6	=  nor(pp5_9, gate5_9_4);
	s5_9	=  nor(gate5_9_5, gate5_9_6);
	c5_9	= nor(gate5_9_0,gate5_9_4); 
	gate6_9_0	=  nor(s7_8, c6_8);
	gate6_9_1	=  nor(s7_8, gate6_9_0);
	gate6_9_2	=  nor(c6_8, gate6_9_0);
	gate6_9_3	=  nor(gate6_9_1, gate6_9_2);
	gate6_9_4	=  nor(gate6_9_3, pp6_9);
	gate6_9_5	=  nor(gate6_9_3, gate6_9_4);
	gate6_9_6	=  nor(pp6_9, gate6_9_4);
	s6_9	=  nor(gate6_9_5, gate6_9_6);
	c6_9	= nor(gate6_9_0,gate6_9_4); 
	gate7_9_0	=  nor(s8_8, c7_8);
	gate7_9_1	=  nor(s8_8, gate7_9_0);
	gate7_9_2	=  nor(c7_8, gate7_9_0);
	gate7_9_3	=  nor(gate7_9_1, gate7_9_2);
	gate7_9_4	=  nor(gate7_9_3, pp7_9);
	gate7_9_5	=  nor(gate7_9_3, gate7_9_4);
	gate7_9_6	=  nor(pp7_9, gate7_9_4);
	s7_9	=  nor(gate7_9_5, gate7_9_6);
	c7_9	= nor(gate7_9_0,gate7_9_4); 
	gate8_9_0	=  nor(s9_8, c8_8);
	gate8_9_1	=  nor(s9_8, gate8_9_0);
	gate8_9_2	=  nor(c8_8, gate8_9_0);
	gate8_9_3	=  nor(gate8_9_1, gate8_9_2);
	gate8_9_4	=  nor(gate8_9_3, pp8_9);
	gate8_9_5	=  nor(gate8_9_3, gate8_9_4);
	gate8_9_6	=  nor(pp8_9, gate8_9_4);
	s8_9	=  nor(gate8_9_5, gate8_9_6);
	c8_9	= nor(gate8_9_0,gate8_9_4); 
	gate9_9_0	=  nor(s10_8, c9_8);
	gate9_9_1	=  nor(s10_8, gate9_9_0);
	gate9_9_2	=  nor(c9_8, gate9_9_0);
	gate9_9_3	=  nor(gate9_9_1, gate9_9_2);
	gate9_9_4	=  nor(gate9_9_3, pp9_9);
	gate9_9_5	=  nor(gate9_9_3, gate9_9_4);
	gate9_9_6	=  nor(pp9_9, gate9_9_4);
	s9_9	=  nor(gate9_9_5, gate9_9_6);
	c9_9	= nor(gate9_9_0,gate9_9_4); 
	gate10_9_0	=  nor(s11_8, c10_8);
	gate10_9_1	=  nor(s11_8, gate10_9_0);
	gate10_9_2	=  nor(c10_8, gate10_9_0);
	gate10_9_3	=  nor(gate10_9_1, gate10_9_2);
	gate10_9_4	=  nor(gate10_9_3, pp10_9);
	gate10_9_5	=  nor(gate10_9_3, gate10_9_4);
	gate10_9_6	=  nor(pp10_9, gate10_9_4);
	s10_9	=  nor(gate10_9_5, gate10_9_6);
	c10_9	= nor(gate10_9_0,gate10_9_4); 
	s11_9	= pp11_9;
	pp0_10	 = and(a10, b0);
	pp1_10	 = and(a10, b1);
	pp2_10	 = and(a10, b2);
	pp3_10	 = and(a10, b3);
	pp4_10	 = and(a10, b4);
	pp5_10	 = and(a10, b5);
	pp6_10	 = and(a10, b6);
	pp7_10	 = and(a10, b7);
	pp8_10	 = and(a10, b8);
	pp9_10	 = and(a10, b9);
	pp10_10	 = and(a10, b10);
	pp11_10	 = and(a10, b11);
	gate0_10_0	=  nor(s1_9, c0_9);
	gate0_10_1	=  nor(s1_9, gate0_10_0);
	gate0_10_2	=  nor(c0_9, gate0_10_0);
	gate0_10_3	=  nor(gate0_10_1, gate0_10_2);
	gate0_10_4	=  nor(gate0_10_3, pp0_10);
	gate0_10_5	=  nor(gate0_10_3, gate0_10_4);
	gate0_10_6	=  nor(pp0_10, gate0_10_4);
	sum10	=  nor(gate0_10_5, gate0_10_6);
	c0_10	= nor(gate0_10_0,gate0_10_4); 
	gate1_10_0	=  nor(s2_9, c1_9);
	gate1_10_1	=  nor(s2_9, gate1_10_0);
	gate1_10_2	=  nor(c1_9, gate1_10_0);
	gate1_10_3	=  nor(gate1_10_1, gate1_10_2);
	gate1_10_4	=  nor(gate1_10_3, pp1_10);
	gate1_10_5	=  nor(gate1_10_3, gate1_10_4);
	gate1_10_6	=  nor(pp1_10, gate1_10_4);
	s1_10	=  nor(gate1_10_5, gate1_10_6);
	c1_10	= nor(gate1_10_0,gate1_10_4); 
	gate2_10_0	=  nor(s3_9, c2_9);
	gate2_10_1	=  nor(s3_9, gate2_10_0);
	gate2_10_2	=  nor(c2_9, gate2_10_0);
	gate2_10_3	=  nor(gate2_10_1, gate2_10_2);
	gate2_10_4	=  nor(gate2_10_3, pp2_10);
	gate2_10_5	=  nor(gate2_10_3, gate2_10_4);
	gate2_10_6	=  nor(pp2_10, gate2_10_4);
	s2_10	=  nor(gate2_10_5, gate2_10_6);
	c2_10	= nor(gate2_10_0,gate2_10_4); 
	gate3_10_0	=  nor(s4_9, c3_9);
	gate3_10_1	=  nor(s4_9, gate3_10_0);
	gate3_10_2	=  nor(c3_9, gate3_10_0);
	gate3_10_3	=  nor(gate3_10_1, gate3_10_2);
	gate3_10_4	=  nor(gate3_10_3, pp3_10);
	gate3_10_5	=  nor(gate3_10_3, gate3_10_4);
	gate3_10_6	=  nor(pp3_10, gate3_10_4);
	s3_10	=  nor(gate3_10_5, gate3_10_6);
	c3_10	= nor(gate3_10_0,gate3_10_4); 
	gate4_10_0	=  nor(s5_9, c4_9);
	gate4_10_1	=  nor(s5_9, gate4_10_0);
	gate4_10_2	=  nor(c4_9, gate4_10_0);
	gate4_10_3	=  nor(gate4_10_1, gate4_10_2);
	gate4_10_4	=  nor(gate4_10_3, pp4_10);
	gate4_10_5	=  nor(gate4_10_3, gate4_10_4);
	gate4_10_6	=  nor(pp4_10, gate4_10_4);
	s4_10	=  nor(gate4_10_5, gate4_10_6);
	c4_10	= nor(gate4_10_0,gate4_10_4); 
	gate5_10_0	=  nor(s6_9, c5_9);
	gate5_10_1	=  nor(s6_9, gate5_10_0);
	gate5_10_2	=  nor(c5_9, gate5_10_0);
	gate5_10_3	=  nor(gate5_10_1, gate5_10_2);
	gate5_10_4	=  nor(gate5_10_3, pp5_10);
	gate5_10_5	=  nor(gate5_10_3, gate5_10_4);
	gate5_10_6	=  nor(pp5_10, gate5_10_4);
	s5_10	=  nor(gate5_10_5, gate5_10_6);
	c5_10	= nor(gate5_10_0,gate5_10_4); 
	gate6_10_0	=  nor(s7_9, c6_9);
	gate6_10_1	=  nor(s7_9, gate6_10_0);
	gate6_10_2	=  nor(c6_9, gate6_10_0);
	gate6_10_3	=  nor(gate6_10_1, gate6_10_2);
	gate6_10_4	=  nor(gate6_10_3, pp6_10);
	gate6_10_5	=  nor(gate6_10_3, gate6_10_4);
	gate6_10_6	=  nor(pp6_10, gate6_10_4);
	s6_10	=  nor(gate6_10_5, gate6_10_6);
	c6_10	= nor(gate6_10_0,gate6_10_4); 
	gate7_10_0	=  nor(s8_9, c7_9);
	gate7_10_1	=  nor(s8_9, gate7_10_0);
	gate7_10_2	=  nor(c7_9, gate7_10_0);
	gate7_10_3	=  nor(gate7_10_1, gate7_10_2);
	gate7_10_4	=  nor(gate7_10_3, pp7_10);
	gate7_10_5	=  nor(gate7_10_3, gate7_10_4);
	gate7_10_6	=  nor(pp7_10, gate7_10_4);
	s7_10	=  nor(gate7_10_5, gate7_10_6);
	c7_10	= nor(gate7_10_0,gate7_10_4); 
	gate8_10_0	=  nor(s9_9, c8_9);
	gate8_10_1	=  nor(s9_9, gate8_10_0);
	gate8_10_2	=  nor(c8_9, gate8_10_0);
	gate8_10_3	=  nor(gate8_10_1, gate8_10_2);
	gate8_10_4	=  nor(gate8_10_3, pp8_10);
	gate8_10_5	=  nor(gate8_10_3, gate8_10_4);
	gate8_10_6	=  nor(pp8_10, gate8_10_4);
	s8_10	=  nor(gate8_10_5, gate8_10_6);
	c8_10	= nor(gate8_10_0,gate8_10_4); 
	gate9_10_0	=  nor(s10_9, c9_9);
	gate9_10_1	=  nor(s10_9, gate9_10_0);
	gate9_10_2	=  nor(c9_9, gate9_10_0);
	gate9_10_3	=  nor(gate9_10_1, gate9_10_2);
	gate9_10_4	=  nor(gate9_10_3, pp9_10);
	gate9_10_5	=  nor(gate9_10_3, gate9_10_4);
	gate9_10_6	=  nor(pp9_10, gate9_10_4);
	s9_10	=  nor(gate9_10_5, gate9_10_6);
	c9_10	= nor(gate9_10_0,gate9_10_4); 
	gate10_10_0	=  nor(s11_9, c10_9);
	gate10_10_1	=  nor(s11_9, gate10_10_0);
	gate10_10_2	=  nor(c10_9, gate10_10_0);
	gate10_10_3	=  nor(gate10_10_1, gate10_10_2);
	gate10_10_4	=  nor(gate10_10_3, pp10_10);
	gate10_10_5	=  nor(gate10_10_3, gate10_10_4);
	gate10_10_6	=  nor(pp10_10, gate10_10_4);
	s10_10	=  nor(gate10_10_5, gate10_10_6);
	c10_10	= nor(gate10_10_0,gate10_10_4); 
	s11_10	= pp11_10;
	pp0_11	 = and(a11, b0);
	pp1_11	 = and(a11, b1);
	pp2_11	 = and(a11, b2);
	pp3_11	 = and(a11, b3);
	pp4_11	 = and(a11, b4);
	pp5_11	 = and(a11, b5);
	pp6_11	 = and(a11, b6);
	pp7_11	 = and(a11, b7);
	pp8_11	 = and(a11, b8);
	pp9_11	 = and(a11, b9);
	pp10_11	 = and(a11, b10);
	pp11_11	 = and(a11, b11);
	gate0_11_0	=  nor(s1_10, c0_10);
	gate0_11_1	=  nor(s1_10, gate0_11_0);
	gate0_11_2	=  nor(c0_10, gate0_11_0);
	gate0_11_3	=  nor(gate0_11_1, gate0_11_2);
	gate0_11_4	=  nor(gate0_11_3, pp0_11);
	gate0_11_5	=  nor(gate0_11_3, gate0_11_4);
	gate0_11_6	=  nor(pp0_11, gate0_11_4);
	sum11	=  nor(gate0_11_5, gate0_11_6);
	c0_11	= nor(gate0_11_0,gate0_11_4); 
	gate1_11_0	=  nor(s2_10, c1_10);
	gate1_11_1	=  nor(s2_10, gate1_11_0);
	gate1_11_2	=  nor(c1_10, gate1_11_0);
	gate1_11_3	=  nor(gate1_11_1, gate1_11_2);
	gate1_11_4	=  nor(gate1_11_3, pp1_11);
	gate1_11_5	=  nor(gate1_11_3, gate1_11_4);
	gate1_11_6	=  nor(pp1_11, gate1_11_4);
	s1_11	=  nor(gate1_11_5, gate1_11_6);
	c1_11	= nor(gate1_11_0,gate1_11_4); 
	gate2_11_0	=  nor(s3_10, c2_10);
	gate2_11_1	=  nor(s3_10, gate2_11_0);
	gate2_11_2	=  nor(c2_10, gate2_11_0);
	gate2_11_3	=  nor(gate2_11_1, gate2_11_2);
	gate2_11_4	=  nor(gate2_11_3, pp2_11);
	gate2_11_5	=  nor(gate2_11_3, gate2_11_4);
	gate2_11_6	=  nor(pp2_11, gate2_11_4);
	s2_11	=  nor(gate2_11_5, gate2_11_6);
	c2_11	= nor(gate2_11_0,gate2_11_4); 
	gate3_11_0	=  nor(s4_10, c3_10);
	gate3_11_1	=  nor(s4_10, gate3_11_0);
	gate3_11_2	=  nor(c3_10, gate3_11_0);
	gate3_11_3	=  nor(gate3_11_1, gate3_11_2);
	gate3_11_4	=  nor(gate3_11_3, pp3_11);
	gate3_11_5	=  nor(gate3_11_3, gate3_11_4);
	gate3_11_6	=  nor(pp3_11, gate3_11_4);
	s3_11	=  nor(gate3_11_5, gate3_11_6);
	c3_11	= nor(gate3_11_0,gate3_11_4); 
	gate4_11_0	=  nor(s5_10, c4_10);
	gate4_11_1	=  nor(s5_10, gate4_11_0);
	gate4_11_2	=  nor(c4_10, gate4_11_0);
	gate4_11_3	=  nor(gate4_11_1, gate4_11_2);
	gate4_11_4	=  nor(gate4_11_3, pp4_11);
	gate4_11_5	=  nor(gate4_11_3, gate4_11_4);
	gate4_11_6	=  nor(pp4_11, gate4_11_4);
	s4_11	=  nor(gate4_11_5, gate4_11_6);
	c4_11	= nor(gate4_11_0,gate4_11_4); 
	gate5_11_0	=  nor(s6_10, c5_10);
	gate5_11_1	=  nor(s6_10, gate5_11_0);
	gate5_11_2	=  nor(c5_10, gate5_11_0);
	gate5_11_3	=  nor(gate5_11_1, gate5_11_2);
	gate5_11_4	=  nor(gate5_11_3, pp5_11);
	gate5_11_5	=  nor(gate5_11_3, gate5_11_4);
	gate5_11_6	=  nor(pp5_11, gate5_11_4);
	s5_11	=  nor(gate5_11_5, gate5_11_6);
	c5_11	= nor(gate5_11_0,gate5_11_4); 
	gate6_11_0	=  nor(s7_10, c6_10);
	gate6_11_1	=  nor(s7_10, gate6_11_0);
	gate6_11_2	=  nor(c6_10, gate6_11_0);
	gate6_11_3	=  nor(gate6_11_1, gate6_11_2);
	gate6_11_4	=  nor(gate6_11_3, pp6_11);
	gate6_11_5	=  nor(gate6_11_3, gate6_11_4);
	gate6_11_6	=  nor(pp6_11, gate6_11_4);
	s6_11	=  nor(gate6_11_5, gate6_11_6);
	c6_11	= nor(gate6_11_0,gate6_11_4); 
	gate7_11_0	=  nor(s8_10, c7_10);
	gate7_11_1	=  nor(s8_10, gate7_11_0);
	gate7_11_2	=  nor(c7_10, gate7_11_0);
	gate7_11_3	=  nor(gate7_11_1, gate7_11_2);
	gate7_11_4	=  nor(gate7_11_3, pp7_11);
	gate7_11_5	=  nor(gate7_11_3, gate7_11_4);
	gate7_11_6	=  nor(pp7_11, gate7_11_4);
	s7_11	=  nor(gate7_11_5, gate7_11_6);
	c7_11	= nor(gate7_11_0,gate7_11_4); 
	gate8_11_0	=  nor(s9_10, c8_10);
	gate8_11_1	=  nor(s9_10, gate8_11_0);
	gate8_11_2	=  nor(c8_10, gate8_11_0);
	gate8_11_3	=  nor(gate8_11_1, gate8_11_2);
	gate8_11_4	=  nor(gate8_11_3, pp8_11);
	gate8_11_5	=  nor(gate8_11_3, gate8_11_4);
	gate8_11_6	=  nor(pp8_11, gate8_11_4);
	s8_11	=  nor(gate8_11_5, gate8_11_6);
	c8_11	= nor(gate8_11_0,gate8_11_4); 
	gate9_11_0	=  nor(s10_10, c9_10);
	gate9_11_1	=  nor(s10_10, gate9_11_0);
	gate9_11_2	=  nor(c9_10, gate9_11_0);
	gate9_11_3	=  nor(gate9_11_1, gate9_11_2);
	gate9_11_4	=  nor(gate9_11_3, pp9_11);
	gate9_11_5	=  nor(gate9_11_3, gate9_11_4);
	gate9_11_6	=  nor(pp9_11, gate9_11_4);
	s9_11	=  nor(gate9_11_5, gate9_11_6);
	c9_11	= nor(gate9_11_0,gate9_11_4); 
	gate10_11_0	=  nor(s11_10, c10_10);
	gate10_11_1	=  nor(s11_10, gate10_11_0);
	gate10_11_2	=  nor(c10_10, gate10_11_0);
	gate10_11_3	=  nor(gate10_11_1, gate10_11_2);
	gate10_11_4	=  nor(gate10_11_3, pp10_11);
	gate10_11_5	=  nor(gate10_11_3, gate10_11_4);
	gate10_11_6	=  nor(pp10_11, gate10_11_4);
	s10_11	=  nor(gate10_11_5, gate10_11_6);
	c10_11	= nor(gate10_11_0,gate10_11_4); 
	s11_11	= pp11_11;
	gate0_12_0	= not(s1_11); 
	gate0_12_1	= nor(gate0_12_0, s1_11); 
	gate0_12_2	= not(gate0_12_0); 
	gate0_12_3	= nor(gate0_12_1,gate0_12_2); 
	gate0_12_4	=  nor(gate0_12_3, c0_11);
	gate0_12_5	=  nor(gate0_12_3, gate0_12_4);
	gate0_12_6	=  nor(c0_11, gate0_12_4);
	sum12	=  nor(gate0_12_5, gate0_12_6);
	c0_12	= nor(gate0_12_0,gate0_12_4); 
	gate1_12_0	=  nor(c1_11, c0_12);
	gate1_12_1	=  nor(c1_11, gate1_12_0);
	gate1_12_2	=  nor(c0_12, gate1_12_0);
	gate1_12_3	=  nor(gate1_12_1, gate1_12_2);
	gate1_12_4	=  nor(gate1_12_3, s2_11);
	gate1_12_5	=  nor(gate1_12_3, gate1_12_4);
	gate1_12_6	=  nor(s2_11, gate1_12_4);
	sum13	=  nor(gate1_12_5, gate1_12_6);
	c1_12	= nor(gate1_12_0,gate1_12_4); 
	gate2_12_0	=  nor(c2_11, c1_12);
	gate2_12_1	=  nor(c2_11, gate2_12_0);
	gate2_12_2	=  nor(c1_12, gate2_12_0);
	gate2_12_3	=  nor(gate2_12_1, gate2_12_2);
	gate2_12_4	=  nor(gate2_12_3, s3_11);
	gate2_12_5	=  nor(gate2_12_3, gate2_12_4);
	gate2_12_6	=  nor(s3_11, gate2_12_4);
	sum14	=  nor(gate2_12_5, gate2_12_6);
	c2_12	= nor(gate2_12_0,gate2_12_4); 
	gate3_12_0	=  nor(c3_11, c2_12);
	gate3_12_1	=  nor(c3_11, gate3_12_0);
	gate3_12_2	=  nor(c2_12, gate3_12_0);
	gate3_12_3	=  nor(gate3_12_1, gate3_12_2);
	gate3_12_4	=  nor(gate3_12_3, s4_11);
	gate3_12_5	=  nor(gate3_12_3, gate3_12_4);
	gate3_12_6	=  nor(s4_11, gate3_12_4);
	sum15	=  nor(gate3_12_5, gate3_12_6);
	c3_12	= nor(gate3_12_0,gate3_12_4); 
	gate4_12_0	=  nor(c4_11, c3_12);
	gate4_12_1	=  nor(c4_11, gate4_12_0);
	gate4_12_2	=  nor(c3_12, gate4_12_0);
	gate4_12_3	=  nor(gate4_12_1, gate4_12_2);
	gate4_12_4	=  nor(gate4_12_3, s5_11);
	gate4_12_5	=  nor(gate4_12_3, gate4_12_4);
	gate4_12_6	=  nor(s5_11, gate4_12_4);
	sum16	=  nor(gate4_12_5, gate4_12_6);
	c4_12	= nor(gate4_12_0,gate4_12_4); 
	gate5_12_0	=  nor(c5_11, c4_12);
	gate5_12_1	=  nor(c5_11, gate5_12_0);
	gate5_12_2	=  nor(c4_12, gate5_12_0);
	gate5_12_3	=  nor(gate5_12_1, gate5_12_2);
	gate5_12_4	=  nor(gate5_12_3, s6_11);
	gate5_12_5	=  nor(gate5_12_3, gate5_12_4);
	gate5_12_6	=  nor(s6_11, gate5_12_4);
	sum17	=  nor(gate5_12_5, gate5_12_6);
	c5_12	= nor(gate5_12_0,gate5_12_4); 
	gate6_12_0	=  nor(c6_11, c5_12);
	gate6_12_1	=  nor(c6_11, gate6_12_0);
	gate6_12_2	=  nor(c5_12, gate6_12_0);
	gate6_12_3	=  nor(gate6_12_1, gate6_12_2);
	gate6_12_4	=  nor(gate6_12_3, s7_11);
	gate6_12_5	=  nor(gate6_12_3, gate6_12_4);
	gate6_12_6	=  nor(s7_11, gate6_12_4);
	sum18	=  nor(gate6_12_5, gate6_12_6);
	c6_12	= nor(gate6_12_0,gate6_12_4); 
	gate7_12_0	=  nor(c7_11, c6_12);
	gate7_12_1	=  nor(c7_11, gate7_12_0);
	gate7_12_2	=  nor(c6_12, gate7_12_0);
	gate7_12_3	=  nor(gate7_12_1, gate7_12_2);
	gate7_12_4	=  nor(gate7_12_3, s8_11);
	gate7_12_5	=  nor(gate7_12_3, gate7_12_4);
	gate7_12_6	=  nor(s8_11, gate7_12_4);
	sum19	=  nor(gate7_12_5, gate7_12_6);
	c7_12	= nor(gate7_12_0,gate7_12_4); 
	gate8_12_0	=  nor(c8_11, c7_12);
	gate8_12_1	=  nor(c8_11, gate8_12_0);
	gate8_12_2	=  nor(c7_12, gate8_12_0);
	gate8_12_3	=  nor(gate8_12_1, gate8_12_2);
	gate8_12_4	=  nor(gate8_12_3, s9_11);
	gate8_12_5	=  nor(gate8_12_3, gate8_12_4);
	gate8_12_6	=  nor(s9_11, gate8_12_4);
	sum20	=  nor(gate8_12_5, gate8_12_6);
	c8_12	= nor(gate8_12_0,gate8_12_4); 
	gate9_12_0	=  nor(c9_11, c8_12);
	gate9_12_1	=  nor(c9_11, gate9_12_0);
	gate9_12_2	=  nor(c8_12, gate9_12_0);
	gate9_12_3	=  nor(gate9_12_1, gate9_12_2);
	gate9_12_4	=  nor(gate9_12_3, s10_11);
	gate9_12_5	=  nor(gate9_12_3, gate9_12_4);
	gate9_12_6	=  nor(s10_11, gate9_12_4);
	sum21	=  nor(gate9_12_5, gate9_12_6);
	c9_12	= nor(gate9_12_0,gate9_12_4); 
	gate10_12_0	=  nor(c10_11, c9_12);
	gate10_12_1	=  nor(c10_11, gate10_12_0);
	gate10_12_2	=  nor(c9_12, gate10_12_0);
	gate10_12_3	=  nor(gate10_12_1, gate10_12_2);
	gate10_12_4	=  nor(gate10_12_3, s11_11);
	gate10_12_5	=  nor(gate10_12_3, gate10_12_4);
	gate10_12_6	=  nor(s11_11, gate10_12_4);
	sum22	=  nor(gate10_12_5, gate10_12_6);
	sum23	= nor(gate10_12_0,gate10_12_4); 
ENDMODULE
