MODULE mult_6288_8
INPUT	
	a7, a6, a5, a4, a3, a2, a1, a0, b7, b6, b5, b4, b3, b2, b1, b0;
OUTPUT	
	sum15, sum14, sum13, sum12, sum11, sum10, sum9, sum8, sum7, sum6, sum5, sum4, sum3, sum2, sum1, sum0;
STRUCTURE
	pp0_0	 = and(a0, b0);
	pp1_0	 = and(a0, b1);
	pp2_0	 = and(a0, b2);
	pp3_0	 = and(a0, b3);
	pp4_0	 = and(a0, b4);
	pp5_0	 = and(a0, b5);
	pp6_0	 = and(a0, b6);
	pp7_0	 = and(a0, b7);
	sum0	= pp0_0;
	pp0_1	 = and(a1, b0);
	pp1_1	 = and(a1, b1);
	pp2_1	 = and(a1, b2);
	pp3_1	 = and(a1, b3);
	pp4_1	 = and(a1, b4);
	pp5_1	 = and(a1, b5);
	pp6_1	 = and(a1, b6);
	pp7_1	 = and(a1, b7);
	gate0_1_0	=  nor(pp1_0, pp0_1);
	gate0_1_1	=  nor(pp1_0, gate0_1_0);
	gate0_1_2	=  nor(pp0_1, gate0_1_0);
	gate0_1_3	=  nor(gate0_1_1, gate0_1_2);
	gate0_1_4	= not(gate0_1_3); 
	gate0_1_5	= nor(gate0_1_4, gate0_1_3); 
	gate0_1_6	= not(gate0_1_4); 
	sum1	= nor(gate0_1_5,gate0_1_6); 
	c0_1	= nor(gate0_1_0,gate0_1_4); 
	gate1_1_0	=  nor(pp2_0, pp1_1);
	gate1_1_1	=  nor(pp2_0, gate1_1_0);
	gate1_1_2	=  nor(pp1_1, gate1_1_0);
	gate1_1_3	=  nor(gate1_1_1, gate1_1_2);
	gate1_1_4	= not(gate1_1_3); 
	gate1_1_5	= nor(gate1_1_4, gate1_1_3); 
	gate1_1_6	= not(gate1_1_4); 
	s1_1	= nor(gate1_1_5,gate1_1_6); 
	c1_1	= nor(gate1_1_0,gate1_1_4); 
	gate2_1_0	=  nor(pp3_0, pp2_1);
	gate2_1_1	=  nor(pp3_0, gate2_1_0);
	gate2_1_2	=  nor(pp2_1, gate2_1_0);
	gate2_1_3	=  nor(gate2_1_1, gate2_1_2);
	gate2_1_4	= not(gate2_1_3); 
	gate2_1_5	= nor(gate2_1_4, gate2_1_3); 
	gate2_1_6	= not(gate2_1_4); 
	s2_1	= nor(gate2_1_5,gate2_1_6); 
	c2_1	= nor(gate2_1_0,gate2_1_4); 
	gate3_1_0	=  nor(pp4_0, pp3_1);
	gate3_1_1	=  nor(pp4_0, gate3_1_0);
	gate3_1_2	=  nor(pp3_1, gate3_1_0);
	gate3_1_3	=  nor(gate3_1_1, gate3_1_2);
	gate3_1_4	= not(gate3_1_3); 
	gate3_1_5	= nor(gate3_1_4, gate3_1_3); 
	gate3_1_6	= not(gate3_1_4); 
	s3_1	= nor(gate3_1_5,gate3_1_6); 
	c3_1	= nor(gate3_1_0,gate3_1_4); 
	gate4_1_0	=  nor(pp5_0, pp4_1);
	gate4_1_1	=  nor(pp5_0, gate4_1_0);
	gate4_1_2	=  nor(pp4_1, gate4_1_0);
	gate4_1_3	=  nor(gate4_1_1, gate4_1_2);
	gate4_1_4	= not(gate4_1_3); 
	gate4_1_5	= nor(gate4_1_4, gate4_1_3); 
	gate4_1_6	= not(gate4_1_4); 
	s4_1	= nor(gate4_1_5,gate4_1_6); 
	c4_1	= nor(gate4_1_0,gate4_1_4); 
	gate5_1_0	=  nor(pp6_0, pp5_1);
	gate5_1_1	=  nor(pp6_0, gate5_1_0);
	gate5_1_2	=  nor(pp5_1, gate5_1_0);
	gate5_1_3	=  nor(gate5_1_1, gate5_1_2);
	gate5_1_4	= not(gate5_1_3); 
	gate5_1_5	= nor(gate5_1_4, gate5_1_3); 
	gate5_1_6	= not(gate5_1_4); 
	s5_1	= nor(gate5_1_5,gate5_1_6); 
	c5_1	= nor(gate5_1_0,gate5_1_4); 
	gate6_1_0	=  nor(pp7_0, pp6_1);
	gate6_1_1	=  nor(pp7_0, gate6_1_0);
	gate6_1_2	=  nor(pp6_1, gate6_1_0);
	gate6_1_3	=  nor(gate6_1_1, gate6_1_2);
	gate6_1_4	= not(gate6_1_3); 
	gate6_1_5	= nor(gate6_1_4, gate6_1_3); 
	gate6_1_6	= not(gate6_1_4); 
	s6_1	= nor(gate6_1_5,gate6_1_6); 
	c6_1	= nor(gate6_1_0,gate6_1_4); 
	s7_1	= pp7_1;
	pp0_2	 = and(a2, b0);
	pp1_2	 = and(a2, b1);
	pp2_2	 = and(a2, b2);
	pp3_2	 = and(a2, b3);
	pp4_2	 = and(a2, b4);
	pp5_2	 = and(a2, b5);
	pp6_2	 = and(a2, b6);
	pp7_2	 = and(a2, b7);
	gate0_2_0	=  nor(s1_1, c0_1);
	gate0_2_1	=  nor(s1_1, gate0_2_0);
	gate0_2_2	=  nor(c0_1, gate0_2_0);
	gate0_2_3	=  nor(gate0_2_1, gate0_2_2);
	gate0_2_4	=  nor(gate0_2_3, pp0_2);
	gate0_2_5	=  nor(gate0_2_3, gate0_2_4);
	gate0_2_6	=  nor(pp0_2, gate0_2_4);
	sum2	=  nor(gate0_2_5, gate0_2_6);
	c0_2	= nor(gate0_2_0,gate0_2_4); 
	gate1_2_0	=  nor(s2_1, c1_1);
	gate1_2_1	=  nor(s2_1, gate1_2_0);
	gate1_2_2	=  nor(c1_1, gate1_2_0);
	gate1_2_3	=  nor(gate1_2_1, gate1_2_2);
	gate1_2_4	=  nor(gate1_2_3, pp1_2);
	gate1_2_5	=  nor(gate1_2_3, gate1_2_4);
	gate1_2_6	=  nor(pp1_2, gate1_2_4);
	s1_2	=  nor(gate1_2_5, gate1_2_6);
	c1_2	= nor(gate1_2_0,gate1_2_4); 
	gate2_2_0	=  nor(s3_1, c2_1);
	gate2_2_1	=  nor(s3_1, gate2_2_0);
	gate2_2_2	=  nor(c2_1, gate2_2_0);
	gate2_2_3	=  nor(gate2_2_1, gate2_2_2);
	gate2_2_4	=  nor(gate2_2_3, pp2_2);
	gate2_2_5	=  nor(gate2_2_3, gate2_2_4);
	gate2_2_6	=  nor(pp2_2, gate2_2_4);
	s2_2	=  nor(gate2_2_5, gate2_2_6);
	c2_2	= nor(gate2_2_0,gate2_2_4); 
	gate3_2_0	=  nor(s4_1, c3_1);
	gate3_2_1	=  nor(s4_1, gate3_2_0);
	gate3_2_2	=  nor(c3_1, gate3_2_0);
	gate3_2_3	=  nor(gate3_2_1, gate3_2_2);
	gate3_2_4	=  nor(gate3_2_3, pp3_2);
	gate3_2_5	=  nor(gate3_2_3, gate3_2_4);
	gate3_2_6	=  nor(pp3_2, gate3_2_4);
	s3_2	=  nor(gate3_2_5, gate3_2_6);
	c3_2	= nor(gate3_2_0,gate3_2_4); 
	gate4_2_0	=  nor(s5_1, c4_1);
	gate4_2_1	=  nor(s5_1, gate4_2_0);
	gate4_2_2	=  nor(c4_1, gate4_2_0);
	gate4_2_3	=  nor(gate4_2_1, gate4_2_2);
	gate4_2_4	=  nor(gate4_2_3, pp4_2);
	gate4_2_5	=  nor(gate4_2_3, gate4_2_4);
	gate4_2_6	=  nor(pp4_2, gate4_2_4);
	s4_2	=  nor(gate4_2_5, gate4_2_6);
	c4_2	= nor(gate4_2_0,gate4_2_4); 
	gate5_2_0	=  nor(s6_1, c5_1);
	gate5_2_1	=  nor(s6_1, gate5_2_0);
	gate5_2_2	=  nor(c5_1, gate5_2_0);
	gate5_2_3	=  nor(gate5_2_1, gate5_2_2);
	gate5_2_4	=  nor(gate5_2_3, pp5_2);
	gate5_2_5	=  nor(gate5_2_3, gate5_2_4);
	gate5_2_6	=  nor(pp5_2, gate5_2_4);
	s5_2	=  nor(gate5_2_5, gate5_2_6);
	c5_2	= nor(gate5_2_0,gate5_2_4); 
	gate6_2_0	=  nor(s7_1, c6_1);
	gate6_2_1	=  nor(s7_1, gate6_2_0);
	gate6_2_2	=  nor(c6_1, gate6_2_0);
	gate6_2_3	=  nor(gate6_2_1, gate6_2_2);
	gate6_2_4	=  nor(gate6_2_3, pp6_2);
	gate6_2_5	=  nor(gate6_2_3, gate6_2_4);
	gate6_2_6	=  nor(pp6_2, gate6_2_4);
	s6_2	=  nor(gate6_2_5, gate6_2_6);
	c6_2	= nor(gate6_2_0,gate6_2_4); 
	s7_2	= pp7_2;
	pp0_3	 = and(a3, b0);
	pp1_3	 = and(a3, b1);
	pp2_3	 = and(a3, b2);
	pp3_3	 = and(a3, b3);
	pp4_3	 = and(a3, b4);
	pp5_3	 = and(a3, b5);
	pp6_3	 = and(a3, b6);
	pp7_3	 = and(a3, b7);
	gate0_3_0	=  nor(s1_2, c0_2);
	gate0_3_1	=  nor(s1_2, gate0_3_0);
	gate0_3_2	=  nor(c0_2, gate0_3_0);
	gate0_3_3	=  nor(gate0_3_1, gate0_3_2);
	gate0_3_4	=  nor(gate0_3_3, pp0_3);
	gate0_3_5	=  nor(gate0_3_3, gate0_3_4);
	gate0_3_6	=  nor(pp0_3, gate0_3_4);
	sum3	=  nor(gate0_3_5, gate0_3_6);
	c0_3	= nor(gate0_3_0,gate0_3_4); 
	gate1_3_0	=  nor(s2_2, c1_2);
	gate1_3_1	=  nor(s2_2, gate1_3_0);
	gate1_3_2	=  nor(c1_2, gate1_3_0);
	gate1_3_3	=  nor(gate1_3_1, gate1_3_2);
	gate1_3_4	=  nor(gate1_3_3, pp1_3);
	gate1_3_5	=  nor(gate1_3_3, gate1_3_4);
	gate1_3_6	=  nor(pp1_3, gate1_3_4);
	s1_3	=  nor(gate1_3_5, gate1_3_6);
	c1_3	= nor(gate1_3_0,gate1_3_4); 
	gate2_3_0	=  nor(s3_2, c2_2);
	gate2_3_1	=  nor(s3_2, gate2_3_0);
	gate2_3_2	=  nor(c2_2, gate2_3_0);
	gate2_3_3	=  nor(gate2_3_1, gate2_3_2);
	gate2_3_4	=  nor(gate2_3_3, pp2_3);
	gate2_3_5	=  nor(gate2_3_3, gate2_3_4);
	gate2_3_6	=  nor(pp2_3, gate2_3_4);
	s2_3	=  nor(gate2_3_5, gate2_3_6);
	c2_3	= nor(gate2_3_0,gate2_3_4); 
	gate3_3_0	=  nor(s4_2, c3_2);
	gate3_3_1	=  nor(s4_2, gate3_3_0);
	gate3_3_2	=  nor(c3_2, gate3_3_0);
	gate3_3_3	=  nor(gate3_3_1, gate3_3_2);
	gate3_3_4	=  nor(gate3_3_3, pp3_3);
	gate3_3_5	=  nor(gate3_3_3, gate3_3_4);
	gate3_3_6	=  nor(pp3_3, gate3_3_4);
	s3_3	=  nor(gate3_3_5, gate3_3_6);
	c3_3	= nor(gate3_3_0,gate3_3_4); 
	gate4_3_0	=  nor(s5_2, c4_2);
	gate4_3_1	=  nor(s5_2, gate4_3_0);
	gate4_3_2	=  nor(c4_2, gate4_3_0);
	gate4_3_3	=  nor(gate4_3_1, gate4_3_2);
	gate4_3_4	=  nor(gate4_3_3, pp4_3);
	gate4_3_5	=  nor(gate4_3_3, gate4_3_4);
	gate4_3_6	=  nor(pp4_3, gate4_3_4);
	s4_3	=  nor(gate4_3_5, gate4_3_6);
	c4_3	= nor(gate4_3_0,gate4_3_4); 
	gate5_3_0	=  nor(s6_2, c5_2);
	gate5_3_1	=  nor(s6_2, gate5_3_0);
	gate5_3_2	=  nor(c5_2, gate5_3_0);
	gate5_3_3	=  nor(gate5_3_1, gate5_3_2);
	gate5_3_4	=  nor(gate5_3_3, pp5_3);
	gate5_3_5	=  nor(gate5_3_3, gate5_3_4);
	gate5_3_6	=  nor(pp5_3, gate5_3_4);
	s5_3	=  nor(gate5_3_5, gate5_3_6);
	c5_3	= nor(gate5_3_0,gate5_3_4); 
	gate6_3_0	=  nor(s7_2, c6_2);
	gate6_3_1	=  nor(s7_2, gate6_3_0);
	gate6_3_2	=  nor(c6_2, gate6_3_0);
	gate6_3_3	=  nor(gate6_3_1, gate6_3_2);
	gate6_3_4	=  nor(gate6_3_3, pp6_3);
	gate6_3_5	=  nor(gate6_3_3, gate6_3_4);
	gate6_3_6	=  nor(pp6_3, gate6_3_4);
	s6_3	=  nor(gate6_3_5, gate6_3_6);
	c6_3	= nor(gate6_3_0,gate6_3_4); 
	s7_3	= pp7_3;
	pp0_4	 = and(a4, b0);
	pp1_4	 = and(a4, b1);
	pp2_4	 = and(a4, b2);
	pp3_4	 = and(a4, b3);
	pp4_4	 = and(a4, b4);
	pp5_4	 = and(a4, b5);
	pp6_4	 = and(a4, b6);
	pp7_4	 = and(a4, b7);
	gate0_4_0	=  nor(s1_3, c0_3);
	gate0_4_1	=  nor(s1_3, gate0_4_0);
	gate0_4_2	=  nor(c0_3, gate0_4_0);
	gate0_4_3	=  nor(gate0_4_1, gate0_4_2);
	gate0_4_4	=  nor(gate0_4_3, pp0_4);
	gate0_4_5	=  nor(gate0_4_3, gate0_4_4);
	gate0_4_6	=  nor(pp0_4, gate0_4_4);
	sum4	=  nor(gate0_4_5, gate0_4_6);
	c0_4	= nor(gate0_4_0,gate0_4_4); 
	gate1_4_0	=  nor(s2_3, c1_3);
	gate1_4_1	=  nor(s2_3, gate1_4_0);
	gate1_4_2	=  nor(c1_3, gate1_4_0);
	gate1_4_3	=  nor(gate1_4_1, gate1_4_2);
	gate1_4_4	=  nor(gate1_4_3, pp1_4);
	gate1_4_5	=  nor(gate1_4_3, gate1_4_4);
	gate1_4_6	=  nor(pp1_4, gate1_4_4);
	s1_4	=  nor(gate1_4_5, gate1_4_6);
	c1_4	= nor(gate1_4_0,gate1_4_4); 
	gate2_4_0	=  nor(s3_3, c2_3);
	gate2_4_1	=  nor(s3_3, gate2_4_0);
	gate2_4_2	=  nor(c2_3, gate2_4_0);
	gate2_4_3	=  nor(gate2_4_1, gate2_4_2);
	gate2_4_4	=  nor(gate2_4_3, pp2_4);
	gate2_4_5	=  nor(gate2_4_3, gate2_4_4);
	gate2_4_6	=  nor(pp2_4, gate2_4_4);
	s2_4	=  nor(gate2_4_5, gate2_4_6);
	c2_4	= nor(gate2_4_0,gate2_4_4); 
	gate3_4_0	=  nor(s4_3, c3_3);
	gate3_4_1	=  nor(s4_3, gate3_4_0);
	gate3_4_2	=  nor(c3_3, gate3_4_0);
	gate3_4_3	=  nor(gate3_4_1, gate3_4_2);
	gate3_4_4	=  nor(gate3_4_3, pp3_4);
	gate3_4_5	=  nor(gate3_4_3, gate3_4_4);
	gate3_4_6	=  nor(pp3_4, gate3_4_4);
	s3_4	=  nor(gate3_4_5, gate3_4_6);
	c3_4	= nor(gate3_4_0,gate3_4_4); 
	gate4_4_0	=  nor(s5_3, c4_3);
	gate4_4_1	=  nor(s5_3, gate4_4_0);
	gate4_4_2	=  nor(c4_3, gate4_4_0);
	gate4_4_3	=  nor(gate4_4_1, gate4_4_2);
	gate4_4_4	=  nor(gate4_4_3, pp4_4);
	gate4_4_5	=  nor(gate4_4_3, gate4_4_4);
	gate4_4_6	=  nor(pp4_4, gate4_4_4);
	s4_4	=  nor(gate4_4_5, gate4_4_6);
	c4_4	= nor(gate4_4_0,gate4_4_4); 
	gate5_4_0	=  nor(s6_3, c5_3);
	gate5_4_1	=  nor(s6_3, gate5_4_0);
	gate5_4_2	=  nor(c5_3, gate5_4_0);
	gate5_4_3	=  nor(gate5_4_1, gate5_4_2);
	gate5_4_4	=  nor(gate5_4_3, pp5_4);
	gate5_4_5	=  nor(gate5_4_3, gate5_4_4);
	gate5_4_6	=  nor(pp5_4, gate5_4_4);
	s5_4	=  nor(gate5_4_5, gate5_4_6);
	c5_4	= nor(gate5_4_0,gate5_4_4); 
	gate6_4_0	=  nor(s7_3, c6_3);
	gate6_4_1	=  nor(s7_3, gate6_4_0);
	gate6_4_2	=  nor(c6_3, gate6_4_0);
	gate6_4_3	=  nor(gate6_4_1, gate6_4_2);
	gate6_4_4	=  nor(gate6_4_3, pp6_4);
	gate6_4_5	=  nor(gate6_4_3, gate6_4_4);
	gate6_4_6	=  nor(pp6_4, gate6_4_4);
	s6_4	=  nor(gate6_4_5, gate6_4_6);
	c6_4	= nor(gate6_4_0,gate6_4_4); 
	s7_4	= pp7_4;
	pp0_5	 = and(a5, b0);
	pp1_5	 = and(a5, b1);
	pp2_5	 = and(a5, b2);
	pp3_5	 = and(a5, b3);
	pp4_5	 = and(a5, b4);
	pp5_5	 = and(a5, b5);
	pp6_5	 = and(a5, b6);
	pp7_5	 = and(a5, b7);
	gate0_5_0	=  nor(s1_4, c0_4);
	gate0_5_1	=  nor(s1_4, gate0_5_0);
	gate0_5_2	=  nor(c0_4, gate0_5_0);
	gate0_5_3	=  nor(gate0_5_1, gate0_5_2);
	gate0_5_4	=  nor(gate0_5_3, pp0_5);
	gate0_5_5	=  nor(gate0_5_3, gate0_5_4);
	gate0_5_6	=  nor(pp0_5, gate0_5_4);
	sum5	=  nor(gate0_5_5, gate0_5_6);
	c0_5	= nor(gate0_5_0,gate0_5_4); 
	gate1_5_0	=  nor(s2_4, c1_4);
	gate1_5_1	=  nor(s2_4, gate1_5_0);
	gate1_5_2	=  nor(c1_4, gate1_5_0);
	gate1_5_3	=  nor(gate1_5_1, gate1_5_2);
	gate1_5_4	=  nor(gate1_5_3, pp1_5);
	gate1_5_5	=  nor(gate1_5_3, gate1_5_4);
	gate1_5_6	=  nor(pp1_5, gate1_5_4);
	s1_5	=  nor(gate1_5_5, gate1_5_6);
	c1_5	= nor(gate1_5_0,gate1_5_4); 
	gate2_5_0	=  nor(s3_4, c2_4);
	gate2_5_1	=  nor(s3_4, gate2_5_0);
	gate2_5_2	=  nor(c2_4, gate2_5_0);
	gate2_5_3	=  nor(gate2_5_1, gate2_5_2);
	gate2_5_4	=  nor(gate2_5_3, pp2_5);
	gate2_5_5	=  nor(gate2_5_3, gate2_5_4);
	gate2_5_6	=  nor(pp2_5, gate2_5_4);
	s2_5	=  nor(gate2_5_5, gate2_5_6);
	c2_5	= nor(gate2_5_0,gate2_5_4); 
	gate3_5_0	=  nor(s4_4, c3_4);
	gate3_5_1	=  nor(s4_4, gate3_5_0);
	gate3_5_2	=  nor(c3_4, gate3_5_0);
	gate3_5_3	=  nor(gate3_5_1, gate3_5_2);
	gate3_5_4	=  nor(gate3_5_3, pp3_5);
	gate3_5_5	=  nor(gate3_5_3, gate3_5_4);
	gate3_5_6	=  nor(pp3_5, gate3_5_4);
	s3_5	=  nor(gate3_5_5, gate3_5_6);
	c3_5	= nor(gate3_5_0,gate3_5_4); 
	gate4_5_0	=  nor(s5_4, c4_4);
	gate4_5_1	=  nor(s5_4, gate4_5_0);
	gate4_5_2	=  nor(c4_4, gate4_5_0);
	gate4_5_3	=  nor(gate4_5_1, gate4_5_2);
	gate4_5_4	=  nor(gate4_5_3, pp4_5);
	gate4_5_5	=  nor(gate4_5_3, gate4_5_4);
	gate4_5_6	=  nor(pp4_5, gate4_5_4);
	s4_5	=  nor(gate4_5_5, gate4_5_6);
	c4_5	= nor(gate4_5_0,gate4_5_4); 
	gate5_5_0	=  nor(s6_4, c5_4);
	gate5_5_1	=  nor(s6_4, gate5_5_0);
	gate5_5_2	=  nor(c5_4, gate5_5_0);
	gate5_5_3	=  nor(gate5_5_1, gate5_5_2);
	gate5_5_4	=  nor(gate5_5_3, pp5_5);
	gate5_5_5	=  nor(gate5_5_3, gate5_5_4);
	gate5_5_6	=  nor(pp5_5, gate5_5_4);
	s5_5	=  nor(gate5_5_5, gate5_5_6);
	c5_5	= nor(gate5_5_0,gate5_5_4); 
	gate6_5_0	=  nor(s7_4, c6_4);
	gate6_5_1	=  nor(s7_4, gate6_5_0);
	gate6_5_2	=  nor(c6_4, gate6_5_0);
	gate6_5_3	=  nor(gate6_5_1, gate6_5_2);
	gate6_5_4	=  nor(gate6_5_3, pp6_5);
	gate6_5_5	=  nor(gate6_5_3, gate6_5_4);
	gate6_5_6	=  nor(pp6_5, gate6_5_4);
	s6_5	=  nor(gate6_5_5, gate6_5_6);
	c6_5	= nor(gate6_5_0,gate6_5_4); 
	s7_5	= pp7_5;
	pp0_6	 = and(a6, b0);
	pp1_6	 = and(a6, b1);
	pp2_6	 = and(a6, b2);
	pp3_6	 = and(a6, b3);
	pp4_6	 = and(a6, b4);
	pp5_6	 = and(a6, b5);
	pp6_6	 = and(a6, b6);
	pp7_6	 = and(a6, b7);
	gate0_6_0	=  nor(s1_5, c0_5);
	gate0_6_1	=  nor(s1_5, gate0_6_0);
	gate0_6_2	=  nor(c0_5, gate0_6_0);
	gate0_6_3	=  nor(gate0_6_1, gate0_6_2);
	gate0_6_4	=  nor(gate0_6_3, pp0_6);
	gate0_6_5	=  nor(gate0_6_3, gate0_6_4);
	gate0_6_6	=  nor(pp0_6, gate0_6_4);
	sum6	=  nor(gate0_6_5, gate0_6_6);
	c0_6	= nor(gate0_6_0,gate0_6_4); 
	gate1_6_0	=  nor(s2_5, c1_5);
	gate1_6_1	=  nor(s2_5, gate1_6_0);
	gate1_6_2	=  nor(c1_5, gate1_6_0);
	gate1_6_3	=  nor(gate1_6_1, gate1_6_2);
	gate1_6_4	=  nor(gate1_6_3, pp1_6);
	gate1_6_5	=  nor(gate1_6_3, gate1_6_4);
	gate1_6_6	=  nor(pp1_6, gate1_6_4);
	s1_6	=  nor(gate1_6_5, gate1_6_6);
	c1_6	= nor(gate1_6_0,gate1_6_4); 
	gate2_6_0	=  nor(s3_5, c2_5);
	gate2_6_1	=  nor(s3_5, gate2_6_0);
	gate2_6_2	=  nor(c2_5, gate2_6_0);
	gate2_6_3	=  nor(gate2_6_1, gate2_6_2);
	gate2_6_4	=  nor(gate2_6_3, pp2_6);
	gate2_6_5	=  nor(gate2_6_3, gate2_6_4);
	gate2_6_6	=  nor(pp2_6, gate2_6_4);
	s2_6	=  nor(gate2_6_5, gate2_6_6);
	c2_6	= nor(gate2_6_0,gate2_6_4); 
	gate3_6_0	=  nor(s4_5, c3_5);
	gate3_6_1	=  nor(s4_5, gate3_6_0);
	gate3_6_2	=  nor(c3_5, gate3_6_0);
	gate3_6_3	=  nor(gate3_6_1, gate3_6_2);
	gate3_6_4	=  nor(gate3_6_3, pp3_6);
	gate3_6_5	=  nor(gate3_6_3, gate3_6_4);
	gate3_6_6	=  nor(pp3_6, gate3_6_4);
	s3_6	=  nor(gate3_6_5, gate3_6_6);
	c3_6	= nor(gate3_6_0,gate3_6_4); 
	gate4_6_0	=  nor(s5_5, c4_5);
	gate4_6_1	=  nor(s5_5, gate4_6_0);
	gate4_6_2	=  nor(c4_5, gate4_6_0);
	gate4_6_3	=  nor(gate4_6_1, gate4_6_2);
	gate4_6_4	=  nor(gate4_6_3, pp4_6);
	gate4_6_5	=  nor(gate4_6_3, gate4_6_4);
	gate4_6_6	=  nor(pp4_6, gate4_6_4);
	s4_6	=  nor(gate4_6_5, gate4_6_6);
	c4_6	= nor(gate4_6_0,gate4_6_4); 
	gate5_6_0	=  nor(s6_5, c5_5);
	gate5_6_1	=  nor(s6_5, gate5_6_0);
	gate5_6_2	=  nor(c5_5, gate5_6_0);
	gate5_6_3	=  nor(gate5_6_1, gate5_6_2);
	gate5_6_4	=  nor(gate5_6_3, pp5_6);
	gate5_6_5	=  nor(gate5_6_3, gate5_6_4);
	gate5_6_6	=  nor(pp5_6, gate5_6_4);
	s5_6	=  nor(gate5_6_5, gate5_6_6);
	c5_6	= nor(gate5_6_0,gate5_6_4); 
	gate6_6_0	=  nor(s7_5, c6_5);
	gate6_6_1	=  nor(s7_5, gate6_6_0);
	gate6_6_2	=  nor(c6_5, gate6_6_0);
	gate6_6_3	=  nor(gate6_6_1, gate6_6_2);
	gate6_6_4	=  nor(gate6_6_3, pp6_6);
	gate6_6_5	=  nor(gate6_6_3, gate6_6_4);
	gate6_6_6	=  nor(pp6_6, gate6_6_4);
	s6_6	=  nor(gate6_6_5, gate6_6_6);
	c6_6	= nor(gate6_6_0,gate6_6_4); 
	s7_6	= pp7_6;
	pp0_7	 = and(a7, b0);
	pp1_7	 = and(a7, b1);
	pp2_7	 = and(a7, b2);
	pp3_7	 = and(a7, b3);
	pp4_7	 = and(a7, b4);
	pp5_7	 = and(a7, b5);
	pp6_7	 = and(a7, b6);
	pp7_7	 = and(a7, b7);
	gate0_7_0	=  nor(s1_6, c0_6);
	gate0_7_1	=  nor(s1_6, gate0_7_0);
	gate0_7_2	=  nor(c0_6, gate0_7_0);
	gate0_7_3	=  nor(gate0_7_1, gate0_7_2);
	gate0_7_4	=  nor(gate0_7_3, pp0_7);
	gate0_7_5	=  nor(gate0_7_3, gate0_7_4);
	gate0_7_6	=  nor(pp0_7, gate0_7_4);
	sum7	=  nor(gate0_7_5, gate0_7_6);
	c0_7	= nor(gate0_7_0,gate0_7_4); 
	gate1_7_0	=  nor(s2_6, c1_6);
	gate1_7_1	=  nor(s2_6, gate1_7_0);
	gate1_7_2	=  nor(c1_6, gate1_7_0);
	gate1_7_3	=  nor(gate1_7_1, gate1_7_2);
	gate1_7_4	=  nor(gate1_7_3, pp1_7);
	gate1_7_5	=  nor(gate1_7_3, gate1_7_4);
	gate1_7_6	=  nor(pp1_7, gate1_7_4);
	s1_7	=  nor(gate1_7_5, gate1_7_6);
	c1_7	= nor(gate1_7_0,gate1_7_4); 
	gate2_7_0	=  nor(s3_6, c2_6);
	gate2_7_1	=  nor(s3_6, gate2_7_0);
	gate2_7_2	=  nor(c2_6, gate2_7_0);
	gate2_7_3	=  nor(gate2_7_1, gate2_7_2);
	gate2_7_4	=  nor(gate2_7_3, pp2_7);
	gate2_7_5	=  nor(gate2_7_3, gate2_7_4);
	gate2_7_6	=  nor(pp2_7, gate2_7_4);
	s2_7	=  nor(gate2_7_5, gate2_7_6);
	c2_7	= nor(gate2_7_0,gate2_7_4); 
	gate3_7_0	=  nor(s4_6, c3_6);
	gate3_7_1	=  nor(s4_6, gate3_7_0);
	gate3_7_2	=  nor(c3_6, gate3_7_0);
	gate3_7_3	=  nor(gate3_7_1, gate3_7_2);
	gate3_7_4	=  nor(gate3_7_3, pp3_7);
	gate3_7_5	=  nor(gate3_7_3, gate3_7_4);
	gate3_7_6	=  nor(pp3_7, gate3_7_4);
	s3_7	=  nor(gate3_7_5, gate3_7_6);
	c3_7	= nor(gate3_7_0,gate3_7_4); 
	gate4_7_0	=  nor(s5_6, c4_6);
	gate4_7_1	=  nor(s5_6, gate4_7_0);
	gate4_7_2	=  nor(c4_6, gate4_7_0);
	gate4_7_3	=  nor(gate4_7_1, gate4_7_2);
	gate4_7_4	=  nor(gate4_7_3, pp4_7);
	gate4_7_5	=  nor(gate4_7_3, gate4_7_4);
	gate4_7_6	=  nor(pp4_7, gate4_7_4);
	s4_7	=  nor(gate4_7_5, gate4_7_6);
	c4_7	= nor(gate4_7_0,gate4_7_4); 
	gate5_7_0	=  nor(s6_6, c5_6);
	gate5_7_1	=  nor(s6_6, gate5_7_0);
	gate5_7_2	=  nor(c5_6, gate5_7_0);
	gate5_7_3	=  nor(gate5_7_1, gate5_7_2);
	gate5_7_4	=  nor(gate5_7_3, pp5_7);
	gate5_7_5	=  nor(gate5_7_3, gate5_7_4);
	gate5_7_6	=  nor(pp5_7, gate5_7_4);
	s5_7	=  nor(gate5_7_5, gate5_7_6);
	c5_7	= nor(gate5_7_0,gate5_7_4); 
	gate6_7_0	=  nor(s7_6, c6_6);
	gate6_7_1	=  nor(s7_6, gate6_7_0);
	gate6_7_2	=  nor(c6_6, gate6_7_0);
	gate6_7_3	=  nor(gate6_7_1, gate6_7_2);
	gate6_7_4	=  nor(gate6_7_3, pp6_7);
	gate6_7_5	=  nor(gate6_7_3, gate6_7_4);
	gate6_7_6	=  nor(pp6_7, gate6_7_4);
	s6_7	=  nor(gate6_7_5, gate6_7_6);
	c6_7	= nor(gate6_7_0,gate6_7_4); 
	s7_7	= pp7_7;
	gate0_8_0	= not(s1_7); 
	gate0_8_1	= nor(gate0_8_0, s1_7); 
	gate0_8_2	= not(gate0_8_0); 
	gate0_8_3	= nor(gate0_8_1,gate0_8_2); 
	gate0_8_4	=  nor(gate0_8_3, c0_7);
	gate0_8_5	=  nor(gate0_8_3, gate0_8_4);
	gate0_8_6	=  nor(c0_7, gate0_8_4);
	sum8	=  nor(gate0_8_5, gate0_8_6);
	c0_8	= nor(gate0_8_0,gate0_8_4); 
	gate1_8_0	=  nor(c1_7, c0_8);
	gate1_8_1	=  nor(c1_7, gate1_8_0);
	gate1_8_2	=  nor(c0_8, gate1_8_0);
	gate1_8_3	=  nor(gate1_8_1, gate1_8_2);
	gate1_8_4	=  nor(gate1_8_3, s2_7);
	gate1_8_5	=  nor(gate1_8_3, gate1_8_4);
	gate1_8_6	=  nor(s2_7, gate1_8_4);
	sum9	=  nor(gate1_8_5, gate1_8_6);
	c1_8	= nor(gate1_8_0,gate1_8_4); 
	gate2_8_0	=  nor(c2_7, c1_8);
	gate2_8_1	=  nor(c2_7, gate2_8_0);
	gate2_8_2	=  nor(c1_8, gate2_8_0);
	gate2_8_3	=  nor(gate2_8_1, gate2_8_2);
	gate2_8_4	=  nor(gate2_8_3, s3_7);
	gate2_8_5	=  nor(gate2_8_3, gate2_8_4);
	gate2_8_6	=  nor(s3_7, gate2_8_4);
	sum10	=  nor(gate2_8_5, gate2_8_6);
	c2_8	= nor(gate2_8_0,gate2_8_4); 
	gate3_8_0	=  nor(c3_7, c2_8);
	gate3_8_1	=  nor(c3_7, gate3_8_0);
	gate3_8_2	=  nor(c2_8, gate3_8_0);
	gate3_8_3	=  nor(gate3_8_1, gate3_8_2);
	gate3_8_4	=  nor(gate3_8_3, s4_7);
	gate3_8_5	=  nor(gate3_8_3, gate3_8_4);
	gate3_8_6	=  nor(s4_7, gate3_8_4);
	sum11	=  nor(gate3_8_5, gate3_8_6);
	c3_8	= nor(gate3_8_0,gate3_8_4); 
	gate4_8_0	=  nor(c4_7, c3_8);
	gate4_8_1	=  nor(c4_7, gate4_8_0);
	gate4_8_2	=  nor(c3_8, gate4_8_0);
	gate4_8_3	=  nor(gate4_8_1, gate4_8_2);
	gate4_8_4	=  nor(gate4_8_3, s5_7);
	gate4_8_5	=  nor(gate4_8_3, gate4_8_4);
	gate4_8_6	=  nor(s5_7, gate4_8_4);
	sum12	=  nor(gate4_8_5, gate4_8_6);
	c4_8	= nor(gate4_8_0,gate4_8_4); 
	gate5_8_0	=  nor(c5_7, c4_8);
	gate5_8_1	=  nor(c5_7, gate5_8_0);
	gate5_8_2	=  nor(c4_8, gate5_8_0);
	gate5_8_3	=  nor(gate5_8_1, gate5_8_2);
	gate5_8_4	=  nor(gate5_8_3, s6_7);
	gate5_8_5	=  nor(gate5_8_3, gate5_8_4);
	gate5_8_6	=  nor(s6_7, gate5_8_4);
	sum13	=  nor(gate5_8_5, gate5_8_6);
	c5_8	= nor(gate5_8_0,gate5_8_4); 
	gate6_8_0	=  nor(c6_7, c5_8);
	gate6_8_1	=  nor(c6_7, gate6_8_0);
	gate6_8_2	=  nor(c5_8, gate6_8_0);
	gate6_8_3	=  nor(gate6_8_1, gate6_8_2);
	gate6_8_4	=  nor(gate6_8_3, s7_7);
	gate6_8_5	=  nor(gate6_8_3, gate6_8_4);
	gate6_8_6	=  nor(s7_7, gate6_8_4);
	sum14	=  nor(gate6_8_5, gate6_8_6);
	sum15	= nor(gate6_8_0,gate6_8_4); 
ENDMODULE
